
===========================================================================
report_checks -path_delay min (Hold)
============================================================================
======================= nom_fast_1p32V_m40C Corner ===================================

Startpoint: _118_ (rising edge-triggered flip-flop clocked by clk)
Endpoint: _118_ (rising edge-triggered flip-flop clocked by clk)
Path Group: clk
Path Type: min

Fanout         Cap        Slew       Delay        Time   Description
---------------------------------------------------------------------------------------------
                      0.150000    0.000000    0.000000   clock clk (rise edge)
                                  0.000000    0.000000   clock network delay (ideal)
                      0.150000    0.000000    0.000000 ^ _118_/CLK (sg13g2_dfrbpq_1)
     2    0.005943    0.019749    0.156346    0.156346 v _118_/Q (sg13g2_dfrbpq_1)
                                                         memory[13] (net)
                      0.019749    0.000000    0.156346 v _091_/A0 (sg13g2_mux2_1)
     1    0.001523    0.016873    0.066063    0.222409 v _091_/X (sg13g2_mux2_1)
                                                         _004_ (net)
                      0.016873    0.000000    0.222409 v _118_/D (sg13g2_dfrbpq_1)
                                              0.222409   data arrival time

                      0.150000    0.000000    0.000000   clock clk (rise edge)
                                  0.000000    0.000000   clock network delay (ideal)
                                  0.250000    0.250000   clock uncertainty
                                  0.000000    0.250000   clock reconvergence pessimism
                                              0.250000 ^ _118_/CLK (sg13g2_dfrbpq_1)
                                 -0.000704    0.249296   library hold time
                                              0.249296   data required time
---------------------------------------------------------------------------------------------
                                              0.249296   data required time
                                             -0.222409   data arrival time
---------------------------------------------------------------------------------------------
                                             -0.026887   slack (VIOLATED)


Startpoint: _121_ (rising edge-triggered flip-flop clocked by clk)
Endpoint: _121_ (rising edge-triggered flip-flop clocked by clk)
Path Group: clk
Path Type: min

Fanout         Cap        Slew       Delay        Time   Description
---------------------------------------------------------------------------------------------
                      0.150000    0.000000    0.000000   clock clk (rise edge)
                                  0.000000    0.000000   clock network delay (ideal)
                      0.150000    0.000000    0.000000 ^ _121_/CLK (sg13g2_dfrbpq_1)
     2    0.005943    0.019749    0.156346    0.156346 v _121_/Q (sg13g2_dfrbpq_1)
                                                         memory[1] (net)
                      0.019749    0.000000    0.156346 v _097_/A0 (sg13g2_mux2_1)
     1    0.001523    0.016874    0.066063    0.222409 v _097_/X (sg13g2_mux2_1)
                                                         _007_ (net)
                      0.016874    0.000000    0.222409 v _121_/D (sg13g2_dfrbpq_1)
                                              0.222409   data arrival time

                      0.150000    0.000000    0.000000   clock clk (rise edge)
                                  0.000000    0.000000   clock network delay (ideal)
                                  0.250000    0.250000   clock uncertainty
                                  0.000000    0.250000   clock reconvergence pessimism
                                              0.250000 ^ _121_/CLK (sg13g2_dfrbpq_1)
                                 -0.000705    0.249295   library hold time
                                              0.249295   data required time
---------------------------------------------------------------------------------------------
                                              0.249295   data required time
                                             -0.222409   data arrival time
---------------------------------------------------------------------------------------------
                                             -0.026887   slack (VIOLATED)


Startpoint: _125_ (rising edge-triggered flip-flop clocked by clk)
Endpoint: _125_ (rising edge-triggered flip-flop clocked by clk)
Path Group: clk
Path Type: min

Fanout         Cap        Slew       Delay        Time   Description
---------------------------------------------------------------------------------------------
                      0.150000    0.000000    0.000000   clock clk (rise edge)
                                  0.000000    0.000000   clock network delay (ideal)
                      0.150000    0.000000    0.000000 ^ _125_/CLK (sg13g2_dfrbpq_1)
     2    0.005943    0.019749    0.156346    0.156346 v _125_/Q (sg13g2_dfrbpq_1)
                                                         memory[5] (net)
                      0.019749    0.000000    0.156346 v _105_/A0 (sg13g2_mux2_1)
     1    0.001523    0.016880    0.066063    0.222409 v _105_/X (sg13g2_mux2_1)
                                                         _011_ (net)
                      0.016880    0.000000    0.222409 v _125_/D (sg13g2_dfrbpq_1)
                                              0.222409   data arrival time

                      0.150000    0.000000    0.000000   clock clk (rise edge)
                                  0.000000    0.000000   clock network delay (ideal)
                                  0.250000    0.250000   clock uncertainty
                                  0.000000    0.250000   clock reconvergence pessimism
                                              0.250000 ^ _125_/CLK (sg13g2_dfrbpq_1)
                                 -0.000706    0.249294   library hold time
                                              0.249294   data required time
---------------------------------------------------------------------------------------------
                                              0.249294   data required time
                                             -0.222409   data arrival time
---------------------------------------------------------------------------------------------
                                             -0.026885   slack (VIOLATED)


Startpoint: _129_ (rising edge-triggered flip-flop clocked by clk)
Endpoint: _129_ (rising edge-triggered flip-flop clocked by clk)
Path Group: clk
Path Type: min

Fanout         Cap        Slew       Delay        Time   Description
---------------------------------------------------------------------------------------------
                      0.150000    0.000000    0.000000   clock clk (rise edge)
                                  0.000000    0.000000   clock network delay (ideal)
                      0.150000    0.000000    0.000000 ^ _129_/CLK (sg13g2_dfrbpq_1)
     2    0.005943    0.019749    0.156346    0.156346 v _129_/Q (sg13g2_dfrbpq_1)
                                                         memory[9] (net)
                      0.019749    0.000000    0.156346 v _113_/A0 (sg13g2_mux2_1)
     1    0.001523    0.016880    0.066063    0.222409 v _113_/X (sg13g2_mux2_1)
                                                         _015_ (net)
                      0.016880    0.000000    0.222409 v _129_/D (sg13g2_dfrbpq_1)
                                              0.222409   data arrival time

                      0.150000    0.000000    0.000000   clock clk (rise edge)
                                  0.000000    0.000000   clock network delay (ideal)
                                  0.250000    0.250000   clock uncertainty
                                  0.000000    0.250000   clock reconvergence pessimism
                                              0.250000 ^ _129_/CLK (sg13g2_dfrbpq_1)
                                 -0.000706    0.249294   library hold time
                                              0.249294   data required time
---------------------------------------------------------------------------------------------
                                              0.249294   data required time
                                             -0.222409   data arrival time
---------------------------------------------------------------------------------------------
                                             -0.026885   slack (VIOLATED)


Startpoint: _119_ (rising edge-triggered flip-flop clocked by clk)
Endpoint: _119_ (rising edge-triggered flip-flop clocked by clk)
Path Group: clk
Path Type: min

Fanout         Cap        Slew       Delay        Time   Description
---------------------------------------------------------------------------------------------
                      0.150000    0.000000    0.000000   clock clk (rise edge)
                                  0.000000    0.000000   clock network delay (ideal)
                      0.150000    0.000000    0.000000 ^ _119_/CLK (sg13g2_dfrbpq_1)
     2    0.005965    0.019792    0.156383    0.156383 v _119_/Q (sg13g2_dfrbpq_1)
                                                         memory[14] (net)
                      0.019792    0.000000    0.156383 v _093_/A0 (sg13g2_mux2_1)
     1    0.001523    0.016873    0.066077    0.222460 v _093_/X (sg13g2_mux2_1)
                                                         _005_ (net)
                      0.016873    0.000000    0.222460 v _119_/D (sg13g2_dfrbpq_1)
                                              0.222460   data arrival time

                      0.150000    0.000000    0.000000   clock clk (rise edge)
                                  0.000000    0.000000   clock network delay (ideal)
                                  0.250000    0.250000   clock uncertainty
                                  0.000000    0.250000   clock reconvergence pessimism
                                              0.250000 ^ _119_/CLK (sg13g2_dfrbpq_1)
                                 -0.000704    0.249296   library hold time
                                              0.249296   data required time
---------------------------------------------------------------------------------------------
                                              0.249296   data required time
                                             -0.222460   data arrival time
---------------------------------------------------------------------------------------------
                                             -0.026836   slack (VIOLATED)


Startpoint: _122_ (rising edge-triggered flip-flop clocked by clk)
Endpoint: _122_ (rising edge-triggered flip-flop clocked by clk)
Path Group: clk
Path Type: min

Fanout         Cap        Slew       Delay        Time   Description
---------------------------------------------------------------------------------------------
                      0.150000    0.000000    0.000000   clock clk (rise edge)
                                  0.000000    0.000000   clock network delay (ideal)
                      0.150000    0.000000    0.000000 ^ _122_/CLK (sg13g2_dfrbpq_1)
     2    0.005965    0.019792    0.156383    0.156383 v _122_/Q (sg13g2_dfrbpq_1)
                                                         memory[2] (net)
                      0.019792    0.000000    0.156383 v _099_/A0 (sg13g2_mux2_1)
     1    0.001523    0.016874    0.066077    0.222460 v _099_/X (sg13g2_mux2_1)
                                                         _008_ (net)
                      0.016874    0.000000    0.222460 v _122_/D (sg13g2_dfrbpq_1)
                                              0.222460   data arrival time

                      0.150000    0.000000    0.000000   clock clk (rise edge)
                                  0.000000    0.000000   clock network delay (ideal)
                                  0.250000    0.250000   clock uncertainty
                                  0.000000    0.250000   clock reconvergence pessimism
                                              0.250000 ^ _122_/CLK (sg13g2_dfrbpq_1)
                                 -0.000705    0.249295   library hold time
                                              0.249295   data required time
---------------------------------------------------------------------------------------------
                                              0.249295   data required time
                                             -0.222460   data arrival time
---------------------------------------------------------------------------------------------
                                             -0.026835   slack (VIOLATED)


Startpoint: _115_ (rising edge-triggered flip-flop clocked by clk)
Endpoint: _115_ (rising edge-triggered flip-flop clocked by clk)
Path Group: clk
Path Type: min

Fanout         Cap        Slew       Delay        Time   Description
---------------------------------------------------------------------------------------------
                      0.150000    0.000000    0.000000   clock clk (rise edge)
                                  0.000000    0.000000   clock network delay (ideal)
                      0.150000    0.000000    0.000000 ^ _115_/CLK (sg13g2_dfrbpq_1)
     2    0.005965    0.019792    0.156383    0.156383 v _115_/Q (sg13g2_dfrbpq_1)
                                                         memory[10] (net)
                      0.019792    0.000000    0.156383 v _085_/A0 (sg13g2_mux2_1)
     1    0.001523    0.016880    0.066077    0.222460 v _085_/X (sg13g2_mux2_1)
                                                         _001_ (net)
                      0.016880    0.000000    0.222460 v _115_/D (sg13g2_dfrbpq_1)
                                              0.222460   data arrival time

                      0.150000    0.000000    0.000000   clock clk (rise edge)
                                  0.000000    0.000000   clock network delay (ideal)
                                  0.250000    0.250000   clock uncertainty
                                  0.000000    0.250000   clock reconvergence pessimism
                                              0.250000 ^ _115_/CLK (sg13g2_dfrbpq_1)
                                 -0.000706    0.249294   library hold time
                                              0.249294   data required time
---------------------------------------------------------------------------------------------
                                              0.249294   data required time
                                             -0.222460   data arrival time
---------------------------------------------------------------------------------------------
                                             -0.026834   slack (VIOLATED)


Startpoint: _126_ (rising edge-triggered flip-flop clocked by clk)
Endpoint: _126_ (rising edge-triggered flip-flop clocked by clk)
Path Group: clk
Path Type: min

Fanout         Cap        Slew       Delay        Time   Description
---------------------------------------------------------------------------------------------
                      0.150000    0.000000    0.000000   clock clk (rise edge)
                                  0.000000    0.000000   clock network delay (ideal)
                      0.150000    0.000000    0.000000 ^ _126_/CLK (sg13g2_dfrbpq_1)
     2    0.005965    0.019792    0.156383    0.156383 v _126_/Q (sg13g2_dfrbpq_1)
                                                         memory[6] (net)
                      0.019792    0.000000    0.156383 v _107_/A0 (sg13g2_mux2_1)
     1    0.001523    0.016880    0.066077    0.222460 v _107_/X (sg13g2_mux2_1)
                                                         _012_ (net)
                      0.016880    0.000000    0.222460 v _126_/D (sg13g2_dfrbpq_1)
                                              0.222460   data arrival time

                      0.150000    0.000000    0.000000   clock clk (rise edge)
                                  0.000000    0.000000   clock network delay (ideal)
                                  0.250000    0.250000   clock uncertainty
                                  0.000000    0.250000   clock reconvergence pessimism
                                              0.250000 ^ _126_/CLK (sg13g2_dfrbpq_1)
                                 -0.000706    0.249294   library hold time
                                              0.249294   data required time
---------------------------------------------------------------------------------------------
                                              0.249294   data required time
                                             -0.222460   data arrival time
---------------------------------------------------------------------------------------------
                                             -0.026834   slack (VIOLATED)


Startpoint: _117_ (rising edge-triggered flip-flop clocked by clk)
Endpoint: _117_ (rising edge-triggered flip-flop clocked by clk)
Path Group: clk
Path Type: min

Fanout         Cap        Slew       Delay        Time   Description
---------------------------------------------------------------------------------------------
                      0.150000    0.000000    0.000000   clock clk (rise edge)
                                  0.000000    0.000000   clock network delay (ideal)
                      0.150000    0.000000    0.000000 ^ _117_/CLK (sg13g2_dfrbpq_1)
     2    0.005965    0.019791    0.156382    0.156382 v _117_/Q (sg13g2_dfrbpq_1)
                                                         memory[12] (net)
                      0.019791    0.000000    0.156382 v _089_/A0 (sg13g2_mux2_1)
     1    0.001523    0.016897    0.066077    0.222459 v _089_/X (sg13g2_mux2_1)
                                                         _003_ (net)
                      0.016897    0.000000    0.222459 v _117_/D (sg13g2_dfrbpq_1)
                                              0.222459   data arrival time

                      0.150000    0.000000    0.000000   clock clk (rise edge)
                                  0.000000    0.000000   clock network delay (ideal)
                                  0.250000    0.250000   clock uncertainty
                                  0.000000    0.250000   clock reconvergence pessimism
                                              0.250000 ^ _117_/CLK (sg13g2_dfrbpq_1)
                                 -0.000710    0.249290   library hold time
                                              0.249290   data required time
---------------------------------------------------------------------------------------------
                                              0.249290   data required time
                                             -0.222459   data arrival time
---------------------------------------------------------------------------------------------
                                             -0.026831   slack (VIOLATED)


Startpoint: _114_ (rising edge-triggered flip-flop clocked by clk)
Endpoint: _114_ (rising edge-triggered flip-flop clocked by clk)
Path Group: clk
Path Type: min

Fanout         Cap        Slew       Delay        Time   Description
---------------------------------------------------------------------------------------------
                      0.150000    0.000000    0.000000   clock clk (rise edge)
                                  0.000000    0.000000   clock network delay (ideal)
                      0.150000    0.000000    0.000000 ^ _114_/CLK (sg13g2_dfrbpq_1)
     2    0.005965    0.019791    0.156382    0.156382 v _114_/Q (sg13g2_dfrbpq_1)
                                                         memory[0] (net)
                      0.019791    0.000000    0.156382 v _083_/A0 (sg13g2_mux2_1)
     1    0.001523    0.016899    0.066077    0.222459 v _083_/X (sg13g2_mux2_1)
                                                         _000_ (net)
                      0.016899    0.000000    0.222459 v _114_/D (sg13g2_dfrbpq_1)
                                              0.222459   data arrival time

                      0.150000    0.000000    0.000000   clock clk (rise edge)
                                  0.000000    0.000000   clock network delay (ideal)
                                  0.250000    0.250000   clock uncertainty
                                  0.000000    0.250000   clock reconvergence pessimism
                                              0.250000 ^ _114_/CLK (sg13g2_dfrbpq_1)
                                 -0.000710    0.249290   library hold time
                                              0.249290   data required time
---------------------------------------------------------------------------------------------
                                              0.249290   data required time
                                             -0.222459   data arrival time
---------------------------------------------------------------------------------------------
                                             -0.026830   slack (VIOLATED)


Startpoint: _124_ (rising edge-triggered flip-flop clocked by clk)
Endpoint: _124_ (rising edge-triggered flip-flop clocked by clk)
Path Group: clk
Path Type: min

Fanout         Cap        Slew       Delay        Time   Description
---------------------------------------------------------------------------------------------
                      0.150000    0.000000    0.000000   clock clk (rise edge)
                                  0.000000    0.000000   clock network delay (ideal)
                      0.150000    0.000000    0.000000 ^ _124_/CLK (sg13g2_dfrbpq_1)
     2    0.005965    0.019791    0.156382    0.156382 v _124_/Q (sg13g2_dfrbpq_1)
                                                         memory[4] (net)
                      0.019791    0.000000    0.156382 v _103_/A0 (sg13g2_mux2_1)
     1    0.001523    0.016904    0.066077    0.222459 v _103_/X (sg13g2_mux2_1)
                                                         _010_ (net)
                      0.016904    0.000000    0.222459 v _124_/D (sg13g2_dfrbpq_1)
                                              0.222459   data arrival time

                      0.150000    0.000000    0.000000   clock clk (rise edge)
                                  0.000000    0.000000   clock network delay (ideal)
                                  0.250000    0.250000   clock uncertainty
                                  0.000000    0.250000   clock reconvergence pessimism
                                              0.250000 ^ _124_/CLK (sg13g2_dfrbpq_1)
                                 -0.000712    0.249288   library hold time
                                              0.249288   data required time
---------------------------------------------------------------------------------------------
                                              0.249288   data required time
                                             -0.222459   data arrival time
---------------------------------------------------------------------------------------------
                                             -0.026829   slack (VIOLATED)


Startpoint: _128_ (rising edge-triggered flip-flop clocked by clk)
Endpoint: _128_ (rising edge-triggered flip-flop clocked by clk)
Path Group: clk
Path Type: min

Fanout         Cap        Slew       Delay        Time   Description
---------------------------------------------------------------------------------------------
                      0.150000    0.000000    0.000000   clock clk (rise edge)
                                  0.000000    0.000000   clock network delay (ideal)
                      0.150000    0.000000    0.000000 ^ _128_/CLK (sg13g2_dfrbpq_1)
     2    0.005965    0.019791    0.156382    0.156382 v _128_/Q (sg13g2_dfrbpq_1)
                                                         memory[8] (net)
                      0.019791    0.000000    0.156382 v _111_/A0 (sg13g2_mux2_1)
     1    0.001523    0.016904    0.066077    0.222459 v _111_/X (sg13g2_mux2_1)
                                                         _014_ (net)
                      0.016904    0.000000    0.222459 v _128_/D (sg13g2_dfrbpq_1)
                                              0.222459   data arrival time

                      0.150000    0.000000    0.000000   clock clk (rise edge)
                                  0.000000    0.000000   clock network delay (ideal)
                                  0.250000    0.250000   clock uncertainty
                                  0.000000    0.250000   clock reconvergence pessimism
                                              0.250000 ^ _128_/CLK (sg13g2_dfrbpq_1)
                                 -0.000712    0.249288   library hold time
                                              0.249288   data required time
---------------------------------------------------------------------------------------------
                                              0.249288   data required time
                                             -0.222459   data arrival time
---------------------------------------------------------------------------------------------
                                             -0.026829   slack (VIOLATED)


Startpoint: _120_ (rising edge-triggered flip-flop clocked by clk)
Endpoint: _120_ (rising edge-triggered flip-flop clocked by clk)
Path Group: clk
Path Type: min

Fanout         Cap        Slew       Delay        Time   Description
---------------------------------------------------------------------------------------------
                      0.150000    0.000000    0.000000   clock clk (rise edge)
                                  0.000000    0.000000   clock network delay (ideal)
                      0.150000    0.000000    0.000000 ^ _120_/CLK (sg13g2_dfrbpq_1)
     2    0.006028    0.019916    0.156487    0.156487 v _120_/Q (sg13g2_dfrbpq_1)
                                                         memory[15] (net)
                      0.019916    0.000000    0.156487 v _095_/A0 (sg13g2_mux2_1)
     1    0.001523    0.016873    0.066119    0.222606 v _095_/X (sg13g2_mux2_1)
                                                         _006_ (net)
                      0.016873    0.000000    0.222606 v _120_/D (sg13g2_dfrbpq_1)
                                              0.222606   data arrival time

                      0.150000    0.000000    0.000000   clock clk (rise edge)
                                  0.000000    0.000000   clock network delay (ideal)
                                  0.250000    0.250000   clock uncertainty
                                  0.000000    0.250000   clock reconvergence pessimism
                                              0.250000 ^ _120_/CLK (sg13g2_dfrbpq_1)
                                 -0.000704    0.249296   library hold time
                                              0.249296   data required time
---------------------------------------------------------------------------------------------
                                              0.249296   data required time
                                             -0.222606   data arrival time
---------------------------------------------------------------------------------------------
                                             -0.026689   slack (VIOLATED)


Startpoint: _123_ (rising edge-triggered flip-flop clocked by clk)
Endpoint: _123_ (rising edge-triggered flip-flop clocked by clk)
Path Group: clk
Path Type: min

Fanout         Cap        Slew       Delay        Time   Description
---------------------------------------------------------------------------------------------
                      0.150000    0.000000    0.000000   clock clk (rise edge)
                                  0.000000    0.000000   clock network delay (ideal)
                      0.150000    0.000000    0.000000 ^ _123_/CLK (sg13g2_dfrbpq_1)
     2    0.006028    0.019916    0.156487    0.156487 v _123_/Q (sg13g2_dfrbpq_1)
                                                         memory[3] (net)
                      0.019916    0.000000    0.156487 v _101_/A0 (sg13g2_mux2_1)
     1    0.001523    0.016874    0.066119    0.222606 v _101_/X (sg13g2_mux2_1)
                                                         _009_ (net)
                      0.016874    0.000000    0.222606 v _123_/D (sg13g2_dfrbpq_1)
                                              0.222606   data arrival time

                      0.150000    0.000000    0.000000   clock clk (rise edge)
                                  0.000000    0.000000   clock network delay (ideal)
                                  0.250000    0.250000   clock uncertainty
                                  0.000000    0.250000   clock reconvergence pessimism
                                              0.250000 ^ _123_/CLK (sg13g2_dfrbpq_1)
                                 -0.000705    0.249295   library hold time
                                              0.249295   data required time
---------------------------------------------------------------------------------------------
                                              0.249295   data required time
                                             -0.222606   data arrival time
---------------------------------------------------------------------------------------------
                                             -0.026689   slack (VIOLATED)


Startpoint: _116_ (rising edge-triggered flip-flop clocked by clk)
Endpoint: _116_ (rising edge-triggered flip-flop clocked by clk)
Path Group: clk
Path Type: min

Fanout         Cap        Slew       Delay        Time   Description
---------------------------------------------------------------------------------------------
                      0.150000    0.000000    0.000000   clock clk (rise edge)
                                  0.000000    0.000000   clock network delay (ideal)
                      0.150000    0.000000    0.000000 ^ _116_/CLK (sg13g2_dfrbpq_1)
     2    0.006028    0.019916    0.156487    0.156487 v _116_/Q (sg13g2_dfrbpq_1)
                                                         memory[11] (net)
                      0.019916    0.000000    0.156487 v _087_/A0 (sg13g2_mux2_1)
     1    0.001523    0.016880    0.066119    0.222606 v _087_/X (sg13g2_mux2_1)
                                                         _002_ (net)
                      0.016880    0.000000    0.222606 v _116_/D (sg13g2_dfrbpq_1)
                                              0.222606   data arrival time

                      0.150000    0.000000    0.000000   clock clk (rise edge)
                                  0.000000    0.000000   clock network delay (ideal)
                                  0.250000    0.250000   clock uncertainty
                                  0.000000    0.250000   clock reconvergence pessimism
                                              0.250000 ^ _116_/CLK (sg13g2_dfrbpq_1)
                                 -0.000706    0.249294   library hold time
                                              0.249294   data required time
---------------------------------------------------------------------------------------------
                                              0.249294   data required time
                                             -0.222606   data arrival time
---------------------------------------------------------------------------------------------
                                             -0.026688   slack (VIOLATED)


Startpoint: _127_ (rising edge-triggered flip-flop clocked by clk)
Endpoint: _127_ (rising edge-triggered flip-flop clocked by clk)
Path Group: clk
Path Type: min

Fanout         Cap        Slew       Delay        Time   Description
---------------------------------------------------------------------------------------------
                      0.150000    0.000000    0.000000   clock clk (rise edge)
                                  0.000000    0.000000   clock network delay (ideal)
                      0.150000    0.000000    0.000000 ^ _127_/CLK (sg13g2_dfrbpq_1)
     2    0.006028    0.019916    0.156487    0.156487 v _127_/Q (sg13g2_dfrbpq_1)
                                                         memory[7] (net)
                      0.019916    0.000000    0.156487 v _109_/A0 (sg13g2_mux2_1)
     1    0.001523    0.016880    0.066119    0.222606 v _109_/X (sg13g2_mux2_1)
                                                         _013_ (net)
                      0.016880    0.000000    0.222606 v _127_/D (sg13g2_dfrbpq_1)
                                              0.222606   data arrival time

                      0.150000    0.000000    0.000000   clock clk (rise edge)
                                  0.000000    0.000000   clock network delay (ideal)
                                  0.250000    0.250000   clock uncertainty
                                  0.000000    0.250000   clock reconvergence pessimism
                                              0.250000 ^ _127_/CLK (sg13g2_dfrbpq_1)
                                 -0.000706    0.249294   library hold time
                                              0.249294   data required time
---------------------------------------------------------------------------------------------
                                              0.249294   data required time
                                             -0.222606   data arrival time
---------------------------------------------------------------------------------------------
                                             -0.026688   slack (VIOLATED)


Startpoint: _121_ (rising edge-triggered flip-flop clocked by clk)
Endpoint: data_out (output port clocked by clk)
Path Group: clk
Path Type: min

Fanout         Cap        Slew       Delay        Time   Description
---------------------------------------------------------------------------------------------
                      0.150000    0.000000    0.000000   clock clk (rise edge)
                                  0.000000    0.000000   clock network delay (ideal)
                      0.150000    0.000000    0.000000 ^ _121_/CLK (sg13g2_dfrbpq_1)
     2    0.006092    0.024098    0.158476    0.158476 ^ _121_/Q (sg13g2_dfrbpq_1)
                                                         memory[1] (net)
                      0.024098    0.000000    0.158476 ^ _067_/A1 (sg13g2_mux4_1)
     1    0.003387    0.023402    0.099263    0.257739 ^ _067_/X (sg13g2_mux4_1)
                                                         _019_ (net)
                      0.023402    0.000000    0.257739 ^ _069_/B (sg13g2_nand2b_1)
     2    0.005695    0.033903    0.042149    0.299888 v _069_/Y (sg13g2_nand2b_1)
                                                         _021_ (net)
                      0.033903    0.000000    0.299888 v _080_/A (sg13g2_nand4_1)
     1    0.006000    0.029337    0.033283    0.333170 ^ _080_/Y (sg13g2_nand4_1)
                                                         data_out (net)
                      0.029337    0.000000    0.333170 ^ data_out (out)
                                              0.333170   data arrival time

                      0.150000    0.000000    0.000000   clock clk (rise edge)
                                  0.000000    0.000000   clock network delay (ideal)
                                  0.250000    0.250000   clock uncertainty
                                  0.000000    0.250000   clock reconvergence pessimism
                                 -2.000000   -1.750000   output external delay
                                             -1.750000   data required time
---------------------------------------------------------------------------------------------
                                             -1.750000   data required time
                                             -0.333170   data arrival time
---------------------------------------------------------------------------------------------
                                              2.083170   slack (MET)


Startpoint: _121_ (rising edge-triggered flip-flop clocked by clk)
Endpoint: data_out_bar (output port clocked by clk)
Path Group: clk
Path Type: min

Fanout         Cap        Slew       Delay        Time   Description
---------------------------------------------------------------------------------------------
                      0.150000    0.000000    0.000000   clock clk (rise edge)
                                  0.000000    0.000000   clock network delay (ideal)
                      0.150000    0.000000    0.000000 ^ _121_/CLK (sg13g2_dfrbpq_1)
     2    0.006092    0.024098    0.158476    0.158476 ^ _121_/Q (sg13g2_dfrbpq_1)
                                                         memory[1] (net)
                      0.024098    0.000000    0.158476 ^ _067_/A1 (sg13g2_mux4_1)
     1    0.003387    0.023402    0.099263    0.257739 ^ _067_/X (sg13g2_mux4_1)
                                                         _019_ (net)
                      0.023402    0.000000    0.257739 ^ _069_/B (sg13g2_nand2b_1)
     2    0.005695    0.033903    0.042149    0.299888 v _069_/Y (sg13g2_nand2b_1)
                                                         _021_ (net)
                      0.033903    0.000000    0.299888 v _079_/A (sg13g2_and4_1)
     1    0.006000    0.021342    0.057840    0.357728 v _079_/X (sg13g2_and4_1)
                                                         data_out_bar (net)
                      0.021342    0.000000    0.357728 v data_out_bar (out)
                                              0.357728   data arrival time

                      0.150000    0.000000    0.000000   clock clk (rise edge)
                                  0.000000    0.000000   clock network delay (ideal)
                                  0.250000    0.250000   clock uncertainty
                                  0.000000    0.250000   clock reconvergence pessimism
                                 -2.000000   -1.750000   output external delay
                                             -1.750000   data required time
---------------------------------------------------------------------------------------------
                                             -1.750000   data required time
                                             -0.357728   data arrival time
---------------------------------------------------------------------------------------------
                                              2.107728   slack (MET)



