
===========================================================================
report_checks -unconstrained
===========================================================================
======================= nom_typ_1p20V_25C Corner ===================================

Startpoint: col_addr[0] (input port clocked by clk)
Endpoint: data_out_bar (output port clocked by clk)
Path Group: clk
Path Type: max

Fanout         Cap        Slew       Delay        Time   Description
---------------------------------------------------------------------------------------------
                                  0.000000    0.000000   clock clk (rise edge)
                                  0.000000    0.000000   clock network delay (propagated)
                                  2.000000    2.000000 ^ input external delay
     1    0.003086    0.020306    0.002529    2.002529 ^ col_addr[0] (in)
                                                         col_addr[0] (net)
                      0.020306    0.000000    2.002529 ^ input1/A (sg13g2_buf_1)
     4    0.026104    0.112341    0.123179    2.125707 ^ input1/X (sg13g2_buf_1)
                                                         net1 (net)
                      0.112345    0.000504    2.126211 ^ fanout15/A (sg13g2_buf_1)
     8    0.057830    0.239713    0.249085    2.375296 ^ fanout15/X (sg13g2_buf_1)
                                                         net15 (net)
                      0.239715    0.000595    2.375891 ^ _073_/S0 (sg13g2_mux4_1)
     1    0.003686    0.043392    0.285061    2.660952 v _073_/X (sg13g2_mux4_1)
                                                         _025_ (net)
                      0.043392    0.000028    2.660980 v _075_/B (sg13g2_nand2b_1)
     2    0.009335    0.054197    0.060350    2.721330 ^ _075_/Y (sg13g2_nand2b_1)
                                                         _027_ (net)
                      0.054197    0.000220    2.721550 ^ _079_/C (sg13g2_and4_1)
     1    0.003133    0.039040    0.156526    2.878076 ^ _079_/X (sg13g2_and4_1)
                                                         net9 (net)
                      0.039040    0.000028    2.878105 ^ output9/A (sg13g2_buf_1)
     1    0.006000    0.035368    0.073104    2.951209 ^ output9/X (sg13g2_buf_1)
                                                         data_out_bar (net)
                      0.035368    0.000000    2.951209 ^ data_out_bar (out)
                                              2.951209   data arrival time

                                 10.000000   10.000000   clock clk (rise edge)
                                  0.000000   10.000000   clock network delay (propagated)
                                 -0.250000    9.750000   clock uncertainty
                                  0.000000    9.750000   clock reconvergence pessimism
                                 -2.000000    7.750000   output external delay
                                              7.750000   data required time
---------------------------------------------------------------------------------------------
                                              7.750000   data required time
                                             -2.951209   data arrival time
---------------------------------------------------------------------------------------------
                                              4.798791   slack (MET)




===========================================================================
report_checks --slack_max -0.01
============================================================================
======================= nom_typ_1p20V_25C Corner ===================================

No paths found.


===========================================================================
 report_check_types -max_slew -max_cap -max_fanout -violators
============================================================================
======================= nom_typ_1p20V_25C Corner ===================================



===========================================================================
report_parasitic_annotation -report_unannotated
============================================================================
Found 1 unannotated drivers.
 oe_n
Found 2 partially unannotated drivers.
 output8/X
 output9/X

===========================================================================
max slew violation count 0
Writing metric design__max_slew_violation__count__corner:nom_typ_1p20V_25C: 0
max fanout violation count 0
Writing metric design__max_fanout_violation__count__corner:nom_typ_1p20V_25C: 0
max cap violation count 0
Writing metric design__max_cap_violation__count__corner:nom_typ_1p20V_25C: 0
============================================================================

===========================================================================
check_setup -verbose -unconstrained_endpoints -multiple_clock -no_clock -no_input_delay -loops -generated_clocks
===========================================================================
