
===========================================================================
report_checks -unconstrained
===========================================================================
======================= nom_typ_1p20V_25C Corner ===================================

Startpoint: col_addr[0] (input port clocked by clk)
Endpoint: data_out_bar (output port clocked by clk)
Path Group: clk
Path Type: max

Fanout         Cap        Slew       Delay        Time   Description
---------------------------------------------------------------------------------------------
                                  0.000000    0.000000   clock clk (rise edge)
                                  0.000000    0.000000   clock network delay (propagated)
                                  2.000000    2.000000 ^ input external delay
     1    0.003726    0.020901    0.003082    2.003082 ^ col_addr[0] (in)
                                                         col_addr[0] (net)
                      0.020901    0.000000    2.003082 ^ input1/A (sg13g2_buf_1)
     4    0.032010    0.136132    0.139208    2.142289 ^ input1/X (sg13g2_buf_1)
                                                         net1 (net)
                      0.136158    0.001559    2.143848 ^ fanout15/A (sg13g2_buf_1)
     8    0.065517    0.269925    0.275179    2.419027 ^ fanout15/X (sg13g2_buf_1)
                                                         net15 (net)
                      0.269967    0.002810    2.421837 ^ _073_/S0 (sg13g2_mux4_1)
     1    0.004493    0.046299    0.295177    2.717014 v _073_/X (sg13g2_mux4_1)
                                                         _025_ (net)
                      0.046299    0.000103    2.717117 v _075_/B (sg13g2_nand2b_1)
     2    0.012254    0.065849    0.070561    2.787678 ^ _075_/Y (sg13g2_nand2b_1)
                                                         _027_ (net)
                      0.065857    0.000579    2.788257 ^ _079_/C (sg13g2_and4_1)
     1    0.004878    0.045212    0.167227    2.955484 ^ _079_/X (sg13g2_and4_1)
                                                         net9 (net)
                      0.045212    0.000137    2.955621 ^ output9/A (sg13g2_buf_1)
     1    0.008013    0.041994    0.081592    3.037213 ^ output9/X (sg13g2_buf_1)
                                                         data_out_bar (net)
                      0.041994    0.000146    3.037359 ^ data_out_bar (out)
                                              3.037359   data arrival time

                                 10.000000   10.000000   clock clk (rise edge)
                                  0.000000   10.000000   clock network delay (propagated)
                                 -0.250000    9.750000   clock uncertainty
                                  0.000000    9.750000   clock reconvergence pessimism
                                 -2.000000    7.750000   output external delay
                                              7.750000   data required time
---------------------------------------------------------------------------------------------
                                              7.750000   data required time
                                             -3.037359   data arrival time
---------------------------------------------------------------------------------------------
                                              4.712641   slack (MET)




===========================================================================
report_checks --slack_max -0.01
============================================================================
======================= nom_typ_1p20V_25C Corner ===================================

No paths found.


===========================================================================
 report_check_types -max_slew -max_cap -max_fanout -violators
============================================================================
======================= nom_typ_1p20V_25C Corner ===================================



===========================================================================
report_parasitic_annotation -report_unannotated
============================================================================
Found 1 unannotated drivers.
 oe_n
Found 0 partially unannotated drivers.

===========================================================================
max slew violation count 0
Writing metric design__max_slew_violation__count__corner:nom_typ_1p20V_25C: 0
max fanout violation count 0
Writing metric design__max_fanout_violation__count__corner:nom_typ_1p20V_25C: 0
max cap violation count 0
Writing metric design__max_cap_violation__count__corner:nom_typ_1p20V_25C: 0
============================================================================

===========================================================================
check_setup -verbose -unconstrained_endpoints -multiple_clock -no_clock -no_input_delay -loops -generated_clocks
===========================================================================
