Clock: clk
Sources: clk 
Generated: no
Virtual: yes
Propagated: no
Period: 10.000000

===========================================================================
report_clock_properties
============================================================================
Clock                   Period          Waveform
----------------------------------------------------
clk                  10.000000    0.000000  5.000000

===========================================================================
report_clock_latency
============================================================================
Clock clk
rise -> rise
    min     max
0.000000 0.000000 source latency
0.052930         network latency _128_/CLK
        0.054247 network latency _119_/CLK
---------------
0.052930 0.054247 latency
        0.001317 skew

fall -> fall
    min     max
0.000000 0.000000 source latency
0.040088         network latency _128_/CLK
        0.041260 network latency _119_/CLK
---------------
0.040088 0.041260 latency
        0.001172 skew



===========================================================================
report_clock_min_period
============================================================================
clk period_min = 0.66 fmax = 1516.85
