Clock: clk
Sources: clk 
Generated: no
Virtual: yes
Propagated: no
Period: 10.000000

===========================================================================
report_clock_properties
============================================================================
Clock                   Period          Waveform
----------------------------------------------------
clk                  10.000000    0.000000  5.000000

===========================================================================
report_clock_latency
============================================================================
Clock clk
rise -> rise
    min     max
0.000000 0.000000 source latency
0.112113         network latency _122_/CLK
        0.120612 network latency _129_/CLK
---------------
0.112113 0.120612 latency
        0.008499 skew

fall -> fall
    min     max
0.000000 0.000000 source latency
0.114013         network latency _122_/CLK
        0.121907 network latency _129_/CLK
---------------
0.114013 0.121907 latency
        0.007894 skew



===========================================================================
report_clock_min_period
============================================================================
clk period_min = 0.77 fmax = 1301.36
