Clock: clk
Sources: clk 
Generated: no
Virtual: yes
Propagated: no
Period: 10.000000

===========================================================================
report_clock_properties
============================================================================
Clock                   Period          Waveform
----------------------------------------------------
clk                  10.000000    0.000000  5.000000

===========================================================================
report_clock_latency
============================================================================
Clock clk
rise -> rise
    min     max
0.000000 0.000000 source latency
0.165823         network latency _119_/CLK
        0.171778 network latency _127_/CLK
---------------
0.165823 0.171778 latency
        0.005955 skew

fall -> fall
    min     max
0.000000 0.000000 source latency
0.169226         network latency _119_/CLK
        0.174992 network latency _127_/CLK
---------------
0.169226 0.174992 latency
        0.005766 skew



===========================================================================
report_clock_min_period
============================================================================
clk period_min = 1.03 fmax = 966.93
