
Cell sg13g2_fill_2 (0) disconnected node: VDD
Cell sg13g2_fill_2 (0) disconnected node: VSS
Cell sg13g2_fill_2 (1) disconnected node: VDD
Cell sg13g2_fill_2 (1) disconnected node: VSS

Subcircuit pins:
Circuit 1: sg13g2_fill_2                   |Circuit 2: sg13g2_fill_2                   
-------------------------------------------|-------------------------------------------
VDD                                        |VDD                                        
VSS                                        |VSS                                        
---------------------------------------------------------------------------------------
Cell pin lists are equivalent.
Device classes sg13g2_fill_2 and sg13g2_fill_2 are equivalent.

Cell sg13g2_decap_8 (0) disconnected node: VDD
Cell sg13g2_decap_8 (0) disconnected node: VSS

Subcircuit pins:
Circuit 1: sg13g2_decap_8                  |Circuit 2: sg13g2_decap_8                  
-------------------------------------------|-------------------------------------------
VDD                                        |VDD                                        
VSS                                        |VSS                                        
---------------------------------------------------------------------------------------
Cell pin lists are equivalent.
Device classes sg13g2_decap_8 and sg13g2_decap_8 are equivalent.

Cell sg13g2_dlygate4sd3_1 (0) disconnected node: X
Cell sg13g2_dlygate4sd3_1 (0) disconnected node: A
Cell sg13g2_dlygate4sd3_1 (0) disconnected node: VDD
Cell sg13g2_dlygate4sd3_1 (0) disconnected node: VSS

Subcircuit pins:
Circuit 1: sg13g2_dlygate4sd3_1            |Circuit 2: sg13g2_dlygate4sd3_1            
-------------------------------------------|-------------------------------------------
X                                          |X                                          
A                                          |A                                          
VDD                                        |VDD                                        
VSS                                        |VSS                                        
---------------------------------------------------------------------------------------
Cell pin lists are equivalent.
Device classes sg13g2_dlygate4sd3_1 and sg13g2_dlygate4sd3_1 are equivalent.

Cell sg13g2_dfrbpq_1 (0) disconnected node: Q
Cell sg13g2_dfrbpq_1 (0) disconnected node: CLK
Cell sg13g2_dfrbpq_1 (0) disconnected node: D
Cell sg13g2_dfrbpq_1 (0) disconnected node: RESET_B
Cell sg13g2_dfrbpq_1 (0) disconnected node: VDD
Cell sg13g2_dfrbpq_1 (0) disconnected node: VSS

Subcircuit pins:
Circuit 1: sg13g2_dfrbpq_1                 |Circuit 2: sg13g2_dfrbpq_1                 
-------------------------------------------|-------------------------------------------
Q                                          |Q                                          
CLK                                        |CLK                                        
D                                          |D                                          
RESET_B                                    |RESET_B                                    
VDD                                        |VDD                                        
VSS                                        |VSS                                        
---------------------------------------------------------------------------------------
Cell pin lists are equivalent.
Device classes sg13g2_dfrbpq_1 and sg13g2_dfrbpq_1 are equivalent.

Cell sg13g2_mux2_1 (0) disconnected node: X
Cell sg13g2_mux2_1 (0) disconnected node: A0
Cell sg13g2_mux2_1 (0) disconnected node: A1
Cell sg13g2_mux2_1 (0) disconnected node: S
Cell sg13g2_mux2_1 (0) disconnected node: VDD
Cell sg13g2_mux2_1 (0) disconnected node: VSS

Subcircuit pins:
Circuit 1: sg13g2_mux2_1                   |Circuit 2: sg13g2_mux2_1                   
-------------------------------------------|-------------------------------------------
X                                          |X                                          
A0                                         |A0                                         
A1                                         |A1                                         
S                                          |S                                          
VDD                                        |VDD                                        
VSS                                        |VSS                                        
---------------------------------------------------------------------------------------
Cell pin lists are equivalent.
Device classes sg13g2_mux2_1 and sg13g2_mux2_1 are equivalent.

Cell sg13g2_fill_1 (0) disconnected node: VDD
Cell sg13g2_fill_1 (0) disconnected node: VSS
Cell sg13g2_fill_1 (1) disconnected node: VDD
Cell sg13g2_fill_1 (1) disconnected node: VSS

Subcircuit pins:
Circuit 1: sg13g2_fill_1                   |Circuit 2: sg13g2_fill_1                   
-------------------------------------------|-------------------------------------------
VDD                                        |VDD                                        
VSS                                        |VSS                                        
---------------------------------------------------------------------------------------
Cell pin lists are equivalent.
Device classes sg13g2_fill_1 and sg13g2_fill_1 are equivalent.

Cell sg13g2_buf_1 (0) disconnected node: X
Cell sg13g2_buf_1 (0) disconnected node: A
Cell sg13g2_buf_1 (0) disconnected node: VDD
Cell sg13g2_buf_1 (0) disconnected node: VSS

Subcircuit pins:
Circuit 1: sg13g2_buf_1                    |Circuit 2: sg13g2_buf_1                    
-------------------------------------------|-------------------------------------------
X                                          |X                                          
A                                          |A                                          
VDD                                        |VDD                                        
VSS                                        |VSS                                        
---------------------------------------------------------------------------------------
Cell pin lists are equivalent.
Device classes sg13g2_buf_1 and sg13g2_buf_1 are equivalent.

Cell sg13g2_nor3_1 (0) disconnected node: Y
Cell sg13g2_nor3_1 (0) disconnected node: A
Cell sg13g2_nor3_1 (0) disconnected node: B
Cell sg13g2_nor3_1 (0) disconnected node: C
Cell sg13g2_nor3_1 (0) disconnected node: VDD
Cell sg13g2_nor3_1 (0) disconnected node: VSS

Subcircuit pins:
Circuit 1: sg13g2_nor3_1                   |Circuit 2: sg13g2_nor3_1                   
-------------------------------------------|-------------------------------------------
Y                                          |Y                                          
A                                          |A                                          
B                                          |B                                          
C                                          |C                                          
VDD                                        |VDD                                        
VSS                                        |VSS                                        
---------------------------------------------------------------------------------------
Cell pin lists are equivalent.
Device classes sg13g2_nor3_1 and sg13g2_nor3_1 are equivalent.

Cell sg13g2_tiehi (0) disconnected node: L_HI
Cell sg13g2_tiehi (0) disconnected node: VDD
Cell sg13g2_tiehi (0) disconnected node: VSS

Subcircuit pins:
Circuit 1: sg13g2_tiehi                    |Circuit 2: sg13g2_tiehi                    
-------------------------------------------|-------------------------------------------
L_HI                                       |L_HI                                       
VDD                                        |VDD                                        
VSS                                        |VSS                                        
---------------------------------------------------------------------------------------
Cell pin lists are equivalent.
Device classes sg13g2_tiehi and sg13g2_tiehi are equivalent.

Cell sg13g2_decap_4 (0) disconnected node: VDD
Cell sg13g2_decap_4 (0) disconnected node: VSS

Subcircuit pins:
Circuit 1: sg13g2_decap_4                  |Circuit 2: sg13g2_decap_4                  
-------------------------------------------|-------------------------------------------
VDD                                        |VDD                                        
VSS                                        |VSS                                        
---------------------------------------------------------------------------------------
Cell pin lists are equivalent.
Device classes sg13g2_decap_4 and sg13g2_decap_4 are equivalent.

Cell sg13g2_nor4_1 (0) disconnected node: Y
Cell sg13g2_nor4_1 (0) disconnected node: A
Cell sg13g2_nor4_1 (0) disconnected node: B
Cell sg13g2_nor4_1 (0) disconnected node: C
Cell sg13g2_nor4_1 (0) disconnected node: D
Cell sg13g2_nor4_1 (0) disconnected node: VDD
Cell sg13g2_nor4_1 (0) disconnected node: VSS

Subcircuit pins:
Circuit 1: sg13g2_nor4_1                   |Circuit 2: sg13g2_nor4_1                   
-------------------------------------------|-------------------------------------------
Y                                          |Y                                          
A                                          |A                                          
B                                          |B                                          
C                                          |C                                          
D                                          |D                                          
VDD                                        |VDD                                        
VSS                                        |VSS                                        
---------------------------------------------------------------------------------------
Cell pin lists are equivalent.
Device classes sg13g2_nor4_1 and sg13g2_nor4_1 are equivalent.

Cell sg13g2_buf_16 (0) disconnected node: X
Cell sg13g2_buf_16 (0) disconnected node: A
Cell sg13g2_buf_16 (0) disconnected node: VDD
Cell sg13g2_buf_16 (0) disconnected node: VSS

Subcircuit pins:
Circuit 1: sg13g2_buf_16                   |Circuit 2: sg13g2_buf_16                   
-------------------------------------------|-------------------------------------------
X                                          |X                                          
A                                          |A                                          
VDD                                        |VDD                                        
VSS                                        |VSS                                        
---------------------------------------------------------------------------------------
Cell pin lists are equivalent.
Device classes sg13g2_buf_16 and sg13g2_buf_16 are equivalent.

Cell sg13g2_and4_1 (0) disconnected node: X
Cell sg13g2_and4_1 (0) disconnected node: A
Cell sg13g2_and4_1 (0) disconnected node: B
Cell sg13g2_and4_1 (0) disconnected node: C
Cell sg13g2_and4_1 (0) disconnected node: D
Cell sg13g2_and4_1 (0) disconnected node: VDD
Cell sg13g2_and4_1 (0) disconnected node: VSS

Subcircuit pins:
Circuit 1: sg13g2_and4_1                   |Circuit 2: sg13g2_and4_1                   
-------------------------------------------|-------------------------------------------
X                                          |X                                          
A                                          |A                                          
B                                          |B                                          
C                                          |C                                          
D                                          |D                                          
VDD                                        |VDD                                        
VSS                                        |VSS                                        
---------------------------------------------------------------------------------------
Cell pin lists are equivalent.
Device classes sg13g2_and4_1 and sg13g2_and4_1 are equivalent.

Cell sg13g2_nand2b_1 (0) disconnected node: Y
Cell sg13g2_nand2b_1 (0) disconnected node: A_N
Cell sg13g2_nand2b_1 (0) disconnected node: B
Cell sg13g2_nand2b_1 (0) disconnected node: VDD
Cell sg13g2_nand2b_1 (0) disconnected node: VSS

Subcircuit pins:
Circuit 1: sg13g2_nand2b_1                 |Circuit 2: sg13g2_nand2b_1                 
-------------------------------------------|-------------------------------------------
Y                                          |Y                                          
A_N                                        |A_N                                        
B                                          |B                                          
VDD                                        |VDD                                        
VSS                                        |VSS                                        
---------------------------------------------------------------------------------------
Cell pin lists are equivalent.
Device classes sg13g2_nand2b_1 and sg13g2_nand2b_1 are equivalent.

Cell sg13g2_mux4_1 (0) disconnected node: X
Cell sg13g2_mux4_1 (0) disconnected node: A0
Cell sg13g2_mux4_1 (0) disconnected node: A1
Cell sg13g2_mux4_1 (0) disconnected node: A2
Cell sg13g2_mux4_1 (0) disconnected node: A3
Cell sg13g2_mux4_1 (0) disconnected node: S0
Cell sg13g2_mux4_1 (0) disconnected node: S1
Cell sg13g2_mux4_1 (0) disconnected node: VDD
Cell sg13g2_mux4_1 (0) disconnected node: VSS

Subcircuit pins:
Circuit 1: sg13g2_mux4_1                   |Circuit 2: sg13g2_mux4_1                   
-------------------------------------------|-------------------------------------------
X                                          |X                                          
A0                                         |A0                                         
A1                                         |A1                                         
A2                                         |A2                                         
A3                                         |A3                                         
S0                                         |S0                                         
S1                                         |S1                                         
VDD                                        |VDD                                        
VSS                                        |VSS                                        
---------------------------------------------------------------------------------------
Cell pin lists are equivalent.
Device classes sg13g2_mux4_1 and sg13g2_mux4_1 are equivalent.

Cell sg13g2_nand2_1 (0) disconnected node: Y
Cell sg13g2_nand2_1 (0) disconnected node: A
Cell sg13g2_nand2_1 (0) disconnected node: B
Cell sg13g2_nand2_1 (0) disconnected node: VDD
Cell sg13g2_nand2_1 (0) disconnected node: VSS

Subcircuit pins:
Circuit 1: sg13g2_nand2_1                  |Circuit 2: sg13g2_nand2_1                  
-------------------------------------------|-------------------------------------------
Y                                          |Y                                          
A                                          |A                                          
B                                          |B                                          
VDD                                        |VDD                                        
VSS                                        |VSS                                        
---------------------------------------------------------------------------------------
Cell pin lists are equivalent.
Device classes sg13g2_nand2_1 and sg13g2_nand2_1 are equivalent.

Cell sg13g2_or2_1 (0) disconnected node: X
Cell sg13g2_or2_1 (0) disconnected node: A
Cell sg13g2_or2_1 (0) disconnected node: B
Cell sg13g2_or2_1 (0) disconnected node: VDD
Cell sg13g2_or2_1 (0) disconnected node: VSS

Subcircuit pins:
Circuit 1: sg13g2_or2_1                    |Circuit 2: sg13g2_or2_1                    
-------------------------------------------|-------------------------------------------
X                                          |X                                          
A                                          |A                                          
B                                          |B                                          
VDD                                        |VDD                                        
VSS                                        |VSS                                        
---------------------------------------------------------------------------------------
Cell pin lists are equivalent.
Device classes sg13g2_or2_1 and sg13g2_or2_1 are equivalent.

Cell sg13g2_nand4_1 (0) disconnected node: Y
Cell sg13g2_nand4_1 (0) disconnected node: A
Cell sg13g2_nand4_1 (0) disconnected node: B
Cell sg13g2_nand4_1 (0) disconnected node: C
Cell sg13g2_nand4_1 (0) disconnected node: D
Cell sg13g2_nand4_1 (0) disconnected node: VDD
Cell sg13g2_nand4_1 (0) disconnected node: VSS

Subcircuit pins:
Circuit 1: sg13g2_nand4_1                  |Circuit 2: sg13g2_nand4_1                  
-------------------------------------------|-------------------------------------------
Y                                          |Y                                          
A                                          |A                                          
B                                          |B                                          
C                                          |C                                          
D                                          |D                                          
VDD                                        |VDD                                        
VSS                                        |VSS                                        
---------------------------------------------------------------------------------------
Cell pin lists are equivalent.
Device classes sg13g2_nand4_1 and sg13g2_nand4_1 are equivalent.

Cell sram (0) disconnected node: rd_n
Cell sram (1) disconnected node: rd_n
Class sram (0):  Merged 141 parallel devices.
Class sram (1):  Merged 141 parallel devices.
Cell sram (0) disconnected node: rd_n
Cell sram (1) disconnected node: rd_n
Subcircuit summary:
Circuit 1: sram                            |Circuit 2: sram                            
-------------------------------------------|-------------------------------------------
sg13g2_fill_2 (37->1)                      |sg13g2_fill_2 (37->1)                      
sg13g2_decap_8 (49->1)                     |sg13g2_decap_8 (49->1)                     
sg13g2_dlygate4sd3_1 (16)                  |sg13g2_dlygate4sd3_1 (16)                  
sg13g2_dfrbpq_1 (16)                       |sg13g2_dfrbpq_1 (16)                       
sg13g2_mux2_1 (16)                         |sg13g2_mux2_1 (16)                         
sg13g2_fill_1 (36->1)                      |sg13g2_fill_1 (36->1)                      
sg13g2_buf_1 (15)                          |sg13g2_buf_1 (15)                          
sg13g2_nor3_1 (12)                         |sg13g2_nor3_1 (12)                         
sg13g2_tiehi (16)                          |sg13g2_tiehi (16)                          
sg13g2_decap_4 (23->1)                     |sg13g2_decap_4 (23->1)                     
sg13g2_nor4_1 (4)                          |sg13g2_nor4_1 (4)                          
sg13g2_buf_16 (5)                          |sg13g2_buf_16 (5)                          
sg13g2_and4_1 (1)                          |sg13g2_and4_1 (1)                          
sg13g2_nand2b_1 (9)                        |sg13g2_nand2b_1 (9)                        
sg13g2_mux4_1 (4)                          |sg13g2_mux4_1 (4)                          
sg13g2_nand2_1 (2)                         |sg13g2_nand2_1 (2)                         
sg13g2_or2_1 (1)                           |sg13g2_or2_1 (1)                           
sg13g2_nand4_1 (1)                         |sg13g2_nand4_1 (1)                         
Number of devices: 122                     |Number of devices: 122                     
Number of nets: 128                        |Number of nets: 128                        
---------------------------------------------------------------------------------------
Netlists match uniquely.

Subcircuit pins:
Circuit 1: sram                            |Circuit 2: sram                            
-------------------------------------------|-------------------------------------------
clk                                        |clk                                        
data_in                                    |data_in                                    
row_addr[1]                                |row_addr[1]                                
row_addr[0]                                |row_addr[0]                                
col_addr[1]                                |col_addr[1]                                
col_addr[0]                                |col_addr[0]                                
wr_n                                       |wr_n                                       
cs                                         |cs                                         
data_out_bar                               |data_out_bar                               
data_out                                   |data_out                                   
VPWR                                       |VPWR                                       
VGND                                       |VGND                                       
rd_n                                       |rd_n                                       
---------------------------------------------------------------------------------------
Cell pin lists are equivalent.
Device classes sram and sram are equivalent.

Final result: Circuits match uniquely.
.
