
===========================================================================
report_checks -path_delay min (Hold)
============================================================================
======================= nom_slow_1p08V_125C Corner ===================================

Startpoint: _118_ (rising edge-triggered flip-flop clocked by clk)
Endpoint: _118_ (rising edge-triggered flip-flop clocked by clk)
Path Group: clk
Path Type: min

Fanout         Cap        Slew       Delay        Time   Description
---------------------------------------------------------------------------------------------
                      0.150000    0.000000    0.000000   clock clk (rise edge)
                                  0.000000    0.000000   clock network delay (ideal)
                      0.150000    0.000000    0.000000 ^ _118_/CLK (sg13g2_dfrbpq_1)
     2    0.005056    0.042594    0.324694    0.324694 v _118_/Q (sg13g2_dfrbpq_1)
                                                         memory[13] (net)
                      0.042594    0.000000    0.324694 v _091_/A0 (sg13g2_mux2_1)
     1    0.001355    0.039227    0.162283    0.486977 v _091_/X (sg13g2_mux2_1)
                                                         _004_ (net)
                      0.039227    0.000000    0.486977 v _118_/D (sg13g2_dfrbpq_1)
                                              0.486977   data arrival time

                      0.150000    0.000000    0.000000   clock clk (rise edge)
                                  0.000000    0.000000   clock network delay (ideal)
                                  0.250000    0.250000   clock uncertainty
                                  0.000000    0.250000   clock reconvergence pessimism
                                              0.250000 ^ _118_/CLK (sg13g2_dfrbpq_1)
                                 -0.019341    0.230659   library hold time
                                              0.230659   data required time
---------------------------------------------------------------------------------------------
                                              0.230659   data required time
                                             -0.486977   data arrival time
---------------------------------------------------------------------------------------------
                                              0.256318   slack (MET)


Startpoint: _121_ (rising edge-triggered flip-flop clocked by clk)
Endpoint: _121_ (rising edge-triggered flip-flop clocked by clk)
Path Group: clk
Path Type: min

Fanout         Cap        Slew       Delay        Time   Description
---------------------------------------------------------------------------------------------
                      0.150000    0.000000    0.000000   clock clk (rise edge)
                                  0.000000    0.000000   clock network delay (ideal)
                      0.150000    0.000000    0.000000 ^ _121_/CLK (sg13g2_dfrbpq_1)
     2    0.005056    0.042594    0.324694    0.324694 v _121_/Q (sg13g2_dfrbpq_1)
                                                         memory[1] (net)
                      0.042594    0.000000    0.324694 v _097_/A0 (sg13g2_mux2_1)
     1    0.001355    0.039227    0.162283    0.486977 v _097_/X (sg13g2_mux2_1)
                                                         _007_ (net)
                      0.039227    0.000000    0.486977 v _121_/D (sg13g2_dfrbpq_1)
                                              0.486977   data arrival time

                      0.150000    0.000000    0.000000   clock clk (rise edge)
                                  0.000000    0.000000   clock network delay (ideal)
                                  0.250000    0.250000   clock uncertainty
                                  0.000000    0.250000   clock reconvergence pessimism
                                              0.250000 ^ _121_/CLK (sg13g2_dfrbpq_1)
                                 -0.019341    0.230659   library hold time
                                              0.230659   data required time
---------------------------------------------------------------------------------------------
                                              0.230659   data required time
                                             -0.486977   data arrival time
---------------------------------------------------------------------------------------------
                                              0.256318   slack (MET)


Startpoint: _125_ (rising edge-triggered flip-flop clocked by clk)
Endpoint: _125_ (rising edge-triggered flip-flop clocked by clk)
Path Group: clk
Path Type: min

Fanout         Cap        Slew       Delay        Time   Description
---------------------------------------------------------------------------------------------
                      0.150000    0.000000    0.000000   clock clk (rise edge)
                                  0.000000    0.000000   clock network delay (ideal)
                      0.150000    0.000000    0.000000 ^ _125_/CLK (sg13g2_dfrbpq_1)
     2    0.005056    0.042594    0.324694    0.324694 v _125_/Q (sg13g2_dfrbpq_1)
                                                         memory[5] (net)
                      0.042594    0.000000    0.324694 v _105_/A0 (sg13g2_mux2_1)
     1    0.001355    0.039229    0.162283    0.486977 v _105_/X (sg13g2_mux2_1)
                                                         _011_ (net)
                      0.039229    0.000000    0.486977 v _125_/D (sg13g2_dfrbpq_1)
                                              0.486977   data arrival time

                      0.150000    0.000000    0.000000   clock clk (rise edge)
                                  0.000000    0.000000   clock network delay (ideal)
                                  0.250000    0.250000   clock uncertainty
                                  0.000000    0.250000   clock reconvergence pessimism
                                              0.250000 ^ _125_/CLK (sg13g2_dfrbpq_1)
                                 -0.019341    0.230659   library hold time
                                              0.230659   data required time
---------------------------------------------------------------------------------------------
                                              0.230659   data required time
                                             -0.486977   data arrival time
---------------------------------------------------------------------------------------------
                                              0.256318   slack (MET)


Startpoint: _129_ (rising edge-triggered flip-flop clocked by clk)
Endpoint: _129_ (rising edge-triggered flip-flop clocked by clk)
Path Group: clk
Path Type: min

Fanout         Cap        Slew       Delay        Time   Description
---------------------------------------------------------------------------------------------
                      0.150000    0.000000    0.000000   clock clk (rise edge)
                                  0.000000    0.000000   clock network delay (ideal)
                      0.150000    0.000000    0.000000 ^ _129_/CLK (sg13g2_dfrbpq_1)
     2    0.005056    0.042594    0.324694    0.324694 v _129_/Q (sg13g2_dfrbpq_1)
                                                         memory[9] (net)
                      0.042594    0.000000    0.324694 v _113_/A0 (sg13g2_mux2_1)
     1    0.001355    0.039229    0.162283    0.486977 v _113_/X (sg13g2_mux2_1)
                                                         _015_ (net)
                      0.039229    0.000000    0.486977 v _129_/D (sg13g2_dfrbpq_1)
                                              0.486977   data arrival time

                      0.150000    0.000000    0.000000   clock clk (rise edge)
                                  0.000000    0.000000   clock network delay (ideal)
                                  0.250000    0.250000   clock uncertainty
                                  0.000000    0.250000   clock reconvergence pessimism
                                              0.250000 ^ _129_/CLK (sg13g2_dfrbpq_1)
                                 -0.019341    0.230659   library hold time
                                              0.230659   data required time
---------------------------------------------------------------------------------------------
                                              0.230659   data required time
                                             -0.486977   data arrival time
---------------------------------------------------------------------------------------------
                                              0.256318   slack (MET)


Startpoint: _119_ (rising edge-triggered flip-flop clocked by clk)
Endpoint: _119_ (rising edge-triggered flip-flop clocked by clk)
Path Group: clk
Path Type: min

Fanout         Cap        Slew       Delay        Time   Description
---------------------------------------------------------------------------------------------
                      0.150000    0.000000    0.000000   clock clk (rise edge)
                                  0.000000    0.000000   clock network delay (ideal)
                      0.150000    0.000000    0.000000 ^ _119_/CLK (sg13g2_dfrbpq_1)
     2    0.005077    0.042695    0.324780    0.324780 v _119_/Q (sg13g2_dfrbpq_1)
                                                         memory[14] (net)
                      0.042695    0.000000    0.324780 v _093_/A0 (sg13g2_mux2_1)
     1    0.001355    0.039227    0.162325    0.487105 v _093_/X (sg13g2_mux2_1)
                                                         _005_ (net)
                      0.039227    0.000000    0.487105 v _119_/D (sg13g2_dfrbpq_1)
                                              0.487105   data arrival time

                      0.150000    0.000000    0.000000   clock clk (rise edge)
                                  0.000000    0.000000   clock network delay (ideal)
                                  0.250000    0.250000   clock uncertainty
                                  0.000000    0.250000   clock reconvergence pessimism
                                              0.250000 ^ _119_/CLK (sg13g2_dfrbpq_1)
                                 -0.019341    0.230659   library hold time
                                              0.230659   data required time
---------------------------------------------------------------------------------------------
                                              0.230659   data required time
                                             -0.487105   data arrival time
---------------------------------------------------------------------------------------------
                                              0.256446   slack (MET)


Startpoint: _122_ (rising edge-triggered flip-flop clocked by clk)
Endpoint: _122_ (rising edge-triggered flip-flop clocked by clk)
Path Group: clk
Path Type: min

Fanout         Cap        Slew       Delay        Time   Description
---------------------------------------------------------------------------------------------
                      0.150000    0.000000    0.000000   clock clk (rise edge)
                                  0.000000    0.000000   clock network delay (ideal)
                      0.150000    0.000000    0.000000 ^ _122_/CLK (sg13g2_dfrbpq_1)
     2    0.005077    0.042695    0.324780    0.324780 v _122_/Q (sg13g2_dfrbpq_1)
                                                         memory[2] (net)
                      0.042695    0.000000    0.324780 v _099_/A0 (sg13g2_mux2_1)
     1    0.001355    0.039227    0.162325    0.487105 v _099_/X (sg13g2_mux2_1)
                                                         _008_ (net)
                      0.039227    0.000000    0.487105 v _122_/D (sg13g2_dfrbpq_1)
                                              0.487105   data arrival time

                      0.150000    0.000000    0.000000   clock clk (rise edge)
                                  0.000000    0.000000   clock network delay (ideal)
                                  0.250000    0.250000   clock uncertainty
                                  0.000000    0.250000   clock reconvergence pessimism
                                              0.250000 ^ _122_/CLK (sg13g2_dfrbpq_1)
                                 -0.019341    0.230659   library hold time
                                              0.230659   data required time
---------------------------------------------------------------------------------------------
                                              0.230659   data required time
                                             -0.487105   data arrival time
---------------------------------------------------------------------------------------------
                                              0.256446   slack (MET)


Startpoint: _115_ (rising edge-triggered flip-flop clocked by clk)
Endpoint: _115_ (rising edge-triggered flip-flop clocked by clk)
Path Group: clk
Path Type: min

Fanout         Cap        Slew       Delay        Time   Description
---------------------------------------------------------------------------------------------
                      0.150000    0.000000    0.000000   clock clk (rise edge)
                                  0.000000    0.000000   clock network delay (ideal)
                      0.150000    0.000000    0.000000 ^ _115_/CLK (sg13g2_dfrbpq_1)
     2    0.005077    0.042695    0.324780    0.324780 v _115_/Q (sg13g2_dfrbpq_1)
                                                         memory[10] (net)
                      0.042695    0.000000    0.324780 v _085_/A0 (sg13g2_mux2_1)
     1    0.001355    0.039229    0.162325    0.487105 v _085_/X (sg13g2_mux2_1)
                                                         _001_ (net)
                      0.039229    0.000000    0.487105 v _115_/D (sg13g2_dfrbpq_1)
                                              0.487105   data arrival time

                      0.150000    0.000000    0.000000   clock clk (rise edge)
                                  0.000000    0.000000   clock network delay (ideal)
                                  0.250000    0.250000   clock uncertainty
                                  0.000000    0.250000   clock reconvergence pessimism
                                              0.250000 ^ _115_/CLK (sg13g2_dfrbpq_1)
                                 -0.019341    0.230659   library hold time
                                              0.230659   data required time
---------------------------------------------------------------------------------------------
                                              0.230659   data required time
                                             -0.487105   data arrival time
---------------------------------------------------------------------------------------------
                                              0.256446   slack (MET)


Startpoint: _126_ (rising edge-triggered flip-flop clocked by clk)
Endpoint: _126_ (rising edge-triggered flip-flop clocked by clk)
Path Group: clk
Path Type: min

Fanout         Cap        Slew       Delay        Time   Description
---------------------------------------------------------------------------------------------
                      0.150000    0.000000    0.000000   clock clk (rise edge)
                                  0.000000    0.000000   clock network delay (ideal)
                      0.150000    0.000000    0.000000 ^ _126_/CLK (sg13g2_dfrbpq_1)
     2    0.005077    0.042695    0.324780    0.324780 v _126_/Q (sg13g2_dfrbpq_1)
                                                         memory[6] (net)
                      0.042695    0.000000    0.324780 v _107_/A0 (sg13g2_mux2_1)
     1    0.001355    0.039229    0.162325    0.487105 v _107_/X (sg13g2_mux2_1)
                                                         _012_ (net)
                      0.039229    0.000000    0.487105 v _126_/D (sg13g2_dfrbpq_1)
                                              0.487105   data arrival time

                      0.150000    0.000000    0.000000   clock clk (rise edge)
                                  0.000000    0.000000   clock network delay (ideal)
                                  0.250000    0.250000   clock uncertainty
                                  0.000000    0.250000   clock reconvergence pessimism
                                              0.250000 ^ _126_/CLK (sg13g2_dfrbpq_1)
                                 -0.019341    0.230659   library hold time
                                              0.230659   data required time
---------------------------------------------------------------------------------------------
                                              0.230659   data required time
                                             -0.487105   data arrival time
---------------------------------------------------------------------------------------------
                                              0.256446   slack (MET)


Startpoint: _114_ (rising edge-triggered flip-flop clocked by clk)
Endpoint: _114_ (rising edge-triggered flip-flop clocked by clk)
Path Group: clk
Path Type: min

Fanout         Cap        Slew       Delay        Time   Description
---------------------------------------------------------------------------------------------
                      0.150000    0.000000    0.000000   clock clk (rise edge)
                                  0.000000    0.000000   clock network delay (ideal)
                      0.150000    0.000000    0.000000 ^ _114_/CLK (sg13g2_dfrbpq_1)
     2    0.005077    0.042696    0.324781    0.324781 v _114_/Q (sg13g2_dfrbpq_1)
                                                         memory[0] (net)
                      0.042696    0.000000    0.324781 v _083_/A0 (sg13g2_mux2_1)
     1    0.001355    0.039232    0.162325    0.487107 v _083_/X (sg13g2_mux2_1)
                                                         _000_ (net)
                      0.039232    0.000000    0.487107 v _114_/D (sg13g2_dfrbpq_1)
                                              0.487107   data arrival time

                      0.150000    0.000000    0.000000   clock clk (rise edge)
                                  0.000000    0.000000   clock network delay (ideal)
                                  0.250000    0.250000   clock uncertainty
                                  0.000000    0.250000   clock reconvergence pessimism
                                              0.250000 ^ _114_/CLK (sg13g2_dfrbpq_1)
                                 -0.019343    0.230657   library hold time
                                              0.230657   data required time
---------------------------------------------------------------------------------------------
                                              0.230657   data required time
                                             -0.487107   data arrival time
---------------------------------------------------------------------------------------------
                                              0.256450   slack (MET)


Startpoint: _117_ (rising edge-triggered flip-flop clocked by clk)
Endpoint: _117_ (rising edge-triggered flip-flop clocked by clk)
Path Group: clk
Path Type: min

Fanout         Cap        Slew       Delay        Time   Description
---------------------------------------------------------------------------------------------
                      0.150000    0.000000    0.000000   clock clk (rise edge)
                                  0.000000    0.000000   clock network delay (ideal)
                      0.150000    0.000000    0.000000 ^ _117_/CLK (sg13g2_dfrbpq_1)
     2    0.005077    0.042696    0.324781    0.324781 v _117_/Q (sg13g2_dfrbpq_1)
                                                         memory[12] (net)
                      0.042696    0.000000    0.324781 v _089_/A0 (sg13g2_mux2_1)
     1    0.001355    0.039233    0.162325    0.487107 v _089_/X (sg13g2_mux2_1)
                                                         _003_ (net)
                      0.039233    0.000000    0.487107 v _117_/D (sg13g2_dfrbpq_1)
                                              0.487107   data arrival time

                      0.150000    0.000000    0.000000   clock clk (rise edge)
                                  0.000000    0.000000   clock network delay (ideal)
                                  0.250000    0.250000   clock uncertainty
                                  0.000000    0.250000   clock reconvergence pessimism
                                              0.250000 ^ _117_/CLK (sg13g2_dfrbpq_1)
                                 -0.019343    0.230657   library hold time
                                              0.230657   data required time
---------------------------------------------------------------------------------------------
                                              0.230657   data required time
                                             -0.487107   data arrival time
---------------------------------------------------------------------------------------------
                                              0.256450   slack (MET)


Startpoint: _124_ (rising edge-triggered flip-flop clocked by clk)
Endpoint: _124_ (rising edge-triggered flip-flop clocked by clk)
Path Group: clk
Path Type: min

Fanout         Cap        Slew       Delay        Time   Description
---------------------------------------------------------------------------------------------
                      0.150000    0.000000    0.000000   clock clk (rise edge)
                                  0.000000    0.000000   clock network delay (ideal)
                      0.150000    0.000000    0.000000 ^ _124_/CLK (sg13g2_dfrbpq_1)
     2    0.005077    0.042696    0.324781    0.324781 v _124_/Q (sg13g2_dfrbpq_1)
                                                         memory[4] (net)
                      0.042696    0.000000    0.324781 v _103_/A0 (sg13g2_mux2_1)
     1    0.001355    0.039234    0.162325    0.487107 v _103_/X (sg13g2_mux2_1)
                                                         _010_ (net)
                      0.039234    0.000000    0.487107 v _124_/D (sg13g2_dfrbpq_1)
                                              0.487107   data arrival time

                      0.150000    0.000000    0.000000   clock clk (rise edge)
                                  0.000000    0.000000   clock network delay (ideal)
                                  0.250000    0.250000   clock uncertainty
                                  0.000000    0.250000   clock reconvergence pessimism
                                              0.250000 ^ _124_/CLK (sg13g2_dfrbpq_1)
                                 -0.019343    0.230657   library hold time
                                              0.230657   data required time
---------------------------------------------------------------------------------------------
                                              0.230657   data required time
                                             -0.487107   data arrival time
---------------------------------------------------------------------------------------------
                                              0.256450   slack (MET)


Startpoint: _128_ (rising edge-triggered flip-flop clocked by clk)
Endpoint: _128_ (rising edge-triggered flip-flop clocked by clk)
Path Group: clk
Path Type: min

Fanout         Cap        Slew       Delay        Time   Description
---------------------------------------------------------------------------------------------
                      0.150000    0.000000    0.000000   clock clk (rise edge)
                                  0.000000    0.000000   clock network delay (ideal)
                      0.150000    0.000000    0.000000 ^ _128_/CLK (sg13g2_dfrbpq_1)
     2    0.005077    0.042696    0.324781    0.324781 v _128_/Q (sg13g2_dfrbpq_1)
                                                         memory[8] (net)
                      0.042696    0.000000    0.324781 v _111_/A0 (sg13g2_mux2_1)
     1    0.001355    0.039234    0.162325    0.487107 v _111_/X (sg13g2_mux2_1)
                                                         _014_ (net)
                      0.039234    0.000000    0.487107 v _128_/D (sg13g2_dfrbpq_1)
                                              0.487107   data arrival time

                      0.150000    0.000000    0.000000   clock clk (rise edge)
                                  0.000000    0.000000   clock network delay (ideal)
                                  0.250000    0.250000   clock uncertainty
                                  0.000000    0.250000   clock reconvergence pessimism
                                              0.250000 ^ _128_/CLK (sg13g2_dfrbpq_1)
                                 -0.019343    0.230657   library hold time
                                              0.230657   data required time
---------------------------------------------------------------------------------------------
                                              0.230657   data required time
                                             -0.487107   data arrival time
---------------------------------------------------------------------------------------------
                                              0.256450   slack (MET)


Startpoint: _120_ (rising edge-triggered flip-flop clocked by clk)
Endpoint: _120_ (rising edge-triggered flip-flop clocked by clk)
Path Group: clk
Path Type: min

Fanout         Cap        Slew       Delay        Time   Description
---------------------------------------------------------------------------------------------
                      0.150000    0.000000    0.000000   clock clk (rise edge)
                                  0.000000    0.000000   clock network delay (ideal)
                      0.150000    0.000000    0.000000 ^ _120_/CLK (sg13g2_dfrbpq_1)
     2    0.005139    0.042991    0.325032    0.325032 v _120_/Q (sg13g2_dfrbpq_1)
                                                         memory[15] (net)
                      0.042991    0.000000    0.325032 v _095_/A0 (sg13g2_mux2_1)
     1    0.001355    0.039227    0.162448    0.487480 v _095_/X (sg13g2_mux2_1)
                                                         _006_ (net)
                      0.039227    0.000000    0.487480 v _120_/D (sg13g2_dfrbpq_1)
                                              0.487480   data arrival time

                      0.150000    0.000000    0.000000   clock clk (rise edge)
                                  0.000000    0.000000   clock network delay (ideal)
                                  0.250000    0.250000   clock uncertainty
                                  0.000000    0.250000   clock reconvergence pessimism
                                              0.250000 ^ _120_/CLK (sg13g2_dfrbpq_1)
                                 -0.019341    0.230659   library hold time
                                              0.230659   data required time
---------------------------------------------------------------------------------------------
                                              0.230659   data required time
                                             -0.487480   data arrival time
---------------------------------------------------------------------------------------------
                                              0.256820   slack (MET)


Startpoint: _123_ (rising edge-triggered flip-flop clocked by clk)
Endpoint: _123_ (rising edge-triggered flip-flop clocked by clk)
Path Group: clk
Path Type: min

Fanout         Cap        Slew       Delay        Time   Description
---------------------------------------------------------------------------------------------
                      0.150000    0.000000    0.000000   clock clk (rise edge)
                                  0.000000    0.000000   clock network delay (ideal)
                      0.150000    0.000000    0.000000 ^ _123_/CLK (sg13g2_dfrbpq_1)
     2    0.005139    0.042991    0.325032    0.325032 v _123_/Q (sg13g2_dfrbpq_1)
                                                         memory[3] (net)
                      0.042991    0.000000    0.325032 v _101_/A0 (sg13g2_mux2_1)
     1    0.001355    0.039227    0.162448    0.487480 v _101_/X (sg13g2_mux2_1)
                                                         _009_ (net)
                      0.039227    0.000000    0.487480 v _123_/D (sg13g2_dfrbpq_1)
                                              0.487480   data arrival time

                      0.150000    0.000000    0.000000   clock clk (rise edge)
                                  0.000000    0.000000   clock network delay (ideal)
                                  0.250000    0.250000   clock uncertainty
                                  0.000000    0.250000   clock reconvergence pessimism
                                              0.250000 ^ _123_/CLK (sg13g2_dfrbpq_1)
                                 -0.019341    0.230659   library hold time
                                              0.230659   data required time
---------------------------------------------------------------------------------------------
                                              0.230659   data required time
                                             -0.487480   data arrival time
---------------------------------------------------------------------------------------------
                                              0.256820   slack (MET)


Startpoint: _116_ (rising edge-triggered flip-flop clocked by clk)
Endpoint: _116_ (rising edge-triggered flip-flop clocked by clk)
Path Group: clk
Path Type: min

Fanout         Cap        Slew       Delay        Time   Description
---------------------------------------------------------------------------------------------
                      0.150000    0.000000    0.000000   clock clk (rise edge)
                                  0.000000    0.000000   clock network delay (ideal)
                      0.150000    0.000000    0.000000 ^ _116_/CLK (sg13g2_dfrbpq_1)
     2    0.005139    0.042991    0.325032    0.325032 v _116_/Q (sg13g2_dfrbpq_1)
                                                         memory[11] (net)
                      0.042991    0.000000    0.325032 v _087_/A0 (sg13g2_mux2_1)
     1    0.001355    0.039229    0.162448    0.487480 v _087_/X (sg13g2_mux2_1)
                                                         _002_ (net)
                      0.039229    0.000000    0.487480 v _116_/D (sg13g2_dfrbpq_1)
                                              0.487480   data arrival time

                      0.150000    0.000000    0.000000   clock clk (rise edge)
                                  0.000000    0.000000   clock network delay (ideal)
                                  0.250000    0.250000   clock uncertainty
                                  0.000000    0.250000   clock reconvergence pessimism
                                              0.250000 ^ _116_/CLK (sg13g2_dfrbpq_1)
                                 -0.019341    0.230659   library hold time
                                              0.230659   data required time
---------------------------------------------------------------------------------------------
                                              0.230659   data required time
                                             -0.487480   data arrival time
---------------------------------------------------------------------------------------------
                                              0.256821   slack (MET)


Startpoint: _127_ (rising edge-triggered flip-flop clocked by clk)
Endpoint: _127_ (rising edge-triggered flip-flop clocked by clk)
Path Group: clk
Path Type: min

Fanout         Cap        Slew       Delay        Time   Description
---------------------------------------------------------------------------------------------
                      0.150000    0.000000    0.000000   clock clk (rise edge)
                                  0.000000    0.000000   clock network delay (ideal)
                      0.150000    0.000000    0.000000 ^ _127_/CLK (sg13g2_dfrbpq_1)
     2    0.005139    0.042991    0.325032    0.325032 v _127_/Q (sg13g2_dfrbpq_1)
                                                         memory[7] (net)
                      0.042991    0.000000    0.325032 v _109_/A0 (sg13g2_mux2_1)
     1    0.001355    0.039229    0.162448    0.487480 v _109_/X (sg13g2_mux2_1)
                                                         _013_ (net)
                      0.039229    0.000000    0.487480 v _127_/D (sg13g2_dfrbpq_1)
                                              0.487480   data arrival time

                      0.150000    0.000000    0.000000   clock clk (rise edge)
                                  0.000000    0.000000   clock network delay (ideal)
                                  0.250000    0.250000   clock uncertainty
                                  0.000000    0.250000   clock reconvergence pessimism
                                              0.250000 ^ _127_/CLK (sg13g2_dfrbpq_1)
                                 -0.019341    0.230659   library hold time
                                              0.230659   data required time
---------------------------------------------------------------------------------------------
                                              0.230659   data required time
                                             -0.487480   data arrival time
---------------------------------------------------------------------------------------------
                                              0.256821   slack (MET)


Startpoint: _121_ (rising edge-triggered flip-flop clocked by clk)
Endpoint: data_out (output port clocked by clk)
Path Group: clk
Path Type: min

Fanout         Cap        Slew       Delay        Time   Description
---------------------------------------------------------------------------------------------
                      0.150000    0.000000    0.000000   clock clk (rise edge)
                                  0.000000    0.000000   clock network delay (ideal)
                      0.150000    0.000000    0.000000 ^ _121_/CLK (sg13g2_dfrbpq_1)
     2    0.005214    0.051622    0.328410    0.328410 ^ _121_/Q (sg13g2_dfrbpq_1)
                                                         memory[1] (net)
                      0.051622    0.000000    0.328410 ^ _067_/A1 (sg13g2_mux4_1)
     1    0.002930    0.051206    0.239800    0.568210 ^ _067_/X (sg13g2_mux4_1)
                                                         _019_ (net)
                      0.051206    0.000000    0.568210 ^ _069_/B (sg13g2_nand2b_1)
     2    0.004869    0.072065    0.096911    0.665121 v _069_/Y (sg13g2_nand2b_1)
                                                         _021_ (net)
                      0.072065    0.000000    0.665121 v _080_/A (sg13g2_nand4_1)
     1    0.006000    0.069151    0.084888    0.750009 ^ _080_/Y (sg13g2_nand4_1)
                                                         data_out (net)
                      0.069151    0.000000    0.750009 ^ data_out (out)
                                              0.750009   data arrival time

                      0.150000    0.000000    0.000000   clock clk (rise edge)
                                  0.000000    0.000000   clock network delay (ideal)
                                  0.250000    0.250000   clock uncertainty
                                  0.000000    0.250000   clock reconvergence pessimism
                                 -2.000000   -1.750000   output external delay
                                             -1.750000   data required time
---------------------------------------------------------------------------------------------
                                             -1.750000   data required time
                                             -0.750009   data arrival time
---------------------------------------------------------------------------------------------
                                              2.500009   slack (MET)


Startpoint: _121_ (rising edge-triggered flip-flop clocked by clk)
Endpoint: data_out_bar (output port clocked by clk)
Path Group: clk
Path Type: min

Fanout         Cap        Slew       Delay        Time   Description
---------------------------------------------------------------------------------------------
                      0.150000    0.000000    0.000000   clock clk (rise edge)
                                  0.000000    0.000000   clock network delay (ideal)
                      0.150000    0.000000    0.000000 ^ _121_/CLK (sg13g2_dfrbpq_1)
     2    0.005214    0.051622    0.328410    0.328410 ^ _121_/Q (sg13g2_dfrbpq_1)
                                                         memory[1] (net)
                      0.051622    0.000000    0.328410 ^ _067_/A1 (sg13g2_mux4_1)
     1    0.002930    0.051206    0.239800    0.568210 ^ _067_/X (sg13g2_mux4_1)
                                                         _019_ (net)
                      0.051206    0.000000    0.568210 ^ _069_/B (sg13g2_nand2b_1)
     2    0.004869    0.072065    0.096911    0.665121 v _069_/Y (sg13g2_nand2b_1)
                                                         _021_ (net)
                      0.072065    0.000000    0.665121 v _079_/A (sg13g2_and4_1)
     1    0.006000    0.050930    0.144874    0.809995 v _079_/X (sg13g2_and4_1)
                                                         data_out_bar (net)
                      0.050930    0.000000    0.809995 v data_out_bar (out)
                                              0.809995   data arrival time

                      0.150000    0.000000    0.000000   clock clk (rise edge)
                                  0.000000    0.000000   clock network delay (ideal)
                                  0.250000    0.250000   clock uncertainty
                                  0.000000    0.250000   clock reconvergence pessimism
                                 -2.000000   -1.750000   output external delay
                                             -1.750000   data required time
---------------------------------------------------------------------------------------------
                                             -1.750000   data required time
                                             -0.809995   data arrival time
---------------------------------------------------------------------------------------------
                                              2.559994   slack (MET)



