Clock: clk
Sources: clk 
Generated: no
Virtual: yes
Propagated: no
Period: 10.000000

===========================================================================
report_clock_properties
============================================================================
Clock                   Period          Waveform
----------------------------------------------------
clk                  10.000000    0.000000  5.000000

===========================================================================
report_clock_latency
============================================================================
Clock clk
rise -> rise
    min     max
0.000000 0.000000 source latency
0.049792         network latency _128_/CLK
        0.056878 network latency _119_/CLK
---------------
0.049792 0.056878 latency
        0.007086 skew

fall -> fall
    min     max
0.000000 0.000000 source latency
0.040090         network latency _128_/CLK
        0.047269 network latency _119_/CLK
---------------
0.040090 0.047269 latency
        0.007179 skew



===========================================================================
report_clock_min_period
============================================================================
clk period_min = 0.67 fmax = 1503.50
