
===========================================================================
report_checks -path_delay min (Hold)
============================================================================
======================= nom_typ_1p20V_25C Corner ===================================

Startpoint: _121_ (rising edge-triggered flip-flop clocked by clk)
Endpoint: _121_ (rising edge-triggered flip-flop clocked by clk)
Path Group: clk
Path Type: min

Fanout         Cap        Slew       Delay        Time   Description
---------------------------------------------------------------------------------------------
                                  0.000000    0.000000   clock clk (rise edge)
                                  0.000000    0.000000   clock source latency
    16    0.061583    0.075168    0.050601    0.050601 ^ clk (in)
                                                         clk (net)
                      0.075231    0.000000    0.050601 ^ _121_/CLK (sg13g2_dfrbpq_1)
     2    0.005478    0.026410    0.192480    0.243082 v _121_/Q (sg13g2_dfrbpq_1)
                                                         memory[1] (net)
                      0.026410    0.000023    0.243105 v _097_/A0 (sg13g2_mux2_1)
     1    0.002730    0.028424    0.106101    0.349206 v _097_/X (sg13g2_mux2_1)
                                                         _007_ (net)
                      0.028424    0.000031    0.349237 v _121_/D (sg13g2_dfrbpq_1)
                                              0.349237   data arrival time

                                  0.000000    0.000000   clock clk (rise edge)
                                  0.000000    0.000000   clock source latency
    16    0.068741    0.082612    0.056399    0.056399 ^ clk (in)
                                                         clk (net)
                      0.082681    0.000000    0.056399 ^ _121_/CLK (sg13g2_dfrbpq_1)
                                  0.250000    0.306399   clock uncertainty
                                 -0.005798    0.300601   clock reconvergence pessimism
                                 -0.023989    0.276613   library hold time
                                              0.276613   data required time
---------------------------------------------------------------------------------------------
                                              0.276613   data required time
                                             -0.349237   data arrival time
---------------------------------------------------------------------------------------------
                                              0.072624   slack (MET)


Startpoint: _118_ (rising edge-triggered flip-flop clocked by clk)
Endpoint: _118_ (rising edge-triggered flip-flop clocked by clk)
Path Group: clk
Path Type: min

Fanout         Cap        Slew       Delay        Time   Description
---------------------------------------------------------------------------------------------
                                  0.000000    0.000000   clock clk (rise edge)
                                  0.000000    0.000000   clock source latency
    16    0.061583    0.075168    0.050810    0.050810 ^ clk (in)
                                                         clk (net)
                      0.075243    0.000000    0.050810 ^ _118_/CLK (sg13g2_dfrbpq_1)
     2    0.005570    0.026662    0.192708    0.243518 v _118_/Q (sg13g2_dfrbpq_1)
                                                         memory[13] (net)
                      0.026662    0.000032    0.243550 v _091_/A0 (sg13g2_mux2_1)
     1    0.002759    0.028502    0.106299    0.349849 v _091_/X (sg13g2_mux2_1)
                                                         _004_ (net)
                      0.028502    0.000032    0.349881 v _118_/D (sg13g2_dfrbpq_1)
                                              0.349881   data arrival time

                                  0.000000    0.000000   clock clk (rise edge)
                                  0.000000    0.000000   clock source latency
    16    0.068741    0.082612    0.056634    0.056634 ^ clk (in)
                                                         clk (net)
                      0.082695    0.000000    0.056634 ^ _118_/CLK (sg13g2_dfrbpq_1)
                                  0.250000    0.306634   clock uncertainty
                                 -0.005824    0.300810   clock reconvergence pessimism
                                 -0.024011    0.276799   library hold time
                                              0.276799   data required time
---------------------------------------------------------------------------------------------
                                              0.276799   data required time
                                             -0.349881   data arrival time
---------------------------------------------------------------------------------------------
                                              0.073082   slack (MET)


Startpoint: _117_ (rising edge-triggered flip-flop clocked by clk)
Endpoint: _117_ (rising edge-triggered flip-flop clocked by clk)
Path Group: clk
Path Type: min

Fanout         Cap        Slew       Delay        Time   Description
---------------------------------------------------------------------------------------------
                                  0.000000    0.000000   clock clk (rise edge)
                                  0.000000    0.000000   clock source latency
    16    0.061583    0.075168    0.050782    0.050782 ^ clk (in)
                                                         clk (net)
                      0.075242    0.000000    0.050782 ^ _117_/CLK (sg13g2_dfrbpq_1)
     2    0.005903    0.027575    0.193525    0.244307 v _117_/Q (sg13g2_dfrbpq_1)
                                                         memory[12] (net)
                      0.027575    0.000023    0.244330 v _089_/A0 (sg13g2_mux2_1)
     1    0.002518    0.027886    0.105871    0.350201 v _089_/X (sg13g2_mux2_1)
                                                         _003_ (net)
                      0.027886    0.000026    0.350227 v _117_/D (sg13g2_dfrbpq_1)
                                              0.350227   data arrival time

                                  0.000000    0.000000   clock clk (rise edge)
                                  0.000000    0.000000   clock source latency
    16    0.068741    0.082612    0.056602    0.056602 ^ clk (in)
                                                         clk (net)
                      0.082693    0.000000    0.056602 ^ _117_/CLK (sg13g2_dfrbpq_1)
                                  0.250000    0.306603   clock uncertainty
                                 -0.005820    0.300782   clock reconvergence pessimism
                                 -0.023815    0.276967   library hold time
                                              0.276967   data required time
---------------------------------------------------------------------------------------------
                                              0.276967   data required time
                                             -0.350227   data arrival time
---------------------------------------------------------------------------------------------
                                              0.073260   slack (MET)


Startpoint: _115_ (rising edge-triggered flip-flop clocked by clk)
Endpoint: _115_ (rising edge-triggered flip-flop clocked by clk)
Path Group: clk
Path Type: min

Fanout         Cap        Slew       Delay        Time   Description
---------------------------------------------------------------------------------------------
                                  0.000000    0.000000   clock clk (rise edge)
                                  0.000000    0.000000   clock source latency
    16    0.061583    0.075168    0.049995    0.049995 ^ clk (in)
                                                         clk (net)
                      0.075206    0.000000    0.049995 ^ _115_/CLK (sg13g2_dfrbpq_1)
     2    0.006666    0.029707    0.195346    0.245341 v _115_/Q (sg13g2_dfrbpq_1)
                                                         memory[10] (net)
                      0.029707    0.000097    0.245437 v _085_/A0 (sg13g2_mux2_1)
     1    0.001878    0.026202    0.104606    0.350044 v _085_/X (sg13g2_mux2_1)
                                                         _001_ (net)
                      0.026202    0.000013    0.350057 v _115_/D (sg13g2_dfrbpq_1)
                                              0.350057   data arrival time

                                  0.000000    0.000000   clock clk (rise edge)
                                  0.000000    0.000000   clock source latency
    16    0.068741    0.082612    0.055721    0.055721 ^ clk (in)
                                                         clk (net)
                      0.082653    0.000000    0.055721 ^ _115_/CLK (sg13g2_dfrbpq_1)
                                  0.250000    0.305721   clock uncertainty
                                 -0.005727    0.299995   clock reconvergence pessimism
                                 -0.023287    0.276707   library hold time
                                              0.276707   data required time
---------------------------------------------------------------------------------------------
                                              0.276707   data required time
                                             -0.350057   data arrival time
---------------------------------------------------------------------------------------------
                                              0.073349   slack (MET)


Startpoint: _116_ (rising edge-triggered flip-flop clocked by clk)
Endpoint: _116_ (rising edge-triggered flip-flop clocked by clk)
Path Group: clk
Path Type: min

Fanout         Cap        Slew       Delay        Time   Description
---------------------------------------------------------------------------------------------
                                  0.000000    0.000000   clock clk (rise edge)
                                  0.000000    0.000000   clock source latency
    16    0.061583    0.075168    0.050238    0.050238 ^ clk (in)
                                                         clk (net)
                      0.075214    0.000000    0.050238 ^ _116_/CLK (sg13g2_dfrbpq_1)
     2    0.006964    0.030545    0.196081    0.246319 v _116_/Q (sg13g2_dfrbpq_1)
                                                         memory[11] (net)
                      0.030545    0.000086    0.246405 v _087_/A0 (sg13g2_mux2_1)
     1    0.001665    0.025634    0.104238    0.350644 v _087_/X (sg13g2_mux2_1)
                                                         _002_ (net)
                      0.025634    0.000009    0.350653 v _116_/D (sg13g2_dfrbpq_1)
                                              0.350653   data arrival time

                                  0.000000    0.000000   clock clk (rise edge)
                                  0.000000    0.000000   clock source latency
    16    0.068741    0.082612    0.055993    0.055993 ^ clk (in)
                                                         clk (net)
                      0.082662    0.000000    0.055993 ^ _116_/CLK (sg13g2_dfrbpq_1)
                                  0.250000    0.305993   clock uncertainty
                                 -0.005755    0.300238   clock reconvergence pessimism
                                 -0.023104    0.277133   library hold time
                                              0.277133   data required time
---------------------------------------------------------------------------------------------
                                              0.277133   data required time
                                             -0.350653   data arrival time
---------------------------------------------------------------------------------------------
                                              0.073520   slack (MET)


Startpoint: _114_ (rising edge-triggered flip-flop clocked by clk)
Endpoint: _114_ (rising edge-triggered flip-flop clocked by clk)
Path Group: clk
Path Type: min

Fanout         Cap        Slew       Delay        Time   Description
---------------------------------------------------------------------------------------------
                                  0.000000    0.000000   clock clk (rise edge)
                                  0.000000    0.000000   clock source latency
    16    0.061583    0.075168    0.050692    0.050692 ^ clk (in)
                                                         clk (net)
                      0.075236    0.000000    0.050692 ^ _114_/CLK (sg13g2_dfrbpq_1)
     2    0.005928    0.027644    0.193581    0.244273 v _114_/Q (sg13g2_dfrbpq_1)
                                                         memory[0] (net)
                      0.027644    0.000023    0.244296 v _083_/A0 (sg13g2_mux2_1)
     1    0.002569    0.028015    0.106068    0.350364 v _083_/X (sg13g2_mux2_1)
                                                         _000_ (net)
                      0.028015    0.000027    0.350391 v _114_/D (sg13g2_dfrbpq_1)
                                              0.350391   data arrival time

                                  0.000000    0.000000   clock clk (rise edge)
                                  0.000000    0.000000   clock source latency
    16    0.068741    0.082612    0.056500    0.056500 ^ clk (in)
                                                         clk (net)
                      0.082687    0.000000    0.056500 ^ _114_/CLK (sg13g2_dfrbpq_1)
                                  0.250000    0.306500   clock uncertainty
                                 -0.005809    0.300692   clock reconvergence pessimism
                                 -0.023857    0.276834   library hold time
                                              0.276834   data required time
---------------------------------------------------------------------------------------------
                                              0.276834   data required time
                                             -0.350391   data arrival time
---------------------------------------------------------------------------------------------
                                              0.073556   slack (MET)


Startpoint: _126_ (rising edge-triggered flip-flop clocked by clk)
Endpoint: _126_ (rising edge-triggered flip-flop clocked by clk)
Path Group: clk
Path Type: min

Fanout         Cap        Slew       Delay        Time   Description
---------------------------------------------------------------------------------------------
                                  0.000000    0.000000   clock clk (rise edge)
                                  0.000000    0.000000   clock source latency
    16    0.061583    0.075168    0.050704    0.050704 ^ clk (in)
                                                         clk (net)
                      0.075237    0.000000    0.050704 ^ _126_/CLK (sg13g2_dfrbpq_1)
     2    0.006701    0.029806    0.195443    0.246147 v _126_/Q (sg13g2_dfrbpq_1)
                                                         memory[6] (net)
                      0.029806    0.000106    0.246253 v _107_/A0 (sg13g2_mux2_1)
     1    0.001913    0.026296    0.104764    0.351017 v _107_/X (sg13g2_mux2_1)
                                                         _012_ (net)
                      0.026296    0.000014    0.351031 v _126_/D (sg13g2_dfrbpq_1)
                                              0.351031   data arrival time

                                  0.000000    0.000000   clock clk (rise edge)
                                  0.000000    0.000000   clock source latency
    16    0.068741    0.082612    0.056516    0.056516 ^ clk (in)
                                                         clk (net)
                      0.082688    0.000000    0.056516 ^ _126_/CLK (sg13g2_dfrbpq_1)
                                  0.250000    0.306516   clock uncertainty
                                 -0.005811    0.300704   clock reconvergence pessimism
                                 -0.023310    0.277394   library hold time
                                              0.277394   data required time
---------------------------------------------------------------------------------------------
                                              0.277394   data required time
                                             -0.351031   data arrival time
---------------------------------------------------------------------------------------------
                                              0.073637   slack (MET)


Startpoint: _127_ (rising edge-triggered flip-flop clocked by clk)
Endpoint: _127_ (rising edge-triggered flip-flop clocked by clk)
Path Group: clk
Path Type: min

Fanout         Cap        Slew       Delay        Time   Description
---------------------------------------------------------------------------------------------
                                  0.000000    0.000000   clock clk (rise edge)
                                  0.000000    0.000000   clock source latency
    16    0.061583    0.075168    0.050542    0.050542 ^ clk (in)
                                                         clk (net)
                      0.075228    0.000000    0.050542 ^ _127_/CLK (sg13g2_dfrbpq_1)
     2    0.007009    0.030674    0.196198    0.246739 v _127_/Q (sg13g2_dfrbpq_1)
                                                         memory[7] (net)
                      0.030674    0.000093    0.246832 v _109_/A0 (sg13g2_mux2_1)
     1    0.001721    0.025786    0.104478    0.351310 v _109_/X (sg13g2_mux2_1)
                                                         _013_ (net)
                      0.025786    0.000010    0.351321 v _127_/D (sg13g2_dfrbpq_1)
                                              0.351321   data arrival time

                                  0.000000    0.000000   clock clk (rise edge)
                                  0.000000    0.000000   clock source latency
    16    0.068741    0.082612    0.056333    0.056333 ^ clk (in)
                                                         clk (net)
                      0.082678    0.000000    0.056333 ^ _127_/CLK (sg13g2_dfrbpq_1)
                                  0.250000    0.306333   clock uncertainty
                                 -0.005792    0.300542   clock reconvergence pessimism
                                 -0.023150    0.277392   library hold time
                                              0.277392   data required time
---------------------------------------------------------------------------------------------
                                              0.277392   data required time
                                             -0.351321   data arrival time
---------------------------------------------------------------------------------------------
                                              0.073929   slack (MET)


Startpoint: _125_ (rising edge-triggered flip-flop clocked by clk)
Endpoint: _125_ (rising edge-triggered flip-flop clocked by clk)
Path Group: clk
Path Type: min

Fanout         Cap        Slew       Delay        Time   Description
---------------------------------------------------------------------------------------------
                                  0.000000    0.000000   clock clk (rise edge)
                                  0.000000    0.000000   clock source latency
    16    0.061583    0.075168    0.050935    0.050935 ^ clk (in)
                                                         clk (net)
                      0.075252    0.000000    0.050935 ^ _125_/CLK (sg13g2_dfrbpq_1)
     2    0.006726    0.029872    0.195530    0.246465 v _125_/Q (sg13g2_dfrbpq_1)
                                                         memory[5] (net)
                      0.029872    0.000068    0.246532 v _105_/A0 (sg13g2_mux2_1)
     1    0.002114    0.026830    0.105459    0.351992 v _105_/X (sg13g2_mux2_1)
                                                         _011_ (net)
                      0.026830    0.000018    0.352010 v _125_/D (sg13g2_dfrbpq_1)
                                              0.352010   data arrival time

                                  0.000000    0.000000   clock clk (rise edge)
                                  0.000000    0.000000   clock source latency
    16    0.068741    0.082612    0.056775    0.056775 ^ clk (in)
                                                         clk (net)
                      0.082704    0.000000    0.056775 ^ _125_/CLK (sg13g2_dfrbpq_1)
                                  0.250000    0.306775   clock uncertainty
                                 -0.005839    0.300935   clock reconvergence pessimism
                                 -0.023477    0.277459   library hold time
                                              0.277459   data required time
---------------------------------------------------------------------------------------------
                                              0.277459   data required time
                                             -0.352010   data arrival time
---------------------------------------------------------------------------------------------
                                              0.074551   slack (MET)


Startpoint: _123_ (rising edge-triggered flip-flop clocked by clk)
Endpoint: _123_ (rising edge-triggered flip-flop clocked by clk)
Path Group: clk
Path Type: min

Fanout         Cap        Slew       Delay        Time   Description
---------------------------------------------------------------------------------------------
                                  0.000000    0.000000   clock clk (rise edge)
                                  0.000000    0.000000   clock source latency
    16    0.061583    0.075168    0.050239    0.050239 ^ clk (in)
                                                         clk (net)
                      0.075214    0.000000    0.050239 ^ _123_/CLK (sg13g2_dfrbpq_1)
     2    0.006944    0.030491    0.196032    0.246272 v _123_/Q (sg13g2_dfrbpq_1)
                                                         memory[3] (net)
                      0.030491    0.000082    0.246353 v _101_/A0 (sg13g2_mux2_1)
     1    0.001936    0.026360    0.105118    0.351472 v _101_/X (sg13g2_mux2_1)
                                                         _009_ (net)
                      0.026360    0.000014    0.351486 v _123_/D (sg13g2_dfrbpq_1)
                                              0.351486   data arrival time

                                  0.000000    0.000000   clock clk (rise edge)
                                  0.000000    0.000000   clock source latency
    16    0.068741    0.082612    0.055994    0.055994 ^ clk (in)
                                                         clk (net)
                      0.082662    0.000000    0.055994 ^ _123_/CLK (sg13g2_dfrbpq_1)
                                  0.250000    0.305994   clock uncertainty
                                 -0.005755    0.300239   clock reconvergence pessimism
                                 -0.023336    0.276904   library hold time
                                              0.276904   data required time
---------------------------------------------------------------------------------------------
                                              0.276904   data required time
                                             -0.351486   data arrival time
---------------------------------------------------------------------------------------------
                                              0.074582   slack (MET)


Startpoint: _129_ (rising edge-triggered flip-flop clocked by clk)
Endpoint: _129_ (rising edge-triggered flip-flop clocked by clk)
Path Group: clk
Path Type: min

Fanout         Cap        Slew       Delay        Time   Description
---------------------------------------------------------------------------------------------
                                  0.000000    0.000000   clock clk (rise edge)
                                  0.000000    0.000000   clock source latency
    16    0.061583    0.075168    0.050030    0.050030 ^ clk (in)
                                                         clk (net)
                      0.075207    0.000000    0.050030 ^ _129_/CLK (sg13g2_dfrbpq_1)
     2    0.006979    0.030585    0.196126    0.246156 v _129_/Q (sg13g2_dfrbpq_1)
                                                         memory[9] (net)
                      0.030585    0.000064    0.246220 v _113_/A0 (sg13g2_mux2_1)
     1    0.001950    0.026404    0.105204    0.351424 v _113_/X (sg13g2_mux2_1)
                                                         _015_ (net)
                      0.026404    0.000015    0.351439 v _129_/D (sg13g2_dfrbpq_1)
                                              0.351439   data arrival time

                                  0.000000    0.000000   clock clk (rise edge)
                                  0.000000    0.000000   clock source latency
    16    0.068741    0.082612    0.055760    0.055760 ^ clk (in)
                                                         clk (net)
                      0.082654    0.000000    0.055760 ^ _129_/CLK (sg13g2_dfrbpq_1)
                                  0.250000    0.305760   clock uncertainty
                                 -0.005730    0.300030   clock reconvergence pessimism
                                 -0.023351    0.276679   library hold time
                                              0.276679   data required time
---------------------------------------------------------------------------------------------
                                              0.276679   data required time
                                             -0.351439   data arrival time
---------------------------------------------------------------------------------------------
                                              0.074760   slack (MET)


Startpoint: _124_ (rising edge-triggered flip-flop clocked by clk)
Endpoint: _124_ (rising edge-triggered flip-flop clocked by clk)
Path Group: clk
Path Type: min

Fanout         Cap        Slew       Delay        Time   Description
---------------------------------------------------------------------------------------------
                                  0.000000    0.000000   clock clk (rise edge)
                                  0.000000    0.000000   clock source latency
    16    0.061583    0.075168    0.050855    0.050855 ^ clk (in)
                                                         clk (net)
                      0.075246    0.000000    0.050855 ^ _124_/CLK (sg13g2_dfrbpq_1)
     2    0.007378    0.031723    0.197099    0.247954 v _124_/Q (sg13g2_dfrbpq_1)
                                                         memory[4] (net)
                      0.031723    0.000107    0.248060 v _103_/A0 (sg13g2_mux2_1)
     1    0.001711    0.025790    0.104868    0.352929 v _103_/X (sg13g2_mux2_1)
                                                         _010_ (net)
                      0.025790    0.000010    0.352939 v _124_/D (sg13g2_dfrbpq_1)
                                              0.352939   data arrival time

                                  0.000000    0.000000   clock clk (rise edge)
                                  0.000000    0.000000   clock source latency
    16    0.068741    0.082612    0.056684    0.056684 ^ clk (in)
                                                         clk (net)
                      0.082698    0.000000    0.056684 ^ _124_/CLK (sg13g2_dfrbpq_1)
                                  0.250000    0.306684   clock uncertainty
                                 -0.005830    0.300855   clock reconvergence pessimism
                                 -0.023147    0.277708   library hold time
                                              0.277708   data required time
---------------------------------------------------------------------------------------------
                                              0.277708   data required time
                                             -0.352939   data arrival time
---------------------------------------------------------------------------------------------
                                              0.075231   slack (MET)


Startpoint: _122_ (rising edge-triggered flip-flop clocked by clk)
Endpoint: _122_ (rising edge-triggered flip-flop clocked by clk)
Path Group: clk
Path Type: min

Fanout         Cap        Slew       Delay        Time   Description
---------------------------------------------------------------------------------------------
                                  0.000000    0.000000   clock clk (rise edge)
                                  0.000000    0.000000   clock source latency
    16    0.061583    0.075168    0.050389    0.050389 ^ clk (in)
                                                         clk (net)
                      0.075221    0.000000    0.050389 ^ _122_/CLK (sg13g2_dfrbpq_1)
     2    0.006606    0.029535    0.195220    0.245609 v _122_/Q (sg13g2_dfrbpq_1)
                                                         memory[2] (net)
                      0.029535    0.000050    0.245659 v _099_/A0 (sg13g2_mux2_1)
     1    0.002411    0.027611    0.106310    0.351969 v _099_/X (sg13g2_mux2_1)
                                                         _008_ (net)
                      0.027611    0.000024    0.351992 v _122_/D (sg13g2_dfrbpq_1)
                                              0.351992   data arrival time

                                  0.000000    0.000000   clock clk (rise edge)
                                  0.000000    0.000000   clock source latency
    16    0.068741    0.082612    0.056162    0.056162 ^ clk (in)
                                                         clk (net)
                      0.082669    0.000000    0.056162 ^ _122_/CLK (sg13g2_dfrbpq_1)
                                  0.250000    0.306162   clock uncertainty
                                 -0.005773    0.300389   clock reconvergence pessimism
                                 -0.023732    0.276657   library hold time
                                              0.276657   data required time
---------------------------------------------------------------------------------------------
                                              0.276657   data required time
                                             -0.351992   data arrival time
---------------------------------------------------------------------------------------------
                                              0.075335   slack (MET)


Startpoint: _119_ (rising edge-triggered flip-flop clocked by clk)
Endpoint: _119_ (rising edge-triggered flip-flop clocked by clk)
Path Group: clk
Path Type: min

Fanout         Cap        Slew       Delay        Time   Description
---------------------------------------------------------------------------------------------
                                  0.000000    0.000000   clock clk (rise edge)
                                  0.000000    0.000000   clock source latency
    16    0.061583    0.075168    0.051027    0.051027 ^ clk (in)
                                                         clk (net)
                      0.075258    0.000000    0.051027 ^ _119_/CLK (sg13g2_dfrbpq_1)
     2    0.006167    0.028309    0.194171    0.245198 v _119_/Q (sg13g2_dfrbpq_1)
                                                         memory[14] (net)
                      0.028309    0.000037    0.245235 v _093_/A0 (sg13g2_mux2_1)
     1    0.002810    0.028650    0.107139    0.352374 v _093_/X (sg13g2_mux2_1)
                                                         _005_ (net)
                      0.028650    0.000033    0.352407 v _119_/D (sg13g2_dfrbpq_1)
                                              0.352407   data arrival time

                                  0.000000    0.000000   clock clk (rise edge)
                                  0.000000    0.000000   clock source latency
    16    0.068741    0.082612    0.056878    0.056878 ^ clk (in)
                                                         clk (net)
                      0.082711    0.000000    0.056878 ^ _119_/CLK (sg13g2_dfrbpq_1)
                                  0.250000    0.306878   clock uncertainty
                                 -0.005851    0.301027   clock reconvergence pessimism
                                 -0.024054    0.276973   library hold time
                                              0.276973   data required time
---------------------------------------------------------------------------------------------
                                              0.276973   data required time
                                             -0.352407   data arrival time
---------------------------------------------------------------------------------------------
                                              0.075434   slack (MET)


Startpoint: _120_ (rising edge-triggered flip-flop clocked by clk)
Endpoint: _120_ (rising edge-triggered flip-flop clocked by clk)
Path Group: clk
Path Type: min

Fanout         Cap        Slew       Delay        Time   Description
---------------------------------------------------------------------------------------------
                                  0.000000    0.000000   clock clk (rise edge)
                                  0.000000    0.000000   clock source latency
    16    0.061583    0.075168    0.050993    0.050993 ^ clk (in)
                                                         clk (net)
                      0.075256    0.000000    0.050993 ^ _120_/CLK (sg13g2_dfrbpq_1)
     2    0.007064    0.030831    0.196344    0.247337 v _120_/Q (sg13g2_dfrbpq_1)
                                                         memory[15] (net)
                      0.030831    0.000086    0.247423 v _095_/A0 (sg13g2_mux2_1)
     1    0.002072    0.026723    0.105707    0.353130 v _095_/X (sg13g2_mux2_1)
                                                         _006_ (net)
                      0.026723    0.000017    0.353147 v _120_/D (sg13g2_dfrbpq_1)
                                              0.353147   data arrival time

                                  0.000000    0.000000   clock clk (rise edge)
                                  0.000000    0.000000   clock source latency
    16    0.068741    0.082612    0.056839    0.056839 ^ clk (in)
                                                         clk (net)
                      0.082709    0.000000    0.056839 ^ _120_/CLK (sg13g2_dfrbpq_1)
                                  0.250000    0.306839   clock uncertainty
                                 -0.005846    0.300993   clock reconvergence pessimism
                                 -0.023441    0.277551   library hold time
                                              0.277551   data required time
---------------------------------------------------------------------------------------------
                                              0.277551   data required time
                                             -0.353147   data arrival time
---------------------------------------------------------------------------------------------
                                              0.075595   slack (MET)


Startpoint: _128_ (rising edge-triggered flip-flop clocked by clk)
Endpoint: _128_ (rising edge-triggered flip-flop clocked by clk)
Path Group: clk
Path Type: min

Fanout         Cap        Slew       Delay        Time   Description
---------------------------------------------------------------------------------------------
                                  0.000000    0.000000   clock clk (rise edge)
                                  0.000000    0.000000   clock source latency
    16    0.061583    0.075168    0.049792    0.049792 ^ clk (in)
                                                         clk (net)
                      0.075171    0.000000    0.049792 ^ _128_/CLK (sg13g2_dfrbpq_1)
     2    0.007503    0.032078    0.197365    0.247157 v _128_/Q (sg13g2_dfrbpq_1)
                                                         memory[8] (net)
                      0.032078    0.000110    0.247266 v _111_/A0 (sg13g2_mux2_1)
     1    0.001799    0.026025    0.105304    0.352570 v _111_/X (sg13g2_mux2_1)
                                                         _014_ (net)
                      0.026025    0.000012    0.352582 v _128_/D (sg13g2_dfrbpq_1)
                                              0.352582   data arrival time

                                  0.000000    0.000000   clock clk (rise edge)
                                  0.000000    0.000000   clock source latency
    16    0.068741    0.082612    0.055495    0.055495 ^ clk (in)
                                                         clk (net)
                      0.082616    0.000000    0.055495 ^ _128_/CLK (sg13g2_dfrbpq_1)
                                  0.250000    0.305495   clock uncertainty
                                 -0.005703    0.299792   clock reconvergence pessimism
                                 -0.023239    0.276553   library hold time
                                              0.276553   data required time
---------------------------------------------------------------------------------------------
                                              0.276553   data required time
                                             -0.352582   data arrival time
---------------------------------------------------------------------------------------------
                                              0.076028   slack (MET)


Startpoint: _121_ (rising edge-triggered flip-flop clocked by clk)
Endpoint: data_out (output port clocked by clk)
Path Group: clk
Path Type: min

Fanout         Cap        Slew       Delay        Time   Description
---------------------------------------------------------------------------------------------
                                  0.000000    0.000000   clock clk (rise edge)
                                  0.000000    0.000000   clock source latency
    16    0.061583    0.075168    0.050601    0.050601 ^ clk (in)
                                                         clk (net)
                      0.075231    0.000000    0.050601 ^ _121_/CLK (sg13g2_dfrbpq_1)
     2    0.005633    0.033700    0.197121    0.247723 ^ _121_/Q (sg13g2_dfrbpq_1)
                                                         memory[1] (net)
                      0.033700    0.000032    0.247755 ^ _067_/A1 (sg13g2_mux4_1)
     1    0.003301    0.033573    0.148125    0.395880 ^ _067_/X (sg13g2_mux4_1)
                                                         _019_ (net)
                      0.033573    0.000029    0.395909 ^ _069_/B (sg13g2_nand2b_1)
     2    0.007164    0.054697    0.068952    0.464861 v _069_/Y (sg13g2_nand2b_1)
                                                         _021_ (net)
                      0.054697    0.000144    0.465005 v _080_/A (sg13g2_nand4_1)
     1    0.006000    0.046426    0.054978    0.519984 ^ _080_/Y (sg13g2_nand4_1)
                                                         data_out (net)
                      0.046426    0.000000    0.519984 ^ data_out (out)
                                              0.519984   data arrival time

                                  0.000000    0.000000   clock clk (rise edge)
                                  0.000000    0.000000   clock network delay (propagated)
                                  0.250000    0.250000   clock uncertainty
                                  0.000000    0.250000   clock reconvergence pessimism
                                 -2.000000   -1.750000   output external delay
                                             -1.750000   data required time
---------------------------------------------------------------------------------------------
                                             -1.750000   data required time
                                             -0.519984   data arrival time
---------------------------------------------------------------------------------------------
                                              2.269983   slack (MET)


Startpoint: _121_ (rising edge-triggered flip-flop clocked by clk)
Endpoint: data_out_bar (output port clocked by clk)
Path Group: clk
Path Type: min

Fanout         Cap        Slew       Delay        Time   Description
---------------------------------------------------------------------------------------------
                                  0.000000    0.000000   clock clk (rise edge)
                                  0.000000    0.000000   clock source latency
    16    0.061583    0.075168    0.050601    0.050601 ^ clk (in)
                                                         clk (net)
                      0.075231    0.000000    0.050601 ^ _121_/CLK (sg13g2_dfrbpq_1)
     2    0.005633    0.033700    0.197121    0.247723 ^ _121_/Q (sg13g2_dfrbpq_1)
                                                         memory[1] (net)
                      0.033700    0.000032    0.247755 ^ _067_/A1 (sg13g2_mux4_1)
     1    0.003301    0.033573    0.148125    0.395880 ^ _067_/X (sg13g2_mux4_1)
                                                         _019_ (net)
                      0.033573    0.000029    0.395909 ^ _069_/B (sg13g2_nand2b_1)
     2    0.007164    0.054697    0.068952    0.464861 v _069_/Y (sg13g2_nand2b_1)
                                                         _021_ (net)
                      0.054697    0.000143    0.465004 v _079_/A (sg13g2_and4_1)
     1    0.006000    0.031730    0.092939    0.557944 v _079_/X (sg13g2_and4_1)
                                                         data_out_bar (net)
                      0.031730    0.000000    0.557944 v data_out_bar (out)
                                              0.557944   data arrival time

                                  0.000000    0.000000   clock clk (rise edge)
                                  0.000000    0.000000   clock network delay (propagated)
                                  0.250000    0.250000   clock uncertainty
                                  0.000000    0.250000   clock reconvergence pessimism
                                 -2.000000   -1.750000   output external delay
                                             -1.750000   data required time
---------------------------------------------------------------------------------------------
                                             -1.750000   data required time
                                             -0.557944   data arrival time
---------------------------------------------------------------------------------------------
                                              2.307943   slack (MET)



