
===========================================================================
report_checks -path_delay min (Hold)
============================================================================
======================= nom_typ_1p20V_25C Corner ===================================

Startpoint: _121_ (rising edge-triggered flip-flop clocked by clk)
Endpoint: _121_ (rising edge-triggered flip-flop clocked by clk)
Path Group: clk
Path Type: min

Fanout         Cap        Slew       Delay        Time   Description
---------------------------------------------------------------------------------------------
                                  0.000000    0.000000   clock clk (rise edge)
                                  0.000000    0.000000   clock source latency
    16    0.065545    0.079411    0.053792    0.053792 ^ clk (in)
                                                         clk (net)
                      0.079478    0.000000    0.053792 ^ _121_/CLK (sg13g2_dfrbpq_1)
     2    0.006151    0.028254    0.196254    0.250046 v _121_/Q (sg13g2_dfrbpq_1)
                                                         memory[1] (net)
                      0.028254    0.000026    0.250072 v _097_/A0 (sg13g2_mux2_1)
     1    0.002730    0.028444    0.106850    0.356922 v _097_/X (sg13g2_mux2_1)
                                                         _007_ (net)
                      0.028444    0.000031    0.356953 v _121_/D (sg13g2_dfrbpq_1)
                                              0.356953   data arrival time

                                  0.000000    0.000000   clock clk (rise edge)
                                  0.000000    0.000000   clock source latency
    16    0.065545    0.079411    0.053792    0.053792 ^ clk (in)
                                                         clk (net)
                      0.079478    0.000000    0.053792 ^ _121_/CLK (sg13g2_dfrbpq_1)
                                  0.250000    0.303792   clock uncertainty
                                  0.000000    0.303792   clock reconvergence pessimism
                                 -0.024663    0.279129   library hold time
                                              0.279129   data required time
---------------------------------------------------------------------------------------------
                                              0.279129   data required time
                                             -0.356953   data arrival time
---------------------------------------------------------------------------------------------
                                              0.077824   slack (MET)


Startpoint: _118_ (rising edge-triggered flip-flop clocked by clk)
Endpoint: _118_ (rising edge-triggered flip-flop clocked by clk)
Path Group: clk
Path Type: min

Fanout         Cap        Slew       Delay        Time   Description
---------------------------------------------------------------------------------------------
                                  0.000000    0.000000   clock clk (rise edge)
                                  0.000000    0.000000   clock source latency
    16    0.065545    0.079411    0.054015    0.054015 ^ clk (in)
                                                         clk (net)
                      0.079491    0.000000    0.054015 ^ _118_/CLK (sg13g2_dfrbpq_1)
     2    0.006243    0.028511    0.196482    0.250497 v _118_/Q (sg13g2_dfrbpq_1)
                                                         memory[13] (net)
                      0.028511    0.000036    0.250533 v _091_/A0 (sg13g2_mux2_1)
     1    0.002759    0.028522    0.107051    0.357583 v _091_/X (sg13g2_mux2_1)
                                                         _004_ (net)
                      0.028522    0.000032    0.357615 v _118_/D (sg13g2_dfrbpq_1)
                                              0.357615   data arrival time

                                  0.000000    0.000000   clock clk (rise edge)
                                  0.000000    0.000000   clock source latency
    16    0.065545    0.079411    0.054015    0.054015 ^ clk (in)
                                                         clk (net)
                      0.079491    0.000000    0.054015 ^ _118_/CLK (sg13g2_dfrbpq_1)
                                  0.250000    0.304015   clock uncertainty
                                  0.000000    0.304015   clock reconvergence pessimism
                                 -0.024685    0.279330   library hold time
                                              0.279330   data required time
---------------------------------------------------------------------------------------------
                                              0.279330   data required time
                                             -0.357615   data arrival time
---------------------------------------------------------------------------------------------
                                              0.078285   slack (MET)


Startpoint: _117_ (rising edge-triggered flip-flop clocked by clk)
Endpoint: _117_ (rising edge-triggered flip-flop clocked by clk)
Path Group: clk
Path Type: min

Fanout         Cap        Slew       Delay        Time   Description
---------------------------------------------------------------------------------------------
                                  0.000000    0.000000   clock clk (rise edge)
                                  0.000000    0.000000   clock source latency
    16    0.065545    0.079411    0.053985    0.053985 ^ clk (in)
                                                         clk (net)
                      0.079489    0.000000    0.053985 ^ _117_/CLK (sg13g2_dfrbpq_1)
     2    0.006546    0.029356    0.197227    0.251213 v _117_/Q (sg13g2_dfrbpq_1)
                                                         memory[12] (net)
                      0.029356    0.000026    0.251238 v _089_/A0 (sg13g2_mux2_1)
     1    0.002519    0.027906    0.106595    0.357833 v _089_/X (sg13g2_mux2_1)
                                                         _003_ (net)
                      0.027906    0.000026    0.357859 v _117_/D (sg13g2_dfrbpq_1)
                                              0.357859   data arrival time

                                  0.000000    0.000000   clock clk (rise edge)
                                  0.000000    0.000000   clock source latency
    16    0.065545    0.079411    0.053985    0.053985 ^ clk (in)
                                                         clk (net)
                      0.079489    0.000000    0.053985 ^ _117_/CLK (sg13g2_dfrbpq_1)
                                  0.250000    0.303985   clock uncertainty
                                  0.000000    0.303985   clock reconvergence pessimism
                                 -0.024489    0.279496   library hold time
                                              0.279496   data required time
---------------------------------------------------------------------------------------------
                                              0.279496   data required time
                                             -0.357859   data arrival time
---------------------------------------------------------------------------------------------
                                              0.078363   slack (MET)


Startpoint: _115_ (rising edge-triggered flip-flop clocked by clk)
Endpoint: _115_ (rising edge-triggered flip-flop clocked by clk)
Path Group: clk
Path Type: min

Fanout         Cap        Slew       Delay        Time   Description
---------------------------------------------------------------------------------------------
                                  0.000000    0.000000   clock clk (rise edge)
                                  0.000000    0.000000   clock source latency
    16    0.065545    0.079411    0.053146    0.053146 ^ clk (in)
                                                         clk (net)
                      0.079451    0.000000    0.053146 ^ _115_/CLK (sg13g2_dfrbpq_1)
     2    0.007327    0.031568    0.199087    0.252232 v _115_/Q (sg13g2_dfrbpq_1)
                                                         memory[10] (net)
                      0.031568    0.000108    0.252340 v _085_/A0 (sg13g2_mux2_1)
     1    0.001878    0.026222    0.105362    0.357702 v _085_/X (sg13g2_mux2_1)
                                                         _001_ (net)
                      0.026222    0.000013    0.357715 v _115_/D (sg13g2_dfrbpq_1)
                                              0.357715   data arrival time

                                  0.000000    0.000000   clock clk (rise edge)
                                  0.000000    0.000000   clock source latency
    16    0.065545    0.079411    0.053146    0.053146 ^ clk (in)
                                                         clk (net)
                      0.079451    0.000000    0.053146 ^ _115_/CLK (sg13g2_dfrbpq_1)
                                  0.250000    0.303146   clock uncertainty
                                  0.000000    0.303146   clock reconvergence pessimism
                                 -0.023961    0.279185   library hold time
                                              0.279185   data required time
---------------------------------------------------------------------------------------------
                                              0.279185   data required time
                                             -0.357715   data arrival time
---------------------------------------------------------------------------------------------
                                              0.078531   slack (MET)


Startpoint: _114_ (rising edge-triggered flip-flop clocked by clk)
Endpoint: _114_ (rising edge-triggered flip-flop clocked by clk)
Path Group: clk
Path Type: min

Fanout         Cap        Slew       Delay        Time   Description
---------------------------------------------------------------------------------------------
                                  0.000000    0.000000   clock clk (rise edge)
                                  0.000000    0.000000   clock source latency
    16    0.065545    0.079411    0.053888    0.053888 ^ clk (in)
                                                         clk (net)
                      0.079483    0.000000    0.053888 ^ _114_/CLK (sg13g2_dfrbpq_1)
     2    0.006571    0.029426    0.197284    0.251172 v _114_/Q (sg13g2_dfrbpq_1)
                                                         memory[0] (net)
                      0.029426    0.000026    0.251198 v _083_/A0 (sg13g2_mux2_1)
     1    0.002569    0.028035    0.106792    0.357990 v _083_/X (sg13g2_mux2_1)
                                                         _000_ (net)
                      0.028035    0.000027    0.358017 v _114_/D (sg13g2_dfrbpq_1)
                                              0.358017   data arrival time

                                  0.000000    0.000000   clock clk (rise edge)
                                  0.000000    0.000000   clock source latency
    16    0.065545    0.079411    0.053888    0.053888 ^ clk (in)
                                                         clk (net)
                      0.079483    0.000000    0.053888 ^ _114_/CLK (sg13g2_dfrbpq_1)
                                  0.250000    0.303888   clock uncertainty
                                  0.000000    0.303888   clock reconvergence pessimism
                                 -0.024532    0.279357   library hold time
                                              0.279357   data required time
---------------------------------------------------------------------------------------------
                                              0.279357   data required time
                                             -0.358017   data arrival time
---------------------------------------------------------------------------------------------
                                              0.078660   slack (MET)


Startpoint: _116_ (rising edge-triggered flip-flop clocked by clk)
Endpoint: _116_ (rising edge-triggered flip-flop clocked by clk)
Path Group: clk
Path Type: min

Fanout         Cap        Slew       Delay        Time   Description
---------------------------------------------------------------------------------------------
                                  0.000000    0.000000   clock clk (rise edge)
                                  0.000000    0.000000   clock source latency
    16    0.065545    0.079411    0.053405    0.053405 ^ clk (in)
                                                         clk (net)
                      0.079459    0.000000    0.053405 ^ _116_/CLK (sg13g2_dfrbpq_1)
     2    0.007645    0.032471    0.199872    0.253277 v _116_/Q (sg13g2_dfrbpq_1)
                                                         memory[11] (net)
                      0.032471    0.000096    0.253372 v _087_/A0 (sg13g2_mux2_1)
     1    0.001665    0.025654    0.105020    0.358392 v _087_/X (sg13g2_mux2_1)
                                                         _002_ (net)
                      0.025654    0.000009    0.358401 v _116_/D (sg13g2_dfrbpq_1)
                                              0.358401   data arrival time

                                  0.000000    0.000000   clock clk (rise edge)
                                  0.000000    0.000000   clock source latency
    16    0.065545    0.079411    0.053405    0.053405 ^ clk (in)
                                                         clk (net)
                      0.079459    0.000000    0.053405 ^ _116_/CLK (sg13g2_dfrbpq_1)
                                  0.250000    0.303405   clock uncertainty
                                  0.000000    0.303405   clock reconvergence pessimism
                                 -0.023779    0.279626   library hold time
                                              0.279626   data required time
---------------------------------------------------------------------------------------------
                                              0.279626   data required time
                                             -0.358401   data arrival time
---------------------------------------------------------------------------------------------
                                              0.078775   slack (MET)


Startpoint: _126_ (rising edge-triggered flip-flop clocked by clk)
Endpoint: _126_ (rising edge-triggered flip-flop clocked by clk)
Path Group: clk
Path Type: min

Fanout         Cap        Slew       Delay        Time   Description
---------------------------------------------------------------------------------------------
                                  0.000000    0.000000   clock clk (rise edge)
                                  0.000000    0.000000   clock source latency
    16    0.065545    0.079411    0.053902    0.053902 ^ clk (in)
                                                         clk (net)
                      0.079484    0.000000    0.053902 ^ _126_/CLK (sg13g2_dfrbpq_1)
     2    0.007362    0.031669    0.199184    0.253086 v _126_/Q (sg13g2_dfrbpq_1)
                                                         memory[6] (net)
                      0.031669    0.000118    0.253204 v _107_/A0 (sg13g2_mux2_1)
     1    0.001913    0.026316    0.105520    0.358725 v _107_/X (sg13g2_mux2_1)
                                                         _012_ (net)
                      0.026316    0.000014    0.358739 v _126_/D (sg13g2_dfrbpq_1)
                                              0.358739   data arrival time

                                  0.000000    0.000000   clock clk (rise edge)
                                  0.000000    0.000000   clock source latency
    16    0.065545    0.079411    0.053902    0.053902 ^ clk (in)
                                                         clk (net)
                      0.079484    0.000000    0.053902 ^ _126_/CLK (sg13g2_dfrbpq_1)
                                  0.250000    0.303902   clock uncertainty
                                  0.000000    0.303902   clock reconvergence pessimism
                                 -0.023984    0.279918   library hold time
                                              0.279918   data required time
---------------------------------------------------------------------------------------------
                                              0.279918   data required time
                                             -0.358739   data arrival time
---------------------------------------------------------------------------------------------
                                              0.078820   slack (MET)


Startpoint: _127_ (rising edge-triggered flip-flop clocked by clk)
Endpoint: _127_ (rising edge-triggered flip-flop clocked by clk)
Path Group: clk
Path Type: min

Fanout         Cap        Slew       Delay        Time   Description
---------------------------------------------------------------------------------------------
                                  0.000000    0.000000   clock clk (rise edge)
                                  0.000000    0.000000   clock source latency
    16    0.065545    0.079411    0.053729    0.053729 ^ clk (in)
                                                         clk (net)
                      0.079474    0.000000    0.053729 ^ _127_/CLK (sg13g2_dfrbpq_1)
     2    0.007690    0.032602    0.199988    0.253717 v _127_/Q (sg13g2_dfrbpq_1)
                                                         memory[7] (net)
                      0.032602    0.000103    0.253820 v _109_/A0 (sg13g2_mux2_1)
     1    0.001722    0.025806    0.105260    0.359080 v _109_/X (sg13g2_mux2_1)
                                                         _013_ (net)
                      0.025806    0.000010    0.359091 v _127_/D (sg13g2_dfrbpq_1)
                                              0.359091   data arrival time

                                  0.000000    0.000000   clock clk (rise edge)
                                  0.000000    0.000000   clock source latency
    16    0.065545    0.079411    0.053729    0.053729 ^ clk (in)
                                                         clk (net)
                      0.079474    0.000000    0.053729 ^ _127_/CLK (sg13g2_dfrbpq_1)
                                  0.250000    0.303729   clock uncertainty
                                  0.000000    0.303729   clock reconvergence pessimism
                                 -0.023824    0.279905   library hold time
                                              0.279905   data required time
---------------------------------------------------------------------------------------------
                                              0.279905   data required time
                                             -0.359091   data arrival time
---------------------------------------------------------------------------------------------
                                              0.079186   slack (MET)


Startpoint: _125_ (rising edge-triggered flip-flop clocked by clk)
Endpoint: _125_ (rising edge-triggered flip-flop clocked by clk)
Path Group: clk
Path Type: min

Fanout         Cap        Slew       Delay        Time   Description
---------------------------------------------------------------------------------------------
                                  0.000000    0.000000   clock clk (rise edge)
                                  0.000000    0.000000   clock source latency
    16    0.065545    0.079411    0.054149    0.054149 ^ clk (in)
                                                         clk (net)
                      0.079499    0.000000    0.054149 ^ _125_/CLK (sg13g2_dfrbpq_1)
     2    0.007398    0.031765    0.199303    0.253452 v _125_/Q (sg13g2_dfrbpq_1)
                                                         memory[5] (net)
                      0.031765    0.000075    0.253527 v _105_/A0 (sg13g2_mux2_1)
     1    0.002114    0.026850    0.106229    0.359755 v _105_/X (sg13g2_mux2_1)
                                                         _011_ (net)
                      0.026850    0.000018    0.359773 v _125_/D (sg13g2_dfrbpq_1)
                                              0.359773   data arrival time

                                  0.000000    0.000000   clock clk (rise edge)
                                  0.000000    0.000000   clock source latency
    16    0.065545    0.079411    0.054149    0.054149 ^ clk (in)
                                                         clk (net)
                      0.079499    0.000000    0.054149 ^ _125_/CLK (sg13g2_dfrbpq_1)
                                  0.250000    0.304149   clock uncertainty
                                  0.000000    0.304149   clock reconvergence pessimism
                                 -0.024151    0.279998   library hold time
                                              0.279998   data required time
---------------------------------------------------------------------------------------------
                                              0.279998   data required time
                                             -0.359773   data arrival time
---------------------------------------------------------------------------------------------
                                              0.079775   slack (MET)


Startpoint: _123_ (rising edge-triggered flip-flop clocked by clk)
Endpoint: _123_ (rising edge-triggered flip-flop clocked by clk)
Path Group: clk
Path Type: min

Fanout         Cap        Slew       Delay        Time   Description
---------------------------------------------------------------------------------------------
                                  0.000000    0.000000   clock clk (rise edge)
                                  0.000000    0.000000   clock source latency
    16    0.065545    0.079411    0.053406    0.053406 ^ clk (in)
                                                         clk (net)
                      0.079459    0.000000    0.053406 ^ _123_/CLK (sg13g2_dfrbpq_1)
     2    0.007625    0.032416    0.199822    0.253228 v _123_/Q (sg13g2_dfrbpq_1)
                                                         memory[3] (net)
                      0.032416    0.000091    0.253319 v _101_/A0 (sg13g2_mux2_1)
     1    0.001936    0.026380    0.105900    0.359219 v _101_/X (sg13g2_mux2_1)
                                                         _009_ (net)
                      0.026380    0.000014    0.359233 v _123_/D (sg13g2_dfrbpq_1)
                                              0.359233   data arrival time

                                  0.000000    0.000000   clock clk (rise edge)
                                  0.000000    0.000000   clock source latency
    16    0.065545    0.079411    0.053406    0.053406 ^ clk (in)
                                                         clk (net)
                      0.079459    0.000000    0.053406 ^ _123_/CLK (sg13g2_dfrbpq_1)
                                  0.250000    0.303406   clock uncertainty
                                  0.000000    0.303406   clock reconvergence pessimism
                                 -0.024010    0.279396   library hold time
                                              0.279396   data required time
---------------------------------------------------------------------------------------------
                                              0.279396   data required time
                                             -0.359233   data arrival time
---------------------------------------------------------------------------------------------
                                              0.079837   slack (MET)


Startpoint: _129_ (rising edge-triggered flip-flop clocked by clk)
Endpoint: _129_ (rising edge-triggered flip-flop clocked by clk)
Path Group: clk
Path Type: min

Fanout         Cap        Slew       Delay        Time   Description
---------------------------------------------------------------------------------------------
                                  0.000000    0.000000   clock clk (rise edge)
                                  0.000000    0.000000   clock source latency
    16    0.065545    0.079411    0.053183    0.053183 ^ clk (in)
                                                         clk (net)
                      0.079452    0.000000    0.053183 ^ _129_/CLK (sg13g2_dfrbpq_1)
     2    0.007651    0.032486    0.199898    0.253082 v _129_/Q (sg13g2_dfrbpq_1)
                                                         memory[9] (net)
                      0.032486    0.000071    0.253152 v _113_/A0 (sg13g2_mux2_1)
     1    0.001951    0.026424    0.105976    0.359128 v _113_/X (sg13g2_mux2_1)
                                                         _015_ (net)
                      0.026424    0.000015    0.359142 v _129_/D (sg13g2_dfrbpq_1)
                                              0.359142   data arrival time

                                  0.000000    0.000000   clock clk (rise edge)
                                  0.000000    0.000000   clock source latency
    16    0.065545    0.079411    0.053183    0.053183 ^ clk (in)
                                                         clk (net)
                      0.079452    0.000000    0.053183 ^ _129_/CLK (sg13g2_dfrbpq_1)
                                  0.250000    0.303183   clock uncertainty
                                  0.000000    0.303183   clock reconvergence pessimism
                                 -0.024025    0.279158   library hold time
                                              0.279158   data required time
---------------------------------------------------------------------------------------------
                                              0.279158   data required time
                                             -0.359142   data arrival time
---------------------------------------------------------------------------------------------
                                              0.079985   slack (MET)


Startpoint: _124_ (rising edge-triggered flip-flop clocked by clk)
Endpoint: _124_ (rising edge-triggered flip-flop clocked by clk)
Path Group: clk
Path Type: min

Fanout         Cap        Slew       Delay        Time   Description
---------------------------------------------------------------------------------------------
                                  0.000000    0.000000   clock clk (rise edge)
                                  0.000000    0.000000   clock source latency
    16    0.065545    0.079411    0.054063    0.054063 ^ clk (in)
                                                         clk (net)
                      0.079494    0.000000    0.054063 ^ _124_/CLK (sg13g2_dfrbpq_1)
     2    0.008022    0.033553    0.200798    0.254860 v _124_/Q (sg13g2_dfrbpq_1)
                                                         memory[4] (net)
                      0.033553    0.000117    0.254977 v _103_/A0 (sg13g2_mux2_1)
     1    0.001711    0.025810    0.105611    0.360589 v _103_/X (sg13g2_mux2_1)
                                                         _010_ (net)
                      0.025810    0.000010    0.360599 v _124_/D (sg13g2_dfrbpq_1)
                                              0.360599   data arrival time

                                  0.000000    0.000000   clock clk (rise edge)
                                  0.000000    0.000000   clock source latency
    16    0.065545    0.079411    0.054063    0.054063 ^ clk (in)
                                                         clk (net)
                      0.079494    0.000000    0.054063 ^ _124_/CLK (sg13g2_dfrbpq_1)
                                  0.250000    0.304063   clock uncertainty
                                  0.000000    0.304063   clock reconvergence pessimism
                                 -0.023821    0.280242   library hold time
                                              0.280242   data required time
---------------------------------------------------------------------------------------------
                                              0.280242   data required time
                                             -0.360599   data arrival time
---------------------------------------------------------------------------------------------
                                              0.080358   slack (MET)


Startpoint: _122_ (rising edge-triggered flip-flop clocked by clk)
Endpoint: _122_ (rising edge-triggered flip-flop clocked by clk)
Path Group: clk
Path Type: min

Fanout         Cap        Slew       Delay        Time   Description
---------------------------------------------------------------------------------------------
                                  0.000000    0.000000   clock clk (rise edge)
                                  0.000000    0.000000   clock source latency
    16    0.065545    0.079411    0.053566    0.053566 ^ clk (in)
                                                         clk (net)
                      0.079466    0.000000    0.053566 ^ _122_/CLK (sg13g2_dfrbpq_1)
     2    0.007267    0.031392    0.198964    0.252530 v _122_/Q (sg13g2_dfrbpq_1)
                                                         memory[2] (net)
                      0.031392    0.000055    0.252585 v _099_/A0 (sg13g2_mux2_1)
     1    0.002411    0.027631    0.107064    0.359649 v _099_/X (sg13g2_mux2_1)
                                                         _008_ (net)
                      0.027631    0.000024    0.359673 v _122_/D (sg13g2_dfrbpq_1)
                                              0.359673   data arrival time

                                  0.000000    0.000000   clock clk (rise edge)
                                  0.000000    0.000000   clock source latency
    16    0.065545    0.079411    0.053566    0.053566 ^ clk (in)
                                                         clk (net)
                      0.079466    0.000000    0.053566 ^ _122_/CLK (sg13g2_dfrbpq_1)
                                  0.250000    0.303566   clock uncertainty
                                  0.000000    0.303566   clock reconvergence pessimism
                                 -0.024406    0.279160   library hold time
                                              0.279160   data required time
---------------------------------------------------------------------------------------------
                                              0.279160   data required time
                                             -0.359673   data arrival time
---------------------------------------------------------------------------------------------
                                              0.080513   slack (MET)


Startpoint: _119_ (rising edge-triggered flip-flop clocked by clk)
Endpoint: _119_ (rising edge-triggered flip-flop clocked by clk)
Path Group: clk
Path Type: min

Fanout         Cap        Slew       Delay        Time   Description
---------------------------------------------------------------------------------------------
                                  0.000000    0.000000   clock clk (rise edge)
                                  0.000000    0.000000   clock source latency
    16    0.065545    0.079411    0.054247    0.054247 ^ clk (in)
                                                         clk (net)
                      0.079506    0.000000    0.054247 ^ _119_/CLK (sg13g2_dfrbpq_1)
     2    0.006828    0.030151    0.197916    0.252163 v _119_/Q (sg13g2_dfrbpq_1)
                                                         memory[14] (net)
                      0.030151    0.000042    0.252205 v _093_/A0 (sg13g2_mux2_1)
     1    0.002810    0.028670    0.107888    0.360093 v _093_/X (sg13g2_mux2_1)
                                                         _005_ (net)
                      0.028670    0.000033    0.360126 v _119_/D (sg13g2_dfrbpq_1)
                                              0.360126   data arrival time

                                  0.000000    0.000000   clock clk (rise edge)
                                  0.000000    0.000000   clock source latency
    16    0.065545    0.079411    0.054247    0.054247 ^ clk (in)
                                                         clk (net)
                      0.079506    0.000000    0.054247 ^ _119_/CLK (sg13g2_dfrbpq_1)
                                  0.250000    0.304247   clock uncertainty
                                  0.000000    0.304247   clock reconvergence pessimism
                                 -0.024729    0.279518   library hold time
                                              0.279518   data required time
---------------------------------------------------------------------------------------------
                                              0.279518   data required time
                                             -0.360126   data arrival time
---------------------------------------------------------------------------------------------
                                              0.080608   slack (MET)


Startpoint: _120_ (rising edge-triggered flip-flop clocked by clk)
Endpoint: _120_ (rising edge-triggered flip-flop clocked by clk)
Path Group: clk
Path Type: min

Fanout         Cap        Slew       Delay        Time   Description
---------------------------------------------------------------------------------------------
                                  0.000000    0.000000   clock clk (rise edge)
                                  0.000000    0.000000   clock source latency
    16    0.065545    0.079411    0.054210    0.054210 ^ clk (in)
                                                         clk (net)
                      0.079504    0.000000    0.054210 ^ _120_/CLK (sg13g2_dfrbpq_1)
     2    0.007745    0.032760    0.200135    0.254346 v _120_/Q (sg13g2_dfrbpq_1)
                                                         memory[15] (net)
                      0.032760    0.000095    0.254440 v _095_/A0 (sg13g2_mux2_1)
     1    0.002072    0.026743    0.106491    0.360931 v _095_/X (sg13g2_mux2_1)
                                                         _006_ (net)
                      0.026743    0.000017    0.360948 v _120_/D (sg13g2_dfrbpq_1)
                                              0.360948   data arrival time

                                  0.000000    0.000000   clock clk (rise edge)
                                  0.000000    0.000000   clock source latency
    16    0.065545    0.079411    0.054210    0.054210 ^ clk (in)
                                                         clk (net)
                      0.079504    0.000000    0.054210 ^ _120_/CLK (sg13g2_dfrbpq_1)
                                  0.250000    0.304210   clock uncertainty
                                  0.000000    0.304210   clock reconvergence pessimism
                                 -0.024116    0.280094   library hold time
                                              0.280094   data required time
---------------------------------------------------------------------------------------------
                                              0.280094   data required time
                                             -0.360948   data arrival time
---------------------------------------------------------------------------------------------
                                              0.080854   slack (MET)


Startpoint: _128_ (rising edge-triggered flip-flop clocked by clk)
Endpoint: _128_ (rising edge-triggered flip-flop clocked by clk)
Path Group: clk
Path Type: min

Fanout         Cap        Slew       Delay        Time   Description
---------------------------------------------------------------------------------------------
                                  0.000000    0.000000   clock clk (rise edge)
                                  0.000000    0.000000   clock source latency
    16    0.065545    0.079411    0.052930    0.052930 ^ clk (in)
                                                         clk (net)
                      0.079414    0.000000    0.052930 ^ _128_/CLK (sg13g2_dfrbpq_1)
     2    0.008146    0.033911    0.201061    0.253991 v _128_/Q (sg13g2_dfrbpq_1)
                                                         memory[8] (net)
                      0.033911    0.000120    0.254111 v _111_/A0 (sg13g2_mux2_1)
     1    0.001799    0.026046    0.106048    0.360159 v _111_/X (sg13g2_mux2_1)
                                                         _014_ (net)
                      0.026046    0.000012    0.360171 v _128_/D (sg13g2_dfrbpq_1)
                                              0.360171   data arrival time

                                  0.000000    0.000000   clock clk (rise edge)
                                  0.000000    0.000000   clock source latency
    16    0.065545    0.079411    0.052930    0.052930 ^ clk (in)
                                                         clk (net)
                      0.079414    0.000000    0.052930 ^ _128_/CLK (sg13g2_dfrbpq_1)
                                  0.250000    0.302930   clock uncertainty
                                  0.000000    0.302930   clock reconvergence pessimism
                                 -0.023913    0.279017   library hold time
                                              0.279017   data required time
---------------------------------------------------------------------------------------------
                                              0.279017   data required time
                                             -0.360171   data arrival time
---------------------------------------------------------------------------------------------
                                              0.081154   slack (MET)


Startpoint: _121_ (rising edge-triggered flip-flop clocked by clk)
Endpoint: data_out (output port clocked by clk)
Path Group: clk
Path Type: min

Fanout         Cap        Slew       Delay        Time   Description
---------------------------------------------------------------------------------------------
                                  0.000000    0.000000   clock clk (rise edge)
                                  0.000000    0.000000   clock source latency
    16    0.065545    0.079411    0.053792    0.053792 ^ clk (in)
                                                         clk (net)
                      0.079478    0.000000    0.053792 ^ _121_/CLK (sg13g2_dfrbpq_1)
     2    0.006317    0.036218    0.201215    0.255007 ^ _121_/Q (sg13g2_dfrbpq_1)
                                                         memory[1] (net)
                      0.036218    0.000036    0.255043 ^ _067_/A1 (sg13g2_mux4_1)
     1    0.003743    0.035219    0.150836    0.405879 ^ _067_/X (sg13g2_mux4_1)
                                                         _019_ (net)
                      0.035219    0.000033    0.405912 ^ _069_/B (sg13g2_nand2b_1)
     2    0.007864    0.058594    0.072543    0.478455 v _069_/Y (sg13g2_nand2b_1)
                                                         _021_ (net)
                      0.058594    0.000161    0.478616 v _080_/A (sg13g2_nand4_1)
     1    0.006000    0.047203    0.056443    0.535059 ^ _080_/Y (sg13g2_nand4_1)
                                                         data_out (net)
                      0.047203    0.000000    0.535059 ^ data_out (out)
                                              0.535059   data arrival time

                                  0.000000    0.000000   clock clk (rise edge)
                                  0.000000    0.000000   clock network delay (propagated)
                                  0.250000    0.250000   clock uncertainty
                                  0.000000    0.250000   clock reconvergence pessimism
                                 -2.000000   -1.750000   output external delay
                                             -1.750000   data required time
---------------------------------------------------------------------------------------------
                                             -1.750000   data required time
                                             -0.535059   data arrival time
---------------------------------------------------------------------------------------------
                                              2.285059   slack (MET)


Startpoint: _121_ (rising edge-triggered flip-flop clocked by clk)
Endpoint: data_out_bar (output port clocked by clk)
Path Group: clk
Path Type: min

Fanout         Cap        Slew       Delay        Time   Description
---------------------------------------------------------------------------------------------
                                  0.000000    0.000000   clock clk (rise edge)
                                  0.000000    0.000000   clock source latency
    16    0.065545    0.079411    0.053792    0.053792 ^ clk (in)
                                                         clk (net)
                      0.079478    0.000000    0.053792 ^ _121_/CLK (sg13g2_dfrbpq_1)
     2    0.006317    0.036218    0.201215    0.255007 ^ _121_/Q (sg13g2_dfrbpq_1)
                                                         memory[1] (net)
                      0.036218    0.000036    0.255043 ^ _067_/A1 (sg13g2_mux4_1)
     1    0.003743    0.035219    0.150836    0.405879 ^ _067_/X (sg13g2_mux4_1)
                                                         _019_ (net)
                      0.035219    0.000033    0.405912 ^ _069_/B (sg13g2_nand2b_1)
     2    0.007864    0.058594    0.072543    0.478455 v _069_/Y (sg13g2_nand2b_1)
                                                         _021_ (net)
                      0.058594    0.000159    0.478615 v _079_/A (sg13g2_and4_1)
     1    0.006000    0.031832    0.094739    0.573354 v _079_/X (sg13g2_and4_1)
                                                         data_out_bar (net)
                      0.031832    0.000000    0.573354 v data_out_bar (out)
                                              0.573354   data arrival time

                                  0.000000    0.000000   clock clk (rise edge)
                                  0.000000    0.000000   clock network delay (propagated)
                                  0.250000    0.250000   clock uncertainty
                                  0.000000    0.250000   clock reconvergence pessimism
                                 -2.000000   -1.750000   output external delay
                                             -1.750000   data required time
---------------------------------------------------------------------------------------------
                                             -1.750000   data required time
                                             -0.573354   data arrival time
---------------------------------------------------------------------------------------------
                                              2.323354   slack (MET)



