116. Printing statistics.

=== sram ===

        +----------Local Count, excluding submodules.
        |        +-Local Area, excluding submodules.
        |        | 
       99        - wires
      101        - wire bits
       25        - public wires
       27        - public wire bits
        9        - ports
       11        - port bits
       92  783.821 cells
       19        -   $_ANDNOT_
       31        -   $_MUX_
        3        -   $_NAND_
        1        -   $_NOT_
        4        -   $_ORNOT_
       18        -   $_OR_
       16  783.821   sg13g2_dfrbpq_1

   Area for cell type $_ANDNOT_ is unknown!
   Area for cell type $_MUX_ is unknown!
   Area for cell type $_NAND_ is unknown!
   Area for cell type $_NOT_ is unknown!
   Area for cell type $_ORNOT_ is unknown!
   Area for cell type $_OR_ is unknown!

   Chip area for module '\sram': 783.820800
     of which used for sequential elements: 783.820800 (100.00%)

