110. Printing statistics.

=== sram ===

        +----------Local Count, excluding submodules.
        | 
       83 wires
       85 wire bits
       25 public wires
       27 public wire bits
        9 ports
       11 port bits
       76 cells
       19   $_ANDNOT_
       16   $_DFFE_PP_
       15   $_MUX_
        3   $_NAND_
        1   $_NOT_
        4   $_ORNOT_
       18   $_OR_

   Area for cell type $_ANDNOT_ is unknown!
   Area for cell type $_DFFE_PP_ is unknown!
   Area for cell type $_MUX_ is unknown!
   Area for cell type $_NAND_ is unknown!
   Area for cell type $_NOT_ is unknown!
   Area for cell type $_ORNOT_ is unknown!
   Area for cell type $_OR_ is unknown!

