Clock: clk
Sources: clk 
Generated: no
Virtual: yes
Propagated: no
Period: 10.000000

===========================================================================
report_clock_properties
============================================================================
Clock                   Period          Waveform
----------------------------------------------------
clk                  10.000000    0.000000  5.000000

===========================================================================
report_clock_latency
============================================================================
Clock clk
rise -> rise
    min     max
0.000000 0.000000 source latency
0.175022         network latency _121_/CLK
        0.188432 network latency _129_/CLK
---------------
0.175022 0.188432 latency
        0.013410 skew

fall -> fall
    min     max
0.000000 0.000000 source latency
0.177596         network latency _121_/CLK
        0.189387 network latency _129_/CLK
---------------
0.177596 0.189387 latency
        0.011791 skew



===========================================================================
report_clock_min_period
============================================================================
clk period_min = 1.07 fmax = 938.36
