
===========================================================================
report_checks -unconstrained
===========================================================================
======================= nom_slow_1p08V_125C Corner ===================================

Startpoint: col_addr[0] (input port clocked by clk)
Endpoint: data_out_bar (output port clocked by clk)
Path Group: clk
Path Type: max

Fanout         Cap        Slew       Delay        Time   Description
---------------------------------------------------------------------------------------------
                                  0.000000    0.000000   clock clk (rise edge)
                                  0.000000    0.000000   clock network delay (propagated)
                                  2.000000    2.000000 ^ input external delay
     1    0.002883    0.032619    0.003767    2.003767 ^ col_addr[0] (in)
                                                         col_addr[0] (net)
                      0.032619    0.000000    2.003767 ^ input1/A (sg13g2_buf_1)
     4    0.028847    0.191119    0.206316    2.210083 ^ input1/X (sg13g2_buf_1)
                                                         net1 (net)
                      0.191139    0.001609    2.211692 ^ fanout15/A (sg13g2_buf_1)
     8    0.060409    0.387633    0.411156    2.622848 ^ fanout15/X (sg13g2_buf_1)
                                                         net15 (net)
                      0.387673    0.003313    2.626160 ^ _073_/S0 (sg13g2_mux4_1)
     1    0.003367    0.067071    0.469163    3.095323 v _073_/X (sg13g2_mux4_1)
                                                         _025_ (net)
                      0.067071    0.000133    3.095456 v _075_/B (sg13g2_nand2b_1)
     2    0.010142    0.087361    0.100749    3.196205 ^ _075_/Y (sg13g2_nand2b_1)
                                                         _027_ (net)
                      0.087369    0.000643    3.196849 ^ _079_/C (sg13g2_and4_1)
     1    0.002903    0.060908    0.258383    3.455232 ^ _079_/X (sg13g2_and4_1)
                                                         net9 (net)
                      0.060908    0.000217    3.455449 ^ output9/A (sg13g2_buf_1)
     1    0.007185    0.059955    0.124759    3.580208 ^ output9/X (sg13g2_buf_1)
                                                         data_out_bar (net)
                      0.059956    0.000300    3.580508 ^ data_out_bar (out)
                                              3.580508   data arrival time

                                 10.000000   10.000000   clock clk (rise edge)
                                  0.000000   10.000000   clock network delay (propagated)
                                 -0.250000    9.750000   clock uncertainty
                                  0.000000    9.750000   clock reconvergence pessimism
                                 -2.000000    7.750000   output external delay
                                              7.750000   data required time
---------------------------------------------------------------------------------------------
                                              7.750000   data required time
                                             -3.580508   data arrival time
---------------------------------------------------------------------------------------------
                                              4.169492   slack (MET)




===========================================================================
report_checks --slack_max -0.01
============================================================================
======================= nom_slow_1p08V_125C Corner ===================================

No paths found.


===========================================================================
 report_check_types -max_slew -max_cap -max_fanout -violators
============================================================================
======================= nom_slow_1p08V_125C Corner ===================================



===========================================================================
report_parasitic_annotation -report_unannotated
============================================================================
Found 1 unannotated drivers.
 oe_n
Found 0 partially unannotated drivers.

===========================================================================
max slew violation count 0
max fanout violation count 0
max cap violation count 0
============================================================================

===========================================================================
check_setup -verbose -unconstrained_endpoints -multiple_clock -no_clock -no_input_delay -loops -generated_clocks
===========================================================================
