Clock: clk
Sources: clk 
Generated: no
Virtual: yes
Propagated: no
Period: 10.000000

===========================================================================
report_clock_properties
============================================================================
Clock                   Period          Waveform
----------------------------------------------------
clk                  10.000000    0.000000  5.000000

===========================================================================
report_clock_latency
============================================================================
Clock clk
rise -> rise
    min     max
0.000000 0.000000 source latency
0.255997         network latency _122_/CLK
        0.268759 network latency _129_/CLK
---------------
0.255997 0.268759 latency
        0.012762 skew

fall -> fall
    min     max
0.000000 0.000000 source latency
0.259817         network latency _122_/CLK
        0.270292 network latency _129_/CLK
---------------
0.259817 0.270292 latency
        0.010475 skew



===========================================================================
report_clock_min_period
============================================================================
clk period_min = 1.51 fmax = 661.70
