+ analyze_power_grid -net VPWR -voltage_file /home/designer/shared/runs/RUN_2026-05-15_22-59-35/56-openroad-irdropreport/net-VPWR.csv
[INFO PSM-0040] All shapes on net VPWR are connected.
########## IR report #################
Net              : VPWR
Corner           : nom_typ_1p20V_25C
Total power      : 2.38e-04 W
Supply voltage   : 1.20e+00 V
Worstcase voltage: 1.20e+00 V
Average voltage  : 1.20e+00 V
Average IR drop  : 6.13e-04 V
Worstcase IR drop: 4.57e-03 V
Percentage drop  : 0.38 %
######################################
+ analyze_power_grid -net VGND -voltage_file /home/designer/shared/runs/RUN_2026-05-15_22-59-35/56-openroad-irdropreport/net-VGND.csv
[INFO PSM-0040] All shapes on net VGND are connected.
########## IR report #################
Net              : VGND
Corner           : nom_typ_1p20V_25C
Total power      : 2.38e-04 W
Supply voltage   : 0.00e+00 V
Worstcase voltage: 1.31e-03 V
Average voltage  : 2.25e-04 V
Average IR drop  : 2.25e-04 V
Worstcase IR drop: 1.31e-03 V
Percentage drop  : 0.11 %
######################################
