
===========================================================================
report_checks -path_delay max (Setup)
============================================================================
======================= nom_typ_1p20V_25C Corner ===================================

Startpoint: col_addr[0] (input port clocked by clk)
Endpoint: data_out_bar (output port clocked by clk)
Path Group: clk
Path Type: max

Fanout         Cap        Slew       Delay        Time   Description
---------------------------------------------------------------------------------------------
                                  0.000000    0.000000   clock clk (rise edge)
                                  0.000000    0.000000   clock network delay (propagated)
                                  2.000000    2.000000 ^ input external delay
    11    0.070262    0.084226    0.056974    2.056974 ^ col_addr[0] (in)
                                                         col_addr[0] (net)
                      0.084277    0.000000    2.056974 ^ _073_/S0 (sg13g2_mux4_1)
     1    0.003669    0.039937    0.237796    2.294770 v _073_/X (sg13g2_mux4_1)
                                                         _025_ (net)
                      0.039937    0.000036    2.294806 v _075_/B (sg13g2_nand2b_1)
     2    0.008448    0.050277    0.056195    2.351001 ^ _075_/Y (sg13g2_nand2b_1)
                                                         _027_ (net)
                      0.050277    0.000185    2.351186 ^ _079_/C (sg13g2_and4_1)
     1    0.006000    0.050484    0.165774    2.516960 ^ _079_/X (sg13g2_and4_1)
                                                         data_out_bar (net)
                      0.050484    0.000000    2.516960 ^ data_out_bar (out)
                                              2.516960   data arrival time

                                 10.000000   10.000000   clock clk (rise edge)
                                  0.000000   10.000000   clock network delay (propagated)
                                 -0.250000    9.750000   clock uncertainty
                                  0.000000    9.750000   clock reconvergence pessimism
                                 -2.000000    7.750000   output external delay
                                              7.750000   data required time
---------------------------------------------------------------------------------------------
                                              7.750000   data required time
                                             -2.516960   data arrival time
---------------------------------------------------------------------------------------------
                                              5.233040   slack (MET)


Startpoint: col_addr[0] (input port clocked by clk)
Endpoint: data_out (output port clocked by clk)
Path Group: clk
Path Type: max

Fanout         Cap        Slew       Delay        Time   Description
---------------------------------------------------------------------------------------------
                                  0.000000    0.000000   clock clk (rise edge)
                                  0.000000    0.000000   clock network delay (propagated)
                                  2.000000    2.000000 ^ input external delay
    11    0.070262    0.084226    0.056974    2.056974 ^ col_addr[0] (in)
                                                         col_addr[0] (net)
                      0.084277    0.000000    2.056974 ^ _073_/S0 (sg13g2_mux4_1)
     1    0.003669    0.039937    0.237796    2.294770 v _073_/X (sg13g2_mux4_1)
                                                         _025_ (net)
                      0.039937    0.000036    2.294806 v _075_/B (sg13g2_nand2b_1)
     2    0.008448    0.050277    0.056195    2.351001 ^ _075_/Y (sg13g2_nand2b_1)
                                                         _027_ (net)
                      0.050277    0.000188    2.351188 ^ _080_/C (sg13g2_nand4_1)
     1    0.006000    0.106427    0.129715    2.480904 v _080_/Y (sg13g2_nand4_1)
                                                         data_out (net)
                      0.106427    0.000000    2.480904 v data_out (out)
                                              2.480904   data arrival time

                                 10.000000   10.000000   clock clk (rise edge)
                                  0.000000   10.000000   clock network delay (propagated)
                                 -0.250000    9.750000   clock uncertainty
                                  0.000000    9.750000   clock reconvergence pessimism
                                 -2.000000    7.750000   output external delay
                                              7.750000   data required time
---------------------------------------------------------------------------------------------
                                              7.750000   data required time
                                             -2.480904   data arrival time
---------------------------------------------------------------------------------------------
                                              5.269096   slack (MET)


Startpoint: wr_n (input port clocked by clk)
Endpoint: _128_ (rising edge-triggered flip-flop clocked by clk)
Path Group: clk
Path Type: max

Fanout         Cap        Slew       Delay        Time   Description
---------------------------------------------------------------------------------------------
                                  0.000000    0.000000   clock clk (rise edge)
                                  0.000000    0.000000   clock network delay (propagated)
                                  2.000000    2.000000 v input external delay
     1    0.003147    0.017300    0.002198    2.002198 v wr_n (in)
                                                         wr_n (net)
                      0.017300    0.000000    2.002198 v _081_/A_N (sg13g2_nand2b_1)
    16    0.052665    0.303929    0.277637    2.279835 v _081_/Y (sg13g2_nand2b_1)
                                                         _031_ (net)
                      0.303932    0.000861    2.280695 v _110_/D (sg13g2_nor4_1)
     1    0.006561    0.198841    0.213097    2.493792 ^ _110_/Y (sg13g2_nor4_1)
                                                         _046_ (net)
                      0.198841    0.000103    2.493895 ^ _111_/S (sg13g2_mux2_1)
     1    0.001799    0.032681    0.200492    2.694387 v _111_/X (sg13g2_mux2_1)
                                                         _014_ (net)
                      0.032681    0.000012    2.694399 v _128_/D (sg13g2_dfrbpq_1)
                                              2.694399   data arrival time

                                 10.000000   10.000000   clock clk (rise edge)
                                  0.000000   10.000000   clock source latency
    16    0.065545    0.079411    0.052930   10.052930 ^ clk (in)
                                                         clk (net)
                      0.079414    0.000000   10.052930 ^ _128_/CLK (sg13g2_dfrbpq_1)
                                 -0.250000    9.802930   clock uncertainty
                                  0.000000    9.802930   clock reconvergence pessimism
                                 -0.102021    9.700909   library setup time
                                              9.700909   data required time
---------------------------------------------------------------------------------------------
                                              9.700909   data required time
                                             -2.694399   data arrival time
---------------------------------------------------------------------------------------------
                                              7.006510   slack (MET)


Startpoint: wr_n (input port clocked by clk)
Endpoint: _124_ (rising edge-triggered flip-flop clocked by clk)
Path Group: clk
Path Type: max

Fanout         Cap        Slew       Delay        Time   Description
---------------------------------------------------------------------------------------------
                                  0.000000    0.000000   clock clk (rise edge)
                                  0.000000    0.000000   clock network delay (propagated)
                                  2.000000    2.000000 v input external delay
     1    0.003147    0.017300    0.002198    2.002198 v wr_n (in)
                                                         wr_n (net)
                      0.017300    0.000000    2.002198 v _081_/A_N (sg13g2_nand2b_1)
    16    0.052665    0.303929    0.277637    2.279835 v _081_/Y (sg13g2_nand2b_1)
                                                         _031_ (net)
                      0.303932    0.000862    2.280697 v _102_/D (sg13g2_nor4_1)
     1    0.006549    0.198682    0.212940    2.493637 ^ _102_/Y (sg13g2_nor4_1)
                                                         _042_ (net)
                      0.198682    0.000103    2.493740 ^ _103_/S (sg13g2_mux2_1)
     1    0.001711    0.032453    0.200204    2.693944 v _103_/X (sg13g2_mux2_1)
                                                         _010_ (net)
                      0.032453    0.000010    2.693954 v _124_/D (sg13g2_dfrbpq_1)
                                              2.693954   data arrival time

                                 10.000000   10.000000   clock clk (rise edge)
                                  0.000000   10.000000   clock source latency
    16    0.065545    0.079411    0.054063   10.054063 ^ clk (in)
                                                         clk (net)
                      0.079494    0.000000   10.054063 ^ _124_/CLK (sg13g2_dfrbpq_1)
                                 -0.250000    9.804063   clock uncertainty
                                  0.000000    9.804063   clock reconvergence pessimism
                                 -0.101919    9.702145   library setup time
                                              9.702145   data required time
---------------------------------------------------------------------------------------------
                                              9.702145   data required time
                                             -2.693954   data arrival time
---------------------------------------------------------------------------------------------
                                              7.008190   slack (MET)


Startpoint: wr_n (input port clocked by clk)
Endpoint: _117_ (rising edge-triggered flip-flop clocked by clk)
Path Group: clk
Path Type: max

Fanout         Cap        Slew       Delay        Time   Description
---------------------------------------------------------------------------------------------
                                  0.000000    0.000000   clock clk (rise edge)
                                  0.000000    0.000000   clock network delay (propagated)
                                  2.000000    2.000000 v input external delay
     1    0.003147    0.017300    0.002198    2.002198 v wr_n (in)
                                                         wr_n (net)
                      0.017300    0.000000    2.002198 v _081_/A_N (sg13g2_nand2b_1)
    16    0.052665    0.303929    0.277637    2.279835 v _081_/Y (sg13g2_nand2b_1)
                                                         _031_ (net)
                      0.303930    0.000581    2.280415 v _088_/D (sg13g2_nor4_1)
     1    0.005573    0.190208    0.199740    2.480156 ^ _088_/Y (sg13g2_nor4_1)
                                                         _035_ (net)
                      0.190208    0.000043    2.480199 ^ _089_/S (sg13g2_mux2_1)
     1    0.002519    0.034502    0.200912    2.681111 v _089_/X (sg13g2_mux2_1)
                                                         _003_ (net)
                      0.034502    0.000026    2.681137 v _117_/D (sg13g2_dfrbpq_1)
                                              2.681137   data arrival time

                                 10.000000   10.000000   clock clk (rise edge)
                                  0.000000   10.000000   clock source latency
    16    0.065545    0.079411    0.053985   10.053986 ^ clk (in)
                                                         clk (net)
                      0.079489    0.000000   10.053986 ^ _117_/CLK (sg13g2_dfrbpq_1)
                                 -0.250000    9.803986   clock uncertainty
                                  0.000000    9.803986   clock reconvergence pessimism
                                 -0.102660    9.701325   library setup time
                                              9.701325   data required time
---------------------------------------------------------------------------------------------
                                              9.701325   data required time
                                             -2.681137   data arrival time
---------------------------------------------------------------------------------------------
                                              7.020188   slack (MET)


Startpoint: wr_n (input port clocked by clk)
Endpoint: _114_ (rising edge-triggered flip-flop clocked by clk)
Path Group: clk
Path Type: max

Fanout         Cap        Slew       Delay        Time   Description
---------------------------------------------------------------------------------------------
                                  0.000000    0.000000   clock clk (rise edge)
                                  0.000000    0.000000   clock network delay (propagated)
                                  2.000000    2.000000 v input external delay
     1    0.003147    0.017300    0.002198    2.002198 v wr_n (in)
                                                         wr_n (net)
                      0.017300    0.000000    2.002198 v _081_/A_N (sg13g2_nand2b_1)
    16    0.052665    0.303929    0.277637    2.279835 v _081_/Y (sg13g2_nand2b_1)
                                                         _031_ (net)
                      0.303930    0.000563    2.280397 v _082_/D (sg13g2_nor4_1)
     1    0.005428    0.188015    0.197770    2.478167 ^ _082_/Y (sg13g2_nor4_1)
                                                         _032_ (net)
                      0.188015    0.000036    2.478203 ^ _083_/S (sg13g2_mux2_1)
     1    0.002569    0.034628    0.200630    2.678833 v _083_/X (sg13g2_mux2_1)
                                                         _000_ (net)
                      0.034628    0.000027    2.678860 v _114_/D (sg13g2_dfrbpq_1)
                                              2.678860   data arrival time

                                 10.000000   10.000000   clock clk (rise edge)
                                  0.000000   10.000000   clock source latency
    16    0.065545    0.079411    0.053888   10.053888 ^ clk (in)
                                                         clk (net)
                      0.079483    0.000000   10.053888 ^ _114_/CLK (sg13g2_dfrbpq_1)
                                 -0.250000    9.803888   clock uncertainty
                                  0.000000    9.803888   clock reconvergence pessimism
                                 -0.102707    9.701181   library setup time
                                              9.701181   data required time
---------------------------------------------------------------------------------------------
                                              9.701181   data required time
                                             -2.678860   data arrival time
---------------------------------------------------------------------------------------------
                                              7.022322   slack (MET)


Startpoint: wr_n (input port clocked by clk)
Endpoint: _119_ (rising edge-triggered flip-flop clocked by clk)
Path Group: clk
Path Type: max

Fanout         Cap        Slew       Delay        Time   Description
---------------------------------------------------------------------------------------------
                                  0.000000    0.000000   clock clk (rise edge)
                                  0.000000    0.000000   clock network delay (propagated)
                                  2.000000    2.000000 v input external delay
     1    0.003147    0.017300    0.002198    2.002198 v wr_n (in)
                                                         wr_n (net)
                      0.017300    0.000000    2.002198 v _081_/A_N (sg13g2_nand2b_1)
    16    0.052665    0.303929    0.277637    2.279835 v _081_/Y (sg13g2_nand2b_1)
                                                         _031_ (net)
                      0.303931    0.000699    2.280533 v _092_/C (sg13g2_nor3_1)
     1    0.006808    0.157971    0.180436    2.460969 ^ _092_/Y (sg13g2_nor3_1)
                                                         _037_ (net)
                      0.157971    0.000118    2.461088 ^ _093_/S (sg13g2_mux2_1)
     1    0.002810    0.035226    0.194181    2.655269 v _093_/X (sg13g2_mux2_1)
                                                         _005_ (net)
                      0.035226    0.000033    2.655303 v _119_/D (sg13g2_dfrbpq_1)
                                              2.655303   data arrival time

                                 10.000000   10.000000   clock clk (rise edge)
                                  0.000000   10.000000   clock source latency
    16    0.065545    0.079411    0.054247   10.054248 ^ clk (in)
                                                         clk (net)
                      0.079506    0.000000   10.054248 ^ _119_/CLK (sg13g2_dfrbpq_1)
                                 -0.250000    9.804248   clock uncertainty
                                  0.000000    9.804248   clock reconvergence pessimism
                                 -0.102916    9.701331   library setup time
                                              9.701331   data required time
---------------------------------------------------------------------------------------------
                                              9.701331   data required time
                                             -2.655303   data arrival time
---------------------------------------------------------------------------------------------
                                              7.046028   slack (MET)


Startpoint: wr_n (input port clocked by clk)
Endpoint: _122_ (rising edge-triggered flip-flop clocked by clk)
Path Group: clk
Path Type: max

Fanout         Cap        Slew       Delay        Time   Description
---------------------------------------------------------------------------------------------
                                  0.000000    0.000000   clock clk (rise edge)
                                  0.000000    0.000000   clock network delay (propagated)
                                  2.000000    2.000000 v input external delay
     1    0.003147    0.017300    0.002198    2.002198 v wr_n (in)
                                                         wr_n (net)
                      0.017300    0.000000    2.002198 v _081_/A_N (sg13g2_nand2b_1)
    16    0.052665    0.303929    0.277637    2.279835 v _081_/Y (sg13g2_nand2b_1)
                                                         _031_ (net)
                      0.303931    0.000703    2.280537 v _098_/C (sg13g2_nor3_1)
     1    0.006702    0.156858    0.179249    2.459787 ^ _098_/Y (sg13g2_nor3_1)
                                                         _040_ (net)
                      0.156858    0.000112    2.459898 ^ _099_/S (sg13g2_mux2_1)
     1    0.002411    0.034234    0.192703    2.652601 v _099_/X (sg13g2_mux2_1)
                                                         _008_ (net)
                      0.034234    0.000024    2.652625 v _122_/D (sg13g2_dfrbpq_1)
                                              2.652625   data arrival time

                                 10.000000   10.000000   clock clk (rise edge)
                                  0.000000   10.000000   clock source latency
    16    0.065545    0.079411    0.053566   10.053566 ^ clk (in)
                                                         clk (net)
                      0.079466    0.000000   10.053566 ^ _122_/CLK (sg13g2_dfrbpq_1)
                                 -0.250000    9.803566   clock uncertainty
                                  0.000000    9.803566   clock reconvergence pessimism
                                 -0.102569    9.700997   library setup time
                                              9.700997   data required time
---------------------------------------------------------------------------------------------
                                              9.700997   data required time
                                             -2.652625   data arrival time
---------------------------------------------------------------------------------------------
                                              7.048373   slack (MET)


Startpoint: wr_n (input port clocked by clk)
Endpoint: _120_ (rising edge-triggered flip-flop clocked by clk)
Path Group: clk
Path Type: max

Fanout         Cap        Slew       Delay        Time   Description
---------------------------------------------------------------------------------------------
                                  0.000000    0.000000   clock clk (rise edge)
                                  0.000000    0.000000   clock network delay (propagated)
                                  2.000000    2.000000 v input external delay
     1    0.003147    0.017300    0.002198    2.002198 v wr_n (in)
                                                         wr_n (net)
                      0.017300    0.000000    2.002198 v _081_/A_N (sg13g2_nand2b_1)
    16    0.052665    0.303929    0.277637    2.279835 v _081_/Y (sg13g2_nand2b_1)
                                                         _031_ (net)
                      0.303931    0.000752    2.280587 v _094_/C (sg13g2_nor3_1)
     1    0.006792    0.157796    0.180250    2.460837 ^ _094_/Y (sg13g2_nor3_1)
                                                         _038_ (net)
                      0.157796    0.000117    2.460954 ^ _095_/S (sg13g2_mux2_1)
     1    0.002072    0.033378    0.191964    2.652918 v _095_/X (sg13g2_mux2_1)
                                                         _006_ (net)
                      0.033378    0.000017    2.652935 v _120_/D (sg13g2_dfrbpq_1)
                                              2.652935   data arrival time

                                 10.000000   10.000000   clock clk (rise edge)
                                  0.000000   10.000000   clock source latency
    16    0.065545    0.079411    0.054210   10.054211 ^ clk (in)
                                                         clk (net)
                      0.079504    0.000000   10.054211 ^ _120_/CLK (sg13g2_dfrbpq_1)
                                 -0.250000    9.804210   clock uncertainty
                                  0.000000    9.804210   clock reconvergence pessimism
                                 -0.102250    9.701961   library setup time
                                              9.701961   data required time
---------------------------------------------------------------------------------------------
                                              9.701961   data required time
                                             -2.652935   data arrival time
---------------------------------------------------------------------------------------------
                                              7.049026   slack (MET)


Startpoint: wr_n (input port clocked by clk)
Endpoint: _123_ (rising edge-triggered flip-flop clocked by clk)
Path Group: clk
Path Type: max

Fanout         Cap        Slew       Delay        Time   Description
---------------------------------------------------------------------------------------------
                                  0.000000    0.000000   clock clk (rise edge)
                                  0.000000    0.000000   clock network delay (propagated)
                                  2.000000    2.000000 v input external delay
     1    0.003147    0.017300    0.002198    2.002198 v wr_n (in)
                                                         wr_n (net)
                      0.017300    0.000000    2.002198 v _081_/A_N (sg13g2_nand2b_1)
    16    0.052665    0.303929    0.277637    2.279835 v _081_/Y (sg13g2_nand2b_1)
                                                         _031_ (net)
                      0.303931    0.000757    2.280591 v _100_/C (sg13g2_nor3_1)
     1    0.006533    0.155116    0.177366    2.457957 ^ _100_/Y (sg13g2_nor3_1)
                                                         _041_ (net)
                      0.155116    0.000101    2.458058 ^ _101_/S (sg13g2_mux2_1)
     1    0.001936    0.033034    0.190829    2.648887 v _101_/X (sg13g2_mux2_1)
                                                         _009_ (net)
                      0.033034    0.000014    2.648902 v _123_/D (sg13g2_dfrbpq_1)
                                              2.648902   data arrival time

                                 10.000000   10.000000   clock clk (rise edge)
                                  0.000000   10.000000   clock source latency
    16    0.065545    0.079411    0.053406   10.053407 ^ clk (in)
                                                         clk (net)
                      0.079459    0.000000   10.053407 ^ _123_/CLK (sg13g2_dfrbpq_1)
                                 -0.250000    9.803407   clock uncertainty
                                  0.000000    9.803407   clock reconvergence pessimism
                                 -0.102137    9.701269   library setup time
                                              9.701269   data required time
---------------------------------------------------------------------------------------------
                                              9.701269   data required time
                                             -2.648902   data arrival time
---------------------------------------------------------------------------------------------
                                              7.052368   slack (MET)


Startpoint: wr_n (input port clocked by clk)
Endpoint: _129_ (rising edge-triggered flip-flop clocked by clk)
Path Group: clk
Path Type: max

Fanout         Cap        Slew       Delay        Time   Description
---------------------------------------------------------------------------------------------
                                  0.000000    0.000000   clock clk (rise edge)
                                  0.000000    0.000000   clock network delay (propagated)
                                  2.000000    2.000000 v input external delay
     1    0.003147    0.017300    0.002198    2.002198 v wr_n (in)
                                                         wr_n (net)
                      0.017300    0.000000    2.002198 v _081_/A_N (sg13g2_nand2b_1)
    16    0.052665    0.303929    0.277637    2.279835 v _081_/Y (sg13g2_nand2b_1)
                                                         _031_ (net)
                      0.303932    0.000820    2.280655 v _112_/C (sg13g2_nor3_1)
     1    0.006492    0.154702    0.176916    2.457571 ^ _112_/Y (sg13g2_nor3_1)
                                                         _047_ (net)
                      0.154702    0.000099    2.457670 ^ _113_/S (sg13g2_mux2_1)
     1    0.001951    0.033070    0.190757    2.648427 v _113_/X (sg13g2_mux2_1)
                                                         _015_ (net)
                      0.033070    0.000015    2.648442 v _129_/D (sg13g2_dfrbpq_1)
                                              2.648442   data arrival time

                                 10.000000   10.000000   clock clk (rise edge)
                                  0.000000   10.000000   clock source latency
    16    0.065545    0.079411    0.053183   10.053184 ^ clk (in)
                                                         clk (net)
                      0.079452    0.000000   10.053184 ^ _129_/CLK (sg13g2_dfrbpq_1)
                                 -0.250000    9.803184   clock uncertainty
                                  0.000000    9.803184   clock reconvergence pessimism
                                 -0.102152    9.701032   library setup time
                                              9.701032   data required time
---------------------------------------------------------------------------------------------
                                              9.701032   data required time
                                             -2.648442   data arrival time
---------------------------------------------------------------------------------------------
                                              7.052589   slack (MET)


Startpoint: wr_n (input port clocked by clk)
Endpoint: _125_ (rising edge-triggered flip-flop clocked by clk)
Path Group: clk
Path Type: max

Fanout         Cap        Slew       Delay        Time   Description
---------------------------------------------------------------------------------------------
                                  0.000000    0.000000   clock clk (rise edge)
                                  0.000000    0.000000   clock network delay (propagated)
                                  2.000000    2.000000 v input external delay
     1    0.003147    0.017300    0.002198    2.002198 v wr_n (in)
                                                         wr_n (net)
                      0.017300    0.000000    2.002198 v _081_/A_N (sg13g2_nand2b_1)
    16    0.052665    0.303929    0.277637    2.279835 v _081_/Y (sg13g2_nand2b_1)
                                                         _031_ (net)
                      0.303932    0.000824    2.280658 v _104_/C (sg13g2_nor3_1)
     1    0.006153    0.151224    0.173133    2.453791 ^ _104_/Y (sg13g2_nor3_1)
                                                         _043_ (net)
                      0.151224    0.000078    2.453870 ^ _105_/S (sg13g2_mux2_1)
     1    0.002114    0.033486    0.190283    2.644153 v _105_/X (sg13g2_mux2_1)
                                                         _011_ (net)
                      0.033486    0.000018    2.644171 v _125_/D (sg13g2_dfrbpq_1)
                                              2.644171   data arrival time

                                 10.000000   10.000000   clock clk (rise edge)
                                  0.000000   10.000000   clock source latency
    16    0.065545    0.079411    0.054149   10.054149 ^ clk (in)
                                                         clk (net)
                      0.079499    0.000000   10.054149 ^ _125_/CLK (sg13g2_dfrbpq_1)
                                 -0.250000    9.804149   clock uncertainty
                                  0.000000    9.804149   clock reconvergence pessimism
                                 -0.102290    9.701859   library setup time
                                              9.701859   data required time
---------------------------------------------------------------------------------------------
                                              9.701859   data required time
                                             -2.644171   data arrival time
---------------------------------------------------------------------------------------------
                                              7.057687   slack (MET)


Startpoint: wr_n (input port clocked by clk)
Endpoint: _118_ (rising edge-triggered flip-flop clocked by clk)
Path Group: clk
Path Type: max

Fanout         Cap        Slew       Delay        Time   Description
---------------------------------------------------------------------------------------------
                                  0.000000    0.000000   clock clk (rise edge)
                                  0.000000    0.000000   clock network delay (propagated)
                                  2.000000    2.000000 v input external delay
     1    0.003147    0.017300    0.002198    2.002198 v wr_n (in)
                                                         wr_n (net)
                      0.017300    0.000000    2.002198 v _081_/A_N (sg13g2_nand2b_1)
    16    0.052665    0.303929    0.277637    2.279835 v _081_/Y (sg13g2_nand2b_1)
                                                         _031_ (net)
                      0.303931    0.000639    2.280473 v _090_/C (sg13g2_nor3_1)
     1    0.005918    0.148825    0.170521    2.450994 ^ _090_/Y (sg13g2_nor3_1)
                                                         _036_ (net)
                      0.148825    0.000063    2.451058 ^ _091_/S (sg13g2_mux2_1)
     1    0.002759    0.035099    0.191518    2.642575 v _091_/X (sg13g2_mux2_1)
                                                         _004_ (net)
                      0.035099    0.000032    2.642607 v _118_/D (sg13g2_dfrbpq_1)
                                              2.642607   data arrival time

                                 10.000000   10.000000   clock clk (rise edge)
                                  0.000000   10.000000   clock source latency
    16    0.065545    0.079411    0.054015   10.054015 ^ clk (in)
                                                         clk (net)
                      0.079491    0.000000   10.054015 ^ _118_/CLK (sg13g2_dfrbpq_1)
                                 -0.250000    9.804015   clock uncertainty
                                  0.000000    9.804015   clock reconvergence pessimism
                                 -0.102875    9.701139   library setup time
                                              9.701139   data required time
---------------------------------------------------------------------------------------------
                                              9.701139   data required time
                                             -2.642607   data arrival time
---------------------------------------------------------------------------------------------
                                              7.058533   slack (MET)


Startpoint: wr_n (input port clocked by clk)
Endpoint: _126_ (rising edge-triggered flip-flop clocked by clk)
Path Group: clk
Path Type: max

Fanout         Cap        Slew       Delay        Time   Description
---------------------------------------------------------------------------------------------
                                  0.000000    0.000000   clock clk (rise edge)
                                  0.000000    0.000000   clock network delay (propagated)
                                  2.000000    2.000000 v input external delay
     1    0.003147    0.017300    0.002198    2.002198 v wr_n (in)
                                                         wr_n (net)
                      0.017300    0.000000    2.002198 v _081_/A_N (sg13g2_nand2b_1)
    16    0.052665    0.303929    0.277637    2.279835 v _081_/Y (sg13g2_nand2b_1)
                                                         _031_ (net)
                      0.303932    0.000872    2.280707 v _106_/C (sg13g2_nor3_1)
     1    0.005997    0.149630    0.171398    2.452105 ^ _106_/Y (sg13g2_nor3_1)
                                                         _044_ (net)
                      0.149630    0.000068    2.452173 ^ _107_/S (sg13g2_mux2_1)
     1    0.001913    0.032974    0.189254    2.641427 v _107_/X (sg13g2_mux2_1)
                                                         _012_ (net)
                      0.032974    0.000014    2.641441 v _126_/D (sg13g2_dfrbpq_1)
                                              2.641441   data arrival time

                                 10.000000   10.000000   clock clk (rise edge)
                                  0.000000   10.000000   clock source latency
    16    0.065545    0.079411    0.053903   10.053903 ^ clk (in)
                                                         clk (net)
                      0.079484    0.000000   10.053903 ^ _126_/CLK (sg13g2_dfrbpq_1)
                                 -0.250000    9.803903   clock uncertainty
                                  0.000000    9.803903   clock reconvergence pessimism
                                 -0.102109    9.701794   library setup time
                                              9.701794   data required time
---------------------------------------------------------------------------------------------
                                              9.701794   data required time
                                             -2.641441   data arrival time
---------------------------------------------------------------------------------------------
                                              7.060352   slack (MET)


Startpoint: wr_n (input port clocked by clk)
Endpoint: _115_ (rising edge-triggered flip-flop clocked by clk)
Path Group: clk
Path Type: max

Fanout         Cap        Slew       Delay        Time   Description
---------------------------------------------------------------------------------------------
                                  0.000000    0.000000   clock clk (rise edge)
                                  0.000000    0.000000   clock network delay (propagated)
                                  2.000000    2.000000 v input external delay
     1    0.003147    0.017300    0.002198    2.002198 v wr_n (in)
                                                         wr_n (net)
                      0.017300    0.000000    2.002198 v _081_/A_N (sg13g2_nand2b_1)
    16    0.052665    0.303929    0.277637    2.279835 v _081_/Y (sg13g2_nand2b_1)
                                                         _031_ (net)
                      0.303932    0.000857    2.280691 v _084_/C (sg13g2_nor3_1)
     1    0.005918    0.148829    0.170527    2.451218 ^ _084_/Y (sg13g2_nor3_1)
                                                         _033_ (net)
                      0.148829    0.000063    2.451281 ^ _085_/S (sg13g2_mux2_1)
     1    0.001878    0.032885    0.188930    2.640211 v _085_/X (sg13g2_mux2_1)
                                                         _001_ (net)
                      0.032885    0.000013    2.640224 v _115_/D (sg13g2_dfrbpq_1)
                                              2.640224   data arrival time

                                 10.000000   10.000000   clock clk (rise edge)
                                  0.000000   10.000000   clock source latency
    16    0.065545    0.079411    0.053146   10.053146 ^ clk (in)
                                                         clk (net)
                      0.079451    0.000000   10.053146 ^ _115_/CLK (sg13g2_dfrbpq_1)
                                 -0.250000    9.803146   clock uncertainty
                                  0.000000    9.803146   clock reconvergence pessimism
                                 -0.102086    9.701060   library setup time
                                              9.701060   data required time
---------------------------------------------------------------------------------------------
                                              9.701060   data required time
                                             -2.640224   data arrival time
---------------------------------------------------------------------------------------------
                                              7.060837   slack (MET)


Startpoint: wr_n (input port clocked by clk)
Endpoint: _121_ (rising edge-triggered flip-flop clocked by clk)
Path Group: clk
Path Type: max

Fanout         Cap        Slew       Delay        Time   Description
---------------------------------------------------------------------------------------------
                                  0.000000    0.000000   clock clk (rise edge)
                                  0.000000    0.000000   clock network delay (propagated)
                                  2.000000    2.000000 v input external delay
     1    0.003147    0.017300    0.002198    2.002198 v wr_n (in)
                                                         wr_n (net)
                      0.017300    0.000000    2.002198 v _081_/A_N (sg13g2_nand2b_1)
    16    0.052665    0.303929    0.277637    2.279835 v _081_/Y (sg13g2_nand2b_1)
                                                         _031_ (net)
                      0.303931    0.000634    2.280469 v _096_/C (sg13g2_nor3_1)
     1    0.005700    0.146593    0.168090    2.448559 ^ _096_/Y (sg13g2_nor3_1)
                                                         _039_ (net)
                      0.146593    0.000051    2.448611 ^ _097_/S (sg13g2_mux2_1)
     1    0.002730    0.035028    0.190820    2.639430 v _097_/X (sg13g2_mux2_1)
                                                         _007_ (net)
                      0.035028    0.000031    2.639461 v _121_/D (sg13g2_dfrbpq_1)
                                              2.639461   data arrival time

                                 10.000000   10.000000   clock clk (rise edge)
                                  0.000000   10.000000   clock source latency
    16    0.065545    0.079411    0.053792   10.053792 ^ clk (in)
                                                         clk (net)
                      0.079478    0.000000   10.053792 ^ _121_/CLK (sg13g2_dfrbpq_1)
                                 -0.250000    9.803792   clock uncertainty
                                  0.000000    9.803792   clock reconvergence pessimism
                                 -0.102852    9.700939   library setup time
                                              9.700939   data required time
---------------------------------------------------------------------------------------------
                                              9.700939   data required time
                                             -2.639461   data arrival time
---------------------------------------------------------------------------------------------
                                              7.061478   slack (MET)


Startpoint: wr_n (input port clocked by clk)
Endpoint: _127_ (rising edge-triggered flip-flop clocked by clk)
Path Group: clk
Path Type: max

Fanout         Cap        Slew       Delay        Time   Description
---------------------------------------------------------------------------------------------
                                  0.000000    0.000000   clock clk (rise edge)
                                  0.000000    0.000000   clock network delay (propagated)
                                  2.000000    2.000000 v input external delay
     1    0.003147    0.017300    0.002198    2.002198 v wr_n (in)
                                                         wr_n (net)
                      0.017300    0.000000    2.002198 v _081_/A_N (sg13g2_nand2b_1)
    16    0.052665    0.303929    0.277637    2.279835 v _081_/Y (sg13g2_nand2b_1)
                                                         _031_ (net)
                      0.303932    0.000882    2.280717 v _108_/C (sg13g2_nor3_1)
     1    0.005519    0.148939    0.166090    2.446807 ^ _108_/Y (sg13g2_nor3_1)
                                                         _045_ (net)
                      0.148939    0.000041    2.446847 ^ _109_/S (sg13g2_mux2_1)
     1    0.001722    0.032480    0.188500    2.635348 v _109_/X (sg13g2_mux2_1)
                                                         _013_ (net)
                      0.032480    0.000010    2.635358 v _127_/D (sg13g2_dfrbpq_1)
                                              2.635358   data arrival time

                                 10.000000   10.000000   clock clk (rise edge)
                                  0.000000   10.000000   clock source latency
    16    0.065545    0.079411    0.053729   10.053729 ^ clk (in)
                                                         clk (net)
                      0.079474    0.000000   10.053729 ^ _127_/CLK (sg13g2_dfrbpq_1)
                                 -0.250000    9.803729   clock uncertainty
                                  0.000000    9.803729   clock reconvergence pessimism
                                 -0.101933    9.701796   library setup time
                                              9.701796   data required time
---------------------------------------------------------------------------------------------
                                              9.701796   data required time
                                             -2.635358   data arrival time
---------------------------------------------------------------------------------------------
                                              7.066437   slack (MET)


Startpoint: wr_n (input port clocked by clk)
Endpoint: _116_ (rising edge-triggered flip-flop clocked by clk)
Path Group: clk
Path Type: max

Fanout         Cap        Slew       Delay        Time   Description
---------------------------------------------------------------------------------------------
                                  0.000000    0.000000   clock clk (rise edge)
                                  0.000000    0.000000   clock network delay (propagated)
                                  2.000000    2.000000 v input external delay
     1    0.003147    0.017300    0.002198    2.002198 v wr_n (in)
                                                         wr_n (net)
                      0.017300    0.000000    2.002198 v _081_/A_N (sg13g2_nand2b_1)
    16    0.052665    0.303929    0.277637    2.279835 v _081_/Y (sg13g2_nand2b_1)
                                                         _031_ (net)
                      0.303932    0.000869    2.280704 v _086_/C (sg13g2_nor3_1)
     1    0.005457    0.148238    0.165399    2.446103 ^ _086_/Y (sg13g2_nor3_1)
                                                         _034_ (net)
                      0.148238    0.000038    2.446140 ^ _087_/S (sg13g2_mux2_1)
     1    0.001665    0.032334    0.188142    2.634282 v _087_/X (sg13g2_mux2_1)
                                                         _002_ (net)
                      0.032334    0.000009    2.634291 v _116_/D (sg13g2_dfrbpq_1)
                                              2.634291   data arrival time

                                 10.000000   10.000000   clock clk (rise edge)
                                  0.000000   10.000000   clock source latency
    16    0.065545    0.079411    0.053404   10.053405 ^ clk (in)
                                                         clk (net)
                      0.079459    0.000000   10.053405 ^ _116_/CLK (sg13g2_dfrbpq_1)
                                 -0.250000    9.803405   clock uncertainty
                                  0.000000    9.803405   clock reconvergence pessimism
                                 -0.101884    9.701520   library setup time
                                              9.701520   data required time
---------------------------------------------------------------------------------------------
                                              9.701520   data required time
                                             -2.634291   data arrival time
---------------------------------------------------------------------------------------------
                                              7.067229   slack (MET)



