Clock: clk
Sources: clk 
Generated: no
Virtual: no
Propagated: no
Period: 10.000000

===========================================================================
report_clock_properties
============================================================================
Clock                   Period          Waveform
----------------------------------------------------
clk                  10.000000    0.000000  5.000000

===========================================================================
report_clock_latency
============================================================================
Clock clk
rise -> rise
    min     max
0.000000 0.000000 source latency
0.035424         network latency _114_/CLK
        0.041248 network latency _114_/CLK
---------------
0.035424 0.041248 latency
        0.005823 skew

fall -> fall
    min     max
0.000000 0.000000 source latency
0.028037         network latency _114_/CLK
        0.033982 network latency _114_/CLK
---------------
0.028037 0.033982 latency
        0.005945 skew



===========================================================================
report_clock_min_period
============================================================================
clk period_min = 0.00 fmax = inf
