
===========================================================================
report_checks -path_delay min (Hold)
============================================================================
======================= nom_typ_1p20V_25C Corner ===================================

Startpoint: _118_ (rising edge-triggered flip-flop clocked by clk)
Endpoint: _118_ (rising edge-triggered flip-flop clocked by clk)
Path Group: clk
Path Type: min

Fanout         Cap        Slew       Delay        Time   Description
---------------------------------------------------------------------------------------------
                      0.150000    0.000000    0.000000   clock clk (rise edge)
                                  0.000000    0.000000   clock network delay (ideal)
                      0.150000    0.000000    0.000000 ^ _118_/CLK (sg13g2_dfrbpq_1)
     2    0.004784    0.025411    0.218585    0.218585 v _118_/Q (sg13g2_dfrbpq_1)
                                                         memory[13] (net)
                      0.025411    0.000000    0.218585 v _091_/A0 (sg13g2_mux2_1)
     1    0.001430    0.025036    0.101374    0.319958 v _091_/X (sg13g2_mux2_1)
                                                         _004_ (net)
                      0.025036    0.000000    0.319958 v _118_/D (sg13g2_dfrbpq_1)
                                              0.319958   data arrival time

                      0.150000    0.000000    0.000000   clock clk (rise edge)
                                  0.000000    0.000000   clock network delay (ideal)
                                  0.250000    0.250000   clock uncertainty
                                  0.000000    0.250000   clock reconvergence pessimism
                                              0.250000 ^ _118_/CLK (sg13g2_dfrbpq_1)
                                 -0.008873    0.241127   library hold time
                                              0.241127   data required time
---------------------------------------------------------------------------------------------
                                              0.241127   data required time
                                             -0.319958   data arrival time
---------------------------------------------------------------------------------------------
                                              0.078831   slack (MET)


Startpoint: _121_ (rising edge-triggered flip-flop clocked by clk)
Endpoint: _121_ (rising edge-triggered flip-flop clocked by clk)
Path Group: clk
Path Type: min

Fanout         Cap        Slew       Delay        Time   Description
---------------------------------------------------------------------------------------------
                      0.150000    0.000000    0.000000   clock clk (rise edge)
                                  0.000000    0.000000   clock network delay (ideal)
                      0.150000    0.000000    0.000000 ^ _121_/CLK (sg13g2_dfrbpq_1)
     2    0.004784    0.025411    0.218585    0.218585 v _121_/Q (sg13g2_dfrbpq_1)
                                                         memory[1] (net)
                      0.025411    0.000000    0.218585 v _097_/A0 (sg13g2_mux2_1)
     1    0.001430    0.025036    0.101374    0.319958 v _097_/X (sg13g2_mux2_1)
                                                         _007_ (net)
                      0.025036    0.000000    0.319958 v _121_/D (sg13g2_dfrbpq_1)
                                              0.319958   data arrival time

                      0.150000    0.000000    0.000000   clock clk (rise edge)
                                  0.000000    0.000000   clock network delay (ideal)
                                  0.250000    0.250000   clock uncertainty
                                  0.000000    0.250000   clock reconvergence pessimism
                                              0.250000 ^ _121_/CLK (sg13g2_dfrbpq_1)
                                 -0.008873    0.241127   library hold time
                                              0.241127   data required time
---------------------------------------------------------------------------------------------
                                              0.241127   data required time
                                             -0.319958   data arrival time
---------------------------------------------------------------------------------------------
                                              0.078831   slack (MET)


Startpoint: _125_ (rising edge-triggered flip-flop clocked by clk)
Endpoint: _125_ (rising edge-triggered flip-flop clocked by clk)
Path Group: clk
Path Type: min

Fanout         Cap        Slew       Delay        Time   Description
---------------------------------------------------------------------------------------------
                      0.150000    0.000000    0.000000   clock clk (rise edge)
                                  0.000000    0.000000   clock network delay (ideal)
                      0.150000    0.000000    0.000000 ^ _125_/CLK (sg13g2_dfrbpq_1)
     2    0.004784    0.025411    0.218585    0.218585 v _125_/Q (sg13g2_dfrbpq_1)
                                                         memory[5] (net)
                      0.025411    0.000000    0.218585 v _105_/A0 (sg13g2_mux2_1)
     1    0.001430    0.025039    0.101374    0.319958 v _105_/X (sg13g2_mux2_1)
                                                         _011_ (net)
                      0.025039    0.000000    0.319958 v _125_/D (sg13g2_dfrbpq_1)
                                              0.319958   data arrival time

                      0.150000    0.000000    0.000000   clock clk (rise edge)
                                  0.000000    0.000000   clock network delay (ideal)
                                  0.250000    0.250000   clock uncertainty
                                  0.000000    0.250000   clock reconvergence pessimism
                                              0.250000 ^ _125_/CLK (sg13g2_dfrbpq_1)
                                 -0.008874    0.241126   library hold time
                                              0.241126   data required time
---------------------------------------------------------------------------------------------
                                              0.241126   data required time
                                             -0.319958   data arrival time
---------------------------------------------------------------------------------------------
                                              0.078832   slack (MET)


Startpoint: _129_ (rising edge-triggered flip-flop clocked by clk)
Endpoint: _129_ (rising edge-triggered flip-flop clocked by clk)
Path Group: clk
Path Type: min

Fanout         Cap        Slew       Delay        Time   Description
---------------------------------------------------------------------------------------------
                      0.150000    0.000000    0.000000   clock clk (rise edge)
                                  0.000000    0.000000   clock network delay (ideal)
                      0.150000    0.000000    0.000000 ^ _129_/CLK (sg13g2_dfrbpq_1)
     2    0.004784    0.025411    0.218585    0.218585 v _129_/Q (sg13g2_dfrbpq_1)
                                                         memory[9] (net)
                      0.025411    0.000000    0.218585 v _113_/A0 (sg13g2_mux2_1)
     1    0.001430    0.025039    0.101374    0.319958 v _113_/X (sg13g2_mux2_1)
                                                         _015_ (net)
                      0.025039    0.000000    0.319958 v _129_/D (sg13g2_dfrbpq_1)
                                              0.319958   data arrival time

                      0.150000    0.000000    0.000000   clock clk (rise edge)
                                  0.000000    0.000000   clock network delay (ideal)
                                  0.250000    0.250000   clock uncertainty
                                  0.000000    0.250000   clock reconvergence pessimism
                                              0.250000 ^ _129_/CLK (sg13g2_dfrbpq_1)
                                 -0.008874    0.241126   library hold time
                                              0.241126   data required time
---------------------------------------------------------------------------------------------
                                              0.241126   data required time
                                             -0.319958   data arrival time
---------------------------------------------------------------------------------------------
                                              0.078832   slack (MET)


Startpoint: _119_ (rising edge-triggered flip-flop clocked by clk)
Endpoint: _119_ (rising edge-triggered flip-flop clocked by clk)
Path Group: clk
Path Type: min

Fanout         Cap        Slew       Delay        Time   Description
---------------------------------------------------------------------------------------------
                      0.150000    0.000000    0.000000   clock clk (rise edge)
                                  0.000000    0.000000   clock network delay (ideal)
                      0.150000    0.000000    0.000000 ^ _119_/CLK (sg13g2_dfrbpq_1)
     2    0.004816    0.025502    0.218663    0.218663 v _119_/Q (sg13g2_dfrbpq_1)
                                                         memory[14] (net)
                      0.025502    0.000000    0.218663 v _093_/A0 (sg13g2_mux2_1)
     1    0.001430    0.025036    0.101411    0.320073 v _093_/X (sg13g2_mux2_1)
                                                         _005_ (net)
                      0.025036    0.000000    0.320073 v _119_/D (sg13g2_dfrbpq_1)
                                              0.320073   data arrival time

                      0.150000    0.000000    0.000000   clock clk (rise edge)
                                  0.000000    0.000000   clock network delay (ideal)
                                  0.250000    0.250000   clock uncertainty
                                  0.000000    0.250000   clock reconvergence pessimism
                                              0.250000 ^ _119_/CLK (sg13g2_dfrbpq_1)
                                 -0.008873    0.241127   library hold time
                                              0.241127   data required time
---------------------------------------------------------------------------------------------
                                              0.241127   data required time
                                             -0.320073   data arrival time
---------------------------------------------------------------------------------------------
                                              0.078946   slack (MET)


Startpoint: _122_ (rising edge-triggered flip-flop clocked by clk)
Endpoint: _122_ (rising edge-triggered flip-flop clocked by clk)
Path Group: clk
Path Type: min

Fanout         Cap        Slew       Delay        Time   Description
---------------------------------------------------------------------------------------------
                      0.150000    0.000000    0.000000   clock clk (rise edge)
                                  0.000000    0.000000   clock network delay (ideal)
                      0.150000    0.000000    0.000000 ^ _122_/CLK (sg13g2_dfrbpq_1)
     2    0.004816    0.025502    0.218663    0.218663 v _122_/Q (sg13g2_dfrbpq_1)
                                                         memory[2] (net)
                      0.025502    0.000000    0.218663 v _099_/A0 (sg13g2_mux2_1)
     1    0.001430    0.025036    0.101411    0.320073 v _099_/X (sg13g2_mux2_1)
                                                         _008_ (net)
                      0.025036    0.000000    0.320073 v _122_/D (sg13g2_dfrbpq_1)
                                              0.320073   data arrival time

                      0.150000    0.000000    0.000000   clock clk (rise edge)
                                  0.000000    0.000000   clock network delay (ideal)
                                  0.250000    0.250000   clock uncertainty
                                  0.000000    0.250000   clock reconvergence pessimism
                                              0.250000 ^ _122_/CLK (sg13g2_dfrbpq_1)
                                 -0.008873    0.241127   library hold time
                                              0.241127   data required time
---------------------------------------------------------------------------------------------
                                              0.241127   data required time
                                             -0.320073   data arrival time
---------------------------------------------------------------------------------------------
                                              0.078946   slack (MET)


Startpoint: _115_ (rising edge-triggered flip-flop clocked by clk)
Endpoint: _115_ (rising edge-triggered flip-flop clocked by clk)
Path Group: clk
Path Type: min

Fanout         Cap        Slew       Delay        Time   Description
---------------------------------------------------------------------------------------------
                      0.150000    0.000000    0.000000   clock clk (rise edge)
                                  0.000000    0.000000   clock network delay (ideal)
                      0.150000    0.000000    0.000000 ^ _115_/CLK (sg13g2_dfrbpq_1)
     2    0.004816    0.025502    0.218663    0.218663 v _115_/Q (sg13g2_dfrbpq_1)
                                                         memory[10] (net)
                      0.025502    0.000000    0.218663 v _085_/A0 (sg13g2_mux2_1)
     1    0.001430    0.025039    0.101411    0.320073 v _085_/X (sg13g2_mux2_1)
                                                         _001_ (net)
                      0.025039    0.000000    0.320073 v _115_/D (sg13g2_dfrbpq_1)
                                              0.320073   data arrival time

                      0.150000    0.000000    0.000000   clock clk (rise edge)
                                  0.000000    0.000000   clock network delay (ideal)
                                  0.250000    0.250000   clock uncertainty
                                  0.000000    0.250000   clock reconvergence pessimism
                                              0.250000 ^ _115_/CLK (sg13g2_dfrbpq_1)
                                 -0.008874    0.241126   library hold time
                                              0.241126   data required time
---------------------------------------------------------------------------------------------
                                              0.241126   data required time
                                             -0.320073   data arrival time
---------------------------------------------------------------------------------------------
                                              0.078948   slack (MET)


Startpoint: _126_ (rising edge-triggered flip-flop clocked by clk)
Endpoint: _126_ (rising edge-triggered flip-flop clocked by clk)
Path Group: clk
Path Type: min

Fanout         Cap        Slew       Delay        Time   Description
---------------------------------------------------------------------------------------------
                      0.150000    0.000000    0.000000   clock clk (rise edge)
                                  0.000000    0.000000   clock network delay (ideal)
                      0.150000    0.000000    0.000000 ^ _126_/CLK (sg13g2_dfrbpq_1)
     2    0.004816    0.025502    0.218663    0.218663 v _126_/Q (sg13g2_dfrbpq_1)
                                                         memory[6] (net)
                      0.025502    0.000000    0.218663 v _107_/A0 (sg13g2_mux2_1)
     1    0.001430    0.025039    0.101411    0.320073 v _107_/X (sg13g2_mux2_1)
                                                         _012_ (net)
                      0.025039    0.000000    0.320073 v _126_/D (sg13g2_dfrbpq_1)
                                              0.320073   data arrival time

                      0.150000    0.000000    0.000000   clock clk (rise edge)
                                  0.000000    0.000000   clock network delay (ideal)
                                  0.250000    0.250000   clock uncertainty
                                  0.000000    0.250000   clock reconvergence pessimism
                                              0.250000 ^ _126_/CLK (sg13g2_dfrbpq_1)
                                 -0.008874    0.241126   library hold time
                                              0.241126   data required time
---------------------------------------------------------------------------------------------
                                              0.241126   data required time
                                             -0.320073   data arrival time
---------------------------------------------------------------------------------------------
                                              0.078948   slack (MET)


Startpoint: _114_ (rising edge-triggered flip-flop clocked by clk)
Endpoint: _114_ (rising edge-triggered flip-flop clocked by clk)
Path Group: clk
Path Type: min

Fanout         Cap        Slew       Delay        Time   Description
---------------------------------------------------------------------------------------------
                      0.150000    0.000000    0.000000   clock clk (rise edge)
                                  0.000000    0.000000   clock network delay (ideal)
                      0.150000    0.000000    0.000000 ^ _114_/CLK (sg13g2_dfrbpq_1)
     2    0.004834    0.025552    0.218706    0.218706 v _114_/Q (sg13g2_dfrbpq_1)
                                                         memory[0] (net)
                      0.025552    0.000000    0.218706 v _083_/A0 (sg13g2_mux2_1)
     1    0.001430    0.025049    0.101431    0.320136 v _083_/X (sg13g2_mux2_1)
                                                         _000_ (net)
                      0.025049    0.000000    0.320136 v _114_/D (sg13g2_dfrbpq_1)
                                              0.320136   data arrival time

                      0.150000    0.000000    0.000000   clock clk (rise edge)
                                  0.000000    0.000000   clock network delay (ideal)
                                  0.250000    0.250000   clock uncertainty
                                  0.000000    0.250000   clock reconvergence pessimism
                                              0.250000 ^ _114_/CLK (sg13g2_dfrbpq_1)
                                 -0.008877    0.241123   library hold time
                                              0.241123   data required time
---------------------------------------------------------------------------------------------
                                              0.241123   data required time
                                             -0.320136   data arrival time
---------------------------------------------------------------------------------------------
                                              0.079014   slack (MET)


Startpoint: _117_ (rising edge-triggered flip-flop clocked by clk)
Endpoint: _117_ (rising edge-triggered flip-flop clocked by clk)
Path Group: clk
Path Type: min

Fanout         Cap        Slew       Delay        Time   Description
---------------------------------------------------------------------------------------------
                      0.150000    0.000000    0.000000   clock clk (rise edge)
                                  0.000000    0.000000   clock network delay (ideal)
                      0.150000    0.000000    0.000000 ^ _117_/CLK (sg13g2_dfrbpq_1)
     2    0.004834    0.025552    0.218706    0.218706 v _117_/Q (sg13g2_dfrbpq_1)
                                                         memory[12] (net)
                      0.025552    0.000000    0.218706 v _089_/A0 (sg13g2_mux2_1)
     1    0.001430    0.025049    0.101431    0.320136 v _089_/X (sg13g2_mux2_1)
                                                         _003_ (net)
                      0.025049    0.000000    0.320136 v _117_/D (sg13g2_dfrbpq_1)
                                              0.320136   data arrival time

                      0.150000    0.000000    0.000000   clock clk (rise edge)
                                  0.000000    0.000000   clock network delay (ideal)
                                  0.250000    0.250000   clock uncertainty
                                  0.000000    0.250000   clock reconvergence pessimism
                                              0.250000 ^ _117_/CLK (sg13g2_dfrbpq_1)
                                 -0.008877    0.241123   library hold time
                                              0.241123   data required time
---------------------------------------------------------------------------------------------
                                              0.241123   data required time
                                             -0.320136   data arrival time
---------------------------------------------------------------------------------------------
                                              0.079014   slack (MET)


Startpoint: _124_ (rising edge-triggered flip-flop clocked by clk)
Endpoint: _124_ (rising edge-triggered flip-flop clocked by clk)
Path Group: clk
Path Type: min

Fanout         Cap        Slew       Delay        Time   Description
---------------------------------------------------------------------------------------------
                      0.150000    0.000000    0.000000   clock clk (rise edge)
                                  0.000000    0.000000   clock network delay (ideal)
                      0.150000    0.000000    0.000000 ^ _124_/CLK (sg13g2_dfrbpq_1)
     2    0.004834    0.025552    0.218706    0.218706 v _124_/Q (sg13g2_dfrbpq_1)
                                                         memory[4] (net)
                      0.025552    0.000000    0.218706 v _103_/A0 (sg13g2_mux2_1)
     1    0.001430    0.025053    0.101431    0.320136 v _103_/X (sg13g2_mux2_1)
                                                         _010_ (net)
                      0.025053    0.000000    0.320136 v _124_/D (sg13g2_dfrbpq_1)
                                              0.320136   data arrival time

                      0.150000    0.000000    0.000000   clock clk (rise edge)
                                  0.000000    0.000000   clock network delay (ideal)
                                  0.250000    0.250000   clock uncertainty
                                  0.000000    0.250000   clock reconvergence pessimism
                                              0.250000 ^ _124_/CLK (sg13g2_dfrbpq_1)
                                 -0.008878    0.241122   library hold time
                                              0.241122   data required time
---------------------------------------------------------------------------------------------
                                              0.241122   data required time
                                             -0.320136   data arrival time
---------------------------------------------------------------------------------------------
                                              0.079015   slack (MET)


Startpoint: _128_ (rising edge-triggered flip-flop clocked by clk)
Endpoint: _128_ (rising edge-triggered flip-flop clocked by clk)
Path Group: clk
Path Type: min

Fanout         Cap        Slew       Delay        Time   Description
---------------------------------------------------------------------------------------------
                      0.150000    0.000000    0.000000   clock clk (rise edge)
                                  0.000000    0.000000   clock network delay (ideal)
                      0.150000    0.000000    0.000000 ^ _128_/CLK (sg13g2_dfrbpq_1)
     2    0.004834    0.025552    0.218706    0.218706 v _128_/Q (sg13g2_dfrbpq_1)
                                                         memory[8] (net)
                      0.025552    0.000000    0.218706 v _111_/A0 (sg13g2_mux2_1)
     1    0.001430    0.025053    0.101431    0.320136 v _111_/X (sg13g2_mux2_1)
                                                         _014_ (net)
                      0.025053    0.000000    0.320136 v _128_/D (sg13g2_dfrbpq_1)
                                              0.320136   data arrival time

                      0.150000    0.000000    0.000000   clock clk (rise edge)
                                  0.000000    0.000000   clock network delay (ideal)
                                  0.250000    0.250000   clock uncertainty
                                  0.000000    0.250000   clock reconvergence pessimism
                                              0.250000 ^ _128_/CLK (sg13g2_dfrbpq_1)
                                 -0.008878    0.241122   library hold time
                                              0.241122   data required time
---------------------------------------------------------------------------------------------
                                              0.241122   data required time
                                             -0.320136   data arrival time
---------------------------------------------------------------------------------------------
                                              0.079015   slack (MET)


Startpoint: _120_ (rising edge-triggered flip-flop clocked by clk)
Endpoint: _120_ (rising edge-triggered flip-flop clocked by clk)
Path Group: clk
Path Type: min

Fanout         Cap        Slew       Delay        Time   Description
---------------------------------------------------------------------------------------------
                      0.150000    0.000000    0.000000   clock clk (rise edge)
                                  0.000000    0.000000   clock network delay (ideal)
                      0.150000    0.000000    0.000000 ^ _120_/CLK (sg13g2_dfrbpq_1)
     2    0.004859    0.025626    0.218769    0.218769 v _120_/Q (sg13g2_dfrbpq_1)
                                                         memory[15] (net)
                      0.025626    0.000000    0.218769 v _095_/A0 (sg13g2_mux2_1)
     1    0.001430    0.025036    0.101461    0.320229 v _095_/X (sg13g2_mux2_1)
                                                         _006_ (net)
                      0.025036    0.000000    0.320229 v _120_/D (sg13g2_dfrbpq_1)
                                              0.320229   data arrival time

                      0.150000    0.000000    0.000000   clock clk (rise edge)
                                  0.000000    0.000000   clock network delay (ideal)
                                  0.250000    0.250000   clock uncertainty
                                  0.000000    0.250000   clock reconvergence pessimism
                                              0.250000 ^ _120_/CLK (sg13g2_dfrbpq_1)
                                 -0.008873    0.241127   library hold time
                                              0.241127   data required time
---------------------------------------------------------------------------------------------
                                              0.241127   data required time
                                             -0.320229   data arrival time
---------------------------------------------------------------------------------------------
                                              0.079103   slack (MET)


Startpoint: _123_ (rising edge-triggered flip-flop clocked by clk)
Endpoint: _123_ (rising edge-triggered flip-flop clocked by clk)
Path Group: clk
Path Type: min

Fanout         Cap        Slew       Delay        Time   Description
---------------------------------------------------------------------------------------------
                      0.150000    0.000000    0.000000   clock clk (rise edge)
                                  0.000000    0.000000   clock network delay (ideal)
                      0.150000    0.000000    0.000000 ^ _123_/CLK (sg13g2_dfrbpq_1)
     2    0.004859    0.025626    0.218769    0.218769 v _123_/Q (sg13g2_dfrbpq_1)
                                                         memory[3] (net)
                      0.025626    0.000000    0.218769 v _101_/A0 (sg13g2_mux2_1)
     1    0.001430    0.025036    0.101461    0.320229 v _101_/X (sg13g2_mux2_1)
                                                         _009_ (net)
                      0.025036    0.000000    0.320229 v _123_/D (sg13g2_dfrbpq_1)
                                              0.320229   data arrival time

                      0.150000    0.000000    0.000000   clock clk (rise edge)
                                  0.000000    0.000000   clock network delay (ideal)
                                  0.250000    0.250000   clock uncertainty
                                  0.000000    0.250000   clock reconvergence pessimism
                                              0.250000 ^ _123_/CLK (sg13g2_dfrbpq_1)
                                 -0.008873    0.241127   library hold time
                                              0.241127   data required time
---------------------------------------------------------------------------------------------
                                              0.241127   data required time
                                             -0.320229   data arrival time
---------------------------------------------------------------------------------------------
                                              0.079102   slack (MET)


Startpoint: _116_ (rising edge-triggered flip-flop clocked by clk)
Endpoint: _116_ (rising edge-triggered flip-flop clocked by clk)
Path Group: clk
Path Type: min

Fanout         Cap        Slew       Delay        Time   Description
---------------------------------------------------------------------------------------------
                      0.150000    0.000000    0.000000   clock clk (rise edge)
                                  0.000000    0.000000   clock network delay (ideal)
                      0.150000    0.000000    0.000000 ^ _116_/CLK (sg13g2_dfrbpq_1)
     2    0.004859    0.025626    0.218769    0.218769 v _116_/Q (sg13g2_dfrbpq_1)
                                                         memory[11] (net)
                      0.025626    0.000000    0.218769 v _087_/A0 (sg13g2_mux2_1)
     1    0.001430    0.025039    0.101461    0.320229 v _087_/X (sg13g2_mux2_1)
                                                         _002_ (net)
                      0.025039    0.000000    0.320229 v _116_/D (sg13g2_dfrbpq_1)
                                              0.320229   data arrival time

                      0.150000    0.000000    0.000000   clock clk (rise edge)
                                  0.000000    0.000000   clock network delay (ideal)
                                  0.250000    0.250000   clock uncertainty
                                  0.000000    0.250000   clock reconvergence pessimism
                                              0.250000 ^ _116_/CLK (sg13g2_dfrbpq_1)
                                 -0.008874    0.241126   library hold time
                                              0.241126   data required time
---------------------------------------------------------------------------------------------
                                              0.241126   data required time
                                             -0.320229   data arrival time
---------------------------------------------------------------------------------------------
                                              0.079104   slack (MET)


Startpoint: _127_ (rising edge-triggered flip-flop clocked by clk)
Endpoint: _127_ (rising edge-triggered flip-flop clocked by clk)
Path Group: clk
Path Type: min

Fanout         Cap        Slew       Delay        Time   Description
---------------------------------------------------------------------------------------------
                      0.150000    0.000000    0.000000   clock clk (rise edge)
                                  0.000000    0.000000   clock network delay (ideal)
                      0.150000    0.000000    0.000000 ^ _127_/CLK (sg13g2_dfrbpq_1)
     2    0.004859    0.025626    0.218769    0.218769 v _127_/Q (sg13g2_dfrbpq_1)
                                                         memory[7] (net)
                      0.025626    0.000000    0.218769 v _109_/A0 (sg13g2_mux2_1)
     1    0.001430    0.025039    0.101461    0.320229 v _109_/X (sg13g2_mux2_1)
                                                         _013_ (net)
                      0.025039    0.000000    0.320229 v _127_/D (sg13g2_dfrbpq_1)
                                              0.320229   data arrival time

                      0.150000    0.000000    0.000000   clock clk (rise edge)
                                  0.000000    0.000000   clock network delay (ideal)
                                  0.250000    0.250000   clock uncertainty
                                  0.000000    0.250000   clock reconvergence pessimism
                                              0.250000 ^ _127_/CLK (sg13g2_dfrbpq_1)
                                 -0.008874    0.241126   library hold time
                                              0.241126   data required time
---------------------------------------------------------------------------------------------
                                              0.241126   data required time
                                             -0.320229   data arrival time
---------------------------------------------------------------------------------------------
                                              0.079104   slack (MET)


Startpoint: _121_ (rising edge-triggered flip-flop clocked by clk)
Endpoint: data_out (output port clocked by clk)
Path Group: clk
Path Type: min

Fanout         Cap        Slew       Delay        Time   Description
---------------------------------------------------------------------------------------------
                      0.150000    0.000000    0.000000   clock clk (rise edge)
                                  0.000000    0.000000   clock network delay (ideal)
                      0.150000    0.000000    0.000000 ^ _121_/CLK (sg13g2_dfrbpq_1)
     2    0.004939    0.032295    0.223145    0.223145 ^ _121_/Q (sg13g2_dfrbpq_1)
                                                         memory[1] (net)
                      0.032295    0.000000    0.223145 ^ _067_/A1 (sg13g2_mux4_1)
     1    0.002702    0.031752    0.145370    0.368515 ^ _067_/X (sg13g2_mux4_1)
                                                         _019_ (net)
                      0.031752    0.000000    0.368515 ^ _069_/B (sg13g2_nand2b_1)
     2    0.004522    0.042136    0.056992    0.425507 v _069_/Y (sg13g2_nand2b_1)
                                                         _021_ (net)
                      0.042136    0.000000    0.425507 v _080_/A (sg13g2_nand4_1)
     1    0.006000    0.043904    0.050262    0.475769 ^ _080_/Y (sg13g2_nand4_1)
                                                         data_out (net)
                      0.043904    0.000000    0.475769 ^ data_out (out)
                                              0.475769   data arrival time

                      0.150000    0.000000    0.000000   clock clk (rise edge)
                                  0.000000    0.000000   clock network delay (ideal)
                                  0.250000    0.250000   clock uncertainty
                                  0.000000    0.250000   clock reconvergence pessimism
                                 -2.000000   -1.750000   output external delay
                                             -1.750000   data required time
---------------------------------------------------------------------------------------------
                                             -1.750000   data required time
                                             -0.475769   data arrival time
---------------------------------------------------------------------------------------------
                                              2.225769   slack (MET)


Startpoint: _121_ (rising edge-triggered flip-flop clocked by clk)
Endpoint: data_out_bar (output port clocked by clk)
Path Group: clk
Path Type: min

Fanout         Cap        Slew       Delay        Time   Description
---------------------------------------------------------------------------------------------
                      0.150000    0.000000    0.000000   clock clk (rise edge)
                                  0.000000    0.000000   clock network delay (ideal)
                      0.150000    0.000000    0.000000 ^ _121_/CLK (sg13g2_dfrbpq_1)
     2    0.004939    0.032295    0.223145    0.223145 ^ _121_/Q (sg13g2_dfrbpq_1)
                                                         memory[1] (net)
                      0.032295    0.000000    0.223145 ^ _067_/A1 (sg13g2_mux4_1)
     1    0.002702    0.031752    0.145370    0.368515 ^ _067_/X (sg13g2_mux4_1)
                                                         _019_ (net)
                      0.031752    0.000000    0.368515 ^ _069_/B (sg13g2_nand2b_1)
     2    0.004522    0.042136    0.056992    0.425507 v _069_/Y (sg13g2_nand2b_1)
                                                         _021_ (net)
                      0.042136    0.000000    0.425507 v _079_/A (sg13g2_and4_1)
     1    0.006000    0.031404    0.087137    0.512644 v _079_/X (sg13g2_and4_1)
                                                         data_out_bar (net)
                      0.031404    0.000000    0.512644 v data_out_bar (out)
                                              0.512644   data arrival time

                      0.150000    0.000000    0.000000   clock clk (rise edge)
                                  0.000000    0.000000   clock network delay (ideal)
                                  0.250000    0.250000   clock uncertainty
                                  0.000000    0.250000   clock reconvergence pessimism
                                 -2.000000   -1.750000   output external delay
                                             -1.750000   data required time
---------------------------------------------------------------------------------------------
                                             -1.750000   data required time
                                             -0.512644   data arrival time
---------------------------------------------------------------------------------------------
                                              2.262644   slack (MET)



