
===========================================================================
report_checks -path_delay min (Hold)
============================================================================
======================= nom_typ_1p20V_25C Corner ===================================

Startpoint: _121_ (rising edge-triggered flip-flop clocked by clk)
Endpoint: _121_ (rising edge-triggered flip-flop clocked by clk)
Path Group: clk
Path Type: min

Fanout         Cap        Slew       Delay        Time   Description
---------------------------------------------------------------------------------------------
                      0.150000    0.000000    0.000000   clock clk (rise edge)
                                  0.000000    0.000000   clock network delay (ideal)
                      0.150000    0.000000    0.000000 ^ _121_/CLK (sg13g2_dfrbpq_1)
     2    0.005457    0.027336    0.220269    0.220269 v _121_/Q (sg13g2_dfrbpq_1)
                                                         memory[1] (net)
                      0.027336    0.000000    0.220269 v _097_/A0 (sg13g2_mux2_1)
     1    0.001430    0.025057    0.102154    0.322423 v _097_/X (sg13g2_mux2_1)
                                                         _007_ (net)
                      0.025057    0.000000    0.322423 v _121_/D (sg13g2_dfrbpq_1)
                                              0.322423   data arrival time

                      0.150000    0.000000    0.000000   clock clk (rise edge)
                                  0.000000    0.000000   clock network delay (ideal)
                                  0.250000    0.250000   clock uncertainty
                                  0.000000    0.250000   clock reconvergence pessimism
                                              0.250000 ^ _121_/CLK (sg13g2_dfrbpq_1)
                                 -0.008880    0.241120   library hold time
                                              0.241120   data required time
---------------------------------------------------------------------------------------------
                                              0.241120   data required time
                                             -0.322423   data arrival time
---------------------------------------------------------------------------------------------
                                              0.081303   slack (MET)


Startpoint: _118_ (rising edge-triggered flip-flop clocked by clk)
Endpoint: _118_ (rising edge-triggered flip-flop clocked by clk)
Path Group: clk
Path Type: min

Fanout         Cap        Slew       Delay        Time   Description
---------------------------------------------------------------------------------------------
                      0.150000    0.000000    0.000000   clock clk (rise edge)
                                  0.000000    0.000000   clock network delay (ideal)
                      0.150000    0.000000    0.000000 ^ _118_/CLK (sg13g2_dfrbpq_1)
     2    0.005457    0.027336    0.220269    0.220269 v _118_/Q (sg13g2_dfrbpq_1)
                                                         memory[13] (net)
                      0.027336    0.000000    0.220269 v _091_/A0 (sg13g2_mux2_1)
     1    0.001430    0.025058    0.102154    0.322423 v _091_/X (sg13g2_mux2_1)
                                                         _004_ (net)
                      0.025058    0.000000    0.322423 v _118_/D (sg13g2_dfrbpq_1)
                                              0.322423   data arrival time

                      0.150000    0.000000    0.000000   clock clk (rise edge)
                                  0.000000    0.000000   clock network delay (ideal)
                                  0.250000    0.250000   clock uncertainty
                                  0.000000    0.250000   clock reconvergence pessimism
                                              0.250000 ^ _118_/CLK (sg13g2_dfrbpq_1)
                                 -0.008880    0.241120   library hold time
                                              0.241120   data required time
---------------------------------------------------------------------------------------------
                                              0.241120   data required time
                                             -0.322423   data arrival time
---------------------------------------------------------------------------------------------
                                              0.081303   slack (MET)


Startpoint: _125_ (rising edge-triggered flip-flop clocked by clk)
Endpoint: _125_ (rising edge-triggered flip-flop clocked by clk)
Path Group: clk
Path Type: min

Fanout         Cap        Slew       Delay        Time   Description
---------------------------------------------------------------------------------------------
                      0.150000    0.000000    0.000000   clock clk (rise edge)
                                  0.000000    0.000000   clock network delay (ideal)
                      0.150000    0.000000    0.000000 ^ _125_/CLK (sg13g2_dfrbpq_1)
     2    0.005457    0.027336    0.220269    0.220269 v _125_/Q (sg13g2_dfrbpq_1)
                                                         memory[5] (net)
                      0.027336    0.000000    0.220269 v _105_/A0 (sg13g2_mux2_1)
     1    0.001430    0.025061    0.102154    0.322423 v _105_/X (sg13g2_mux2_1)
                                                         _011_ (net)
                      0.025061    0.000000    0.322423 v _125_/D (sg13g2_dfrbpq_1)
                                              0.322423   data arrival time

                      0.150000    0.000000    0.000000   clock clk (rise edge)
                                  0.000000    0.000000   clock network delay (ideal)
                                  0.250000    0.250000   clock uncertainty
                                  0.000000    0.250000   clock reconvergence pessimism
                                              0.250000 ^ _125_/CLK (sg13g2_dfrbpq_1)
                                 -0.008881    0.241119   library hold time
                                              0.241119   data required time
---------------------------------------------------------------------------------------------
                                              0.241119   data required time
                                             -0.322423   data arrival time
---------------------------------------------------------------------------------------------
                                              0.081304   slack (MET)


Startpoint: _129_ (rising edge-triggered flip-flop clocked by clk)
Endpoint: _129_ (rising edge-triggered flip-flop clocked by clk)
Path Group: clk
Path Type: min

Fanout         Cap        Slew       Delay        Time   Description
---------------------------------------------------------------------------------------------
                      0.150000    0.000000    0.000000   clock clk (rise edge)
                                  0.000000    0.000000   clock network delay (ideal)
                      0.150000    0.000000    0.000000 ^ _129_/CLK (sg13g2_dfrbpq_1)
     2    0.005457    0.027336    0.220269    0.220269 v _129_/Q (sg13g2_dfrbpq_1)
                                                         memory[9] (net)
                      0.027336    0.000000    0.220269 v _113_/A0 (sg13g2_mux2_1)
     1    0.001430    0.025061    0.102154    0.322423 v _113_/X (sg13g2_mux2_1)
                                                         _015_ (net)
                      0.025061    0.000000    0.322423 v _129_/D (sg13g2_dfrbpq_1)
                                              0.322423   data arrival time

                      0.150000    0.000000    0.000000   clock clk (rise edge)
                                  0.000000    0.000000   clock network delay (ideal)
                                  0.250000    0.250000   clock uncertainty
                                  0.000000    0.250000   clock reconvergence pessimism
                                              0.250000 ^ _129_/CLK (sg13g2_dfrbpq_1)
                                 -0.008881    0.241119   library hold time
                                              0.241119   data required time
---------------------------------------------------------------------------------------------
                                              0.241119   data required time
                                             -0.322423   data arrival time
---------------------------------------------------------------------------------------------
                                              0.081304   slack (MET)


Startpoint: _122_ (rising edge-triggered flip-flop clocked by clk)
Endpoint: _122_ (rising edge-triggered flip-flop clocked by clk)
Path Group: clk
Path Type: min

Fanout         Cap        Slew       Delay        Time   Description
---------------------------------------------------------------------------------------------
                      0.150000    0.000000    0.000000   clock clk (rise edge)
                                  0.000000    0.000000   clock network delay (ideal)
                      0.150000    0.000000    0.000000 ^ _122_/CLK (sg13g2_dfrbpq_1)
     2    0.005477    0.027394    0.220319    0.220319 v _122_/Q (sg13g2_dfrbpq_1)
                                                         memory[2] (net)
                      0.027394    0.000000    0.220319 v _099_/A0 (sg13g2_mux2_1)
     1    0.001430    0.025057    0.102178    0.322497 v _099_/X (sg13g2_mux2_1)
                                                         _008_ (net)
                      0.025057    0.000000    0.322497 v _122_/D (sg13g2_dfrbpq_1)
                                              0.322497   data arrival time

                      0.150000    0.000000    0.000000   clock clk (rise edge)
                                  0.000000    0.000000   clock network delay (ideal)
                                  0.250000    0.250000   clock uncertainty
                                  0.000000    0.250000   clock reconvergence pessimism
                                              0.250000 ^ _122_/CLK (sg13g2_dfrbpq_1)
                                 -0.008880    0.241120   library hold time
                                              0.241120   data required time
---------------------------------------------------------------------------------------------
                                              0.241120   data required time
                                             -0.322497   data arrival time
---------------------------------------------------------------------------------------------
                                              0.081377   slack (MET)


Startpoint: _119_ (rising edge-triggered flip-flop clocked by clk)
Endpoint: _119_ (rising edge-triggered flip-flop clocked by clk)
Path Group: clk
Path Type: min

Fanout         Cap        Slew       Delay        Time   Description
---------------------------------------------------------------------------------------------
                      0.150000    0.000000    0.000000   clock clk (rise edge)
                                  0.000000    0.000000   clock network delay (ideal)
                      0.150000    0.000000    0.000000 ^ _119_/CLK (sg13g2_dfrbpq_1)
     2    0.005477    0.027394    0.220319    0.220319 v _119_/Q (sg13g2_dfrbpq_1)
                                                         memory[14] (net)
                      0.027394    0.000000    0.220319 v _093_/A0 (sg13g2_mux2_1)
     1    0.001430    0.025058    0.102178    0.322497 v _093_/X (sg13g2_mux2_1)
                                                         _005_ (net)
                      0.025058    0.000000    0.322497 v _119_/D (sg13g2_dfrbpq_1)
                                              0.322497   data arrival time

                      0.150000    0.000000    0.000000   clock clk (rise edge)
                                  0.000000    0.000000   clock network delay (ideal)
                                  0.250000    0.250000   clock uncertainty
                                  0.000000    0.250000   clock reconvergence pessimism
                                              0.250000 ^ _119_/CLK (sg13g2_dfrbpq_1)
                                 -0.008880    0.241120   library hold time
                                              0.241120   data required time
---------------------------------------------------------------------------------------------
                                              0.241120   data required time
                                             -0.322497   data arrival time
---------------------------------------------------------------------------------------------
                                              0.081377   slack (MET)


Startpoint: _115_ (rising edge-triggered flip-flop clocked by clk)
Endpoint: _115_ (rising edge-triggered flip-flop clocked by clk)
Path Group: clk
Path Type: min

Fanout         Cap        Slew       Delay        Time   Description
---------------------------------------------------------------------------------------------
                      0.150000    0.000000    0.000000   clock clk (rise edge)
                                  0.000000    0.000000   clock network delay (ideal)
                      0.150000    0.000000    0.000000 ^ _115_/CLK (sg13g2_dfrbpq_1)
     2    0.005477    0.027394    0.220319    0.220319 v _115_/Q (sg13g2_dfrbpq_1)
                                                         memory[10] (net)
                      0.027394    0.000000    0.220319 v _085_/A0 (sg13g2_mux2_1)
     1    0.001430    0.025061    0.102178    0.322497 v _085_/X (sg13g2_mux2_1)
                                                         _001_ (net)
                      0.025061    0.000000    0.322497 v _115_/D (sg13g2_dfrbpq_1)
                                              0.322497   data arrival time

                      0.150000    0.000000    0.000000   clock clk (rise edge)
                                  0.000000    0.000000   clock network delay (ideal)
                                  0.250000    0.250000   clock uncertainty
                                  0.000000    0.250000   clock reconvergence pessimism
                                              0.250000 ^ _115_/CLK (sg13g2_dfrbpq_1)
                                 -0.008881    0.241119   library hold time
                                              0.241119   data required time
---------------------------------------------------------------------------------------------
                                              0.241119   data required time
                                             -0.322497   data arrival time
---------------------------------------------------------------------------------------------
                                              0.081378   slack (MET)


Startpoint: _126_ (rising edge-triggered flip-flop clocked by clk)
Endpoint: _126_ (rising edge-triggered flip-flop clocked by clk)
Path Group: clk
Path Type: min

Fanout         Cap        Slew       Delay        Time   Description
---------------------------------------------------------------------------------------------
                      0.150000    0.000000    0.000000   clock clk (rise edge)
                                  0.000000    0.000000   clock network delay (ideal)
                      0.150000    0.000000    0.000000 ^ _126_/CLK (sg13g2_dfrbpq_1)
     2    0.005477    0.027394    0.220319    0.220319 v _126_/Q (sg13g2_dfrbpq_1)
                                                         memory[6] (net)
                      0.027394    0.000000    0.220319 v _107_/A0 (sg13g2_mux2_1)
     1    0.001430    0.025061    0.102178    0.322497 v _107_/X (sg13g2_mux2_1)
                                                         _012_ (net)
                      0.025061    0.000000    0.322497 v _126_/D (sg13g2_dfrbpq_1)
                                              0.322497   data arrival time

                      0.150000    0.000000    0.000000   clock clk (rise edge)
                                  0.000000    0.000000   clock network delay (ideal)
                                  0.250000    0.250000   clock uncertainty
                                  0.000000    0.250000   clock reconvergence pessimism
                                              0.250000 ^ _126_/CLK (sg13g2_dfrbpq_1)
                                 -0.008881    0.241119   library hold time
                                              0.241119   data required time
---------------------------------------------------------------------------------------------
                                              0.241119   data required time
                                             -0.322497   data arrival time
---------------------------------------------------------------------------------------------
                                              0.081378   slack (MET)


Startpoint: _114_ (rising edge-triggered flip-flop clocked by clk)
Endpoint: _114_ (rising edge-triggered flip-flop clocked by clk)
Path Group: clk
Path Type: min

Fanout         Cap        Slew       Delay        Time   Description
---------------------------------------------------------------------------------------------
                      0.150000    0.000000    0.000000   clock clk (rise edge)
                                  0.000000    0.000000   clock network delay (ideal)
                      0.150000    0.000000    0.000000 ^ _114_/CLK (sg13g2_dfrbpq_1)
     2    0.005477    0.027393    0.220318    0.220318 v _114_/Q (sg13g2_dfrbpq_1)
                                                         memory[0] (net)
                      0.027393    0.000000    0.220318 v _083_/A0 (sg13g2_mux2_1)
     1    0.001430    0.025071    0.102178    0.322495 v _083_/X (sg13g2_mux2_1)
                                                         _000_ (net)
                      0.025071    0.000000    0.322495 v _114_/D (sg13g2_dfrbpq_1)
                                              0.322495   data arrival time

                      0.150000    0.000000    0.000000   clock clk (rise edge)
                                  0.000000    0.000000   clock network delay (ideal)
                                  0.250000    0.250000   clock uncertainty
                                  0.000000    0.250000   clock reconvergence pessimism
                                              0.250000 ^ _114_/CLK (sg13g2_dfrbpq_1)
                                 -0.008884    0.241116   library hold time
                                              0.241116   data required time
---------------------------------------------------------------------------------------------
                                              0.241116   data required time
                                             -0.322495   data arrival time
---------------------------------------------------------------------------------------------
                                              0.081380   slack (MET)


Startpoint: _117_ (rising edge-triggered flip-flop clocked by clk)
Endpoint: _117_ (rising edge-triggered flip-flop clocked by clk)
Path Group: clk
Path Type: min

Fanout         Cap        Slew       Delay        Time   Description
---------------------------------------------------------------------------------------------
                      0.150000    0.000000    0.000000   clock clk (rise edge)
                                  0.000000    0.000000   clock network delay (ideal)
                      0.150000    0.000000    0.000000 ^ _117_/CLK (sg13g2_dfrbpq_1)
     2    0.005477    0.027393    0.220318    0.220318 v _117_/Q (sg13g2_dfrbpq_1)
                                                         memory[12] (net)
                      0.027393    0.000000    0.220318 v _089_/A0 (sg13g2_mux2_1)
     1    0.001430    0.025072    0.102178    0.322495 v _089_/X (sg13g2_mux2_1)
                                                         _003_ (net)
                      0.025072    0.000000    0.322495 v _117_/D (sg13g2_dfrbpq_1)
                                              0.322495   data arrival time

                      0.150000    0.000000    0.000000   clock clk (rise edge)
                                  0.000000    0.000000   clock network delay (ideal)
                                  0.250000    0.250000   clock uncertainty
                                  0.000000    0.250000   clock reconvergence pessimism
                                              0.250000 ^ _117_/CLK (sg13g2_dfrbpq_1)
                                 -0.008884    0.241116   library hold time
                                              0.241116   data required time
---------------------------------------------------------------------------------------------
                                              0.241116   data required time
                                             -0.322495   data arrival time
---------------------------------------------------------------------------------------------
                                              0.081380   slack (MET)


Startpoint: _124_ (rising edge-triggered flip-flop clocked by clk)
Endpoint: _124_ (rising edge-triggered flip-flop clocked by clk)
Path Group: clk
Path Type: min

Fanout         Cap        Slew       Delay        Time   Description
---------------------------------------------------------------------------------------------
                      0.150000    0.000000    0.000000   clock clk (rise edge)
                                  0.000000    0.000000   clock network delay (ideal)
                      0.150000    0.000000    0.000000 ^ _124_/CLK (sg13g2_dfrbpq_1)
     2    0.005477    0.027393    0.220318    0.220318 v _124_/Q (sg13g2_dfrbpq_1)
                                                         memory[4] (net)
                      0.027393    0.000000    0.220318 v _103_/A0 (sg13g2_mux2_1)
     1    0.001430    0.025075    0.102178    0.322495 v _103_/X (sg13g2_mux2_1)
                                                         _010_ (net)
                      0.025075    0.000000    0.322495 v _124_/D (sg13g2_dfrbpq_1)
                                              0.322495   data arrival time

                      0.150000    0.000000    0.000000   clock clk (rise edge)
                                  0.000000    0.000000   clock network delay (ideal)
                                  0.250000    0.250000   clock uncertainty
                                  0.000000    0.250000   clock reconvergence pessimism
                                              0.250000 ^ _124_/CLK (sg13g2_dfrbpq_1)
                                 -0.008885    0.241115   library hold time
                                              0.241115   data required time
---------------------------------------------------------------------------------------------
                                              0.241115   data required time
                                             -0.322495   data arrival time
---------------------------------------------------------------------------------------------
                                              0.081381   slack (MET)


Startpoint: _128_ (rising edge-triggered flip-flop clocked by clk)
Endpoint: _128_ (rising edge-triggered flip-flop clocked by clk)
Path Group: clk
Path Type: min

Fanout         Cap        Slew       Delay        Time   Description
---------------------------------------------------------------------------------------------
                      0.150000    0.000000    0.000000   clock clk (rise edge)
                                  0.000000    0.000000   clock network delay (ideal)
                      0.150000    0.000000    0.000000 ^ _128_/CLK (sg13g2_dfrbpq_1)
     2    0.005477    0.027393    0.220318    0.220318 v _128_/Q (sg13g2_dfrbpq_1)
                                                         memory[8] (net)
                      0.027393    0.000000    0.220318 v _111_/A0 (sg13g2_mux2_1)
     1    0.001430    0.025075    0.102178    0.322495 v _111_/X (sg13g2_mux2_1)
                                                         _014_ (net)
                      0.025075    0.000000    0.322495 v _128_/D (sg13g2_dfrbpq_1)
                                              0.322495   data arrival time

                      0.150000    0.000000    0.000000   clock clk (rise edge)
                                  0.000000    0.000000   clock network delay (ideal)
                                  0.250000    0.250000   clock uncertainty
                                  0.000000    0.250000   clock reconvergence pessimism
                                              0.250000 ^ _128_/CLK (sg13g2_dfrbpq_1)
                                 -0.008885    0.241115   library hold time
                                              0.241115   data required time
---------------------------------------------------------------------------------------------
                                              0.241115   data required time
                                             -0.322495   data arrival time
---------------------------------------------------------------------------------------------
                                              0.081381   slack (MET)


Startpoint: _123_ (rising edge-triggered flip-flop clocked by clk)
Endpoint: _123_ (rising edge-triggered flip-flop clocked by clk)
Path Group: clk
Path Type: min

Fanout         Cap        Slew       Delay        Time   Description
---------------------------------------------------------------------------------------------
                      0.150000    0.000000    0.000000   clock clk (rise edge)
                                  0.000000    0.000000   clock network delay (ideal)
                      0.150000    0.000000    0.000000 ^ _123_/CLK (sg13g2_dfrbpq_1)
     2    0.005540    0.027574    0.220473    0.220473 v _123_/Q (sg13g2_dfrbpq_1)
                                                         memory[3] (net)
                      0.027574    0.000000    0.220473 v _101_/A0 (sg13g2_mux2_1)
     1    0.001430    0.025057    0.102251    0.322724 v _101_/X (sg13g2_mux2_1)
                                                         _009_ (net)
                      0.025057    0.000000    0.322724 v _123_/D (sg13g2_dfrbpq_1)
                                              0.322724   data arrival time

                      0.150000    0.000000    0.000000   clock clk (rise edge)
                                  0.000000    0.000000   clock network delay (ideal)
                                  0.250000    0.250000   clock uncertainty
                                  0.000000    0.250000   clock reconvergence pessimism
                                              0.250000 ^ _123_/CLK (sg13g2_dfrbpq_1)
                                 -0.008880    0.241120   library hold time
                                              0.241120   data required time
---------------------------------------------------------------------------------------------
                                              0.241120   data required time
                                             -0.322724   data arrival time
---------------------------------------------------------------------------------------------
                                              0.081604   slack (MET)


Startpoint: _120_ (rising edge-triggered flip-flop clocked by clk)
Endpoint: _120_ (rising edge-triggered flip-flop clocked by clk)
Path Group: clk
Path Type: min

Fanout         Cap        Slew       Delay        Time   Description
---------------------------------------------------------------------------------------------
                      0.150000    0.000000    0.000000   clock clk (rise edge)
                                  0.000000    0.000000   clock network delay (ideal)
                      0.150000    0.000000    0.000000 ^ _120_/CLK (sg13g2_dfrbpq_1)
     2    0.005540    0.027574    0.220473    0.220473 v _120_/Q (sg13g2_dfrbpq_1)
                                                         memory[15] (net)
                      0.027574    0.000000    0.220473 v _095_/A0 (sg13g2_mux2_1)
     1    0.001430    0.025058    0.102251    0.322724 v _095_/X (sg13g2_mux2_1)
                                                         _006_ (net)
                      0.025058    0.000000    0.322724 v _120_/D (sg13g2_dfrbpq_1)
                                              0.322724   data arrival time

                      0.150000    0.000000    0.000000   clock clk (rise edge)
                                  0.000000    0.000000   clock network delay (ideal)
                                  0.250000    0.250000   clock uncertainty
                                  0.000000    0.250000   clock reconvergence pessimism
                                              0.250000 ^ _120_/CLK (sg13g2_dfrbpq_1)
                                 -0.008880    0.241120   library hold time
                                              0.241120   data required time
---------------------------------------------------------------------------------------------
                                              0.241120   data required time
                                             -0.322724   data arrival time
---------------------------------------------------------------------------------------------
                                              0.081604   slack (MET)


Startpoint: _116_ (rising edge-triggered flip-flop clocked by clk)
Endpoint: _116_ (rising edge-triggered flip-flop clocked by clk)
Path Group: clk
Path Type: min

Fanout         Cap        Slew       Delay        Time   Description
---------------------------------------------------------------------------------------------
                      0.150000    0.000000    0.000000   clock clk (rise edge)
                                  0.000000    0.000000   clock network delay (ideal)
                      0.150000    0.000000    0.000000 ^ _116_/CLK (sg13g2_dfrbpq_1)
     2    0.005540    0.027574    0.220473    0.220473 v _116_/Q (sg13g2_dfrbpq_1)
                                                         memory[11] (net)
                      0.027574    0.000000    0.220473 v _087_/A0 (sg13g2_mux2_1)
     1    0.001430    0.025061    0.102251    0.322724 v _087_/X (sg13g2_mux2_1)
                                                         _002_ (net)
                      0.025061    0.000000    0.322724 v _116_/D (sg13g2_dfrbpq_1)
                                              0.322724   data arrival time

                      0.150000    0.000000    0.000000   clock clk (rise edge)
                                  0.000000    0.000000   clock network delay (ideal)
                                  0.250000    0.250000   clock uncertainty
                                  0.000000    0.250000   clock reconvergence pessimism
                                              0.250000 ^ _116_/CLK (sg13g2_dfrbpq_1)
                                 -0.008881    0.241119   library hold time
                                              0.241119   data required time
---------------------------------------------------------------------------------------------
                                              0.241119   data required time
                                             -0.322724   data arrival time
---------------------------------------------------------------------------------------------
                                              0.081605   slack (MET)


Startpoint: _127_ (rising edge-triggered flip-flop clocked by clk)
Endpoint: _127_ (rising edge-triggered flip-flop clocked by clk)
Path Group: clk
Path Type: min

Fanout         Cap        Slew       Delay        Time   Description
---------------------------------------------------------------------------------------------
                      0.150000    0.000000    0.000000   clock clk (rise edge)
                                  0.000000    0.000000   clock network delay (ideal)
                      0.150000    0.000000    0.000000 ^ _127_/CLK (sg13g2_dfrbpq_1)
     2    0.005540    0.027574    0.220473    0.220473 v _127_/Q (sg13g2_dfrbpq_1)
                                                         memory[7] (net)
                      0.027574    0.000000    0.220473 v _109_/A0 (sg13g2_mux2_1)
     1    0.001430    0.025061    0.102251    0.322724 v _109_/X (sg13g2_mux2_1)
                                                         _013_ (net)
                      0.025061    0.000000    0.322724 v _127_/D (sg13g2_dfrbpq_1)
                                              0.322724   data arrival time

                      0.150000    0.000000    0.000000   clock clk (rise edge)
                                  0.000000    0.000000   clock network delay (ideal)
                                  0.250000    0.250000   clock uncertainty
                                  0.000000    0.250000   clock reconvergence pessimism
                                              0.250000 ^ _127_/CLK (sg13g2_dfrbpq_1)
                                 -0.008881    0.241119   library hold time
                                              0.241119   data required time
---------------------------------------------------------------------------------------------
                                              0.241119   data required time
                                             -0.322724   data arrival time
---------------------------------------------------------------------------------------------
                                              0.081605   slack (MET)


Startpoint: _121_ (rising edge-triggered flip-flop clocked by clk)
Endpoint: data_out (output port clocked by clk)
Path Group: clk
Path Type: min

Fanout         Cap        Slew       Delay        Time   Description
---------------------------------------------------------------------------------------------
                      0.150000    0.000000    0.000000   clock clk (rise edge)
                                  0.000000    0.000000   clock network delay (ideal)
                      0.150000    0.000000    0.000000 ^ _121_/CLK (sg13g2_dfrbpq_1)
     2    0.005624    0.034932    0.225161    0.225161 ^ _121_/Q (sg13g2_dfrbpq_1)
                                                         memory[1] (net)
                      0.034932    0.000000    0.225161 ^ _067_/A1 (sg13g2_mux4_1)
     1    0.003144    0.033544    0.148136    0.373297 ^ _067_/X (sg13g2_mux4_1)
                                                         _019_ (net)
                      0.033544    0.000000    0.373297 ^ _069_/B (sg13g2_nand2b_1)
     2    0.005223    0.046094    0.060604    0.433901 v _069_/Y (sg13g2_nand2b_1)
                                                         _021_ (net)
                      0.046094    0.000000    0.433901 v _080_/A (sg13g2_nand4_1)
     1    0.006000    0.044691    0.051750    0.485651 ^ _080_/Y (sg13g2_nand4_1)
                                                         data_out (net)
                      0.044691    0.000000    0.485651 ^ data_out (out)
                                              0.485651   data arrival time

                      0.150000    0.000000    0.000000   clock clk (rise edge)
                                  0.000000    0.000000   clock network delay (ideal)
                                  0.250000    0.250000   clock uncertainty
                                  0.000000    0.250000   clock reconvergence pessimism
                                 -2.000000   -1.750000   output external delay
                                             -1.750000   data required time
---------------------------------------------------------------------------------------------
                                             -1.750000   data required time
                                             -0.485651   data arrival time
---------------------------------------------------------------------------------------------
                                              2.235651   slack (MET)


Startpoint: _121_ (rising edge-triggered flip-flop clocked by clk)
Endpoint: data_out_bar (output port clocked by clk)
Path Group: clk
Path Type: min

Fanout         Cap        Slew       Delay        Time   Description
---------------------------------------------------------------------------------------------
                      0.150000    0.000000    0.000000   clock clk (rise edge)
                                  0.000000    0.000000   clock network delay (ideal)
                      0.150000    0.000000    0.000000 ^ _121_/CLK (sg13g2_dfrbpq_1)
     2    0.005624    0.034932    0.225161    0.225161 ^ _121_/Q (sg13g2_dfrbpq_1)
                                                         memory[1] (net)
                      0.034932    0.000000    0.225161 ^ _067_/A1 (sg13g2_mux4_1)
     1    0.003144    0.033544    0.148136    0.373297 ^ _067_/X (sg13g2_mux4_1)
                                                         _019_ (net)
                      0.033544    0.000000    0.373297 ^ _069_/B (sg13g2_nand2b_1)
     2    0.005223    0.046094    0.060604    0.433901 v _069_/Y (sg13g2_nand2b_1)
                                                         _021_ (net)
                      0.046094    0.000000    0.433901 v _079_/A (sg13g2_and4_1)
     1    0.006000    0.031507    0.088966    0.522866 v _079_/X (sg13g2_and4_1)
                                                         data_out_bar (net)
                      0.031507    0.000000    0.522866 v data_out_bar (out)
                                              0.522866   data arrival time

                      0.150000    0.000000    0.000000   clock clk (rise edge)
                                  0.000000    0.000000   clock network delay (ideal)
                                  0.250000    0.250000   clock uncertainty
                                  0.000000    0.250000   clock reconvergence pessimism
                                 -2.000000   -1.750000   output external delay
                                             -1.750000   data required time
---------------------------------------------------------------------------------------------
                                             -1.750000   data required time
                                             -0.522866   data arrival time
---------------------------------------------------------------------------------------------
                                              2.272866   slack (MET)



