                                                                        Cells by Master                                                                         
┏━━━━━━━━━━━━━━━━━━━━━━━━━━━━━━━━━━━━━━━━━━━━━━━━━━━━━━━━━━━━━━━━━━━━━━━━━━━━━━━━━━━━━━━━━━━━━━━━━━━━━━━━━━━━━━━━━━━━━━━━┳━━━━━━━━━━━━━━━━━━━━━━━━━━━━━━━━━━━━━┓
┃ Cell                                                                                                                   ┃ Count                               ┃
┡━━━━━━━━━━━━━━━━━━━━━━━━━━━━━━━━━━━━━━━━━━━━━━━━━━━━━━━━━━━━━━━━━━━━━━━━━━━━━━━━━━━━━━━━━━━━━━━━━━━━━━━━━━━━━━━━━━━━━━━━╇━━━━━━━━━━━━━━━━━━━━━━━━━━━━━━━━━━━━━┩
│ sg13g2_and4_1                                                                                                          │ 1                                   │
│ sg13g2_buf_1                                                                                                           │ 15                                  │
│ sg13g2_buf_16                                                                                                          │ 5                                   │
│ sg13g2_decap_4                                                                                                         │ 23                                  │
│ sg13g2_decap_8                                                                                                         │ 49                                  │
│ sg13g2_dfrbpq_1                                                                                                        │ 16                                  │
│ sg13g2_dlygate4sd3_1                                                                                                   │ 16                                  │
│ sg13g2_fill_1                                                                                                          │ 36                                  │
│ sg13g2_fill_2                                                                                                          │ 37                                  │
│ sg13g2_mux2_1                                                                                                          │ 16                                  │
│ sg13g2_mux4_1                                                                                                          │ 4                                   │
│ sg13g2_nand2_1                                                                                                         │ 2                                   │
│ sg13g2_nand2b_1                                                                                                        │ 9                                   │
│ sg13g2_nand4_1                                                                                                         │ 1                                   │
│ sg13g2_nor3_1                                                                                                          │ 12                                  │
│ sg13g2_nor4_1                                                                                                          │ 4                                   │
│ sg13g2_or2_1                                                                                                           │ 1                                   │
│ sg13g2_tiehi                                                                                                           │ 16                                  │
└────────────────────────────────────────────────────────────────────────────────────────────────────────────────────────┴─────────────────────────────────────┘
