#! /opt/iverilog/25a84/bin/vvp
:ivl_version "13.0 (devel)" "(s20221226-554-g25a84d5cf-dirty)";
:ivl_delay_selection "TYPICAL";
:vpi_time_precision - 12;
:vpi_module "/opt/iverilog/25a84/lib/ivl/system.vpi";
:vpi_module "/opt/iverilog/25a84/lib/ivl/vhdl_sys.vpi";
:vpi_module "/opt/iverilog/25a84/lib/ivl/vhdl_textio.vpi";
:vpi_module "/opt/iverilog/25a84/lib/ivl/v2005_math.vpi";
:vpi_module "/opt/iverilog/25a84/lib/ivl/va_math.vpi";
:vpi_module "/opt/iverilog/25a84/lib/ivl/v2009.vpi";
S_0x59cebadea8e0 .scope package, "$unit" "$unit" 2 1;
 .timescale 0 0;
S_0x59cebadeaa70 .scope module, "mux_tb" "mux_tb" 3 3;
 .timescale -9 -12;
P_0x59cebadeac00 .param/l "DATA_WIDTH" 0 3 5, +C4<00000000000000000000000000001000>;
v0x59cebae031d0_0 .var "D0", 7 0;
v0x59cebae032b0_0 .var "D1", 7 0;
v0x59cebae03380_0 .var "D2", 7 0;
v0x59cebae03480_0 .var "D3", 7 0;
v0x59cebae03550_0 .var "S", 1 0;
v0x59cebae03640_0 .net "Y", 7 0, v0x59cebae03030_0;  1 drivers
S_0x59cebadaed40 .scope begin, "$ivl_for_loop0" "$ivl_for_loop0" 3 43, 3 43 0, S_0x59cebadeaa70;
 .timescale -9 -12;
v0x59cebadaef20_0 .var/2s "i", 31 0;
S_0x59cebae02780 .scope module, "dut" "mux_4_to_1" 3 21, 4 1 0, S_0x59cebadeaa70;
 .timescale 0 0;
    .port_info 0 /INPUT 8 "D0";
    .port_info 1 /INPUT 8 "D1";
    .port_info 2 /INPUT 8 "D2";
    .port_info 3 /INPUT 8 "D3";
    .port_info 4 /INPUT 2 "S";
    .port_info 5 /OUTPUT 8 "Y";
P_0x59cebae02980 .param/l "DATA_WIDTH" 0 4 3, +C4<00000000000000000000000000001000>;
v0x59cebae02b50_0 .net "D0", 7 0, v0x59cebae031d0_0;  1 drivers
v0x59cebae02c50_0 .net "D1", 7 0, v0x59cebae032b0_0;  1 drivers
v0x59cebae02d30_0 .net "D2", 7 0, v0x59cebae03380_0;  1 drivers
v0x59cebae02e20_0 .net "D3", 7 0, v0x59cebae03480_0;  1 drivers
v0x59cebae02f00_0 .net "S", 1 0, v0x59cebae03550_0;  1 drivers
v0x59cebae03030_0 .var "Y", 7 0;
E_0x59cebade8c10/0 .event anyedge, v0x59cebae02f00_0, v0x59cebae02b50_0, v0x59cebae02c50_0, v0x59cebae02d30_0;
E_0x59cebade8c10/1 .event anyedge, v0x59cebae02e20_0;
E_0x59cebade8c10 .event/or E_0x59cebade8c10/0, E_0x59cebade8c10/1;
    .scope S_0x59cebae02780;
T_0 ;
    %wait E_0x59cebade8c10;
    %load/vec4 v0x59cebae02f00_0;
    %dup/vec4;
    %pushi/vec4 0, 0, 2;
    %cmp/u;
    %jmp/1 T_0.0, 6;
    %dup/vec4;
    %pushi/vec4 1, 0, 2;
    %cmp/u;
    %jmp/1 T_0.1, 6;
    %dup/vec4;
    %pushi/vec4 2, 0, 2;
    %cmp/u;
    %jmp/1 T_0.2, 6;
    %dup/vec4;
    %pushi/vec4 3, 0, 2;
    %cmp/u;
    %jmp/1 T_0.3, 6;
    %pushi/vec4 0, 0, 8;
    %store/vec4 v0x59cebae03030_0, 0, 8;
    %jmp T_0.5;
T_0.0 ;
    %load/vec4 v0x59cebae02b50_0;
    %store/vec4 v0x59cebae03030_0, 0, 8;
    %jmp T_0.5;
T_0.1 ;
    %load/vec4 v0x59cebae02c50_0;
    %store/vec4 v0x59cebae03030_0, 0, 8;
    %jmp T_0.5;
T_0.2 ;
    %load/vec4 v0x59cebae02d30_0;
    %store/vec4 v0x59cebae03030_0, 0, 8;
    %jmp T_0.5;
T_0.3 ;
    %load/vec4 v0x59cebae02e20_0;
    %store/vec4 v0x59cebae03030_0, 0, 8;
    %jmp T_0.5;
T_0.5 ;
    %pop/vec4 1;
    %jmp T_0;
    .thread T_0, $push;
    .scope S_0x59cebadeaa70;
T_1 ;
    %vpi_call/w 3 33 "$dumpfile", "mux.vcd" {0 0 0};
    %vpi_call/w 3 34 "$dumpvars", 32'sb00000000000000000000000000000000, S_0x59cebadeaa70 {0 0 0};
    %pushi/vec4 17, 0, 8;
    %store/vec4 v0x59cebae031d0_0, 0, 8;
    %pushi/vec4 34, 0, 8;
    %store/vec4 v0x59cebae032b0_0, 0, 8;
    %pushi/vec4 51, 0, 8;
    %store/vec4 v0x59cebae03380_0, 0, 8;
    %pushi/vec4 68, 0, 8;
    %store/vec4 v0x59cebae03480_0, 0, 8;
    %fork t_1, S_0x59cebadaed40;
    %jmp t_0;
    .scope S_0x59cebadaed40;
t_1 ;
    %pushi/vec4 0, 0, 32;
    %store/vec4 v0x59cebadaef20_0, 0, 32;
T_1.0 ; Top of for-loop
    %load/vec4 v0x59cebadaef20_0;
    %cmpi/s 4, 0, 32;
	  %jmp/0xz T_1.1, 5;
    %load/vec4 v0x59cebadaef20_0;
    %pad/s 2;
    %store/vec4 v0x59cebae03550_0, 0, 2;
    %delay 10000, 0;
    %load/vec4 v0x59cebae03550_0;
    %dup/vec4;
    %pushi/vec4 0, 0, 2;
    %cmp/u;
    %jmp/1 T_1.3, 6;
    %dup/vec4;
    %pushi/vec4 1, 0, 2;
    %cmp/u;
    %jmp/1 T_1.4, 6;
    %dup/vec4;
    %pushi/vec4 2, 0, 2;
    %cmp/u;
    %jmp/1 T_1.5, 6;
    %dup/vec4;
    %pushi/vec4 3, 0, 2;
    %cmp/u;
    %jmp/1 T_1.6, 6;
    %jmp T_1.7;
T_1.3 ;
    %load/vec4 v0x59cebae03640_0;
    %load/vec4 v0x59cebae031d0_0;
    %cmp/ne;
    %jmp/0xz  T_1.8, 6;
    %vpi_call/w 3 49 "$error", "Erro: Y != D0" {0 0 0};
T_1.8 ;
    %jmp T_1.7;
T_1.4 ;
    %load/vec4 v0x59cebae03640_0;
    %load/vec4 v0x59cebae032b0_0;
    %cmp/ne;
    %jmp/0xz  T_1.10, 6;
    %vpi_call/w 3 50 "$error", "Erro: Y != D1" {0 0 0};
T_1.10 ;
    %jmp T_1.7;
T_1.5 ;
    %load/vec4 v0x59cebae03640_0;
    %load/vec4 v0x59cebae03380_0;
    %cmp/ne;
    %jmp/0xz  T_1.12, 6;
    %vpi_call/w 3 51 "$error", "Erro: Y != D2" {0 0 0};
T_1.12 ;
    %jmp T_1.7;
T_1.6 ;
    %load/vec4 v0x59cebae03640_0;
    %load/vec4 v0x59cebae03480_0;
    %cmp/ne;
    %jmp/0xz  T_1.14, 6;
    %vpi_call/w 3 52 "$error", "Erro: Y != D3" {0 0 0};
T_1.14 ;
    %jmp T_1.7;
T_1.7 ;
    %pop/vec4 1;
T_1.2 ; for-loop step statement
    ; show_stmt_assign_vector: Get l-value for compressed += operand
    %load/vec4 v0x59cebadaef20_0;
    %pushi/vec4 1, 0, 32;
    %add;
    %cast2;
    %store/vec4 v0x59cebadaef20_0, 0, 32;
    %jmp T_1.0;
T_1.1 ; for-loop exit label
    %end;
    .scope S_0x59cebadeaa70;
t_0 %join;
    %vpi_call/w 3 57 "$display", "Teste finalizado." {0 0 0};
    %vpi_call/w 3 58 "$finish" {0 0 0};
    %end;
    .thread T_1;
# The file index is used to find the file name in the following table.
:file_names 5;
    "N/A";
    "<interactive>";
    "-";
    "mux_tb.sv";
    "mux_4_to_1.sv";
