Clock: clk
Sources: clk 
Generated: no
Virtual: yes
Propagated: no
Period: 10.000000

===========================================================================
report_clock_properties
============================================================================
Clock                   Period          Waveform
----------------------------------------------------
clk                  10.000000    0.000000  5.000000

===========================================================================
report_clock_latency
============================================================================
Clock clk
rise -> rise
    min     max
0.000000 0.000000 source latency
0.165076         network latency _121_/CLK
        0.165510 network latency _116_/CLK
---------------
0.165076 0.165510 latency
        0.000434 skew

fall -> fall
    min     max
0.000000 0.000000 source latency
0.168220         network latency _121_/CLK
        0.168654 network latency _116_/CLK
---------------
0.168220 0.168654 latency
        0.000433 skew



===========================================================================
report_clock_min_period
============================================================================
clk period_min = 1.03 fmax = 973.57
