
===========================================================================
report_checks -path_delay max (Setup)
============================================================================
======================= nom_typ_1p20V_25C Corner ===================================

Startpoint: col_addr[0] (input port clocked by clk)
Endpoint: data_out_bar (output port clocked by clk)
Path Group: clk
Path Type: max

Fanout         Cap        Slew       Delay        Time   Description
---------------------------------------------------------------------------------------------
                                  0.000000    0.000000   clock clk (rise edge)
                                  0.000000    0.000000   clock network delay (propagated)
                                  2.000000    2.000000 ^ input external delay
     1    0.002928    0.020158    0.002399    2.002399 ^ col_addr[0] (in)
                                                         col_addr[0] (net)
                      0.020158    0.000000    2.002399 ^ input1/A (sg13g2_buf_1)
     4    0.023948    0.103704    0.117139    2.119538 ^ input1/X (sg13g2_buf_1)
                                                         net1 (net)
                      0.103707    0.000461    2.119999 ^ fanout15/A (sg13g2_buf_1)
     8    0.052297    0.217490    0.231337    2.351336 ^ fanout15/X (sg13g2_buf_1)
                                                         net15 (net)
                      0.217491    0.000536    2.351872 ^ _073_/S0 (sg13g2_mux4_1)
     1    0.003361    0.041948    0.278581    2.630454 v _073_/X (sg13g2_mux4_1)
                                                         _025_ (net)
                      0.041948    0.000026    2.630479 v _075_/B (sg13g2_nand2b_1)
     2    0.008691    0.051533    0.057763    2.688243 ^ _075_/Y (sg13g2_nand2b_1)
                                                         _027_ (net)
                      0.051533    0.000202    2.688445 ^ _079_/C (sg13g2_and4_1)
     1    0.002975    0.038479    0.154972    2.843417 ^ _079_/X (sg13g2_and4_1)
                                                         net9 (net)
                      0.038479    0.000027    2.843444 ^ output9/A (sg13g2_buf_1)
     1    0.006000    0.035349    0.072863    2.916307 ^ output9/X (sg13g2_buf_1)
                                                         data_out_bar (net)
                      0.035349    0.000000    2.916307 ^ data_out_bar (out)
                                              2.916307   data arrival time

                                 10.000000   10.000000   clock clk (rise edge)
                                  0.000000   10.000000   clock network delay (propagated)
                                 -0.250000    9.750000   clock uncertainty
                                  0.000000    9.750000   clock reconvergence pessimism
                                 -2.000000    7.750000   output external delay
                                              7.750000   data required time
---------------------------------------------------------------------------------------------
                                              7.750000   data required time
                                             -2.916307   data arrival time
---------------------------------------------------------------------------------------------
                                              4.833693   slack (MET)


Startpoint: col_addr[0] (input port clocked by clk)
Endpoint: data_out (output port clocked by clk)
Path Group: clk
Path Type: max

Fanout         Cap        Slew       Delay        Time   Description
---------------------------------------------------------------------------------------------
                                  0.000000    0.000000   clock clk (rise edge)
                                  0.000000    0.000000   clock network delay (propagated)
                                  2.000000    2.000000 ^ input external delay
     1    0.002928    0.020158    0.002399    2.002399 ^ col_addr[0] (in)
                                                         col_addr[0] (net)
                      0.020158    0.000000    2.002399 ^ input1/A (sg13g2_buf_1)
     4    0.023948    0.103704    0.117139    2.119538 ^ input1/X (sg13g2_buf_1)
                                                         net1 (net)
                      0.103707    0.000461    2.119999 ^ fanout15/A (sg13g2_buf_1)
     8    0.052297    0.217490    0.231337    2.351336 ^ fanout15/X (sg13g2_buf_1)
                                                         net15 (net)
                      0.217491    0.000536    2.351872 ^ _073_/S0 (sg13g2_mux4_1)
     1    0.003361    0.041948    0.278581    2.630454 v _073_/X (sg13g2_mux4_1)
                                                         _025_ (net)
                      0.041948    0.000026    2.630479 v _075_/B (sg13g2_nand2b_1)
     2    0.008691    0.051533    0.057763    2.688243 ^ _075_/Y (sg13g2_nand2b_1)
                                                         _027_ (net)
                      0.051533    0.000197    2.688440 ^ _080_/C (sg13g2_nand4_1)
     1    0.003602    0.080152    0.110890    2.799330 v _080_/Y (sg13g2_nand4_1)
                                                         net8 (net)
                      0.080152    0.000046    2.799376 v output8/A (sg13g2_buf_1)
     1    0.006000    0.030723    0.091146    2.890522 v output8/X (sg13g2_buf_1)
                                                         data_out (net)
                      0.030723    0.000000    2.890522 v data_out (out)
                                              2.890522   data arrival time

                                 10.000000   10.000000   clock clk (rise edge)
                                  0.000000   10.000000   clock network delay (propagated)
                                 -0.250000    9.750000   clock uncertainty
                                  0.000000    9.750000   clock reconvergence pessimism
                                 -2.000000    7.750000   output external delay
                                              7.750000   data required time
---------------------------------------------------------------------------------------------
                                              7.750000   data required time
                                             -2.890522   data arrival time
---------------------------------------------------------------------------------------------
                                              4.859478   slack (MET)


Startpoint: col_addr[0] (input port clocked by clk)
Endpoint: _121_ (rising edge-triggered flip-flop clocked by clk)
Path Group: clk
Path Type: max

Fanout         Cap        Slew       Delay        Time   Description
---------------------------------------------------------------------------------------------
                                  0.000000    0.000000   clock clk (rise edge)
                                  0.000000    0.000000   clock network delay (propagated)
                                  2.000000    2.000000 ^ input external delay
     1    0.002928    0.020158    0.002399    2.002399 ^ col_addr[0] (in)
                                                         col_addr[0] (net)
                      0.020158    0.000000    2.002399 ^ input1/A (sg13g2_buf_1)
     4    0.023948    0.103704    0.117139    2.119538 ^ input1/X (sg13g2_buf_1)
                                                         net1 (net)
                      0.103707    0.000461    2.119999 ^ fanout15/A (sg13g2_buf_1)
     8    0.052297    0.217490    0.231337    2.351336 ^ fanout15/X (sg13g2_buf_1)
                                                         net15 (net)
                      0.217491    0.000447    2.351783 ^ _064_/B (sg13g2_nand2b_1)
     4    0.015863    0.126321    0.168438    2.520221 v _064_/Y (sg13g2_nand2b_1)
                                                         _016_ (net)
                      0.126321    0.000130    2.520351 v _096_/A (sg13g2_nor3_1)
     1    0.006637    0.124967    0.159352    2.679703 ^ _096_/Y (sg13g2_nor3_1)
                                                         _039_ (net)
                      0.124967    0.000107    2.679809 ^ _097_/S (sg13g2_mux2_1)
     1    0.002564    0.035603    0.184391    2.864200 v _097_/X (sg13g2_mux2_1)
                                                         _007_ (net)
                      0.035603    0.000028    2.864228 v _121_/D (sg13g2_dfrbpq_1)
                                              2.864228   data arrival time

                                 10.000000   10.000000   clock clk (rise edge)
                                  0.000000   10.000000   clock source latency
     1    0.021835    0.036840    0.018263   10.018263 ^ clk (in)
                                                         clk (net)
                      0.036896    0.000000   10.018263 ^ clkbuf_0_clk/A (sg13g2_buf_16)
     4    0.079962    0.033151    0.080103   10.098366 ^ clkbuf_0_clk/X (sg13g2_buf_16)
                                                         clknet_0_clk (net)
                      0.033194    0.000613   10.098979 ^ clkbuf_2_0__f_clk/A (sg13g2_buf_16)
     4    0.016069    0.018704    0.065993   10.164971 ^ clkbuf_2_0__f_clk/X (sg13g2_buf_16)
                                                         clknet_2_0__leaf_clk (net)
                      0.018705    0.000105   10.165076 ^ _121_/CLK (sg13g2_dfrbpq_1)
                                 -0.250000    9.915076   clock uncertainty
                                  0.000000    9.915076   clock reconvergence pessimism
                                 -0.118576    9.796500   library setup time
                                              9.796500   data required time
---------------------------------------------------------------------------------------------
                                              9.796500   data required time
                                             -2.864228   data arrival time
---------------------------------------------------------------------------------------------
                                              6.932272   slack (MET)


Startpoint: col_addr[0] (input port clocked by clk)
Endpoint: _118_ (rising edge-triggered flip-flop clocked by clk)
Path Group: clk
Path Type: max

Fanout         Cap        Slew       Delay        Time   Description
---------------------------------------------------------------------------------------------
                                  0.000000    0.000000   clock clk (rise edge)
                                  0.000000    0.000000   clock network delay (propagated)
                                  2.000000    2.000000 ^ input external delay
     1    0.002928    0.020158    0.002399    2.002399 ^ col_addr[0] (in)
                                                         col_addr[0] (net)
                      0.020158    0.000000    2.002399 ^ input1/A (sg13g2_buf_1)
     4    0.023948    0.103704    0.117139    2.119538 ^ input1/X (sg13g2_buf_1)
                                                         net1 (net)
                      0.103707    0.000461    2.119999 ^ fanout15/A (sg13g2_buf_1)
     8    0.052297    0.217490    0.231337    2.351336 ^ fanout15/X (sg13g2_buf_1)
                                                         net15 (net)
                      0.217491    0.000447    2.351783 ^ _064_/B (sg13g2_nand2b_1)
     4    0.015863    0.126321    0.168438    2.520221 v _064_/Y (sg13g2_nand2b_1)
                                                         _016_ (net)
                      0.126321    0.000099    2.520320 v _090_/A (sg13g2_nor3_1)
     1    0.006529    0.123785    0.158375    2.678695 ^ _090_/Y (sg13g2_nor3_1)
                                                         _036_ (net)
                      0.123785    0.000098    2.678793 ^ _091_/S (sg13g2_mux2_1)
     1    0.002633    0.035653    0.184269    2.863063 v _091_/X (sg13g2_mux2_1)
                                                         _004_ (net)
                      0.035653    0.000030    2.863092 v _118_/D (sg13g2_dfrbpq_1)
                                              2.863092   data arrival time

                                 10.000000   10.000000   clock clk (rise edge)
                                  0.000000   10.000000   clock source latency
     1    0.021835    0.036840    0.018263   10.018263 ^ clk (in)
                                                         clk (net)
                      0.036896    0.000000   10.018263 ^ clkbuf_0_clk/A (sg13g2_buf_16)
     4    0.079962    0.033151    0.080103   10.098366 ^ clkbuf_0_clk/X (sg13g2_buf_16)
                                                         clknet_0_clk (net)
                      0.033212    0.000831   10.099197 ^ clkbuf_2_2__f_clk/A (sg13g2_buf_16)
     4    0.015459    0.018564    0.065883   10.165081 ^ clkbuf_2_2__f_clk/X (sg13g2_buf_16)
                                                         clknet_2_2__leaf_clk (net)
                      0.018564    0.000107   10.165187 ^ _118_/CLK (sg13g2_dfrbpq_1)
                                 -0.250000    9.915187   clock uncertainty
                                  0.000000    9.915187   clock reconvergence pessimism
                                 -0.118631    9.796556   library setup time
                                              9.796556   data required time
---------------------------------------------------------------------------------------------
                                              9.796556   data required time
                                             -2.863092   data arrival time
---------------------------------------------------------------------------------------------
                                              6.933465   slack (MET)


Startpoint: col_addr[0] (input port clocked by clk)
Endpoint: _120_ (rising edge-triggered flip-flop clocked by clk)
Path Group: clk
Path Type: max

Fanout         Cap        Slew       Delay        Time   Description
---------------------------------------------------------------------------------------------
                                  0.000000    0.000000   clock clk (rise edge)
                                  0.000000    0.000000   clock network delay (propagated)
                                  2.000000    2.000000 ^ input external delay
     1    0.002928    0.020158    0.002399    2.002399 ^ col_addr[0] (in)
                                                         col_addr[0] (net)
                      0.020158    0.000000    2.002399 ^ input1/A (sg13g2_buf_1)
     4    0.023948    0.103704    0.117139    2.119538 ^ input1/X (sg13g2_buf_1)
                                                         net1 (net)
                      0.103707    0.000461    2.119999 ^ fanout15/A (sg13g2_buf_1)
     8    0.052297    0.217490    0.231337    2.351336 ^ fanout15/X (sg13g2_buf_1)
                                                         net15 (net)
                      0.217493    0.000759    2.352095 ^ _065_/B (sg13g2_nand2_1)
     4    0.015689    0.123268    0.165311    2.517406 v _065_/Y (sg13g2_nand2_1)
                                                         _017_ (net)
                      0.123268    0.000153    2.517560 v _094_/A (sg13g2_nor3_1)
     1    0.006508    0.123561    0.157516    2.675076 ^ _094_/Y (sg13g2_nor3_1)
                                                         _038_ (net)
                      0.123561    0.000099    2.675175 ^ _095_/S (sg13g2_mux2_1)
     1    0.002290    0.034801    0.183197    2.858372 v _095_/X (sg13g2_mux2_1)
                                                         _006_ (net)
                      0.034801    0.000022    2.858394 v _120_/D (sg13g2_dfrbpq_1)
                                              2.858394   data arrival time

                                 10.000000   10.000000   clock clk (rise edge)
                                  0.000000   10.000000   clock source latency
     1    0.021835    0.036840    0.018263   10.018263 ^ clk (in)
                                                         clk (net)
                      0.036896    0.000000   10.018263 ^ clkbuf_0_clk/A (sg13g2_buf_16)
     4    0.079962    0.033151    0.080103   10.098366 ^ clkbuf_0_clk/X (sg13g2_buf_16)
                                                         clknet_0_clk (net)
                      0.033212    0.000831   10.099197 ^ clkbuf_2_2__f_clk/A (sg13g2_buf_16)
     4    0.015459    0.018564    0.065883   10.165081 ^ clkbuf_2_2__f_clk/X (sg13g2_buf_16)
                                                         clknet_2_2__leaf_clk (net)
                      0.018564    0.000092   10.165173 ^ _120_/CLK (sg13g2_dfrbpq_1)
                                 -0.250000    9.915173   clock uncertainty
                                  0.000000    9.915173   clock reconvergence pessimism
                                 -0.118324    9.796849   library setup time
                                              9.796849   data required time
---------------------------------------------------------------------------------------------
                                              9.796849   data required time
                                             -2.858394   data arrival time
---------------------------------------------------------------------------------------------
                                              6.938455   slack (MET)


Startpoint: col_addr[0] (input port clocked by clk)
Endpoint: _129_ (rising edge-triggered flip-flop clocked by clk)
Path Group: clk
Path Type: max

Fanout         Cap        Slew       Delay        Time   Description
---------------------------------------------------------------------------------------------
                                  0.000000    0.000000   clock clk (rise edge)
                                  0.000000    0.000000   clock network delay (propagated)
                                  2.000000    2.000000 ^ input external delay
     1    0.002928    0.020158    0.002399    2.002399 ^ col_addr[0] (in)
                                                         col_addr[0] (net)
                      0.020158    0.000000    2.002399 ^ input1/A (sg13g2_buf_1)
     4    0.023948    0.103704    0.117139    2.119538 ^ input1/X (sg13g2_buf_1)
                                                         net1 (net)
                      0.103707    0.000461    2.119999 ^ fanout15/A (sg13g2_buf_1)
     8    0.052297    0.217490    0.231337    2.351336 ^ fanout15/X (sg13g2_buf_1)
                                                         net15 (net)
                      0.217491    0.000447    2.351783 ^ _064_/B (sg13g2_nand2b_1)
     4    0.015863    0.126321    0.168438    2.520221 v _064_/Y (sg13g2_nand2b_1)
                                                         _016_ (net)
                      0.126321    0.000105    2.520326 v _112_/A (sg13g2_nor3_1)
     1    0.006142    0.119805    0.154878    2.675204 ^ _112_/Y (sg13g2_nor3_1)
                                                         _047_ (net)
                      0.119805    0.000077    2.675280 ^ _113_/S (sg13g2_mux2_1)
     1    0.002513    0.035475    0.182820    2.858101 v _113_/X (sg13g2_mux2_1)
                                                         _015_ (net)
                      0.035475    0.000027    2.858128 v _129_/D (sg13g2_dfrbpq_1)
                                              2.858128   data arrival time

                                 10.000000   10.000000   clock clk (rise edge)
                                  0.000000   10.000000   clock source latency
     1    0.021835    0.036840    0.018263   10.018263 ^ clk (in)
                                                         clk (net)
                      0.036896    0.000000   10.018263 ^ clkbuf_0_clk/A (sg13g2_buf_16)
     4    0.079962    0.033151    0.080103   10.098366 ^ clkbuf_0_clk/X (sg13g2_buf_16)
                                                         clknet_0_clk (net)
                      0.033246    0.001197   10.099564 ^ clkbuf_2_1__f_clk/A (sg13g2_buf_16)
     4    0.015199    0.018505    0.065850   10.165413 ^ clkbuf_2_1__f_clk/X (sg13g2_buf_16)
                                                         clknet_2_1__leaf_clk (net)
                      0.018505    0.000095   10.165508 ^ _129_/CLK (sg13g2_dfrbpq_1)
                                 -0.250000    9.915508   clock uncertainty
                                  0.000000    9.915508   clock reconvergence pessimism
                                 -0.118581    9.796926   library setup time
                                              9.796926   data required time
---------------------------------------------------------------------------------------------
                                              9.796926   data required time
                                             -2.858128   data arrival time
---------------------------------------------------------------------------------------------
                                              6.938798   slack (MET)


Startpoint: col_addr[0] (input port clocked by clk)
Endpoint: _125_ (rising edge-triggered flip-flop clocked by clk)
Path Group: clk
Path Type: max

Fanout         Cap        Slew       Delay        Time   Description
---------------------------------------------------------------------------------------------
                                  0.000000    0.000000   clock clk (rise edge)
                                  0.000000    0.000000   clock network delay (propagated)
                                  2.000000    2.000000 ^ input external delay
     1    0.002928    0.020158    0.002399    2.002399 ^ col_addr[0] (in)
                                                         col_addr[0] (net)
                      0.020158    0.000000    2.002399 ^ input1/A (sg13g2_buf_1)
     4    0.023948    0.103704    0.117139    2.119538 ^ input1/X (sg13g2_buf_1)
                                                         net1 (net)
                      0.103707    0.000461    2.119999 ^ fanout15/A (sg13g2_buf_1)
     8    0.052297    0.217490    0.231337    2.351336 ^ fanout15/X (sg13g2_buf_1)
                                                         net15 (net)
                      0.217491    0.000447    2.351783 ^ _064_/B (sg13g2_nand2b_1)
     4    0.015863    0.126321    0.168438    2.520221 v _064_/Y (sg13g2_nand2b_1)
                                                         _016_ (net)
                      0.126321    0.000046    2.520267 v _104_/A (sg13g2_nor3_1)
     1    0.006148    0.119862    0.154927    2.675193 ^ _104_/Y (sg13g2_nor3_1)
                                                         _043_ (net)
                      0.119862    0.000077    2.675270 ^ _105_/S (sg13g2_mux2_1)
     1    0.001845    0.033680    0.180873    2.856143 v _105_/X (sg13g2_mux2_1)
                                                         _011_ (net)
                      0.033680    0.000013    2.856156 v _125_/D (sg13g2_dfrbpq_1)
                                              2.856156   data arrival time

                                 10.000000   10.000000   clock clk (rise edge)
                                  0.000000   10.000000   clock source latency
     1    0.021835    0.036840    0.018263   10.018263 ^ clk (in)
                                                         clk (net)
                      0.036896    0.000000   10.018263 ^ clkbuf_0_clk/A (sg13g2_buf_16)
     4    0.079962    0.033151    0.080103   10.098366 ^ clkbuf_0_clk/X (sg13g2_buf_16)
                                                         clknet_0_clk (net)
                      0.033245    0.001187   10.099552 ^ clkbuf_2_3__f_clk/A (sg13g2_buf_16)
     4    0.015006    0.018460    0.065811   10.165364 ^ clkbuf_2_3__f_clk/X (sg13g2_buf_16)
                                                         clknet_2_3__leaf_clk (net)
                      0.018460    0.000087   10.165451 ^ _125_/CLK (sg13g2_dfrbpq_1)
                                 -0.250000    9.915451   clock uncertainty
                                  0.000000    9.915451   clock reconvergence pessimism
                                 -0.117946    9.797504   library setup time
                                              9.797504   data required time
---------------------------------------------------------------------------------------------
                                              9.797504   data required time
                                             -2.856156   data arrival time
---------------------------------------------------------------------------------------------
                                              6.941348   slack (MET)


Startpoint: col_addr[0] (input port clocked by clk)
Endpoint: _123_ (rising edge-triggered flip-flop clocked by clk)
Path Group: clk
Path Type: max

Fanout         Cap        Slew       Delay        Time   Description
---------------------------------------------------------------------------------------------
                                  0.000000    0.000000   clock clk (rise edge)
                                  0.000000    0.000000   clock network delay (propagated)
                                  2.000000    2.000000 ^ input external delay
     1    0.002928    0.020158    0.002399    2.002399 ^ col_addr[0] (in)
                                                         col_addr[0] (net)
                      0.020158    0.000000    2.002399 ^ input1/A (sg13g2_buf_1)
     4    0.023948    0.103704    0.117139    2.119538 ^ input1/X (sg13g2_buf_1)
                                                         net1 (net)
                      0.103707    0.000461    2.119999 ^ fanout15/A (sg13g2_buf_1)
     8    0.052297    0.217490    0.231337    2.351336 ^ fanout15/X (sg13g2_buf_1)
                                                         net15 (net)
                      0.217493    0.000759    2.352095 ^ _065_/B (sg13g2_nand2_1)
     4    0.015689    0.123268    0.165311    2.517406 v _065_/Y (sg13g2_nand2_1)
                                                         _017_ (net)
                      0.123268    0.000101    2.517507 v _100_/A (sg13g2_nor3_1)
     1    0.005515    0.112847    0.148549    2.666056 ^ _100_/Y (sg13g2_nor3_1)
                                                         _041_ (net)
                      0.112847    0.000042    2.666098 ^ _101_/S (sg13g2_mux2_1)
     1    0.003027    0.036736    0.182421    2.848520 v _101_/X (sg13g2_mux2_1)
                                                         _009_ (net)
                      0.036736    0.000042    2.848561 v _123_/D (sg13g2_dfrbpq_1)
                                              2.848561   data arrival time

                                 10.000000   10.000000   clock clk (rise edge)
                                  0.000000   10.000000   clock source latency
     1    0.021835    0.036840    0.018263   10.018263 ^ clk (in)
                                                         clk (net)
                      0.036896    0.000000   10.018263 ^ clkbuf_0_clk/A (sg13g2_buf_16)
     4    0.079962    0.033151    0.080103   10.098366 ^ clkbuf_0_clk/X (sg13g2_buf_16)
                                                         clknet_0_clk (net)
                      0.033194    0.000613   10.098979 ^ clkbuf_2_0__f_clk/A (sg13g2_buf_16)
     4    0.016069    0.018704    0.065993   10.164971 ^ clkbuf_2_0__f_clk/X (sg13g2_buf_16)
                                                         clknet_2_0__leaf_clk (net)
                      0.018705    0.000121   10.165092 ^ _123_/CLK (sg13g2_dfrbpq_1)
                                 -0.250000    9.915092   clock uncertainty
                                  0.000000    9.915092   clock reconvergence pessimism
                                 -0.118985    9.796107   library setup time
                                              9.796107   data required time
---------------------------------------------------------------------------------------------
                                              9.796107   data required time
                                             -2.848561   data arrival time
---------------------------------------------------------------------------------------------
                                              6.947546   slack (MET)


Startpoint: col_addr[0] (input port clocked by clk)
Endpoint: _127_ (rising edge-triggered flip-flop clocked by clk)
Path Group: clk
Path Type: max

Fanout         Cap        Slew       Delay        Time   Description
---------------------------------------------------------------------------------------------
                                  0.000000    0.000000   clock clk (rise edge)
                                  0.000000    0.000000   clock network delay (propagated)
                                  2.000000    2.000000 ^ input external delay
     1    0.002928    0.020158    0.002399    2.002399 ^ col_addr[0] (in)
                                                         col_addr[0] (net)
                      0.020158    0.000000    2.002399 ^ input1/A (sg13g2_buf_1)
     4    0.023948    0.103704    0.117139    2.119538 ^ input1/X (sg13g2_buf_1)
                                                         net1 (net)
                      0.103707    0.000461    2.119999 ^ fanout15/A (sg13g2_buf_1)
     8    0.052297    0.217490    0.231337    2.351336 ^ fanout15/X (sg13g2_buf_1)
                                                         net15 (net)
                      0.217493    0.000759    2.352095 ^ _065_/B (sg13g2_nand2_1)
     4    0.015689    0.123268    0.165311    2.517406 v _065_/Y (sg13g2_nand2_1)
                                                         _017_ (net)
                      0.123268    0.000084    2.517491 v _108_/A (sg13g2_nor3_1)
     1    0.005340    0.114579    0.146974    2.664464 ^ _108_/Y (sg13g2_nor3_1)
                                                         _045_ (net)
                      0.114579    0.000032    2.664496 ^ _109_/S (sg13g2_mux2_1)
     1    0.002065    0.034239    0.180070    2.844566 v _109_/X (sg13g2_mux2_1)
                                                         _013_ (net)
                      0.034239    0.000017    2.844583 v _127_/D (sg13g2_dfrbpq_1)
                                              2.844583   data arrival time

                                 10.000000   10.000000   clock clk (rise edge)
                                  0.000000   10.000000   clock source latency
     1    0.021835    0.036840    0.018263   10.018263 ^ clk (in)
                                                         clk (net)
                      0.036896    0.000000   10.018263 ^ clkbuf_0_clk/A (sg13g2_buf_16)
     4    0.079962    0.033151    0.080103   10.098366 ^ clkbuf_0_clk/X (sg13g2_buf_16)
                                                         clknet_0_clk (net)
                      0.033245    0.001187   10.099552 ^ clkbuf_2_3__f_clk/A (sg13g2_buf_16)
     4    0.015006    0.018460    0.065811   10.165364 ^ clkbuf_2_3__f_clk/X (sg13g2_buf_16)
                                                         clknet_2_3__leaf_clk (net)
                      0.018460    0.000095   10.165459 ^ _127_/CLK (sg13g2_dfrbpq_1)
                                 -0.250000    9.915459   clock uncertainty
                                  0.000000    9.915459   clock reconvergence pessimism
                                 -0.118148    9.797312   library setup time
                                              9.797312   data required time
---------------------------------------------------------------------------------------------
                                              9.797312   data required time
                                             -2.844583   data arrival time
---------------------------------------------------------------------------------------------
                                              6.952729   slack (MET)


Startpoint: col_addr[0] (input port clocked by clk)
Endpoint: _116_ (rising edge-triggered flip-flop clocked by clk)
Path Group: clk
Path Type: max

Fanout         Cap        Slew       Delay        Time   Description
---------------------------------------------------------------------------------------------
                                  0.000000    0.000000   clock clk (rise edge)
                                  0.000000    0.000000   clock network delay (propagated)
                                  2.000000    2.000000 ^ input external delay
     1    0.002928    0.020158    0.002399    2.002399 ^ col_addr[0] (in)
                                                         col_addr[0] (net)
                      0.020158    0.000000    2.002399 ^ input1/A (sg13g2_buf_1)
     4    0.023948    0.103704    0.117139    2.119538 ^ input1/X (sg13g2_buf_1)
                                                         net1 (net)
                      0.103707    0.000461    2.119999 ^ fanout15/A (sg13g2_buf_1)
     8    0.052297    0.217490    0.231337    2.351336 ^ fanout15/X (sg13g2_buf_1)
                                                         net15 (net)
                      0.217493    0.000759    2.352095 ^ _065_/B (sg13g2_nand2_1)
     4    0.015689    0.123268    0.165311    2.517406 v _065_/Y (sg13g2_nand2_1)
                                                         _017_ (net)
                      0.123268    0.000056    2.517463 v _086_/A (sg13g2_nor3_1)
     1    0.005383    0.115077    0.147363    2.664826 ^ _086_/Y (sg13g2_nor3_1)
                                                         _034_ (net)
                      0.115077    0.000033    2.664859 ^ _087_/S (sg13g2_mux2_1)
     1    0.001910    0.033967    0.179750    2.844609 v _087_/X (sg13g2_mux2_1)
                                                         _002_ (net)
                      0.033967    0.000014    2.844623 v _116_/D (sg13g2_dfrbpq_1)
                                              2.844623   data arrival time

                                 10.000000   10.000000   clock clk (rise edge)
                                  0.000000   10.000000   clock source latency
     1    0.021835    0.036840    0.018263   10.018263 ^ clk (in)
                                                         clk (net)
                      0.036896    0.000000   10.018263 ^ clkbuf_0_clk/A (sg13g2_buf_16)
     4    0.079962    0.033151    0.080103   10.098366 ^ clkbuf_0_clk/X (sg13g2_buf_16)
                                                         clknet_0_clk (net)
                      0.033246    0.001197   10.099564 ^ clkbuf_2_1__f_clk/A (sg13g2_buf_16)
     4    0.015199    0.018505    0.065850   10.165413 ^ clkbuf_2_1__f_clk/X (sg13g2_buf_16)
                                                         clknet_2_1__leaf_clk (net)
                      0.018505    0.000098   10.165510 ^ _116_/CLK (sg13g2_dfrbpq_1)
                                 -0.250000    9.915510   clock uncertainty
                                  0.000000    9.915510   clock reconvergence pessimism
                                 -0.118038    9.797472   library setup time
                                              9.797472   data required time
---------------------------------------------------------------------------------------------
                                              9.797472   data required time
                                             -2.844623   data arrival time
---------------------------------------------------------------------------------------------
                                              6.952850   slack (MET)


Startpoint: col_addr[0] (input port clocked by clk)
Endpoint: _122_ (rising edge-triggered flip-flop clocked by clk)
Path Group: clk
Path Type: max

Fanout         Cap        Slew       Delay        Time   Description
---------------------------------------------------------------------------------------------
                                  0.000000    0.000000   clock clk (rise edge)
                                  0.000000    0.000000   clock network delay (propagated)
                                  2.000000    2.000000 v input external delay
     1    0.002869    0.017101    0.001999    2.001999 v col_addr[0] (in)
                                                         col_addr[0] (net)
                      0.017101    0.000000    2.001999 v input1/A (sg13g2_buf_1)
     4    0.020762    0.072281    0.100349    2.102348 v input1/X (sg13g2_buf_1)
                                                         net1 (net)
                      0.072283    0.000399    2.102747 v fanout15/A (sg13g2_buf_1)
     8    0.042310    0.135823    0.173313    2.276060 v fanout15/X (sg13g2_buf_1)
                                                         net15 (net)
                      0.135825    0.000653    2.276713 v _066_/A_N (sg13g2_nand2b_1)
     4    0.016834    0.122249    0.173305    2.450018 v _066_/Y (sg13g2_nand2b_1)
                                                         _018_ (net)
                      0.122249    0.000175    2.450192 v _098_/A (sg13g2_nor3_1)
     1    0.007473    0.134181    0.165988    2.616181 ^ _098_/Y (sg13g2_nor3_1)
                                                         _040_ (net)
                      0.134181    0.000165    2.616345 ^ _099_/S (sg13g2_mux2_1)
     1    0.002220    0.034749    0.185911    2.802257 v _099_/X (sg13g2_mux2_1)
                                                         _008_ (net)
                      0.034749    0.000020    2.802277 v _122_/D (sg13g2_dfrbpq_1)
                                              2.802277   data arrival time

                                 10.000000   10.000000   clock clk (rise edge)
                                  0.000000   10.000000   clock source latency
     1    0.021835    0.036840    0.018263   10.018263 ^ clk (in)
                                                         clk (net)
                      0.036896    0.000000   10.018263 ^ clkbuf_0_clk/A (sg13g2_buf_16)
     4    0.079962    0.033151    0.080103   10.098366 ^ clkbuf_0_clk/X (sg13g2_buf_16)
                                                         clknet_0_clk (net)
                      0.033194    0.000613   10.098979 ^ clkbuf_2_0__f_clk/A (sg13g2_buf_16)
     4    0.016069    0.018704    0.065993   10.164971 ^ clkbuf_2_0__f_clk/X (sg13g2_buf_16)
                                                         clknet_2_0__leaf_clk (net)
                      0.018705    0.000119   10.165091 ^ _122_/CLK (sg13g2_dfrbpq_1)
                                 -0.250000    9.915091   clock uncertainty
                                  0.000000    9.915091   clock reconvergence pessimism
                                 -0.118269    9.796822   library setup time
                                              9.796822   data required time
---------------------------------------------------------------------------------------------
                                              9.796822   data required time
                                             -2.802277   data arrival time
---------------------------------------------------------------------------------------------
                                              6.994545   slack (MET)


Startpoint: col_addr[0] (input port clocked by clk)
Endpoint: _119_ (rising edge-triggered flip-flop clocked by clk)
Path Group: clk
Path Type: max

Fanout         Cap        Slew       Delay        Time   Description
---------------------------------------------------------------------------------------------
                                  0.000000    0.000000   clock clk (rise edge)
                                  0.000000    0.000000   clock network delay (propagated)
                                  2.000000    2.000000 v input external delay
     1    0.002869    0.017101    0.001999    2.001999 v col_addr[0] (in)
                                                         col_addr[0] (net)
                      0.017101    0.000000    2.001999 v input1/A (sg13g2_buf_1)
     4    0.020762    0.072281    0.100349    2.102348 v input1/X (sg13g2_buf_1)
                                                         net1 (net)
                      0.072283    0.000399    2.102747 v fanout15/A (sg13g2_buf_1)
     8    0.042310    0.135823    0.173313    2.276060 v fanout15/X (sg13g2_buf_1)
                                                         net15 (net)
                      0.135825    0.000653    2.276713 v _066_/A_N (sg13g2_nand2b_1)
     4    0.016834    0.122249    0.173305    2.450018 v _066_/Y (sg13g2_nand2b_1)
                                                         _018_ (net)
                      0.122249    0.000183    2.450201 v _092_/A (sg13g2_nor3_1)
     1    0.006480    0.123249    0.157033    2.607234 ^ _092_/Y (sg13g2_nor3_1)
                                                         _037_ (net)
                      0.123249    0.000098    2.607332 ^ _093_/S (sg13g2_mux2_1)
     1    0.003079    0.036743    0.185431    2.792763 v _093_/X (sg13g2_mux2_1)
                                                         _005_ (net)
                      0.036743    0.000042    2.792805 v _119_/D (sg13g2_dfrbpq_1)
                                              2.792805   data arrival time

                                 10.000000   10.000000   clock clk (rise edge)
                                  0.000000   10.000000   clock source latency
     1    0.021835    0.036840    0.018263   10.018263 ^ clk (in)
                                                         clk (net)
                      0.036896    0.000000   10.018263 ^ clkbuf_0_clk/A (sg13g2_buf_16)
     4    0.079962    0.033151    0.080103   10.098366 ^ clkbuf_0_clk/X (sg13g2_buf_16)
                                                         clknet_0_clk (net)
                      0.033212    0.000831   10.099197 ^ clkbuf_2_2__f_clk/A (sg13g2_buf_16)
     4    0.015459    0.018564    0.065883   10.165081 ^ clkbuf_2_2__f_clk/X (sg13g2_buf_16)
                                                         clknet_2_2__leaf_clk (net)
                      0.018564    0.000075   10.165156 ^ _119_/CLK (sg13g2_dfrbpq_1)
                                 -0.250000    9.915156   clock uncertainty
                                  0.000000    9.915156   clock reconvergence pessimism
                                 -0.119023    9.796133   library setup time
                                              9.796133   data required time
---------------------------------------------------------------------------------------------
                                              9.796133   data required time
                                             -2.792805   data arrival time
---------------------------------------------------------------------------------------------
                                              7.003328   slack (MET)


Startpoint: col_addr[0] (input port clocked by clk)
Endpoint: _115_ (rising edge-triggered flip-flop clocked by clk)
Path Group: clk
Path Type: max

Fanout         Cap        Slew       Delay        Time   Description
---------------------------------------------------------------------------------------------
                                  0.000000    0.000000   clock clk (rise edge)
                                  0.000000    0.000000   clock network delay (propagated)
                                  2.000000    2.000000 v input external delay
     1    0.002869    0.017101    0.001999    2.001999 v col_addr[0] (in)
                                                         col_addr[0] (net)
                      0.017101    0.000000    2.001999 v input1/A (sg13g2_buf_1)
     4    0.020762    0.072281    0.100349    2.102348 v input1/X (sg13g2_buf_1)
                                                         net1 (net)
                      0.072283    0.000399    2.102747 v fanout15/A (sg13g2_buf_1)
     8    0.042310    0.135823    0.173313    2.276060 v fanout15/X (sg13g2_buf_1)
                                                         net15 (net)
                      0.135825    0.000653    2.276713 v _066_/A_N (sg13g2_nand2b_1)
     4    0.016834    0.122249    0.173305    2.450018 v _066_/Y (sg13g2_nand2b_1)
                                                         _018_ (net)
                      0.122249    0.000060    2.450077 v _084_/A (sg13g2_nor3_1)
     1    0.006400    0.122586    0.156314    2.606391 ^ _084_/Y (sg13g2_nor3_1)
                                                         _033_ (net)
                      0.122586    0.000091    2.606482 ^ _085_/S (sg13g2_mux2_1)
     1    0.002706    0.035951    0.184153    2.790635 v _085_/X (sg13g2_mux2_1)
                                                         _001_ (net)
                      0.035951    0.000030    2.790665 v _115_/D (sg13g2_dfrbpq_1)
                                              2.790665   data arrival time

                                 10.000000   10.000000   clock clk (rise edge)
                                  0.000000   10.000000   clock source latency
     1    0.021835    0.036840    0.018263   10.018263 ^ clk (in)
                                                         clk (net)
                      0.036896    0.000000   10.018263 ^ clkbuf_0_clk/A (sg13g2_buf_16)
     4    0.079962    0.033151    0.080103   10.098366 ^ clkbuf_0_clk/X (sg13g2_buf_16)
                                                         clknet_0_clk (net)
                      0.033246    0.001197   10.099564 ^ clkbuf_2_1__f_clk/A (sg13g2_buf_16)
     4    0.015199    0.018505    0.065850   10.165413 ^ clkbuf_2_1__f_clk/X (sg13g2_buf_16)
                                                         clknet_2_1__leaf_clk (net)
                      0.018505    0.000069   10.165483 ^ _115_/CLK (sg13g2_dfrbpq_1)
                                 -0.250000    9.915483   clock uncertainty
                                  0.000000    9.915483   clock reconvergence pessimism
                                 -0.118753    9.796729   library setup time
                                              9.796729   data required time
---------------------------------------------------------------------------------------------
                                              9.796729   data required time
                                             -2.790665   data arrival time
---------------------------------------------------------------------------------------------
                                              7.006064   slack (MET)


Startpoint: col_addr[0] (input port clocked by clk)
Endpoint: _126_ (rising edge-triggered flip-flop clocked by clk)
Path Group: clk
Path Type: max

Fanout         Cap        Slew       Delay        Time   Description
---------------------------------------------------------------------------------------------
                                  0.000000    0.000000   clock clk (rise edge)
                                  0.000000    0.000000   clock network delay (propagated)
                                  2.000000    2.000000 v input external delay
     1    0.002869    0.017101    0.001999    2.001999 v col_addr[0] (in)
                                                         col_addr[0] (net)
                      0.017101    0.000000    2.001999 v input1/A (sg13g2_buf_1)
     4    0.020762    0.072281    0.100349    2.102348 v input1/X (sg13g2_buf_1)
                                                         net1 (net)
                      0.072283    0.000399    2.102747 v fanout15/A (sg13g2_buf_1)
     8    0.042310    0.135823    0.173313    2.276060 v fanout15/X (sg13g2_buf_1)
                                                         net15 (net)
                      0.135825    0.000653    2.276713 v _066_/A_N (sg13g2_nand2b_1)
     4    0.016834    0.122249    0.173305    2.450018 v _066_/Y (sg13g2_nand2b_1)
                                                         _018_ (net)
                      0.122249    0.000134    2.450152 v _106_/A (sg13g2_nor3_1)
     1    0.005254    0.113582    0.145975    2.596127 ^ _106_/Y (sg13g2_nor3_1)
                                                         _044_ (net)
                      0.113582    0.000028    2.596154 ^ _107_/S (sg13g2_mux2_1)
     1    0.002468    0.035244    0.180979    2.777133 v _107_/X (sg13g2_mux2_1)
                                                         _012_ (net)
                      0.035244    0.000027    2.777160 v _126_/D (sg13g2_dfrbpq_1)
                                              2.777160   data arrival time

                                 10.000000   10.000000   clock clk (rise edge)
                                  0.000000   10.000000   clock source latency
     1    0.021835    0.036840    0.018263   10.018263 ^ clk (in)
                                                         clk (net)
                      0.036896    0.000000   10.018263 ^ clkbuf_0_clk/A (sg13g2_buf_16)
     4    0.079962    0.033151    0.080103   10.098366 ^ clkbuf_0_clk/X (sg13g2_buf_16)
                                                         clknet_0_clk (net)
                      0.033245    0.001187   10.099552 ^ clkbuf_2_3__f_clk/A (sg13g2_buf_16)
     4    0.015006    0.018460    0.065811   10.165364 ^ clkbuf_2_3__f_clk/X (sg13g2_buf_16)
                                                         clknet_2_3__leaf_clk (net)
                      0.018460    0.000068   10.165431 ^ _126_/CLK (sg13g2_dfrbpq_1)
                                 -0.250000    9.915431   clock uncertainty
                                  0.000000    9.915431   clock reconvergence pessimism
                                 -0.118510    9.796922   library setup time
                                              9.796922   data required time
---------------------------------------------------------------------------------------------
                                              9.796922   data required time
                                             -2.777160   data arrival time
---------------------------------------------------------------------------------------------
                                              7.019762   slack (MET)


Startpoint: col_addr[0] (input port clocked by clk)
Endpoint: _114_ (rising edge-triggered flip-flop clocked by clk)
Path Group: clk
Path Type: max

Fanout         Cap        Slew       Delay        Time   Description
---------------------------------------------------------------------------------------------
                                  0.000000    0.000000   clock clk (rise edge)
                                  0.000000    0.000000   clock network delay (propagated)
                                  2.000000    2.000000 v input external delay
     1    0.002869    0.017101    0.001999    2.001999 v col_addr[0] (in)
                                                         col_addr[0] (net)
                      0.017101    0.000000    2.001999 v input1/A (sg13g2_buf_1)
     4    0.020762    0.072281    0.100349    2.102348 v input1/X (sg13g2_buf_1)
                                                         net1 (net)
                      0.072283    0.000399    2.102747 v fanout15/A (sg13g2_buf_1)
     8    0.042310    0.135823    0.173313    2.276060 v fanout15/X (sg13g2_buf_1)
                                                         net15 (net)
                      0.135824    0.000586    2.276646 v _082_/B (sg13g2_nor4_1)
     1    0.006076    0.163347    0.205732    2.482378 ^ _082_/Y (sg13g2_nor4_1)
                                                         _032_ (net)
                      0.163347    0.000073    2.482451 ^ _083_/S (sg13g2_mux2_1)
     1    0.002564    0.035603    0.194936    2.677387 v _083_/X (sg13g2_mux2_1)
                                                         _000_ (net)
                      0.035603    0.000028    2.677415 v _114_/D (sg13g2_dfrbpq_1)
                                              2.677415   data arrival time

                                 10.000000   10.000000   clock clk (rise edge)
                                  0.000000   10.000000   clock source latency
     1    0.021835    0.036840    0.018263   10.018263 ^ clk (in)
                                                         clk (net)
                      0.036896    0.000000   10.018263 ^ clkbuf_0_clk/A (sg13g2_buf_16)
     4    0.079962    0.033151    0.080103   10.098366 ^ clkbuf_0_clk/X (sg13g2_buf_16)
                                                         clknet_0_clk (net)
                      0.033194    0.000613   10.098979 ^ clkbuf_2_0__f_clk/A (sg13g2_buf_16)
     4    0.016069    0.018704    0.065993   10.164971 ^ clkbuf_2_0__f_clk/X (sg13g2_buf_16)
                                                         clknet_2_0__leaf_clk (net)
                      0.018705    0.000138   10.165109 ^ _114_/CLK (sg13g2_dfrbpq_1)
                                 -0.250000    9.915109   clock uncertainty
                                  0.000000    9.915109   clock reconvergence pessimism
                                 -0.118576    9.796533   library setup time
                                              9.796533   data required time
---------------------------------------------------------------------------------------------
                                              9.796533   data required time
                                             -2.677415   data arrival time
---------------------------------------------------------------------------------------------
                                              7.119118   slack (MET)


Startpoint: col_addr[0] (input port clocked by clk)
Endpoint: _117_ (rising edge-triggered flip-flop clocked by clk)
Path Group: clk
Path Type: max

Fanout         Cap        Slew       Delay        Time   Description
---------------------------------------------------------------------------------------------
                                  0.000000    0.000000   clock clk (rise edge)
                                  0.000000    0.000000   clock network delay (propagated)
                                  2.000000    2.000000 v input external delay
     1    0.002869    0.017101    0.001999    2.001999 v col_addr[0] (in)
                                                         col_addr[0] (net)
                      0.017101    0.000000    2.001999 v input1/A (sg13g2_buf_1)
     4    0.020762    0.072281    0.100349    2.102348 v input1/X (sg13g2_buf_1)
                                                         net1 (net)
                      0.072283    0.000399    2.102747 v fanout15/A (sg13g2_buf_1)
     8    0.042310    0.135823    0.173313    2.276060 v fanout15/X (sg13g2_buf_1)
                                                         net15 (net)
                      0.135824    0.000542    2.276602 v _088_/B (sg13g2_nor4_1)
     1    0.005273    0.155831    0.196075    2.472677 ^ _088_/Y (sg13g2_nor4_1)
                                                         _035_ (net)
                      0.155831    0.000028    2.472706 ^ _089_/S (sg13g2_mux2_1)
     1    0.002591    0.035547    0.192948    2.665653 v _089_/X (sg13g2_mux2_1)
                                                         _003_ (net)
                      0.035547    0.000028    2.665682 v _117_/D (sg13g2_dfrbpq_1)
                                              2.665682   data arrival time

                                 10.000000   10.000000   clock clk (rise edge)
                                  0.000000   10.000000   clock source latency
     1    0.021835    0.036840    0.018263   10.018263 ^ clk (in)
                                                         clk (net)
                      0.036896    0.000000   10.018263 ^ clkbuf_0_clk/A (sg13g2_buf_16)
     4    0.079962    0.033151    0.080103   10.098366 ^ clkbuf_0_clk/X (sg13g2_buf_16)
                                                         clknet_0_clk (net)
                      0.033212    0.000831   10.099197 ^ clkbuf_2_2__f_clk/A (sg13g2_buf_16)
     4    0.015459    0.018564    0.065883   10.165081 ^ clkbuf_2_2__f_clk/X (sg13g2_buf_16)
                                                         clknet_2_2__leaf_clk (net)
                      0.018564    0.000135   10.165215 ^ _117_/CLK (sg13g2_dfrbpq_1)
                                 -0.250000    9.915215   clock uncertainty
                                  0.000000    9.915215   clock reconvergence pessimism
                                 -0.118592    9.796623   library setup time
                                              9.796623   data required time
---------------------------------------------------------------------------------------------
                                              9.796623   data required time
                                             -2.665682   data arrival time
---------------------------------------------------------------------------------------------
                                              7.130941   slack (MET)


Startpoint: we_n (input port clocked by clk)
Endpoint: _128_ (rising edge-triggered flip-flop clocked by clk)
Path Group: clk
Path Type: max

Fanout         Cap        Slew       Delay        Time   Description
---------------------------------------------------------------------------------------------
                                  0.000000    0.000000   clock clk (rise edge)
                                  0.000000    0.000000   clock network delay (propagated)
                                  2.000000    2.000000 v input external delay
     1    0.003377    0.017463    0.002361    2.002361 v we_n (in)
                                                         we_n (net)
                      0.017463    0.000000    2.002361 v input7/A (sg13g2_buf_1)
     1    0.002301    0.017734    0.055421    2.057783 v input7/X (sg13g2_buf_1)
                                                         net7 (net)
                      0.017734    0.000011    2.057793 v _081_/A_N (sg13g2_nand2b_1)
     2    0.008935    0.063683    0.096223    2.154016 v _081_/Y (sg13g2_nand2b_1)
                                                         _031_ (net)
                      0.063704    0.000187    2.154203 v fanout11/A (sg13g2_buf_1)
     8    0.025967    0.086639    0.133197    2.287400 v fanout11/X (sg13g2_buf_1)
                                                         net11 (net)
                      0.086640    0.000451    2.287851 v _110_/D (sg13g2_nor4_1)
     1    0.006587    0.171540    0.159999    2.447849 ^ _110_/Y (sg13g2_nor4_1)
                                                         _046_ (net)
                      0.171540    0.000105    2.447954 ^ _111_/S (sg13g2_mux2_1)
     1    0.002468    0.035364    0.196903    2.644857 v _111_/X (sg13g2_mux2_1)
                                                         _014_ (net)
                      0.035364    0.000026    2.644883 v _128_/D (sg13g2_dfrbpq_1)
                                              2.644883   data arrival time

                                 10.000000   10.000000   clock clk (rise edge)
                                  0.000000   10.000000   clock source latency
     1    0.021835    0.036840    0.018263   10.018263 ^ clk (in)
                                                         clk (net)
                      0.036896    0.000000   10.018263 ^ clkbuf_0_clk/A (sg13g2_buf_16)
     4    0.079962    0.033151    0.080103   10.098366 ^ clkbuf_0_clk/X (sg13g2_buf_16)
                                                         clknet_0_clk (net)
                      0.033246    0.001197   10.099564 ^ clkbuf_2_1__f_clk/A (sg13g2_buf_16)
     4    0.015199    0.018505    0.065850   10.165413 ^ clkbuf_2_1__f_clk/X (sg13g2_buf_16)
                                                         clknet_2_1__leaf_clk (net)
                      0.018505    0.000080   10.165493 ^ _128_/CLK (sg13g2_dfrbpq_1)
                                 -0.250000    9.915493   clock uncertainty
                                  0.000000    9.915493   clock reconvergence pessimism
                                 -0.118541    9.796951   library setup time
                                              9.796951   data required time
---------------------------------------------------------------------------------------------
                                              9.796951   data required time
                                             -2.644883   data arrival time
---------------------------------------------------------------------------------------------
                                              7.152068   slack (MET)


Startpoint: we_n (input port clocked by clk)
Endpoint: _124_ (rising edge-triggered flip-flop clocked by clk)
Path Group: clk
Path Type: max

Fanout         Cap        Slew       Delay        Time   Description
---------------------------------------------------------------------------------------------
                                  0.000000    0.000000   clock clk (rise edge)
                                  0.000000    0.000000   clock network delay (propagated)
                                  2.000000    2.000000 v input external delay
     1    0.003377    0.017463    0.002361    2.002361 v we_n (in)
                                                         we_n (net)
                      0.017463    0.000000    2.002361 v input7/A (sg13g2_buf_1)
     1    0.002301    0.017734    0.055421    2.057783 v input7/X (sg13g2_buf_1)
                                                         net7 (net)
                      0.017734    0.000011    2.057793 v _081_/A_N (sg13g2_nand2b_1)
     2    0.008935    0.063683    0.096223    2.154016 v _081_/Y (sg13g2_nand2b_1)
                                                         _031_ (net)
                      0.063704    0.000187    2.154203 v fanout11/A (sg13g2_buf_1)
     8    0.025967    0.086639    0.133197    2.287400 v fanout11/X (sg13g2_buf_1)
                                                         net11 (net)
                      0.086639    0.000208    2.287608 v _102_/D (sg13g2_nor4_1)
     1    0.006094    0.164268    0.154051    2.441659 ^ _102_/Y (sg13g2_nor4_1)
                                                         _042_ (net)
                      0.164268    0.000074    2.441733 ^ _103_/S (sg13g2_mux2_1)
     1    0.002339    0.034924    0.194527    2.636260 v _103_/X (sg13g2_mux2_1)
                                                         _010_ (net)
                      0.034924    0.000024    2.636283 v _124_/D (sg13g2_dfrbpq_1)
                                              2.636283   data arrival time

                                 10.000000   10.000000   clock clk (rise edge)
                                  0.000000   10.000000   clock source latency
     1    0.021835    0.036840    0.018263   10.018263 ^ clk (in)
                                                         clk (net)
                      0.036896    0.000000   10.018263 ^ clkbuf_0_clk/A (sg13g2_buf_16)
     4    0.079962    0.033151    0.080103   10.098366 ^ clkbuf_0_clk/X (sg13g2_buf_16)
                                                         clknet_0_clk (net)
                      0.033245    0.001187   10.099552 ^ clkbuf_2_3__f_clk/A (sg13g2_buf_16)
     4    0.015006    0.018460    0.065811   10.165364 ^ clkbuf_2_3__f_clk/X (sg13g2_buf_16)
                                                         clknet_2_3__leaf_clk (net)
                      0.018460    0.000072   10.165436 ^ _124_/CLK (sg13g2_dfrbpq_1)
                                 -0.250000    9.915436   clock uncertainty
                                  0.000000    9.915436   clock reconvergence pessimism
                                 -0.118394    9.797042   library setup time
                                              9.797042   data required time
---------------------------------------------------------------------------------------------
                                              9.797042   data required time
                                             -2.636283   data arrival time
---------------------------------------------------------------------------------------------
                                              7.160758   slack (MET)



