
===========================================================================
report_checks -path_delay max (Setup)
============================================================================
======================= nom_typ_1p20V_25C Corner ===================================

Startpoint: col_addr[0] (input port clocked by clk)
Endpoint: data_out_bar (output port clocked by clk)
Path Group: clk
Path Type: max

Fanout         Cap        Slew       Delay        Time   Description
---------------------------------------------------------------------------------------------
                                  0.000000    0.000000   clock clk (rise edge)
                                  0.000000    0.000000   clock network delay (propagated)
                                  2.000000    2.000000 ^ input external delay
     1    0.002886    0.020113    0.002453    2.002453 ^ col_addr[0] (in)
                                                         col_addr[0] (net)
                      0.020113    0.000000    2.002453 ^ input1/A (sg13g2_buf_1)
     4    0.027647    0.118653    0.126593    2.129046 ^ input1/X (sg13g2_buf_1)
                                                         net1 (net)
                      0.118682    0.001545    2.130591 ^ fanout15/A (sg13g2_buf_1)
     8    0.056603    0.235207    0.244789    2.375380 ^ fanout15/X (sg13g2_buf_1)
                                                         net15 (net)
                      0.235303    0.003957    2.379337 ^ _073_/S0 (sg13g2_mux4_1)
     1    0.003463    0.042702    0.283181    2.662518 v _073_/X (sg13g2_mux4_1)
                                                         _025_ (net)
                      0.042702    0.000138    2.662656 v _075_/B (sg13g2_nand2b_1)
     2    0.010130    0.057139    0.062338    2.724993 ^ _075_/Y (sg13g2_nand2b_1)
                                                         _027_ (net)
                      0.057151    0.000637    2.725630 ^ _079_/C (sg13g2_and4_1)
     1    0.002901    0.038303    0.156701    2.882331 ^ _079_/X (sg13g2_and4_1)
                                                         net9 (net)
                      0.038303    0.000217    2.882548 ^ output9/A (sg13g2_buf_1)
     1    0.007185    0.038565    0.076128    2.958676 ^ output9/X (sg13g2_buf_1)
                                                         data_out_bar (net)
                      0.038566    0.000300    2.958976 ^ data_out_bar (out)
                                              2.958976   data arrival time

                                 10.000000   10.000000   clock clk (rise edge)
                                  0.000000   10.000000   clock network delay (propagated)
                                 -0.250000    9.750000   clock uncertainty
                                  0.000000    9.750000   clock reconvergence pessimism
                                 -2.000000    7.750000   output external delay
                                              7.750000   data required time
---------------------------------------------------------------------------------------------
                                              7.750000   data required time
                                             -2.958976   data arrival time
---------------------------------------------------------------------------------------------
                                              4.791025   slack (MET)


Startpoint: col_addr[0] (input port clocked by clk)
Endpoint: data_out (output port clocked by clk)
Path Group: clk
Path Type: max

Fanout         Cap        Slew       Delay        Time   Description
---------------------------------------------------------------------------------------------
                                  0.000000    0.000000   clock clk (rise edge)
                                  0.000000    0.000000   clock network delay (propagated)
                                  2.000000    2.000000 ^ input external delay
     1    0.002886    0.020113    0.002453    2.002453 ^ col_addr[0] (in)
                                                         col_addr[0] (net)
                      0.020113    0.000000    2.002453 ^ input1/A (sg13g2_buf_1)
     4    0.027647    0.118653    0.126593    2.129046 ^ input1/X (sg13g2_buf_1)
                                                         net1 (net)
                      0.118682    0.001545    2.130591 ^ fanout15/A (sg13g2_buf_1)
     8    0.056603    0.235207    0.244789    2.375380 ^ fanout15/X (sg13g2_buf_1)
                                                         net15 (net)
                      0.235303    0.003957    2.379337 ^ _073_/S0 (sg13g2_mux4_1)
     1    0.003463    0.042702    0.283181    2.662518 v _073_/X (sg13g2_mux4_1)
                                                         _025_ (net)
                      0.042702    0.000138    2.662656 v _075_/B (sg13g2_nand2b_1)
     2    0.010130    0.057139    0.062338    2.724993 ^ _075_/Y (sg13g2_nand2b_1)
                                                         _027_ (net)
                      0.057151    0.000647    2.725640 ^ _080_/C (sg13g2_nand4_1)
     1    0.004093    0.085673    0.116659    2.842299 v _080_/Y (sg13g2_nand4_1)
                                                         net8 (net)
                      0.085673    0.000270    2.842569 v output8/A (sg13g2_buf_1)
     1    0.006896    0.032249    0.095615    2.938184 v output8/X (sg13g2_buf_1)
                                                         data_out (net)
                      0.032251    0.000284    2.938469 v data_out (out)
                                              2.938469   data arrival time

                                 10.000000   10.000000   clock clk (rise edge)
                                  0.000000   10.000000   clock network delay (propagated)
                                 -0.250000    9.750000   clock uncertainty
                                  0.000000    9.750000   clock reconvergence pessimism
                                 -2.000000    7.750000   output external delay
                                              7.750000   data required time
---------------------------------------------------------------------------------------------
                                              7.750000   data required time
                                             -2.938469   data arrival time
---------------------------------------------------------------------------------------------
                                              4.811532   slack (MET)


Startpoint: col_addr[0] (input port clocked by clk)
Endpoint: _118_ (rising edge-triggered flip-flop clocked by clk)
Path Group: clk
Path Type: max

Fanout         Cap        Slew       Delay        Time   Description
---------------------------------------------------------------------------------------------
                                  0.000000    0.000000   clock clk (rise edge)
                                  0.000000    0.000000   clock network delay (propagated)
                                  2.000000    2.000000 ^ input external delay
     1    0.002886    0.020113    0.002453    2.002453 ^ col_addr[0] (in)
                                                         col_addr[0] (net)
                      0.020113    0.000000    2.002453 ^ input1/A (sg13g2_buf_1)
     4    0.027647    0.118653    0.126593    2.129046 ^ input1/X (sg13g2_buf_1)
                                                         net1 (net)
                      0.118682    0.001545    2.130591 ^ fanout15/A (sg13g2_buf_1)
     8    0.056603    0.235207    0.244789    2.375380 ^ fanout15/X (sg13g2_buf_1)
                                                         net15 (net)
                      0.235247    0.002588    2.377968 ^ _064_/B (sg13g2_nand2b_1)
     4    0.017411    0.139613    0.181445    2.559413 v _064_/Y (sg13g2_nand2b_1)
                                                         _016_ (net)
                      0.139621    0.001051    2.560464 v _090_/A (sg13g2_nor3_1)
     1    0.007438    0.134980    0.169411    2.729875 ^ _090_/Y (sg13g2_nor3_1)
                                                         _036_ (net)
                      0.134981    0.000540    2.730415 ^ _091_/S (sg13g2_mux2_1)
     1    0.002621    0.036140    0.187286    2.917702 v _091_/X (sg13g2_mux2_1)
                                                         _004_ (net)
                      0.036140    0.000171    2.917873 v _118_/D (sg13g2_dfrbpq_1)
                                              2.917873   data arrival time

                                 10.000000   10.000000   clock clk (rise edge)
                                  0.000000   10.000000   clock source latency
     1    0.021716    0.036751    0.019356   10.019357 ^ clk (in)
                                                         clk (net)
                      0.037124    0.000000   10.019357 ^ clkbuf_0_clk/A (sg13g2_buf_16)
     4    0.080069    0.032855    0.078470   10.097826 ^ clkbuf_0_clk/X (sg13g2_buf_16)
                                                         clknet_0_clk (net)
                      0.033142    0.001728   10.099554 ^ clkbuf_2_2__f_clk/A (sg13g2_buf_16)
     4    0.015870    0.018645    0.065871   10.165425 ^ clkbuf_2_2__f_clk/X (sg13g2_buf_16)
                                                         clknet_2_2__leaf_clk (net)
                      0.018652    0.000744   10.166169 ^ _118_/CLK (sg13g2_dfrbpq_1)
                                 -0.250000    9.916169   clock uncertainty
                                  0.000000    9.916169   clock reconvergence pessimism
                                 -0.118784    9.797386   library setup time
                                              9.797386   data required time
---------------------------------------------------------------------------------------------
                                              9.797386   data required time
                                             -2.917873   data arrival time
---------------------------------------------------------------------------------------------
                                              6.879513   slack (MET)


Startpoint: col_addr[0] (input port clocked by clk)
Endpoint: _121_ (rising edge-triggered flip-flop clocked by clk)
Path Group: clk
Path Type: max

Fanout         Cap        Slew       Delay        Time   Description
---------------------------------------------------------------------------------------------
                                  0.000000    0.000000   clock clk (rise edge)
                                  0.000000    0.000000   clock network delay (propagated)
                                  2.000000    2.000000 ^ input external delay
     1    0.002886    0.020113    0.002453    2.002453 ^ col_addr[0] (in)
                                                         col_addr[0] (net)
                      0.020113    0.000000    2.002453 ^ input1/A (sg13g2_buf_1)
     4    0.027647    0.118653    0.126593    2.129046 ^ input1/X (sg13g2_buf_1)
                                                         net1 (net)
                      0.118682    0.001545    2.130591 ^ fanout15/A (sg13g2_buf_1)
     8    0.056603    0.235207    0.244789    2.375380 ^ fanout15/X (sg13g2_buf_1)
                                                         net15 (net)
                      0.235247    0.002588    2.377968 ^ _064_/B (sg13g2_nand2b_1)
     4    0.017411    0.139613    0.181445    2.559413 v _064_/Y (sg13g2_nand2b_1)
                                                         _016_ (net)
                      0.139629    0.001450    2.560862 v _096_/A (sg13g2_nor3_1)
     1    0.007797    0.138940    0.172631    2.733493 ^ _096_/Y (sg13g2_nor3_1)
                                                         _039_ (net)
                      0.138941    0.000623    2.734116 ^ _097_/S (sg13g2_mux2_1)
     1    0.002542    0.035995    0.188142    2.922259 v _097_/X (sg13g2_mux2_1)
                                                         _007_ (net)
                      0.035996    0.000165    2.922423 v _121_/D (sg13g2_dfrbpq_1)
                                              2.922423   data arrival time

                                 10.000000   10.000000   clock clk (rise edge)
                                  0.000000   10.000000   clock source latency
     1    0.021716    0.036751    0.019356   10.019357 ^ clk (in)
                                                         clk (net)
                      0.037124    0.000000   10.019357 ^ clkbuf_0_clk/A (sg13g2_buf_16)
     4    0.080069    0.032855    0.078470   10.097826 ^ clkbuf_0_clk/X (sg13g2_buf_16)
                                                         clknet_0_clk (net)
                      0.034649    0.005738   10.103563 ^ clkbuf_2_0__f_clk/A (sg13g2_buf_16)
     4    0.016564    0.018879    0.066741   10.170305 ^ clkbuf_2_0__f_clk/X (sg13g2_buf_16)
                                                         clknet_2_0__leaf_clk (net)
                      0.018884    0.000633   10.170938 ^ _121_/CLK (sg13g2_dfrbpq_1)
                                 -0.250000    9.920938   clock uncertainty
                                  0.000000    9.920938   clock reconvergence pessimism
                                 -0.118672    9.802266   library setup time
                                              9.802266   data required time
---------------------------------------------------------------------------------------------
                                              9.802266   data required time
                                             -2.922423   data arrival time
---------------------------------------------------------------------------------------------
                                              6.879843   slack (MET)


Startpoint: col_addr[0] (input port clocked by clk)
Endpoint: _120_ (rising edge-triggered flip-flop clocked by clk)
Path Group: clk
Path Type: max

Fanout         Cap        Slew       Delay        Time   Description
---------------------------------------------------------------------------------------------
                                  0.000000    0.000000   clock clk (rise edge)
                                  0.000000    0.000000   clock network delay (propagated)
                                  2.000000    2.000000 ^ input external delay
     1    0.002886    0.020113    0.002453    2.002453 ^ col_addr[0] (in)
                                                         col_addr[0] (net)
                      0.020113    0.000000    2.002453 ^ input1/A (sg13g2_buf_1)
     4    0.027647    0.118653    0.126593    2.129046 ^ input1/X (sg13g2_buf_1)
                                                         net1 (net)
                      0.118682    0.001545    2.130591 ^ fanout15/A (sg13g2_buf_1)
     8    0.056603    0.235207    0.244789    2.375380 ^ fanout15/X (sg13g2_buf_1)
                                                         net15 (net)
                      0.235391    0.005435    2.380815 ^ _065_/B (sg13g2_nand2_1)
     4    0.017638    0.139657    0.180808    2.561623 v _065_/Y (sg13g2_nand2_1)
                                                         _017_ (net)
                      0.139668    0.001221    2.562843 v _094_/A (sg13g2_nor3_1)
     1    0.007121    0.131496    0.166541    2.729385 ^ _094_/Y (sg13g2_nor3_1)
                                                         _038_ (net)
                      0.131496    0.000524    2.729909 ^ _095_/S (sg13g2_mux2_1)
     1    0.002138    0.034940    0.184917    2.914827 v _095_/X (sg13g2_mux2_1)
                                                         _006_ (net)
                      0.034940    0.000134    2.914961 v _120_/D (sg13g2_dfrbpq_1)
                                              2.914961   data arrival time

                                 10.000000   10.000000   clock clk (rise edge)
                                  0.000000   10.000000   clock source latency
     1    0.021716    0.036751    0.019356   10.019357 ^ clk (in)
                                                         clk (net)
                      0.037124    0.000000   10.019357 ^ clkbuf_0_clk/A (sg13g2_buf_16)
     4    0.080069    0.032855    0.078470   10.097826 ^ clkbuf_0_clk/X (sg13g2_buf_16)
                                                         clknet_0_clk (net)
                      0.033142    0.001728   10.099554 ^ clkbuf_2_2__f_clk/A (sg13g2_buf_16)
     4    0.015870    0.018645    0.065871   10.165425 ^ clkbuf_2_2__f_clk/X (sg13g2_buf_16)
                                                         clknet_2_2__leaf_clk (net)
                      0.018649    0.000568   10.165993 ^ _120_/CLK (sg13g2_dfrbpq_1)
                                 -0.250000    9.915993   clock uncertainty
                                  0.000000    9.915993   clock reconvergence pessimism
                                 -0.118352    9.797640   library setup time
                                              9.797640   data required time
---------------------------------------------------------------------------------------------
                                              9.797640   data required time
                                             -2.914961   data arrival time
---------------------------------------------------------------------------------------------
                                              6.882679   slack (MET)


Startpoint: col_addr[0] (input port clocked by clk)
Endpoint: _125_ (rising edge-triggered flip-flop clocked by clk)
Path Group: clk
Path Type: max

Fanout         Cap        Slew       Delay        Time   Description
---------------------------------------------------------------------------------------------
                                  0.000000    0.000000   clock clk (rise edge)
                                  0.000000    0.000000   clock network delay (propagated)
                                  2.000000    2.000000 ^ input external delay
     1    0.002886    0.020113    0.002453    2.002453 ^ col_addr[0] (in)
                                                         col_addr[0] (net)
                      0.020113    0.000000    2.002453 ^ input1/A (sg13g2_buf_1)
     4    0.027647    0.118653    0.126593    2.129046 ^ input1/X (sg13g2_buf_1)
                                                         net1 (net)
                      0.118682    0.001545    2.130591 ^ fanout15/A (sg13g2_buf_1)
     8    0.056603    0.235207    0.244789    2.375380 ^ fanout15/X (sg13g2_buf_1)
                                                         net15 (net)
                      0.235247    0.002588    2.377968 ^ _064_/B (sg13g2_nand2b_1)
     4    0.017411    0.139613    0.181445    2.559413 v _064_/Y (sg13g2_nand2b_1)
                                                         _016_ (net)
                      0.139614    0.000425    2.559838 v _104_/A (sg13g2_nor3_1)
     1    0.006481    0.124970    0.160724    2.720562 ^ _104_/Y (sg13g2_nor3_1)
                                                         _043_ (net)
                      0.124986    0.000476    2.721037 ^ _105_/S (sg13g2_mux2_1)
     1    0.001957    0.034483    0.182603    2.903640 v _105_/X (sg13g2_mux2_1)
                                                         _011_ (net)
                      0.034483    0.000073    2.903713 v _125_/D (sg13g2_dfrbpq_1)
                                              2.903713   data arrival time

                                 10.000000   10.000000   clock clk (rise edge)
                                  0.000000   10.000000   clock source latency
     1    0.021716    0.036751    0.019356   10.019357 ^ clk (in)
                                                         clk (net)
                      0.037124    0.000000   10.019357 ^ clkbuf_0_clk/A (sg13g2_buf_16)
     4    0.080069    0.032855    0.078470   10.097826 ^ clkbuf_0_clk/X (sg13g2_buf_16)
                                                         clknet_0_clk (net)
                      0.035071    0.006517   10.104343 ^ clkbuf_2_3__f_clk/A (sg13g2_buf_16)
     4    0.015091    0.018556    0.066645   10.170989 ^ clkbuf_2_3__f_clk/X (sg13g2_buf_16)
                                                         clknet_2_3__leaf_clk (net)
                      0.018560    0.000692   10.171680 ^ _125_/CLK (sg13g2_dfrbpq_1)
                                 -0.250000    9.921680   clock uncertainty
                                  0.000000    9.921680   clock reconvergence pessimism
                                 -0.118210    9.803471   library setup time
                                              9.803471   data required time
---------------------------------------------------------------------------------------------
                                              9.803471   data required time
                                             -2.903713   data arrival time
---------------------------------------------------------------------------------------------
                                              6.899756   slack (MET)


Startpoint: col_addr[0] (input port clocked by clk)
Endpoint: _129_ (rising edge-triggered flip-flop clocked by clk)
Path Group: clk
Path Type: max

Fanout         Cap        Slew       Delay        Time   Description
---------------------------------------------------------------------------------------------
                                  0.000000    0.000000   clock clk (rise edge)
                                  0.000000    0.000000   clock network delay (propagated)
                                  2.000000    2.000000 ^ input external delay
     1    0.002886    0.020113    0.002453    2.002453 ^ col_addr[0] (in)
                                                         col_addr[0] (net)
                      0.020113    0.000000    2.002453 ^ input1/A (sg13g2_buf_1)
     4    0.027647    0.118653    0.126593    2.129046 ^ input1/X (sg13g2_buf_1)
                                                         net1 (net)
                      0.118682    0.001545    2.130591 ^ fanout15/A (sg13g2_buf_1)
     8    0.056603    0.235207    0.244789    2.375380 ^ fanout15/X (sg13g2_buf_1)
                                                         net15 (net)
                      0.235247    0.002588    2.377968 ^ _064_/B (sg13g2_nand2b_1)
     4    0.017411    0.139613    0.181445    2.559413 v _064_/Y (sg13g2_nand2b_1)
                                                         _016_ (net)
                      0.139634    0.001636    2.561049 v _112_/A (sg13g2_nor3_1)
     1    0.006126    0.121428    0.157507    2.718556 ^ _112_/Y (sg13g2_nor3_1)
                                                         _047_ (net)
                      0.121428    0.000460    2.719015 ^ _113_/S (sg13g2_mux2_1)
     1    0.002636    0.036227    0.183616    2.902631 v _113_/X (sg13g2_mux2_1)
                                                         _015_ (net)
                      0.036227    0.000098    2.902729 v _129_/D (sg13g2_dfrbpq_1)
                                              2.902729   data arrival time

                                 10.000000   10.000000   clock clk (rise edge)
                                  0.000000   10.000000   clock source latency
     1    0.021716    0.036751    0.019356   10.019357 ^ clk (in)
                                                         clk (net)
                      0.037124    0.000000   10.019357 ^ clkbuf_0_clk/A (sg13g2_buf_16)
     4    0.080069    0.032855    0.078470   10.097826 ^ clkbuf_0_clk/X (sg13g2_buf_16)
                                                         clknet_0_clk (net)
                      0.034922    0.006251   10.104077 ^ clkbuf_2_1__f_clk/A (sg13g2_buf_16)
     4    0.016478    0.018873    0.066861   10.170938 ^ clkbuf_2_1__f_clk/X (sg13g2_buf_16)
                                                         clknet_2_1__leaf_clk (net)
                      0.018878    0.000683   10.171621 ^ _129_/CLK (sg13g2_dfrbpq_1)
                                 -0.250000    9.921621   clock uncertainty
                                  0.000000    9.921621   clock reconvergence pessimism
                                 -0.118757    9.802865   library setup time
                                              9.802865   data required time
---------------------------------------------------------------------------------------------
                                              9.802865   data required time
                                             -2.902729   data arrival time
---------------------------------------------------------------------------------------------
                                              6.900136   slack (MET)


Startpoint: col_addr[0] (input port clocked by clk)
Endpoint: _123_ (rising edge-triggered flip-flop clocked by clk)
Path Group: clk
Path Type: max

Fanout         Cap        Slew       Delay        Time   Description
---------------------------------------------------------------------------------------------
                                  0.000000    0.000000   clock clk (rise edge)
                                  0.000000    0.000000   clock network delay (propagated)
                                  2.000000    2.000000 ^ input external delay
     1    0.002886    0.020113    0.002453    2.002453 ^ col_addr[0] (in)
                                                         col_addr[0] (net)
                      0.020113    0.000000    2.002453 ^ input1/A (sg13g2_buf_1)
     4    0.027647    0.118653    0.126593    2.129046 ^ input1/X (sg13g2_buf_1)
                                                         net1 (net)
                      0.118682    0.001545    2.130591 ^ fanout15/A (sg13g2_buf_1)
     8    0.056603    0.235207    0.244789    2.375380 ^ fanout15/X (sg13g2_buf_1)
                                                         net15 (net)
                      0.235391    0.005435    2.380815 ^ _065_/B (sg13g2_nand2_1)
     4    0.017638    0.139657    0.180808    2.561623 v _065_/Y (sg13g2_nand2_1)
                                                         _017_ (net)
                      0.139664    0.001008    2.562630 v _100_/A (sg13g2_nor3_1)
     1    0.005416    0.113129    0.151128    2.713758 ^ _100_/Y (sg13g2_nor3_1)
                                                         _041_ (net)
                      0.113129    0.000218    2.713976 ^ _101_/S (sg13g2_mux2_1)
     1    0.003088    0.037335    0.182639    2.896615 v _101_/X (sg13g2_mux2_1)
                                                         _009_ (net)
                      0.037336    0.000223    2.896838 v _123_/D (sg13g2_dfrbpq_1)
                                              2.896838   data arrival time

                                 10.000000   10.000000   clock clk (rise edge)
                                  0.000000   10.000000   clock source latency
     1    0.021716    0.036751    0.019356   10.019357 ^ clk (in)
                                                         clk (net)
                      0.037124    0.000000   10.019357 ^ clkbuf_0_clk/A (sg13g2_buf_16)
     4    0.080069    0.032855    0.078470   10.097826 ^ clkbuf_0_clk/X (sg13g2_buf_16)
                                                         clknet_0_clk (net)
                      0.034649    0.005738   10.103563 ^ clkbuf_2_0__f_clk/A (sg13g2_buf_16)
     4    0.016564    0.018879    0.066741   10.170305 ^ clkbuf_2_0__f_clk/X (sg13g2_buf_16)
                                                         clknet_2_0__leaf_clk (net)
                      0.018884    0.000607   10.170912 ^ _123_/CLK (sg13g2_dfrbpq_1)
                                 -0.250000    9.920912   clock uncertainty
                                  0.000000    9.920912   clock reconvergence pessimism
                                 -0.119155    9.801757   library setup time
                                              9.801757   data required time
---------------------------------------------------------------------------------------------
                                              9.801757   data required time
                                             -2.896838   data arrival time
---------------------------------------------------------------------------------------------
                                              6.904919   slack (MET)


Startpoint: col_addr[0] (input port clocked by clk)
Endpoint: _116_ (rising edge-triggered flip-flop clocked by clk)
Path Group: clk
Path Type: max

Fanout         Cap        Slew       Delay        Time   Description
---------------------------------------------------------------------------------------------
                                  0.000000    0.000000   clock clk (rise edge)
                                  0.000000    0.000000   clock network delay (propagated)
                                  2.000000    2.000000 ^ input external delay
     1    0.002886    0.020113    0.002453    2.002453 ^ col_addr[0] (in)
                                                         col_addr[0] (net)
                      0.020113    0.000000    2.002453 ^ input1/A (sg13g2_buf_1)
     4    0.027647    0.118653    0.126593    2.129046 ^ input1/X (sg13g2_buf_1)
                                                         net1 (net)
                      0.118682    0.001545    2.130591 ^ fanout15/A (sg13g2_buf_1)
     8    0.056603    0.235207    0.244789    2.375380 ^ fanout15/X (sg13g2_buf_1)
                                                         net15 (net)
                      0.235391    0.005435    2.380815 ^ _065_/B (sg13g2_nand2_1)
     4    0.017638    0.139657    0.180808    2.561623 v _065_/Y (sg13g2_nand2_1)
                                                         _017_ (net)
                      0.139663    0.000934    2.562557 v _086_/A (sg13g2_nor3_1)
     1    0.005472    0.114415    0.151557    2.714113 ^ _086_/Y (sg13g2_nor3_1)
                                                         _034_ (net)
                      0.114416    0.000431    2.714544 ^ _087_/S (sg13g2_mux2_1)
     1    0.002303    0.035407    0.180713    2.895257 v _087_/X (sg13g2_mux2_1)
                                                         _002_ (net)
                      0.035407    0.000087    2.895344 v _116_/D (sg13g2_dfrbpq_1)
                                              2.895344   data arrival time

                                 10.000000   10.000000   clock clk (rise edge)
                                  0.000000   10.000000   clock source latency
     1    0.021716    0.036751    0.019356   10.019357 ^ clk (in)
                                                         clk (net)
                      0.037124    0.000000   10.019357 ^ clkbuf_0_clk/A (sg13g2_buf_16)
     4    0.080069    0.032855    0.078470   10.097826 ^ clkbuf_0_clk/X (sg13g2_buf_16)
                                                         clknet_0_clk (net)
                      0.034922    0.006251   10.104077 ^ clkbuf_2_1__f_clk/A (sg13g2_buf_16)
     4    0.016478    0.018873    0.066861   10.170938 ^ clkbuf_2_1__f_clk/X (sg13g2_buf_16)
                                                         clknet_2_1__leaf_clk (net)
                      0.018876    0.000455   10.171392 ^ _116_/CLK (sg13g2_dfrbpq_1)
                                 -0.250000    9.921392   clock uncertainty
                                  0.000000    9.921392   clock reconvergence pessimism
                                 -0.118462    9.802930   library setup time
                                              9.802930   data required time
---------------------------------------------------------------------------------------------
                                              9.802930   data required time
                                             -2.895344   data arrival time
---------------------------------------------------------------------------------------------
                                              6.907586   slack (MET)


Startpoint: col_addr[0] (input port clocked by clk)
Endpoint: _127_ (rising edge-triggered flip-flop clocked by clk)
Path Group: clk
Path Type: max

Fanout         Cap        Slew       Delay        Time   Description
---------------------------------------------------------------------------------------------
                                  0.000000    0.000000   clock clk (rise edge)
                                  0.000000    0.000000   clock network delay (propagated)
                                  2.000000    2.000000 ^ input external delay
     1    0.002886    0.020113    0.002453    2.002453 ^ col_addr[0] (in)
                                                         col_addr[0] (net)
                      0.020113    0.000000    2.002453 ^ input1/A (sg13g2_buf_1)
     4    0.027647    0.118653    0.126593    2.129046 ^ input1/X (sg13g2_buf_1)
                                                         net1 (net)
                      0.118682    0.001545    2.130591 ^ fanout15/A (sg13g2_buf_1)
     8    0.056603    0.235207    0.244789    2.375380 ^ fanout15/X (sg13g2_buf_1)
                                                         net15 (net)
                      0.235391    0.005435    2.380815 ^ _065_/B (sg13g2_nand2_1)
     4    0.017638    0.139657    0.180808    2.561623 v _065_/Y (sg13g2_nand2_1)
                                                         _017_ (net)
                      0.139663    0.000963    2.562586 v _108_/A (sg13g2_nor3_1)
     1    0.005452    0.114010    0.151380    2.713966 ^ _108_/Y (sg13g2_nor3_1)
                                                         _045_ (net)
                      0.114011    0.000429    2.714395 ^ _109_/S (sg13g2_mux2_1)
     1    0.002090    0.034819    0.179977    2.894372 v _109_/X (sg13g2_mux2_1)
                                                         _013_ (net)
                      0.034819    0.000079    2.894451 v _127_/D (sg13g2_dfrbpq_1)
                                              2.894451   data arrival time

                                 10.000000   10.000000   clock clk (rise edge)
                                  0.000000   10.000000   clock source latency
     1    0.021716    0.036751    0.019356   10.019357 ^ clk (in)
                                                         clk (net)
                      0.037124    0.000000   10.019357 ^ clkbuf_0_clk/A (sg13g2_buf_16)
     4    0.080069    0.032855    0.078470   10.097826 ^ clkbuf_0_clk/X (sg13g2_buf_16)
                                                         clknet_0_clk (net)
                      0.035071    0.006517   10.104343 ^ clkbuf_2_3__f_clk/A (sg13g2_buf_16)
     4    0.015091    0.018556    0.066645   10.170989 ^ clkbuf_2_3__f_clk/X (sg13g2_buf_16)
                                                         clknet_2_3__leaf_clk (net)
                      0.018562    0.000790   10.171779 ^ _127_/CLK (sg13g2_dfrbpq_1)
                                 -0.250000    9.921779   clock uncertainty
                                  0.000000    9.921779   clock reconvergence pessimism
                                 -0.118331    9.803447   library setup time
                                              9.803447   data required time
---------------------------------------------------------------------------------------------
                                              9.803447   data required time
                                             -2.894451   data arrival time
---------------------------------------------------------------------------------------------
                                              6.908996   slack (MET)


Startpoint: col_addr[1] (input port clocked by clk)
Endpoint: _122_ (rising edge-triggered flip-flop clocked by clk)
Path Group: clk
Path Type: max

Fanout         Cap        Slew       Delay        Time   Description
---------------------------------------------------------------------------------------------
                                  0.000000    0.000000   clock clk (rise edge)
                                  0.000000    0.000000   clock network delay (propagated)
                                  2.000000    2.000000 ^ input external delay
     1    0.003762    0.020928    0.003297    2.003297 ^ col_addr[1] (in)
                                                         col_addr[1] (net)
                      0.020928    0.000000    2.003297 ^ input2/A (sg13g2_buf_1)
     4    0.023786    0.102849    0.116642    2.119939 ^ input2/X (sg13g2_buf_1)
                                                         net2 (net)
                      0.102854    0.000575    2.120514 ^ fanout14/A (sg13g2_buf_1)
     8    0.042654    0.179277    0.201374    2.321888 ^ fanout14/X (sg13g2_buf_1)
                                                         net14 (net)
                      0.179399    0.003888    2.325776 ^ _066_/B (sg13g2_nand2b_1)
     4    0.019046    0.139713    0.175594    2.501370 v _066_/Y (sg13g2_nand2b_1)
                                                         _018_ (net)
                      0.139723    0.001180    2.502549 v _098_/A (sg13g2_nor3_1)
     1    0.007922    0.140328    0.173940    2.676489 ^ _098_/Y (sg13g2_nor3_1)
                                                         _040_ (net)
                      0.140328    0.000315    2.676804 ^ _099_/S (sg13g2_mux2_1)
     1    0.002238    0.035242    0.187631    2.864436 v _099_/X (sg13g2_mux2_1)
                                                         _008_ (net)
                      0.035242    0.000154    2.864590 v _122_/D (sg13g2_dfrbpq_1)
                                              2.864590   data arrival time

                                 10.000000   10.000000   clock clk (rise edge)
                                  0.000000   10.000000   clock source latency
     1    0.021716    0.036751    0.019356   10.019357 ^ clk (in)
                                                         clk (net)
                      0.037124    0.000000   10.019357 ^ clkbuf_0_clk/A (sg13g2_buf_16)
     4    0.080069    0.032855    0.078470   10.097826 ^ clkbuf_0_clk/X (sg13g2_buf_16)
                                                         clknet_0_clk (net)
                      0.034649    0.005738   10.103563 ^ clkbuf_2_0__f_clk/A (sg13g2_buf_16)
     4    0.016564    0.018879    0.066741   10.170305 ^ clkbuf_2_0__f_clk/X (sg13g2_buf_16)
                                                         clknet_2_0__leaf_clk (net)
                      0.018882    0.000436   10.170741 ^ _122_/CLK (sg13g2_dfrbpq_1)
                                 -0.250000    9.920741   clock uncertainty
                                  0.000000    9.920741   clock reconvergence pessimism
                                 -0.118401    9.802340   library setup time
                                              9.802340   data required time
---------------------------------------------------------------------------------------------
                                              9.802340   data required time
                                             -2.864590   data arrival time
---------------------------------------------------------------------------------------------
                                              6.937750   slack (MET)


Startpoint: col_addr[1] (input port clocked by clk)
Endpoint: _119_ (rising edge-triggered flip-flop clocked by clk)
Path Group: clk
Path Type: max

Fanout         Cap        Slew       Delay        Time   Description
---------------------------------------------------------------------------------------------
                                  0.000000    0.000000   clock clk (rise edge)
                                  0.000000    0.000000   clock network delay (propagated)
                                  2.000000    2.000000 ^ input external delay
     1    0.003762    0.020928    0.003297    2.003297 ^ col_addr[1] (in)
                                                         col_addr[1] (net)
                      0.020928    0.000000    2.003297 ^ input2/A (sg13g2_buf_1)
     4    0.023786    0.102849    0.116642    2.119939 ^ input2/X (sg13g2_buf_1)
                                                         net2 (net)
                      0.102854    0.000575    2.120514 ^ fanout14/A (sg13g2_buf_1)
     8    0.042654    0.179277    0.201374    2.321888 ^ fanout14/X (sg13g2_buf_1)
                                                         net14 (net)
                      0.179399    0.003888    2.325776 ^ _066_/B (sg13g2_nand2b_1)
     4    0.019046    0.139713    0.175594    2.501370 v _066_/Y (sg13g2_nand2b_1)
                                                         _018_ (net)
                      0.139720    0.001020    2.502389 v _092_/A (sg13g2_nor3_1)
     1    0.006635    0.126201    0.162223    2.664612 ^ _092_/Y (sg13g2_nor3_1)
                                                         _037_ (net)
                      0.126201    0.000280    2.664892 ^ _093_/S (sg13g2_mux2_1)
     1    0.004068    0.039640    0.189100    2.853992 v _093_/X (sg13g2_mux2_1)
                                                         _005_ (net)
                      0.039640    0.000252    2.854244 v _119_/D (sg13g2_dfrbpq_1)
                                              2.854244   data arrival time

                                 10.000000   10.000000   clock clk (rise edge)
                                  0.000000   10.000000   clock source latency
     1    0.021716    0.036751    0.019356   10.019357 ^ clk (in)
                                                         clk (net)
                      0.037124    0.000000   10.019357 ^ clkbuf_0_clk/A (sg13g2_buf_16)
     4    0.080069    0.032855    0.078470   10.097826 ^ clkbuf_0_clk/X (sg13g2_buf_16)
                                                         clknet_0_clk (net)
                      0.033142    0.001728   10.099554 ^ clkbuf_2_2__f_clk/A (sg13g2_buf_16)
     4    0.015870    0.018645    0.065871   10.165425 ^ clkbuf_2_2__f_clk/X (sg13g2_buf_16)
                                                         clknet_2_2__leaf_clk (net)
                      0.018647    0.000398   10.165823 ^ _119_/CLK (sg13g2_dfrbpq_1)
                                 -0.250000    9.915823   clock uncertainty
                                  0.000000    9.915823   clock reconvergence pessimism
                                 -0.120045    9.795778   library setup time
                                              9.795778   data required time
---------------------------------------------------------------------------------------------
                                              9.795778   data required time
                                             -2.854244   data arrival time
---------------------------------------------------------------------------------------------
                                              6.941534   slack (MET)


Startpoint: col_addr[1] (input port clocked by clk)
Endpoint: _115_ (rising edge-triggered flip-flop clocked by clk)
Path Group: clk
Path Type: max

Fanout         Cap        Slew       Delay        Time   Description
---------------------------------------------------------------------------------------------
                                  0.000000    0.000000   clock clk (rise edge)
                                  0.000000    0.000000   clock network delay (propagated)
                                  2.000000    2.000000 ^ input external delay
     1    0.003762    0.020928    0.003297    2.003297 ^ col_addr[1] (in)
                                                         col_addr[1] (net)
                      0.020928    0.000000    2.003297 ^ input2/A (sg13g2_buf_1)
     4    0.023786    0.102849    0.116642    2.119939 ^ input2/X (sg13g2_buf_1)
                                                         net2 (net)
                      0.102854    0.000575    2.120514 ^ fanout14/A (sg13g2_buf_1)
     8    0.042654    0.179277    0.201374    2.321888 ^ fanout14/X (sg13g2_buf_1)
                                                         net14 (net)
                      0.179399    0.003888    2.325776 ^ _066_/B (sg13g2_nand2b_1)
     4    0.019046    0.139713    0.175594    2.501370 v _066_/Y (sg13g2_nand2b_1)
                                                         _018_ (net)
                      0.139715    0.000630    2.502000 v _084_/A (sg13g2_nor3_1)
     1    0.007282    0.134044    0.167995    2.669995 ^ _084_/Y (sg13g2_nor3_1)
                                                         _033_ (net)
                      0.134044    0.000568    2.670563 ^ _085_/S (sg13g2_mux2_1)
     1    0.003001    0.037120    0.188150    2.858713 v _085_/X (sg13g2_mux2_1)
                                                         _001_ (net)
                      0.037120    0.000163    2.858876 v _115_/D (sg13g2_dfrbpq_1)
                                              2.858876   data arrival time

                                 10.000000   10.000000   clock clk (rise edge)
                                  0.000000   10.000000   clock source latency
     1    0.021716    0.036751    0.019356   10.019357 ^ clk (in)
                                                         clk (net)
                      0.037124    0.000000   10.019357 ^ clkbuf_0_clk/A (sg13g2_buf_16)
     4    0.080069    0.032855    0.078470   10.097826 ^ clkbuf_0_clk/X (sg13g2_buf_16)
                                                         clknet_0_clk (net)
                      0.034922    0.006251   10.104077 ^ clkbuf_2_1__f_clk/A (sg13g2_buf_16)
     4    0.016478    0.018873    0.066861   10.170938 ^ clkbuf_2_1__f_clk/X (sg13g2_buf_16)
                                                         clknet_2_1__leaf_clk (net)
                      0.018875    0.000431   10.171369 ^ _115_/CLK (sg13g2_dfrbpq_1)
                                 -0.250000    9.921369   clock uncertainty
                                  0.000000    9.921369   clock reconvergence pessimism
                                 -0.119080    9.802289   library setup time
                                              9.802289   data required time
---------------------------------------------------------------------------------------------
                                              9.802289   data required time
                                             -2.858876   data arrival time
---------------------------------------------------------------------------------------------
                                              6.943413   slack (MET)


Startpoint: col_addr[1] (input port clocked by clk)
Endpoint: _126_ (rising edge-triggered flip-flop clocked by clk)
Path Group: clk
Path Type: max

Fanout         Cap        Slew       Delay        Time   Description
---------------------------------------------------------------------------------------------
                                  0.000000    0.000000   clock clk (rise edge)
                                  0.000000    0.000000   clock network delay (propagated)
                                  2.000000    2.000000 ^ input external delay
     1    0.003762    0.020928    0.003297    2.003297 ^ col_addr[1] (in)
                                                         col_addr[1] (net)
                      0.020928    0.000000    2.003297 ^ input2/A (sg13g2_buf_1)
     4    0.023786    0.102849    0.116642    2.119939 ^ input2/X (sg13g2_buf_1)
                                                         net2 (net)
                      0.102854    0.000575    2.120514 ^ fanout14/A (sg13g2_buf_1)
     8    0.042654    0.179277    0.201374    2.321888 ^ fanout14/X (sg13g2_buf_1)
                                                         net14 (net)
                      0.179399    0.003888    2.325776 ^ _066_/B (sg13g2_nand2b_1)
     4    0.019046    0.139713    0.175594    2.501370 v _066_/Y (sg13g2_nand2b_1)
                                                         _018_ (net)
                      0.139718    0.000914    2.502284 v _106_/A (sg13g2_nor3_1)
     1    0.005343    0.112855    0.150477    2.652761 ^ _106_/Y (sg13g2_nor3_1)
                                                         _044_ (net)
                      0.112856    0.000216    2.652977 ^ _107_/S (sg13g2_mux2_1)
     1    0.002601    0.036088    0.181162    2.834139 v _107_/X (sg13g2_mux2_1)
                                                         _012_ (net)
                      0.036088    0.000092    2.834231 v _126_/D (sg13g2_dfrbpq_1)
                                              2.834231   data arrival time

                                 10.000000   10.000000   clock clk (rise edge)
                                  0.000000   10.000000   clock source latency
     1    0.021716    0.036751    0.019356   10.019357 ^ clk (in)
                                                         clk (net)
                      0.037124    0.000000   10.019357 ^ clkbuf_0_clk/A (sg13g2_buf_16)
     4    0.080069    0.032855    0.078470   10.097826 ^ clkbuf_0_clk/X (sg13g2_buf_16)
                                                         clknet_0_clk (net)
                      0.035071    0.006517   10.104343 ^ clkbuf_2_3__f_clk/A (sg13g2_buf_16)
     4    0.015091    0.018556    0.066645   10.170989 ^ clkbuf_2_3__f_clk/X (sg13g2_buf_16)
                                                         clknet_2_3__leaf_clk (net)
                      0.018561    0.000768   10.171757 ^ _126_/CLK (sg13g2_dfrbpq_1)
                                 -0.250000    9.921757   clock uncertainty
                                  0.000000    9.921757   clock reconvergence pessimism
                                 -0.118788    9.802969   library setup time
                                              9.802969   data required time
---------------------------------------------------------------------------------------------
                                              9.802969   data required time
                                             -2.834231   data arrival time
---------------------------------------------------------------------------------------------
                                              6.968739   slack (MET)


Startpoint: col_addr[0] (input port clocked by clk)
Endpoint: _114_ (rising edge-triggered flip-flop clocked by clk)
Path Group: clk
Path Type: max

Fanout         Cap        Slew       Delay        Time   Description
---------------------------------------------------------------------------------------------
                                  0.000000    0.000000   clock clk (rise edge)
                                  0.000000    0.000000   clock network delay (propagated)
                                  2.000000    2.000000 v input external delay
     1    0.002827    0.017067    0.002056    2.002056 v col_addr[0] (in)
                                                         col_addr[0] (net)
                      0.017067    0.000000    2.002056 v input1/A (sg13g2_buf_1)
     4    0.024461    0.081726    0.108506    2.110562 v input1/X (sg13g2_buf_1)
                                                         net1 (net)
                      0.081787    0.001372    2.111934 v fanout15/A (sg13g2_buf_1)
     8    0.046616    0.148663    0.184814    2.296749 v fanout15/X (sg13g2_buf_1)
                                                         net15 (net)
                      0.148809    0.003257    2.300005 v _082_/B (sg13g2_nor4_1)
     1    0.006014    0.163422    0.207897    2.507902 ^ _082_/Y (sg13g2_nor4_1)
                                                         _032_ (net)
                      0.163422    0.000247    2.508149 ^ _083_/S (sg13g2_mux2_1)
     1    0.002589    0.036110    0.195013    2.703162 v _083_/X (sg13g2_mux2_1)
                                                         _000_ (net)
                      0.036111    0.000151    2.703313 v _114_/D (sg13g2_dfrbpq_1)
                                              2.703313   data arrival time

                                 10.000000   10.000000   clock clk (rise edge)
                                  0.000000   10.000000   clock source latency
     1    0.021716    0.036751    0.019356   10.019357 ^ clk (in)
                                                         clk (net)
                      0.037124    0.000000   10.019357 ^ clkbuf_0_clk/A (sg13g2_buf_16)
     4    0.080069    0.032855    0.078470   10.097826 ^ clkbuf_0_clk/X (sg13g2_buf_16)
                                                         clknet_0_clk (net)
                      0.034649    0.005738   10.103563 ^ clkbuf_2_0__f_clk/A (sg13g2_buf_16)
     4    0.016564    0.018879    0.066741   10.170305 ^ clkbuf_2_0__f_clk/X (sg13g2_buf_16)
                                                         clknet_2_0__leaf_clk (net)
                      0.018885    0.000668   10.170973 ^ _114_/CLK (sg13g2_dfrbpq_1)
                                 -0.250000    9.920973   clock uncertainty
                                  0.000000    9.920973   clock reconvergence pessimism
                                 -0.118713    9.802259   library setup time
                                              9.802259   data required time
---------------------------------------------------------------------------------------------
                                              9.802259   data required time
                                             -2.703313   data arrival time
---------------------------------------------------------------------------------------------
                                              7.098947   slack (MET)


Startpoint: col_addr[0] (input port clocked by clk)
Endpoint: _117_ (rising edge-triggered flip-flop clocked by clk)
Path Group: clk
Path Type: max

Fanout         Cap        Slew       Delay        Time   Description
---------------------------------------------------------------------------------------------
                                  0.000000    0.000000   clock clk (rise edge)
                                  0.000000    0.000000   clock network delay (propagated)
                                  2.000000    2.000000 v input external delay
     1    0.002827    0.017067    0.002056    2.002056 v col_addr[0] (in)
                                                         col_addr[0] (net)
                      0.017067    0.000000    2.002056 v input1/A (sg13g2_buf_1)
     4    0.024461    0.081726    0.108506    2.110562 v input1/X (sg13g2_buf_1)
                                                         net1 (net)
                      0.081787    0.001372    2.111934 v fanout15/A (sg13g2_buf_1)
     8    0.046616    0.148663    0.184814    2.296749 v fanout15/X (sg13g2_buf_1)
                                                         net15 (net)
                      0.148805    0.003188    2.299937 v _088_/B (sg13g2_nor4_1)
     1    0.005408    0.154549    0.200576    2.500513 ^ _088_/Y (sg13g2_nor4_1)
                                                         _035_ (net)
                      0.154549    0.000219    2.500732 ^ _089_/S (sg13g2_mux2_1)
     1    0.002397    0.035585    0.192011    2.692743 v _089_/X (sg13g2_mux2_1)
                                                         _003_ (net)
                      0.035585    0.000145    2.692887 v _117_/D (sg13g2_dfrbpq_1)
                                              2.692887   data arrival time

                                 10.000000   10.000000   clock clk (rise edge)
                                  0.000000   10.000000   clock source latency
     1    0.021716    0.036751    0.019356   10.019357 ^ clk (in)
                                                         clk (net)
                      0.037124    0.000000   10.019357 ^ clkbuf_0_clk/A (sg13g2_buf_16)
     4    0.080069    0.032855    0.078470   10.097826 ^ clkbuf_0_clk/X (sg13g2_buf_16)
                                                         clknet_0_clk (net)
                      0.033142    0.001728   10.099554 ^ clkbuf_2_2__f_clk/A (sg13g2_buf_16)
     4    0.015870    0.018645    0.065871   10.165425 ^ clkbuf_2_2__f_clk/X (sg13g2_buf_16)
                                                         clknet_2_2__leaf_clk (net)
                      0.018652    0.000767   10.166193 ^ _117_/CLK (sg13g2_dfrbpq_1)
                                 -0.250000    9.916193   clock uncertainty
                                  0.000000    9.916193   clock reconvergence pessimism
                                 -0.118584    9.797609   library setup time
                                              9.797609   data required time
---------------------------------------------------------------------------------------------
                                              9.797609   data required time
                                             -2.692887   data arrival time
---------------------------------------------------------------------------------------------
                                              7.104722   slack (MET)


Startpoint: wr_n (input port clocked by clk)
Endpoint: _128_ (rising edge-triggered flip-flop clocked by clk)
Path Group: clk
Path Type: max

Fanout         Cap        Slew       Delay        Time   Description
---------------------------------------------------------------------------------------------
                                  0.000000    0.000000   clock clk (rise edge)
                                  0.000000    0.000000   clock network delay (propagated)
                                  2.000000    2.000000 v input external delay
     1    0.004003    0.017904    0.002906    2.002906 v wr_n (in)
                                                         wr_n (net)
                      0.017904    0.000000    2.002906 v input7/A (sg13g2_buf_1)
     1    0.002416    0.018059    0.055870    2.058776 v input7/X (sg13g2_buf_1)
                                                         net7 (net)
                      0.018059    0.000095    2.058871 v _081_/A_N (sg13g2_nand2b_1)
     2    0.011955    0.080380    0.108836    2.167707 v _081_/Y (sg13g2_nand2b_1)
                                                         _031_ (net)
                      0.080395    0.000905    2.168612 v fanout11/A (sg13g2_buf_1)
     8    0.029975    0.098641    0.148471    2.317083 v fanout11/X (sg13g2_buf_1)
                                                         net11 (net)
                      0.098683    0.001899    2.318981 v _110_/D (sg13g2_nor4_1)
     1    0.006646    0.174718    0.164363    2.483344 ^ _110_/Y (sg13g2_nor4_1)
                                                         _046_ (net)
                      0.174718    0.000281    2.483625 ^ _111_/S (sg13g2_mux2_1)
     1    0.002687    0.036354    0.198354    2.681978 v _111_/X (sg13g2_mux2_1)
                                                         _014_ (net)
                      0.036354    0.000097    2.682075 v _128_/D (sg13g2_dfrbpq_1)
                                              2.682075   data arrival time

                                 10.000000   10.000000   clock clk (rise edge)
                                  0.000000   10.000000   clock source latency
     1    0.021716    0.036751    0.019356   10.019357 ^ clk (in)
                                                         clk (net)
                      0.037124    0.000000   10.019357 ^ clkbuf_0_clk/A (sg13g2_buf_16)
     4    0.080069    0.032855    0.078470   10.097826 ^ clkbuf_0_clk/X (sg13g2_buf_16)
                                                         clknet_0_clk (net)
                      0.034922    0.006251   10.104077 ^ clkbuf_2_1__f_clk/A (sg13g2_buf_16)
     4    0.016478    0.018873    0.066861   10.170938 ^ clkbuf_2_1__f_clk/X (sg13g2_buf_16)
                                                         clknet_2_1__leaf_clk (net)
                      0.018876    0.000478   10.171416 ^ _128_/CLK (sg13g2_dfrbpq_1)
                                 -0.250000    9.921416   clock uncertainty
                                  0.000000    9.921416   clock reconvergence pessimism
                                 -0.118803    9.802612   library setup time
                                              9.802612   data required time
---------------------------------------------------------------------------------------------
                                              9.802612   data required time
                                             -2.682075   data arrival time
---------------------------------------------------------------------------------------------
                                              7.120537   slack (MET)


Startpoint: wr_n (input port clocked by clk)
Endpoint: _124_ (rising edge-triggered flip-flop clocked by clk)
Path Group: clk
Path Type: max

Fanout         Cap        Slew       Delay        Time   Description
---------------------------------------------------------------------------------------------
                                  0.000000    0.000000   clock clk (rise edge)
                                  0.000000    0.000000   clock network delay (propagated)
                                  2.000000    2.000000 v input external delay
     1    0.004003    0.017904    0.002906    2.002906 v wr_n (in)
                                                         wr_n (net)
                      0.017904    0.000000    2.002906 v input7/A (sg13g2_buf_1)
     1    0.002416    0.018059    0.055870    2.058776 v input7/X (sg13g2_buf_1)
                                                         net7 (net)
                      0.018059    0.000095    2.058871 v _081_/A_N (sg13g2_nand2b_1)
     2    0.011955    0.080380    0.108836    2.167707 v _081_/Y (sg13g2_nand2b_1)
                                                         _031_ (net)
                      0.080395    0.000905    2.168612 v fanout11/A (sg13g2_buf_1)
     8    0.029975    0.098641    0.148471    2.317083 v fanout11/X (sg13g2_buf_1)
                                                         net11 (net)
                      0.098661    0.001390    2.318472 v _102_/D (sg13g2_nor4_1)
     1    0.005902    0.162248    0.155385    2.473858 ^ _102_/Y (sg13g2_nor4_1)
                                                         _042_ (net)
                      0.162248    0.000243    2.474101 ^ _103_/S (sg13g2_mux2_1)
     1    0.002378    0.035537    0.194078    2.668178 v _103_/X (sg13g2_mux2_1)
                                                         _010_ (net)
                      0.035537    0.000085    2.668264 v _124_/D (sg13g2_dfrbpq_1)
                                              2.668264   data arrival time

                                 10.000000   10.000000   clock clk (rise edge)
                                  0.000000   10.000000   clock source latency
     1    0.021716    0.036751    0.019356   10.019357 ^ clk (in)
                                                         clk (net)
                      0.037124    0.000000   10.019357 ^ clkbuf_0_clk/A (sg13g2_buf_16)
     4    0.080069    0.032855    0.078470   10.097826 ^ clkbuf_0_clk/X (sg13g2_buf_16)
                                                         clknet_0_clk (net)
                      0.035071    0.006517   10.104343 ^ clkbuf_2_3__f_clk/A (sg13g2_buf_16)
     4    0.015091    0.018556    0.066645   10.170989 ^ clkbuf_2_3__f_clk/X (sg13g2_buf_16)
                                                         clknet_2_3__leaf_clk (net)
                      0.018556    0.000376   10.171365 ^ _124_/CLK (sg13g2_dfrbpq_1)
                                 -0.250000    9.921365   clock uncertainty
                                  0.000000    9.921365   clock reconvergence pessimism
                                 -0.118591    9.802774   library setup time
                                              9.802774   data required time
---------------------------------------------------------------------------------------------
                                              9.802774   data required time
                                             -2.668264   data arrival time
---------------------------------------------------------------------------------------------
                                              7.134510   slack (MET)



