sram
----------------------------------------
pFET spacing to tap < 0.33um (pSD.i + pSD.d1)
----------------------------------------
 33.420um 71.640um 33.660um 71.670um
 47.940um 71.640um 48.180um 71.670um
 38.820um 64.410um 39.060um 64.440um
 14.820um 64.080um 15.060um 64.110um
 49.260um 64.080um 49.500um 64.110um
 10.500um 56.520um 10.740um 56.550um
 10.020um 48.960um 10.260um 48.990um
 49.260um 48.960um 49.500um 48.990um
 49.740um 41.400um 49.980um 41.430um
 10.020um 34.170um 10.260um 34.200um
 60.900um 33.840um 61.140um 33.870um
 11.940um 26.610um 12.180um 26.640um
 21.060um 26.280um 21.300um 26.310um
 41.700um 26.280um 41.940um 26.310um
 49.260um 26.280um 49.500um 26.310um
 31.620um 18.720um 31.860um 18.750um
----------------------------------------
nFET spacing to tap < 0.33um (pSD.j + pSD.c1)
----------------------------------------
 33.415um 68.190um 33.650um 68.220um
 47.950um 68.190um 48.185um 68.220um
 38.830um 67.860um 39.065um 67.890um
 14.830um 60.630um 15.065um 60.660um
 49.255um 60.630um 49.490um 60.660um
 10.510um 53.070um 10.745um 53.100um
 10.030um 45.510um 10.265um 45.540um
 49.255um 45.510um 49.490um 45.540um
 49.735um 37.950um 49.970um 37.980um
 10.030um 37.620um 10.265um 37.650um
 60.910um 30.390um 61.145um 30.420um
 11.950um 30.060um 12.185um 30.090um
 21.070um 22.830um 21.305um 22.860um
 41.710um 22.830um 41.945um 22.860um
 49.255um 22.830um 49.490um 22.860um
 31.630um 15.270um 31.865um 15.300um
----------------------------------------
[INFO] COUNT: 32
[INFO] Should be divided by 3 or 4

