
===========================================================================
report_checks -unconstrained
===========================================================================
======================= nom_typ_1p20V_25C Corner ===================================

Startpoint: col_addr[0] (input port clocked by clk)
Endpoint: data_out_bar (output port clocked by clk)
Path Group: clk
Path Type: max

Fanout         Cap        Slew       Delay        Time   Description
---------------------------------------------------------------------------------------------
                                  0.000000    0.000000   clock clk (rise edge)
                                  0.000000    0.000000   clock network delay (propagated)
                                  2.000000    2.000000 ^ input external delay
     1    0.002886    0.020113    0.002453    2.002453 ^ col_addr[0] (in)
                                                         col_addr[0] (net)
                      0.020113    0.000000    2.002453 ^ input1/A (sg13g2_buf_1)
     4    0.027647    0.118653    0.126593    2.129046 ^ input1/X (sg13g2_buf_1)
                                                         net1 (net)
                      0.118682    0.001545    2.130591 ^ fanout15/A (sg13g2_buf_1)
     8    0.056603    0.235207    0.244789    2.375380 ^ fanout15/X (sg13g2_buf_1)
                                                         net15 (net)
                      0.235303    0.003957    2.379337 ^ _073_/S0 (sg13g2_mux4_1)
     1    0.003463    0.042702    0.283181    2.662518 v _073_/X (sg13g2_mux4_1)
                                                         _025_ (net)
                      0.042702    0.000138    2.662656 v _075_/B (sg13g2_nand2b_1)
     2    0.010130    0.057139    0.062338    2.724993 ^ _075_/Y (sg13g2_nand2b_1)
                                                         _027_ (net)
                      0.057151    0.000637    2.725630 ^ _079_/C (sg13g2_and4_1)
     1    0.002901    0.038303    0.156701    2.882331 ^ _079_/X (sg13g2_and4_1)
                                                         net9 (net)
                      0.038303    0.000217    2.882548 ^ output9/A (sg13g2_buf_1)
     1    0.007185    0.038565    0.076128    2.958676 ^ output9/X (sg13g2_buf_1)
                                                         data_out_bar (net)
                      0.038566    0.000300    2.958976 ^ data_out_bar (out)
                                              2.958976   data arrival time

                                 10.000000   10.000000   clock clk (rise edge)
                                  0.000000   10.000000   clock network delay (propagated)
                                 -0.250000    9.750000   clock uncertainty
                                  0.000000    9.750000   clock reconvergence pessimism
                                 -2.000000    7.750000   output external delay
                                              7.750000   data required time
---------------------------------------------------------------------------------------------
                                              7.750000   data required time
                                             -2.958976   data arrival time
---------------------------------------------------------------------------------------------
                                              4.791025   slack (MET)




===========================================================================
report_checks --slack_max -0.01
============================================================================
======================= nom_typ_1p20V_25C Corner ===================================

No paths found.


===========================================================================
 report_check_types -max_slew -max_cap -max_fanout -violators
============================================================================
======================= nom_typ_1p20V_25C Corner ===================================



===========================================================================
report_parasitic_annotation -report_unannotated
============================================================================
Found 1 unannotated drivers.
 oe_n
Found 0 partially unannotated drivers.

===========================================================================
max slew violation count 0
max fanout violation count 0
max cap violation count 0
============================================================================

===========================================================================
check_setup -verbose -unconstrained_endpoints -multiple_clock -no_clock -no_input_delay -loops -generated_clocks
===========================================================================
