
===========================================================================
report_checks -path_delay min (Hold)
============================================================================
======================= nom_typ_1p20V_25C Corner ===================================

Startpoint: _125_ (rising edge-triggered flip-flop clocked by clk)
Endpoint: _125_ (rising edge-triggered flip-flop clocked by clk)
Path Group: clk
Path Type: min

Fanout         Cap        Slew       Delay        Time   Description
---------------------------------------------------------------------------------------------
                                  0.000000    0.000000   clock clk (rise edge)
                                  0.000000    0.000000   clock source latency
     1    0.027507    0.042222    0.024022    0.024022 ^ clk (in)
                                                         clk (net)
                      0.042524    0.000000    0.024022 ^ clkbuf_0_clk/A (sg13g2_buf_16)
     4    0.090675    0.035758    0.082818    0.106839 ^ clkbuf_0_clk/X (sg13g2_buf_16)
                                                         clknet_0_clk (net)
                      0.037657    0.006137    0.112976 ^ clkbuf_2_3__f_clk/A (sg13g2_buf_16)
     4    0.020084    0.019841    0.068922    0.181898 ^ clkbuf_2_3__f_clk/X (sg13g2_buf_16)
                                                         clknet_2_3__leaf_clk (net)
                      0.019843    0.000321    0.182219 ^ _125_/CLK (sg13g2_dfrbpq_1)
     2    0.007991    0.033464    0.171942    0.354161 v _125_/Q (sg13g2_dfrbpq_1)
                                                         memory[5] (net)
                      0.033464    0.000125    0.354285 v hold35/A (sg13g2_dlygate4sd3_1)
     1    0.006683    0.046992    0.386884    0.741169 v hold35/X (sg13g2_dlygate4sd3_1)
                                                         net34 (net)
                      0.046992    0.000272    0.741441 v _105_/A0 (sg13g2_mux2_1)
     1    0.002219    0.027215    0.112754    0.854195 v _105_/X (sg13g2_mux2_1)
                                                         _011_ (net)
                      0.027215    0.000029    0.854224 v _125_/D (sg13g2_dfrbpq_1)
                                              0.854224   data arrival time

                                  0.000000    0.000000   clock clk (rise edge)
                                  0.000000    0.000000   clock source latency
     1    0.027507    0.042222    0.024022    0.024022 ^ clk (in)
                                                         clk (net)
                      0.042524    0.000000    0.024022 ^ clkbuf_0_clk/A (sg13g2_buf_16)
     4    0.090675    0.035758    0.082818    0.106839 ^ clkbuf_0_clk/X (sg13g2_buf_16)
                                                         clknet_0_clk (net)
                      0.037657    0.006137    0.112976 ^ clkbuf_2_3__f_clk/A (sg13g2_buf_16)
     4    0.020084    0.019841    0.068922    0.181898 ^ clkbuf_2_3__f_clk/X (sg13g2_buf_16)
                                                         clknet_2_3__leaf_clk (net)
                      0.019843    0.000321    0.182219 ^ _125_/CLK (sg13g2_dfrbpq_1)
                                  0.250000    0.432219   clock uncertainty
                                  0.000000    0.432219   clock reconvergence pessimism
                                 -0.036703    0.395516   library hold time
                                              0.395516   data required time
---------------------------------------------------------------------------------------------
                                              0.395516   data required time
                                             -0.854224   data arrival time
---------------------------------------------------------------------------------------------
                                              0.458708   slack (MET)


Startpoint: _116_ (rising edge-triggered flip-flop clocked by clk)
Endpoint: _116_ (rising edge-triggered flip-flop clocked by clk)
Path Group: clk
Path Type: min

Fanout         Cap        Slew       Delay        Time   Description
---------------------------------------------------------------------------------------------
                                  0.000000    0.000000   clock clk (rise edge)
                                  0.000000    0.000000   clock source latency
     1    0.027507    0.042222    0.024022    0.024022 ^ clk (in)
                                                         clk (net)
                      0.042524    0.000000    0.024022 ^ clkbuf_0_clk/A (sg13g2_buf_16)
     4    0.090675    0.035758    0.082818    0.106839 ^ clkbuf_0_clk/X (sg13g2_buf_16)
                                                         clknet_0_clk (net)
                      0.038670    0.007897    0.114737 ^ clkbuf_2_1__f_clk/A (sg13g2_buf_16)
     4    0.020885    0.020071    0.069543    0.184279 ^ clkbuf_2_1__f_clk/X (sg13g2_buf_16)
                                                         clknet_2_1__leaf_clk (net)
                      0.020075    0.000529    0.184808 ^ _116_/CLK (sg13g2_dfrbpq_1)
     2    0.010245    0.040033    0.177487    0.362296 v _116_/Q (sg13g2_dfrbpq_1)
                                                         memory[11] (net)
                      0.040033    0.000211    0.362507 v hold38/A (sg13g2_dlygate4sd3_1)
     1    0.004505    0.041045    0.382984    0.745491 v hold38/X (sg13g2_dlygate4sd3_1)
                                                         net37 (net)
                      0.041045    0.000094    0.745585 v _087_/A0 (sg13g2_mux2_1)
     1    0.003035    0.029294    0.113056    0.858641 v _087_/X (sg13g2_mux2_1)
                                                         _002_ (net)
                      0.029294    0.000063    0.858704 v _116_/D (sg13g2_dfrbpq_1)
                                              0.858704   data arrival time

                                  0.000000    0.000000   clock clk (rise edge)
                                  0.000000    0.000000   clock source latency
     1    0.027507    0.042222    0.024022    0.024022 ^ clk (in)
                                                         clk (net)
                      0.042524    0.000000    0.024022 ^ clkbuf_0_clk/A (sg13g2_buf_16)
     4    0.090675    0.035758    0.082818    0.106839 ^ clkbuf_0_clk/X (sg13g2_buf_16)
                                                         clknet_0_clk (net)
                      0.038670    0.007897    0.114737 ^ clkbuf_2_1__f_clk/A (sg13g2_buf_16)
     4    0.020885    0.020071    0.069543    0.184279 ^ clkbuf_2_1__f_clk/X (sg13g2_buf_16)
                                                         clknet_2_1__leaf_clk (net)
                      0.020075    0.000529    0.184808 ^ _116_/CLK (sg13g2_dfrbpq_1)
                                  0.250000    0.434808   clock uncertainty
                                  0.000000    0.434808   clock reconvergence pessimism
                                 -0.037313    0.397495   library hold time
                                              0.397495   data required time
---------------------------------------------------------------------------------------------
                                              0.397495   data required time
                                             -0.858704   data arrival time
---------------------------------------------------------------------------------------------
                                              0.461209   slack (MET)


Startpoint: _127_ (rising edge-triggered flip-flop clocked by clk)
Endpoint: _127_ (rising edge-triggered flip-flop clocked by clk)
Path Group: clk
Path Type: min

Fanout         Cap        Slew       Delay        Time   Description
---------------------------------------------------------------------------------------------
                                  0.000000    0.000000   clock clk (rise edge)
                                  0.000000    0.000000   clock source latency
     1    0.027507    0.042222    0.024022    0.024022 ^ clk (in)
                                                         clk (net)
                      0.042524    0.000000    0.024022 ^ clkbuf_0_clk/A (sg13g2_buf_16)
     4    0.090675    0.035758    0.082818    0.106839 ^ clkbuf_0_clk/X (sg13g2_buf_16)
                                                         clknet_0_clk (net)
                      0.037657    0.006137    0.112976 ^ clkbuf_2_3__f_clk/A (sg13g2_buf_16)
     4    0.020084    0.019841    0.068922    0.181898 ^ clkbuf_2_3__f_clk/X (sg13g2_buf_16)
                                                         clknet_2_3__leaf_clk (net)
                      0.019843    0.000316    0.182214 ^ _127_/CLK (sg13g2_dfrbpq_1)
     2    0.009597    0.038142    0.175787    0.358000 v _127_/Q (sg13g2_dfrbpq_1)
                                                         memory[7] (net)
                      0.038143    0.000270    0.358270 v hold41/A (sg13g2_dlygate4sd3_1)
     1    0.004383    0.040715    0.381517    0.739788 v hold41/X (sg13g2_dlygate4sd3_1)
                                                         net40 (net)
                      0.040715    0.000086    0.739873 v _109_/A0 (sg13g2_mux2_1)
     1    0.003989    0.031749    0.116091    0.855964 v _109_/X (sg13g2_mux2_1)
                                                         _013_ (net)
                      0.031749    0.000115    0.856080 v _127_/D (sg13g2_dfrbpq_1)
                                              0.856080   data arrival time

                                  0.000000    0.000000   clock clk (rise edge)
                                  0.000000    0.000000   clock source latency
     1    0.027507    0.042222    0.024022    0.024022 ^ clk (in)
                                                         clk (net)
                      0.042524    0.000000    0.024022 ^ clkbuf_0_clk/A (sg13g2_buf_16)
     4    0.090675    0.035758    0.082818    0.106839 ^ clkbuf_0_clk/X (sg13g2_buf_16)
                                                         clknet_0_clk (net)
                      0.037657    0.006137    0.112976 ^ clkbuf_2_3__f_clk/A (sg13g2_buf_16)
     4    0.020084    0.019841    0.068922    0.181898 ^ clkbuf_2_3__f_clk/X (sg13g2_buf_16)
                                                         clknet_2_3__leaf_clk (net)
                      0.019843    0.000316    0.182214 ^ _127_/CLK (sg13g2_dfrbpq_1)
                                  0.250000    0.432213   clock uncertainty
                                  0.000000    0.432213   clock reconvergence pessimism
                                 -0.038140    0.394074   library hold time
                                              0.394074   data required time
---------------------------------------------------------------------------------------------
                                              0.394074   data required time
                                             -0.856080   data arrival time
---------------------------------------------------------------------------------------------
                                              0.462006   slack (MET)


Startpoint: _126_ (rising edge-triggered flip-flop clocked by clk)
Endpoint: _126_ (rising edge-triggered flip-flop clocked by clk)
Path Group: clk
Path Type: min

Fanout         Cap        Slew       Delay        Time   Description
---------------------------------------------------------------------------------------------
                                  0.000000    0.000000   clock clk (rise edge)
                                  0.000000    0.000000   clock source latency
     1    0.027507    0.042222    0.024022    0.024022 ^ clk (in)
                                                         clk (net)
                      0.042524    0.000000    0.024022 ^ clkbuf_0_clk/A (sg13g2_buf_16)
     4    0.090675    0.035758    0.082818    0.106839 ^ clkbuf_0_clk/X (sg13g2_buf_16)
                                                         clknet_0_clk (net)
                      0.037657    0.006137    0.112976 ^ clkbuf_2_3__f_clk/A (sg13g2_buf_16)
     4    0.020084    0.019841    0.068922    0.181898 ^ clkbuf_2_3__f_clk/X (sg13g2_buf_16)
                                                         clknet_2_3__leaf_clk (net)
                      0.019842    0.000232    0.182130 ^ _126_/CLK (sg13g2_dfrbpq_1)
     2    0.009232    0.037094    0.174852    0.356982 v _126_/Q (sg13g2_dfrbpq_1)
                                                         memory[6] (net)
                      0.037096    0.000340    0.357322 v hold43/A (sg13g2_dlygate4sd3_1)
     1    0.004823    0.041764    0.382462    0.739784 v hold43/X (sg13g2_dlygate4sd3_1)
                                                         net42 (net)
                      0.041764    0.000115    0.739899 v _107_/A0 (sg13g2_mux2_1)
     1    0.004168    0.032227    0.117113    0.857013 v _107_/X (sg13g2_mux2_1)
                                                         _012_ (net)
                      0.032227    0.000126    0.857139 v _126_/D (sg13g2_dfrbpq_1)
                                              0.857139   data arrival time

                                  0.000000    0.000000   clock clk (rise edge)
                                  0.000000    0.000000   clock source latency
     1    0.027507    0.042222    0.024022    0.024022 ^ clk (in)
                                                         clk (net)
                      0.042524    0.000000    0.024022 ^ clkbuf_0_clk/A (sg13g2_buf_16)
     4    0.090675    0.035758    0.082818    0.106839 ^ clkbuf_0_clk/X (sg13g2_buf_16)
                                                         clknet_0_clk (net)
                      0.037657    0.006137    0.112976 ^ clkbuf_2_3__f_clk/A (sg13g2_buf_16)
     4    0.020084    0.019841    0.068922    0.181898 ^ clkbuf_2_3__f_clk/X (sg13g2_buf_16)
                                                         clknet_2_3__leaf_clk (net)
                      0.019842    0.000232    0.182130 ^ _126_/CLK (sg13g2_dfrbpq_1)
                                  0.250000    0.432130   clock uncertainty
                                  0.000000    0.432130   clock reconvergence pessimism
                                 -0.038291    0.393839   library hold time
                                              0.393839   data required time
---------------------------------------------------------------------------------------------
                                              0.393839   data required time
                                             -0.857139   data arrival time
---------------------------------------------------------------------------------------------
                                              0.463300   slack (MET)


Startpoint: _119_ (rising edge-triggered flip-flop clocked by clk)
Endpoint: _119_ (rising edge-triggered flip-flop clocked by clk)
Path Group: clk
Path Type: min

Fanout         Cap        Slew       Delay        Time   Description
---------------------------------------------------------------------------------------------
                                  0.000000    0.000000   clock clk (rise edge)
                                  0.000000    0.000000   clock source latency
     1    0.027507    0.042222    0.024022    0.024022 ^ clk (in)
                                                         clk (net)
                      0.042524    0.000000    0.024022 ^ clkbuf_0_clk/A (sg13g2_buf_16)
     4    0.090675    0.035758    0.082818    0.106839 ^ clkbuf_0_clk/X (sg13g2_buf_16)
                                                         clknet_0_clk (net)
                      0.037190    0.005182    0.112022 ^ clkbuf_2_2__f_clk/A (sg13g2_buf_16)
     4    0.023596    0.020628    0.069235    0.181257 ^ clkbuf_2_2__f_clk/X (sg13g2_buf_16)
                                                         clknet_2_2__leaf_clk (net)
                      0.020645    0.001136    0.182393 ^ _119_/CLK (sg13g2_dfrbpq_1)
     2    0.007947    0.033349    0.172185    0.354578 v _119_/Q (sg13g2_dfrbpq_1)
                                                         memory[14] (net)
                      0.033349    0.000089    0.354667 v hold42/A (sg13g2_dlygate4sd3_1)
     1    0.005145    0.042484    0.381498    0.736164 v hold42/X (sg13g2_dlygate4sd3_1)
                                                         net41 (net)
                      0.042484    0.000159    0.736323 v _093_/A0 (sg13g2_mux2_1)
     1    0.005236    0.034954    0.120952    0.857275 v _093_/X (sg13g2_mux2_1)
                                                         _005_ (net)
                      0.034965    0.000186    0.857461 v _119_/D (sg13g2_dfrbpq_1)
                                              0.857461   data arrival time

                                  0.000000    0.000000   clock clk (rise edge)
                                  0.000000    0.000000   clock source latency
     1    0.027507    0.042222    0.024022    0.024022 ^ clk (in)
                                                         clk (net)
                      0.042524    0.000000    0.024022 ^ clkbuf_0_clk/A (sg13g2_buf_16)
     4    0.090675    0.035758    0.082818    0.106839 ^ clkbuf_0_clk/X (sg13g2_buf_16)
                                                         clknet_0_clk (net)
                      0.037190    0.005182    0.112022 ^ clkbuf_2_2__f_clk/A (sg13g2_buf_16)
     4    0.023596    0.020628    0.069235    0.181257 ^ clkbuf_2_2__f_clk/X (sg13g2_buf_16)
                                                         clknet_2_2__leaf_clk (net)
                      0.020645    0.001136    0.182393 ^ _119_/CLK (sg13g2_dfrbpq_1)
                                  0.250000    0.432393   clock uncertainty
                                  0.000000    0.432393   clock reconvergence pessimism
                                 -0.038991    0.393401   library hold time
                                              0.393401   data required time
---------------------------------------------------------------------------------------------
                                              0.393401   data required time
                                             -0.857461   data arrival time
---------------------------------------------------------------------------------------------
                                              0.464060   slack (MET)


Startpoint: _120_ (rising edge-triggered flip-flop clocked by clk)
Endpoint: _120_ (rising edge-triggered flip-flop clocked by clk)
Path Group: clk
Path Type: min

Fanout         Cap        Slew       Delay        Time   Description
---------------------------------------------------------------------------------------------
                                  0.000000    0.000000   clock clk (rise edge)
                                  0.000000    0.000000   clock source latency
     1    0.027507    0.042222    0.024022    0.024022 ^ clk (in)
                                                         clk (net)
                      0.042524    0.000000    0.024022 ^ clkbuf_0_clk/A (sg13g2_buf_16)
     4    0.090675    0.035758    0.082818    0.106839 ^ clkbuf_0_clk/X (sg13g2_buf_16)
                                                         clknet_0_clk (net)
                      0.037190    0.005182    0.112022 ^ clkbuf_2_2__f_clk/A (sg13g2_buf_16)
     4    0.023596    0.020628    0.069235    0.181257 ^ clkbuf_2_2__f_clk/X (sg13g2_buf_16)
                                                         clknet_2_2__leaf_clk (net)
                      0.020642    0.001024    0.182281 ^ _120_/CLK (sg13g2_dfrbpq_1)
     2    0.009408    0.037572    0.175759    0.358040 v _120_/Q (sg13g2_dfrbpq_1)
                                                         memory[15] (net)
                      0.037572    0.000128    0.358168 v hold39/A (sg13g2_dlygate4sd3_1)
     1    0.004440    0.040870    0.381394    0.739563 v hold39/X (sg13g2_dlygate4sd3_1)
                                                         net38 (net)
                      0.040870    0.000106    0.739669 v _095_/A0 (sg13g2_mux2_1)
     1    0.004876    0.034041    0.119099    0.858768 v _095_/X (sg13g2_mux2_1)
                                                         _006_ (net)
                      0.034041    0.000163    0.858931 v _120_/D (sg13g2_dfrbpq_1)
                                              0.858931   data arrival time

                                  0.000000    0.000000   clock clk (rise edge)
                                  0.000000    0.000000   clock source latency
     1    0.027507    0.042222    0.024022    0.024022 ^ clk (in)
                                                         clk (net)
                      0.042524    0.000000    0.024022 ^ clkbuf_0_clk/A (sg13g2_buf_16)
     4    0.090675    0.035758    0.082818    0.106839 ^ clkbuf_0_clk/X (sg13g2_buf_16)
                                                         clknet_0_clk (net)
                      0.037190    0.005182    0.112022 ^ clkbuf_2_2__f_clk/A (sg13g2_buf_16)
     4    0.023596    0.020628    0.069235    0.181257 ^ clkbuf_2_2__f_clk/X (sg13g2_buf_16)
                                                         clknet_2_2__leaf_clk (net)
                      0.020642    0.001024    0.182281 ^ _120_/CLK (sg13g2_dfrbpq_1)
                                  0.250000    0.432281   clock uncertainty
                                  0.000000    0.432281   clock reconvergence pessimism
                                 -0.038700    0.393582   library hold time
                                              0.393582   data required time
---------------------------------------------------------------------------------------------
                                              0.393582   data required time
                                             -0.858931   data arrival time
---------------------------------------------------------------------------------------------
                                              0.465349   slack (MET)


Startpoint: _117_ (rising edge-triggered flip-flop clocked by clk)
Endpoint: _117_ (rising edge-triggered flip-flop clocked by clk)
Path Group: clk
Path Type: min

Fanout         Cap        Slew       Delay        Time   Description
---------------------------------------------------------------------------------------------
                                  0.000000    0.000000   clock clk (rise edge)
                                  0.000000    0.000000   clock source latency
     1    0.027507    0.042222    0.024022    0.024022 ^ clk (in)
                                                         clk (net)
                      0.042524    0.000000    0.024022 ^ clkbuf_0_clk/A (sg13g2_buf_16)
     4    0.090675    0.035758    0.082818    0.106839 ^ clkbuf_0_clk/X (sg13g2_buf_16)
                                                         clknet_0_clk (net)
                      0.037190    0.005182    0.112022 ^ clkbuf_2_2__f_clk/A (sg13g2_buf_16)
     4    0.023596    0.020628    0.069235    0.181257 ^ clkbuf_2_2__f_clk/X (sg13g2_buf_16)
                                                         clknet_2_2__leaf_clk (net)
                      0.020662    0.001553    0.182810 ^ _117_/CLK (sg13g2_dfrbpq_1)
     2    0.007661    0.032521    0.171521    0.354331 v _117_/Q (sg13g2_dfrbpq_1)
                                                         memory[12] (net)
                      0.032521    0.000152    0.354484 v hold37/A (sg13g2_dlygate4sd3_1)
     1    0.004932    0.042001    0.380306    0.734790 v hold37/X (sg13g2_dlygate4sd3_1)
                                                         net36 (net)
                      0.042001    0.000141    0.734930 v _089_/A0 (sg13g2_mux2_1)
     1    0.007074    0.039819    0.126827    0.861757 v _089_/X (sg13g2_mux2_1)
                                                         _003_ (net)
                      0.039822    0.000326    0.862083 v _117_/D (sg13g2_dfrbpq_1)
                                              0.862083   data arrival time

                                  0.000000    0.000000   clock clk (rise edge)
                                  0.000000    0.000000   clock source latency
     1    0.027507    0.042222    0.024022    0.024022 ^ clk (in)
                                                         clk (net)
                      0.042524    0.000000    0.024022 ^ clkbuf_0_clk/A (sg13g2_buf_16)
     4    0.090675    0.035758    0.082818    0.106839 ^ clkbuf_0_clk/X (sg13g2_buf_16)
                                                         clknet_0_clk (net)
                      0.037190    0.005182    0.112022 ^ clkbuf_2_2__f_clk/A (sg13g2_buf_16)
     4    0.023596    0.020628    0.069235    0.181257 ^ clkbuf_2_2__f_clk/X (sg13g2_buf_16)
                                                         clknet_2_2__leaf_clk (net)
                      0.020662    0.001553    0.182810 ^ _117_/CLK (sg13g2_dfrbpq_1)
                                  0.250000    0.432810   clock uncertainty
                                  0.000000    0.432810   clock reconvergence pessimism
                                 -0.040527    0.392283   library hold time
                                              0.392283   data required time
---------------------------------------------------------------------------------------------
                                              0.392283   data required time
                                             -0.862083   data arrival time
---------------------------------------------------------------------------------------------
                                              0.469800   slack (MET)


Startpoint: _118_ (rising edge-triggered flip-flop clocked by clk)
Endpoint: _118_ (rising edge-triggered flip-flop clocked by clk)
Path Group: clk
Path Type: min

Fanout         Cap        Slew       Delay        Time   Description
---------------------------------------------------------------------------------------------
                                  0.000000    0.000000   clock clk (rise edge)
                                  0.000000    0.000000   clock source latency
     1    0.027507    0.042222    0.024022    0.024022 ^ clk (in)
                                                         clk (net)
                      0.042524    0.000000    0.024022 ^ clkbuf_0_clk/A (sg13g2_buf_16)
     4    0.090675    0.035758    0.082818    0.106839 ^ clkbuf_0_clk/X (sg13g2_buf_16)
                                                         clknet_0_clk (net)
                      0.037190    0.005182    0.112022 ^ clkbuf_2_2__f_clk/A (sg13g2_buf_16)
     4    0.023596    0.020628    0.069235    0.181257 ^ clkbuf_2_2__f_clk/X (sg13g2_buf_16)
                                                         clknet_2_2__leaf_clk (net)
                      0.020658    0.001473    0.182730 ^ _118_/CLK (sg13g2_dfrbpq_1)
     2    0.008722    0.035599    0.174046    0.356776 v _118_/Q (sg13g2_dfrbpq_1)
                                                         memory[13] (net)
                      0.035600    0.000237    0.357013 v hold36/A (sg13g2_dlygate4sd3_1)
     1    0.005748    0.043933    0.384836    0.741850 v hold36/X (sg13g2_dlygate4sd3_1)
                                                         net35 (net)
                      0.044404    0.000186    0.742036 v _091_/A0 (sg13g2_mux2_1)
     1    0.005468    0.035554    0.122503    0.864539 v _091_/X (sg13g2_mux2_1)
                                                         _004_ (net)
                      0.035554    0.000203    0.864742 v _118_/D (sg13g2_dfrbpq_1)
                                              0.864742   data arrival time

                                  0.000000    0.000000   clock clk (rise edge)
                                  0.000000    0.000000   clock source latency
     1    0.027507    0.042222    0.024022    0.024022 ^ clk (in)
                                                         clk (net)
                      0.042524    0.000000    0.024022 ^ clkbuf_0_clk/A (sg13g2_buf_16)
     4    0.090675    0.035758    0.082818    0.106839 ^ clkbuf_0_clk/X (sg13g2_buf_16)
                                                         clknet_0_clk (net)
                      0.037190    0.005182    0.112022 ^ clkbuf_2_2__f_clk/A (sg13g2_buf_16)
     4    0.023596    0.020628    0.069235    0.181257 ^ clkbuf_2_2__f_clk/X (sg13g2_buf_16)
                                                         clknet_2_2__leaf_clk (net)
                      0.020658    0.001473    0.182730 ^ _118_/CLK (sg13g2_dfrbpq_1)
                                  0.250000    0.432730   clock uncertainty
                                  0.000000    0.432730   clock reconvergence pessimism
                                 -0.039176    0.393555   library hold time
                                              0.393555   data required time
---------------------------------------------------------------------------------------------
                                              0.393555   data required time
                                             -0.864742   data arrival time
---------------------------------------------------------------------------------------------
                                              0.471187   slack (MET)


Startpoint: _114_ (rising edge-triggered flip-flop clocked by clk)
Endpoint: _114_ (rising edge-triggered flip-flop clocked by clk)
Path Group: clk
Path Type: min

Fanout         Cap        Slew       Delay        Time   Description
---------------------------------------------------------------------------------------------
                                  0.000000    0.000000   clock clk (rise edge)
                                  0.000000    0.000000   clock source latency
     1    0.027507    0.042222    0.024022    0.024022 ^ clk (in)
                                                         clk (net)
                      0.042524    0.000000    0.024022 ^ clkbuf_0_clk/A (sg13g2_buf_16)
     4    0.090675    0.035758    0.082818    0.106839 ^ clkbuf_0_clk/X (sg13g2_buf_16)
                                                         clknet_0_clk (net)
                      0.036380    0.003132    0.109972 ^ clkbuf_2_0__f_clk/A (sg13g2_buf_16)
     4    0.022324    0.020291    0.068713    0.178684 ^ clkbuf_2_0__f_clk/X (sg13g2_buf_16)
                                                         clknet_2_0__leaf_clk (net)
                      0.020295    0.000566    0.179250 ^ _114_/CLK (sg13g2_dfrbpq_1)
     2    0.009647    0.038302    0.176089    0.355339 v _114_/Q (sg13g2_dfrbpq_1)
                                                         memory[0] (net)
                      0.038302    0.000216    0.355555 v hold40/A (sg13g2_dlygate4sd3_1)
     1    0.003969    0.039594    0.380165    0.735720 v hold40/X (sg13g2_dlygate4sd3_1)
                                                         net39 (net)
                      0.039594    0.000075    0.735795 v _083_/A0 (sg13g2_mux2_1)
     1    0.007094    0.039907    0.125907    0.861702 v _083_/X (sg13g2_mux2_1)
                                                         _000_ (net)
                      0.039909    0.000333    0.862035 v _114_/D (sg13g2_dfrbpq_1)
                                              0.862035   data arrival time

                                  0.000000    0.000000   clock clk (rise edge)
                                  0.000000    0.000000   clock source latency
     1    0.027507    0.042222    0.024022    0.024022 ^ clk (in)
                                                         clk (net)
                      0.042524    0.000000    0.024022 ^ clkbuf_0_clk/A (sg13g2_buf_16)
     4    0.090675    0.035758    0.082818    0.106839 ^ clkbuf_0_clk/X (sg13g2_buf_16)
                                                         clknet_0_clk (net)
                      0.036380    0.003132    0.109972 ^ clkbuf_2_0__f_clk/A (sg13g2_buf_16)
     4    0.022324    0.020291    0.068713    0.178684 ^ clkbuf_2_0__f_clk/X (sg13g2_buf_16)
                                                         clknet_2_0__leaf_clk (net)
                      0.020295    0.000566    0.179250 ^ _114_/CLK (sg13g2_dfrbpq_1)
                                  0.250000    0.429250   clock uncertainty
                                  0.000000    0.429250   clock reconvergence pessimism
                                 -0.040631    0.388619   library hold time
                                              0.388619   data required time
---------------------------------------------------------------------------------------------
                                              0.388619   data required time
                                             -0.862035   data arrival time
---------------------------------------------------------------------------------------------
                                              0.473417   slack (MET)


Startpoint: _122_ (rising edge-triggered flip-flop clocked by clk)
Endpoint: _122_ (rising edge-triggered flip-flop clocked by clk)
Path Group: clk
Path Type: min

Fanout         Cap        Slew       Delay        Time   Description
---------------------------------------------------------------------------------------------
                                  0.000000    0.000000   clock clk (rise edge)
                                  0.000000    0.000000   clock source latency
     1    0.027507    0.042222    0.024022    0.024022 ^ clk (in)
                                                         clk (net)
                      0.042524    0.000000    0.024022 ^ clkbuf_0_clk/A (sg13g2_buf_16)
     4    0.090675    0.035758    0.082818    0.106839 ^ clkbuf_0_clk/X (sg13g2_buf_16)
                                                         clknet_0_clk (net)
                      0.036380    0.003132    0.109972 ^ clkbuf_2_0__f_clk/A (sg13g2_buf_16)
     4    0.022324    0.020291    0.068713    0.178684 ^ clkbuf_2_0__f_clk/X (sg13g2_buf_16)
                                                         clknet_2_0__leaf_clk (net)
                      0.020295    0.000564    0.179248 ^ _122_/CLK (sg13g2_dfrbpq_1)
     2    0.009088    0.036660    0.174759    0.354007 v _122_/Q (sg13g2_dfrbpq_1)
                                                         memory[2] (net)
                      0.036660    0.000169    0.354176 v hold34/A (sg13g2_dlygate4sd3_1)
     1    0.006323    0.045974    0.387404    0.741581 v hold34/X (sg13g2_dlygate4sd3_1)
                                                         net33 (net)
                      0.045974    0.000244    0.741825 v _099_/A0 (sg13g2_mux2_1)
     1    0.005179    0.034830    0.122185    0.864009 v _099_/X (sg13g2_mux2_1)
                                                         _008_ (net)
                      0.034830    0.000181    0.864191 v _122_/D (sg13g2_dfrbpq_1)
                                              0.864191   data arrival time

                                  0.000000    0.000000   clock clk (rise edge)
                                  0.000000    0.000000   clock source latency
     1    0.027507    0.042222    0.024022    0.024022 ^ clk (in)
                                                         clk (net)
                      0.042524    0.000000    0.024022 ^ clkbuf_0_clk/A (sg13g2_buf_16)
     4    0.090675    0.035758    0.082818    0.106839 ^ clkbuf_0_clk/X (sg13g2_buf_16)
                                                         clknet_0_clk (net)
                      0.036380    0.003132    0.109972 ^ clkbuf_2_0__f_clk/A (sg13g2_buf_16)
     4    0.022324    0.020291    0.068713    0.178684 ^ clkbuf_2_0__f_clk/X (sg13g2_buf_16)
                                                         clknet_2_0__leaf_clk (net)
                      0.020295    0.000564    0.179248 ^ _122_/CLK (sg13g2_dfrbpq_1)
                                  0.250000    0.429248   clock uncertainty
                                  0.000000    0.429248   clock reconvergence pessimism
                                 -0.039022    0.390226   library hold time
                                              0.390226   data required time
---------------------------------------------------------------------------------------------
                                              0.390226   data required time
                                             -0.864191   data arrival time
---------------------------------------------------------------------------------------------
                                              0.473965   slack (MET)


Startpoint: _115_ (rising edge-triggered flip-flop clocked by clk)
Endpoint: _115_ (rising edge-triggered flip-flop clocked by clk)
Path Group: clk
Path Type: min

Fanout         Cap        Slew       Delay        Time   Description
---------------------------------------------------------------------------------------------
                                  0.000000    0.000000   clock clk (rise edge)
                                  0.000000    0.000000   clock source latency
     1    0.027507    0.042222    0.024022    0.024022 ^ clk (in)
                                                         clk (net)
                      0.042524    0.000000    0.024022 ^ clkbuf_0_clk/A (sg13g2_buf_16)
     4    0.090675    0.035758    0.082818    0.106839 ^ clkbuf_0_clk/X (sg13g2_buf_16)
                                                         clknet_0_clk (net)
                      0.038670    0.007897    0.114737 ^ clkbuf_2_1__f_clk/A (sg13g2_buf_16)
     4    0.020885    0.020071    0.069543    0.184279 ^ clkbuf_2_1__f_clk/X (sg13g2_buf_16)
                                                         clknet_2_1__leaf_clk (net)
                      0.020073    0.000333    0.184612 ^ _115_/CLK (sg13g2_dfrbpq_1)
     2    0.008820    0.035890    0.173973    0.358586 v _115_/Q (sg13g2_dfrbpq_1)
                                                         memory[10] (net)
                      0.035893    0.000351    0.358937 v hold33/A (sg13g2_dlygate4sd3_1)
     1    0.006244    0.045747    0.386710    0.745647 v hold33/X (sg13g2_dlygate4sd3_1)
                                                         net32 (net)
                      0.045750    0.000230    0.745877 v _085_/A0 (sg13g2_mux2_1)
     1    0.005547    0.035805    0.123317    0.869194 v _085_/X (sg13g2_mux2_1)
                                                         _001_ (net)
                      0.035805    0.000184    0.869378 v _115_/D (sg13g2_dfrbpq_1)
                                              0.869378   data arrival time

                                  0.000000    0.000000   clock clk (rise edge)
                                  0.000000    0.000000   clock source latency
     1    0.027507    0.042222    0.024022    0.024022 ^ clk (in)
                                                         clk (net)
                      0.042524    0.000000    0.024022 ^ clkbuf_0_clk/A (sg13g2_buf_16)
     4    0.090675    0.035758    0.082818    0.106839 ^ clkbuf_0_clk/X (sg13g2_buf_16)
                                                         clknet_0_clk (net)
                      0.038670    0.007897    0.114737 ^ clkbuf_2_1__f_clk/A (sg13g2_buf_16)
     4    0.020885    0.020071    0.069543    0.184279 ^ clkbuf_2_1__f_clk/X (sg13g2_buf_16)
                                                         clknet_2_1__leaf_clk (net)
                      0.020073    0.000333    0.184612 ^ _115_/CLK (sg13g2_dfrbpq_1)
                                  0.250000    0.434612   clock uncertainty
                                  0.000000    0.434612   clock reconvergence pessimism
                                 -0.039377    0.395235   library hold time
                                              0.395235   data required time
---------------------------------------------------------------------------------------------
                                              0.395235   data required time
                                             -0.869378   data arrival time
---------------------------------------------------------------------------------------------
                                              0.474143   slack (MET)


Startpoint: _128_ (rising edge-triggered flip-flop clocked by clk)
Endpoint: _128_ (rising edge-triggered flip-flop clocked by clk)
Path Group: clk
Path Type: min

Fanout         Cap        Slew       Delay        Time   Description
---------------------------------------------------------------------------------------------
                                  0.000000    0.000000   clock clk (rise edge)
                                  0.000000    0.000000   clock source latency
     1    0.027507    0.042222    0.024022    0.024022 ^ clk (in)
                                                         clk (net)
                      0.042524    0.000000    0.024022 ^ clkbuf_0_clk/A (sg13g2_buf_16)
     4    0.090675    0.035758    0.082818    0.106839 ^ clkbuf_0_clk/X (sg13g2_buf_16)
                                                         clknet_0_clk (net)
                      0.038670    0.007897    0.114737 ^ clkbuf_2_1__f_clk/A (sg13g2_buf_16)
     4    0.020885    0.020071    0.069543    0.184279 ^ clkbuf_2_1__f_clk/X (sg13g2_buf_16)
                                                         clknet_2_1__leaf_clk (net)
                      0.020074    0.000487    0.184767 ^ _128_/CLK (sg13g2_dfrbpq_1)
     2    0.011049    0.042422    0.179380    0.364147 v _128_/Q (sg13g2_dfrbpq_1)
                                                         memory[8] (net)
                      0.042422    0.000253    0.364400 v hold47/A (sg13g2_dlygate4sd3_1)
     1    0.006348    0.046043    0.390676    0.755076 v hold47/X (sg13g2_dlygate4sd3_1)
                                                         net46 (net)
                      0.046043    0.000246    0.755322 v _111_/A0 (sg13g2_mux2_1)
     1    0.003813    0.031361    0.117675    0.872998 v _111_/X (sg13g2_mux2_1)
                                                         _014_ (net)
                      0.031361    0.000104    0.873102 v _128_/D (sg13g2_dfrbpq_1)
                                              0.873102   data arrival time

                                  0.000000    0.000000   clock clk (rise edge)
                                  0.000000    0.000000   clock source latency
     1    0.027507    0.042222    0.024022    0.024022 ^ clk (in)
                                                         clk (net)
                      0.042524    0.000000    0.024022 ^ clkbuf_0_clk/A (sg13g2_buf_16)
     4    0.090675    0.035758    0.082818    0.106839 ^ clkbuf_0_clk/X (sg13g2_buf_16)
                                                         clknet_0_clk (net)
                      0.038670    0.007897    0.114737 ^ clkbuf_2_1__f_clk/A (sg13g2_buf_16)
     4    0.020885    0.020071    0.069543    0.184279 ^ clkbuf_2_1__f_clk/X (sg13g2_buf_16)
                                                         clknet_2_1__leaf_clk (net)
                      0.020074    0.000487    0.184767 ^ _128_/CLK (sg13g2_dfrbpq_1)
                                  0.250000    0.434767   clock uncertainty
                                  0.000000    0.434767   clock reconvergence pessimism
                                 -0.037968    0.396798   library hold time
                                              0.396798   data required time
---------------------------------------------------------------------------------------------
                                              0.396798   data required time
                                             -0.873102   data arrival time
---------------------------------------------------------------------------------------------
                                              0.476304   slack (MET)


Startpoint: _121_ (rising edge-triggered flip-flop clocked by clk)
Endpoint: _121_ (rising edge-triggered flip-flop clocked by clk)
Path Group: clk
Path Type: min

Fanout         Cap        Slew       Delay        Time   Description
---------------------------------------------------------------------------------------------
                                  0.000000    0.000000   clock clk (rise edge)
                                  0.000000    0.000000   clock source latency
     1    0.027507    0.042222    0.024022    0.024022 ^ clk (in)
                                                         clk (net)
                      0.042524    0.000000    0.024022 ^ clkbuf_0_clk/A (sg13g2_buf_16)
     4    0.090675    0.035758    0.082818    0.106839 ^ clkbuf_0_clk/X (sg13g2_buf_16)
                                                         clknet_0_clk (net)
                      0.036380    0.003132    0.109972 ^ clkbuf_2_0__f_clk/A (sg13g2_buf_16)
     4    0.022324    0.020291    0.068713    0.178684 ^ clkbuf_2_0__f_clk/X (sg13g2_buf_16)
                                                         clknet_2_0__leaf_clk (net)
                      0.020294    0.000439    0.179123 ^ _121_/CLK (sg13g2_dfrbpq_1)
     2    0.010089    0.039595    0.177165    0.356288 v _121_/Q (sg13g2_dfrbpq_1)
                                                         memory[1] (net)
                      0.039597    0.000344    0.356632 v hold32/A (sg13g2_dlygate4sd3_1)
     1    0.005929    0.044895    0.387663    0.744295 v hold32/X (sg13g2_dlygate4sd3_1)
                                                         net31 (net)
                      0.044895    0.000224    0.744520 v _097_/A0 (sg13g2_mux2_1)
     1    0.005204    0.034895    0.121829    0.866349 v _097_/X (sg13g2_mux2_1)
                                                         _007_ (net)
                      0.034895    0.000183    0.866532 v _121_/D (sg13g2_dfrbpq_1)
                                              0.866532   data arrival time

                                  0.000000    0.000000   clock clk (rise edge)
                                  0.000000    0.000000   clock source latency
     1    0.027507    0.042222    0.024022    0.024022 ^ clk (in)
                                                         clk (net)
                      0.042524    0.000000    0.024022 ^ clkbuf_0_clk/A (sg13g2_buf_16)
     4    0.090675    0.035758    0.082818    0.106839 ^ clkbuf_0_clk/X (sg13g2_buf_16)
                                                         clknet_0_clk (net)
                      0.036380    0.003132    0.109972 ^ clkbuf_2_0__f_clk/A (sg13g2_buf_16)
     4    0.022324    0.020291    0.068713    0.178684 ^ clkbuf_2_0__f_clk/X (sg13g2_buf_16)
                                                         clknet_2_0__leaf_clk (net)
                      0.020294    0.000439    0.179123 ^ _121_/CLK (sg13g2_dfrbpq_1)
                                  0.250000    0.429123   clock uncertainty
                                  0.000000    0.429123   clock reconvergence pessimism
                                 -0.039043    0.390081   library hold time
                                              0.390081   data required time
---------------------------------------------------------------------------------------------
                                              0.390081   data required time
                                             -0.866532   data arrival time
---------------------------------------------------------------------------------------------
                                              0.476451   slack (MET)


Startpoint: _123_ (rising edge-triggered flip-flop clocked by clk)
Endpoint: _123_ (rising edge-triggered flip-flop clocked by clk)
Path Group: clk
Path Type: min

Fanout         Cap        Slew       Delay        Time   Description
---------------------------------------------------------------------------------------------
                                  0.000000    0.000000   clock clk (rise edge)
                                  0.000000    0.000000   clock source latency
     1    0.027507    0.042222    0.024022    0.024022 ^ clk (in)
                                                         clk (net)
                      0.042524    0.000000    0.024022 ^ clkbuf_0_clk/A (sg13g2_buf_16)
     4    0.090675    0.035758    0.082818    0.106839 ^ clkbuf_0_clk/X (sg13g2_buf_16)
                                                         clknet_0_clk (net)
                      0.036380    0.003132    0.109972 ^ clkbuf_2_0__f_clk/A (sg13g2_buf_16)
     4    0.022324    0.020291    0.068713    0.178684 ^ clkbuf_2_0__f_clk/X (sg13g2_buf_16)
                                                         clknet_2_0__leaf_clk (net)
                      0.020295    0.000540    0.179224 ^ _123_/CLK (sg13g2_dfrbpq_1)
     2    0.010091    0.039573    0.177241    0.356465 v _123_/Q (sg13g2_dfrbpq_1)
                                                         memory[3] (net)
                      0.039573    0.000145    0.356610 v hold46/A (sg13g2_dlygate4sd3_1)
     1    0.005759    0.043954    0.387065    0.743675 v hold46/X (sg13g2_dlygate4sd3_1)
                                                         net45 (net)
                      0.044435    0.000210    0.743885 v _101_/A0 (sg13g2_mux2_1)
     1    0.005611    0.035898    0.122988    0.866873 v _101_/X (sg13g2_mux2_1)
                                                         _009_ (net)
                      0.035898    0.000216    0.867089 v _123_/D (sg13g2_dfrbpq_1)
                                              0.867089   data arrival time

                                  0.000000    0.000000   clock clk (rise edge)
                                  0.000000    0.000000   clock source latency
     1    0.027507    0.042222    0.024022    0.024022 ^ clk (in)
                                                         clk (net)
                      0.042524    0.000000    0.024022 ^ clkbuf_0_clk/A (sg13g2_buf_16)
     4    0.090675    0.035758    0.082818    0.106839 ^ clkbuf_0_clk/X (sg13g2_buf_16)
                                                         clknet_0_clk (net)
                      0.036380    0.003132    0.109972 ^ clkbuf_2_0__f_clk/A (sg13g2_buf_16)
     4    0.022324    0.020291    0.068713    0.178684 ^ clkbuf_2_0__f_clk/X (sg13g2_buf_16)
                                                         clknet_2_0__leaf_clk (net)
                      0.020295    0.000540    0.179224 ^ _123_/CLK (sg13g2_dfrbpq_1)
                                  0.250000    0.429224   clock uncertainty
                                  0.000000    0.429224   clock reconvergence pessimism
                                 -0.039360    0.389864   library hold time
                                              0.389864   data required time
---------------------------------------------------------------------------------------------
                                              0.389864   data required time
                                             -0.867089   data arrival time
---------------------------------------------------------------------------------------------
                                              0.477225   slack (MET)


Startpoint: _129_ (rising edge-triggered flip-flop clocked by clk)
Endpoint: _129_ (rising edge-triggered flip-flop clocked by clk)
Path Group: clk
Path Type: min

Fanout         Cap        Slew       Delay        Time   Description
---------------------------------------------------------------------------------------------
                                  0.000000    0.000000   clock clk (rise edge)
                                  0.000000    0.000000   clock source latency
     1    0.027507    0.042222    0.024022    0.024022 ^ clk (in)
                                                         clk (net)
                      0.042524    0.000000    0.024022 ^ clkbuf_0_clk/A (sg13g2_buf_16)
     4    0.090675    0.035758    0.082818    0.106839 ^ clkbuf_0_clk/X (sg13g2_buf_16)
                                                         clknet_0_clk (net)
                      0.038670    0.007897    0.114737 ^ clkbuf_2_1__f_clk/A (sg13g2_buf_16)
     4    0.020885    0.020071    0.069543    0.184279 ^ clkbuf_2_1__f_clk/X (sg13g2_buf_16)
                                                         clknet_2_1__leaf_clk (net)
                      0.020075    0.000591    0.184871 ^ _129_/CLK (sg13g2_dfrbpq_1)
     2    0.009738    0.038588    0.176148    0.361018 v _129_/Q (sg13g2_dfrbpq_1)
                                                         memory[9] (net)
                      0.038594    0.000506    0.361525 v hold44/A (sg13g2_dlygate4sd3_1)
     1    0.007214    0.048534    0.391546    0.753071 v hold44/X (sg13g2_dlygate4sd3_1)
                                                         net43 (net)
                      0.048534    0.000328    0.753399 v _113_/A0 (sg13g2_mux2_1)
     1    0.004291    0.032584    0.120280    0.873679 v _113_/X (sg13g2_mux2_1)
                                                         _015_ (net)
                      0.032584    0.000134    0.873813 v _129_/D (sg13g2_dfrbpq_1)
                                              0.873813   data arrival time

                                  0.000000    0.000000   clock clk (rise edge)
                                  0.000000    0.000000   clock source latency
     1    0.027507    0.042222    0.024022    0.024022 ^ clk (in)
                                                         clk (net)
                      0.042524    0.000000    0.024022 ^ clkbuf_0_clk/A (sg13g2_buf_16)
     4    0.090675    0.035758    0.082818    0.106839 ^ clkbuf_0_clk/X (sg13g2_buf_16)
                                                         clknet_0_clk (net)
                      0.038670    0.007897    0.114737 ^ clkbuf_2_1__f_clk/A (sg13g2_buf_16)
     4    0.020885    0.020071    0.069543    0.184279 ^ clkbuf_2_1__f_clk/X (sg13g2_buf_16)
                                                         clknet_2_1__leaf_clk (net)
                      0.020075    0.000591    0.184871 ^ _129_/CLK (sg13g2_dfrbpq_1)
                                  0.250000    0.434871   clock uncertainty
                                  0.000000    0.434871   clock reconvergence pessimism
                                 -0.038356    0.396515   library hold time
                                              0.396515   data required time
---------------------------------------------------------------------------------------------
                                              0.396515   data required time
                                             -0.873813   data arrival time
---------------------------------------------------------------------------------------------
                                              0.477298   slack (MET)


Startpoint: _124_ (rising edge-triggered flip-flop clocked by clk)
Endpoint: _124_ (rising edge-triggered flip-flop clocked by clk)
Path Group: clk
Path Type: min

Fanout         Cap        Slew       Delay        Time   Description
---------------------------------------------------------------------------------------------
                                  0.000000    0.000000   clock clk (rise edge)
                                  0.000000    0.000000   clock source latency
     1    0.027507    0.042222    0.024022    0.024022 ^ clk (in)
                                                         clk (net)
                      0.042524    0.000000    0.024022 ^ clkbuf_0_clk/A (sg13g2_buf_16)
     4    0.090675    0.035758    0.082818    0.106839 ^ clkbuf_0_clk/X (sg13g2_buf_16)
                                                         clknet_0_clk (net)
                      0.037657    0.006137    0.112976 ^ clkbuf_2_3__f_clk/A (sg13g2_buf_16)
     4    0.020084    0.019841    0.068922    0.181898 ^ clkbuf_2_3__f_clk/X (sg13g2_buf_16)
                                                         clknet_2_3__leaf_clk (net)
                      0.019843    0.000319    0.182217 ^ _124_/CLK (sg13g2_dfrbpq_1)
     2    0.009592    0.038138    0.175743    0.357960 v _124_/Q (sg13g2_dfrbpq_1)
                                                         memory[4] (net)
                      0.038138    0.000133    0.358093 v hold45/A (sg13g2_dlygate4sd3_1)
     1    0.008194    0.051530    0.394668    0.752762 v hold45/X (sg13g2_dlygate4sd3_1)
                                                         net44 (net)
                      0.051530    0.000403    0.753165 v _103_/A0 (sg13g2_mux2_1)
     1    0.004043    0.031906    0.120673    0.873837 v _103_/X (sg13g2_mux2_1)
                                                         _010_ (net)
                      0.031906    0.000118    0.873955 v _124_/D (sg13g2_dfrbpq_1)
                                              0.873955   data arrival time

                                  0.000000    0.000000   clock clk (rise edge)
                                  0.000000    0.000000   clock source latency
     1    0.027507    0.042222    0.024022    0.024022 ^ clk (in)
                                                         clk (net)
                      0.042524    0.000000    0.024022 ^ clkbuf_0_clk/A (sg13g2_buf_16)
     4    0.090675    0.035758    0.082818    0.106839 ^ clkbuf_0_clk/X (sg13g2_buf_16)
                                                         clknet_0_clk (net)
                      0.037657    0.006137    0.112976 ^ clkbuf_2_3__f_clk/A (sg13g2_buf_16)
     4    0.020084    0.019841    0.068922    0.181898 ^ clkbuf_2_3__f_clk/X (sg13g2_buf_16)
                                                         clknet_2_3__leaf_clk (net)
                      0.019843    0.000319    0.182217 ^ _124_/CLK (sg13g2_dfrbpq_1)
                                  0.250000    0.432217   clock uncertainty
                                  0.000000    0.432217   clock reconvergence pessimism
                                 -0.038189    0.394028   library hold time
                                              0.394028   data required time
---------------------------------------------------------------------------------------------
                                              0.394028   data required time
                                             -0.873955   data arrival time
---------------------------------------------------------------------------------------------
                                              0.479927   slack (MET)


Startpoint: _125_ (rising edge-triggered flip-flop clocked by clk)
Endpoint: data_out (output port clocked by clk)
Path Group: clk
Path Type: min

Fanout         Cap        Slew       Delay        Time   Description
---------------------------------------------------------------------------------------------
                                  0.000000    0.000000   clock clk (rise edge)
                                  0.000000    0.000000   clock source latency
     1    0.027507    0.042222    0.024022    0.024022 ^ clk (in)
                                                         clk (net)
                      0.042524    0.000000    0.024022 ^ clkbuf_0_clk/A (sg13g2_buf_16)
     4    0.090675    0.035758    0.082818    0.106839 ^ clkbuf_0_clk/X (sg13g2_buf_16)
                                                         clknet_0_clk (net)
                      0.037657    0.006137    0.112976 ^ clkbuf_2_3__f_clk/A (sg13g2_buf_16)
     4    0.020084    0.019841    0.068922    0.181898 ^ clkbuf_2_3__f_clk/X (sg13g2_buf_16)
                                                         clknet_2_3__leaf_clk (net)
                      0.019843    0.000321    0.182219 ^ _125_/CLK (sg13g2_dfrbpq_1)
     2    0.008036    0.042627    0.177354    0.359573 ^ _125_/Q (sg13g2_dfrbpq_1)
                                                         memory[5] (net)
                      0.042627    0.000118    0.359691 ^ _076_/A1 (sg13g2_mux4_1)
     1    0.005226    0.040602    0.158972    0.518663 ^ _076_/X (sg13g2_mux4_1)
                                                         _028_ (net)
                      0.040603    0.000147    0.518811 ^ _078_/B (sg13g2_nand2b_1)
     2    0.007549    0.057359    0.073043    0.591854 v _078_/Y (sg13g2_nand2b_1)
                                                         _030_ (net)
                      0.057359    0.000128    0.591982 v _080_/D (sg13g2_nand4_1)
     1    0.005792    0.049241    0.065947    0.657930 ^ _080_/Y (sg13g2_nand4_1)
                                                         net8 (net)
                      0.049241    0.000213    0.658143 ^ output8/A (sg13g2_buf_1)
     1    0.007748    0.041094    0.082553    0.740696 ^ output8/X (sg13g2_buf_1)
                                                         data_out (net)
                      0.041094    0.000126    0.740821 ^ data_out (out)
                                              0.740821   data arrival time

                                  0.000000    0.000000   clock clk (rise edge)
                                  0.000000    0.000000   clock network delay (propagated)
                                  0.250000    0.250000   clock uncertainty
                                  0.000000    0.250000   clock reconvergence pessimism
                                 -2.000000   -1.750000   output external delay
                                             -1.750000   data required time
---------------------------------------------------------------------------------------------
                                             -1.750000   data required time
                                             -0.740821   data arrival time
---------------------------------------------------------------------------------------------
                                              2.490821   slack (MET)


Startpoint: _125_ (rising edge-triggered flip-flop clocked by clk)
Endpoint: data_out_bar (output port clocked by clk)
Path Group: clk
Path Type: min

Fanout         Cap        Slew       Delay        Time   Description
---------------------------------------------------------------------------------------------
                                  0.000000    0.000000   clock clk (rise edge)
                                  0.000000    0.000000   clock source latency
     1    0.027507    0.042222    0.024022    0.024022 ^ clk (in)
                                                         clk (net)
                      0.042524    0.000000    0.024022 ^ clkbuf_0_clk/A (sg13g2_buf_16)
     4    0.090675    0.035758    0.082818    0.106839 ^ clkbuf_0_clk/X (sg13g2_buf_16)
                                                         clknet_0_clk (net)
                      0.037657    0.006137    0.112976 ^ clkbuf_2_3__f_clk/A (sg13g2_buf_16)
     4    0.020084    0.019841    0.068922    0.181898 ^ clkbuf_2_3__f_clk/X (sg13g2_buf_16)
                                                         clknet_2_3__leaf_clk (net)
                      0.019843    0.000321    0.182219 ^ _125_/CLK (sg13g2_dfrbpq_1)
     2    0.008036    0.042627    0.177354    0.359573 ^ _125_/Q (sg13g2_dfrbpq_1)
                                                         memory[5] (net)
                      0.042627    0.000118    0.359691 ^ _076_/A1 (sg13g2_mux4_1)
     1    0.005226    0.040602    0.158972    0.518663 ^ _076_/X (sg13g2_mux4_1)
                                                         _028_ (net)
                      0.040603    0.000147    0.518811 ^ _078_/B (sg13g2_nand2b_1)
     2    0.007549    0.057359    0.073043    0.591854 v _078_/Y (sg13g2_nand2b_1)
                                                         _030_ (net)
                      0.057359    0.000117    0.591971 v _079_/D (sg13g2_and4_1)
     1    0.004819    0.028045    0.105537    0.697508 v _079_/X (sg13g2_and4_1)
                                                         net9 (net)
                      0.028045    0.000135    0.697643 v output9/A (sg13g2_buf_1)
     1    0.008013    0.033947    0.073927    0.771570 v output9/X (sg13g2_buf_1)
                                                         data_out_bar (net)
                      0.033947    0.000146    0.771716 v data_out_bar (out)
                                              0.771716   data arrival time

                                  0.000000    0.000000   clock clk (rise edge)
                                  0.000000    0.000000   clock network delay (propagated)
                                  0.250000    0.250000   clock uncertainty
                                  0.000000    0.250000   clock reconvergence pessimism
                                 -2.000000   -1.750000   output external delay
                                             -1.750000   data required time
---------------------------------------------------------------------------------------------
                                             -1.750000   data required time
                                             -0.771716   data arrival time
---------------------------------------------------------------------------------------------
                                              2.521716   slack (MET)



