
===========================================================================
report_checks -path_delay min (Hold)
============================================================================
======================= nom_typ_1p20V_25C Corner ===================================

Startpoint: _121_ (rising edge-triggered flip-flop clocked by clk)
Endpoint: _121_ (rising edge-triggered flip-flop clocked by clk)
Path Group: clk
Path Type: min

Fanout         Cap        Slew       Delay        Time   Description
---------------------------------------------------------------------------------------------
                                  0.000000    0.000000   clock clk (rise edge)
                                  0.000000    0.000000   clock source latency
     1    0.021835    0.036840    0.018263    0.018263 ^ clk (in)
                                                         clk (net)
                      0.036896    0.000000    0.018263 ^ clkbuf_0_clk/A (sg13g2_buf_16)
     4    0.079962    0.033151    0.080103    0.098366 ^ clkbuf_0_clk/X (sg13g2_buf_16)
                                                         clknet_0_clk (net)
                      0.033194    0.000613    0.098978 ^ clkbuf_2_0__f_clk/A (sg13g2_buf_16)
     4    0.016026    0.018694    0.065984    0.164963 ^ clkbuf_2_0__f_clk/X (sg13g2_buf_16)
                                                         clknet_2_0__leaf_clk (net)
                      0.018695    0.000105    0.165068 ^ _121_/CLK (sg13g2_dfrbpq_1)
     2    0.006375    0.028848    0.167466    0.332533 v _121_/Q (sg13g2_dfrbpq_1)
                                                         memory[1] (net)
                      0.028848    0.000044    0.332577 v _097_/A0 (sg13g2_mux2_1)
     1    0.002564    0.028027    0.106540    0.439117 v _097_/X (sg13g2_mux2_1)
                                                         _007_ (net)
                      0.028027    0.000028    0.439145 v _121_/D (sg13g2_dfrbpq_1)
                                              0.439145   data arrival time

                                  0.000000    0.000000   clock clk (rise edge)
                                  0.000000    0.000000   clock source latency
     1    0.021835    0.036840    0.018263    0.018263 ^ clk (in)
                                                         clk (net)
                      0.036896    0.000000    0.018263 ^ clkbuf_0_clk/A (sg13g2_buf_16)
     4    0.079962    0.033151    0.080103    0.098366 ^ clkbuf_0_clk/X (sg13g2_buf_16)
                                                         clknet_0_clk (net)
                      0.033194    0.000613    0.098978 ^ clkbuf_2_0__f_clk/A (sg13g2_buf_16)
     4    0.016026    0.018694    0.065984    0.164963 ^ clkbuf_2_0__f_clk/X (sg13g2_buf_16)
                                                         clknet_2_0__leaf_clk (net)
                      0.018695    0.000105    0.165068 ^ _121_/CLK (sg13g2_dfrbpq_1)
                                  0.250000    0.415068   clock uncertainty
                                  0.000000    0.415068   clock reconvergence pessimism
                                 -0.037200    0.377868   library hold time
                                              0.377868   data required time
---------------------------------------------------------------------------------------------
                                              0.377868   data required time
                                             -0.439145   data arrival time
---------------------------------------------------------------------------------------------
                                              0.061277   slack (MET)


Startpoint: _115_ (rising edge-triggered flip-flop clocked by clk)
Endpoint: _115_ (rising edge-triggered flip-flop clocked by clk)
Path Group: clk
Path Type: min

Fanout         Cap        Slew       Delay        Time   Description
---------------------------------------------------------------------------------------------
                                  0.000000    0.000000   clock clk (rise edge)
                                  0.000000    0.000000   clock source latency
     1    0.021835    0.036840    0.018263    0.018263 ^ clk (in)
                                                         clk (net)
                      0.036896    0.000000    0.018263 ^ clkbuf_0_clk/A (sg13g2_buf_16)
     4    0.079962    0.033151    0.080103    0.098366 ^ clkbuf_0_clk/X (sg13g2_buf_16)
                                                         clknet_0_clk (net)
                      0.033246    0.001197    0.099563 ^ clkbuf_2_1__f_clk/A (sg13g2_buf_16)
     4    0.015199    0.018505    0.065850    0.165412 ^ clkbuf_2_1__f_clk/X (sg13g2_buf_16)
                                                         clknet_2_1__leaf_clk (net)
                      0.018505    0.000069    0.165481 ^ _115_/CLK (sg13g2_dfrbpq_1)
     2    0.006230    0.028442    0.167025    0.332506 v _115_/Q (sg13g2_dfrbpq_1)
                                                         memory[10] (net)
                      0.028442    0.000032    0.332538 v _085_/A0 (sg13g2_mux2_1)
     1    0.002706    0.028400    0.106846    0.439385 v _085_/X (sg13g2_mux2_1)
                                                         _001_ (net)
                      0.028400    0.000030    0.439415 v _115_/D (sg13g2_dfrbpq_1)
                                              0.439415   data arrival time

                                  0.000000    0.000000   clock clk (rise edge)
                                  0.000000    0.000000   clock source latency
     1    0.021835    0.036840    0.018263    0.018263 ^ clk (in)
                                                         clk (net)
                      0.036896    0.000000    0.018263 ^ clkbuf_0_clk/A (sg13g2_buf_16)
     4    0.079962    0.033151    0.080103    0.098366 ^ clkbuf_0_clk/X (sg13g2_buf_16)
                                                         clknet_0_clk (net)
                      0.033246    0.001197    0.099563 ^ clkbuf_2_1__f_clk/A (sg13g2_buf_16)
     4    0.015199    0.018505    0.065850    0.165412 ^ clkbuf_2_1__f_clk/X (sg13g2_buf_16)
                                                         clknet_2_1__leaf_clk (net)
                      0.018505    0.000069    0.165481 ^ _115_/CLK (sg13g2_dfrbpq_1)
                                  0.250000    0.415481   clock uncertainty
                                  0.000000    0.415481   clock reconvergence pessimism
                                 -0.037357    0.378124   library hold time
                                              0.378124   data required time
---------------------------------------------------------------------------------------------
                                              0.378124   data required time
                                             -0.439415   data arrival time
---------------------------------------------------------------------------------------------
                                              0.061291   slack (MET)


Startpoint: _122_ (rising edge-triggered flip-flop clocked by clk)
Endpoint: _122_ (rising edge-triggered flip-flop clocked by clk)
Path Group: clk
Path Type: min

Fanout         Cap        Slew       Delay        Time   Description
---------------------------------------------------------------------------------------------
                                  0.000000    0.000000   clock clk (rise edge)
                                  0.000000    0.000000   clock source latency
     1    0.021835    0.036840    0.018263    0.018263 ^ clk (in)
                                                         clk (net)
                      0.036896    0.000000    0.018263 ^ clkbuf_0_clk/A (sg13g2_buf_16)
     4    0.079962    0.033151    0.080103    0.098366 ^ clkbuf_0_clk/X (sg13g2_buf_16)
                                                         clknet_0_clk (net)
                      0.033194    0.000613    0.098978 ^ clkbuf_2_0__f_clk/A (sg13g2_buf_16)
     4    0.016026    0.018694    0.065984    0.164963 ^ clkbuf_2_0__f_clk/X (sg13g2_buf_16)
                                                         clknet_2_0__leaf_clk (net)
                      0.018695    0.000119    0.165082 ^ _122_/CLK (sg13g2_dfrbpq_1)
     2    0.006789    0.030009    0.168466    0.333547 v _122_/Q (sg13g2_dfrbpq_1)
                                                         memory[2] (net)
                      0.030009    0.000065    0.333612 v _099_/A0 (sg13g2_mux2_1)
     1    0.002220    0.027132    0.105868    0.439480 v _099_/X (sg13g2_mux2_1)
                                                         _008_ (net)
                      0.027132    0.000020    0.439501 v _122_/D (sg13g2_dfrbpq_1)
                                              0.439501   data arrival time

                                  0.000000    0.000000   clock clk (rise edge)
                                  0.000000    0.000000   clock source latency
     1    0.021835    0.036840    0.018263    0.018263 ^ clk (in)
                                                         clk (net)
                      0.036896    0.000000    0.018263 ^ clkbuf_0_clk/A (sg13g2_buf_16)
     4    0.079962    0.033151    0.080103    0.098366 ^ clkbuf_0_clk/X (sg13g2_buf_16)
                                                         clknet_0_clk (net)
                      0.033194    0.000613    0.098978 ^ clkbuf_2_0__f_clk/A (sg13g2_buf_16)
     4    0.016026    0.018694    0.065984    0.164963 ^ clkbuf_2_0__f_clk/X (sg13g2_buf_16)
                                                         clknet_2_0__leaf_clk (net)
                      0.018695    0.000119    0.165082 ^ _122_/CLK (sg13g2_dfrbpq_1)
                                  0.250000    0.415082   clock uncertainty
                                  0.000000    0.415082   clock reconvergence pessimism
                                 -0.036916    0.378166   library hold time
                                              0.378166   data required time
---------------------------------------------------------------------------------------------
                                              0.378166   data required time
                                             -0.439501   data arrival time
---------------------------------------------------------------------------------------------
                                              0.061335   slack (MET)


Startpoint: _125_ (rising edge-triggered flip-flop clocked by clk)
Endpoint: _125_ (rising edge-triggered flip-flop clocked by clk)
Path Group: clk
Path Type: min

Fanout         Cap        Slew       Delay        Time   Description
---------------------------------------------------------------------------------------------
                                  0.000000    0.000000   clock clk (rise edge)
                                  0.000000    0.000000   clock source latency
     1    0.021835    0.036840    0.018263    0.018263 ^ clk (in)
                                                         clk (net)
                      0.036896    0.000000    0.018263 ^ clkbuf_0_clk/A (sg13g2_buf_16)
     4    0.079962    0.033151    0.080103    0.098366 ^ clkbuf_0_clk/X (sg13g2_buf_16)
                                                         clknet_0_clk (net)
                      0.033245    0.001187    0.099553 ^ clkbuf_2_3__f_clk/A (sg13g2_buf_16)
     4    0.015006    0.018460    0.065811    0.165364 ^ clkbuf_2_3__f_clk/X (sg13g2_buf_16)
                                                         clknet_2_3__leaf_clk (net)
                      0.018460    0.000087    0.165451 ^ _125_/CLK (sg13g2_dfrbpq_1)
     2    0.007241    0.031313    0.169462    0.334912 v _125_/Q (sg13g2_dfrbpq_1)
                                                         memory[5] (net)
                      0.031313    0.000071    0.334983 v _105_/A0 (sg13g2_mux2_1)
     1    0.001845    0.026139    0.105149    0.440132 v _105_/X (sg13g2_mux2_1)
                                                         _011_ (net)
                      0.026139    0.000013    0.440145 v _125_/D (sg13g2_dfrbpq_1)
                                              0.440145   data arrival time

                                  0.000000    0.000000   clock clk (rise edge)
                                  0.000000    0.000000   clock source latency
     1    0.021835    0.036840    0.018263    0.018263 ^ clk (in)
                                                         clk (net)
                      0.036896    0.000000    0.018263 ^ clkbuf_0_clk/A (sg13g2_buf_16)
     4    0.079962    0.033151    0.080103    0.098366 ^ clkbuf_0_clk/X (sg13g2_buf_16)
                                                         clknet_0_clk (net)
                      0.033245    0.001187    0.099553 ^ clkbuf_2_3__f_clk/A (sg13g2_buf_16)
     4    0.015006    0.018460    0.065811    0.165364 ^ clkbuf_2_3__f_clk/X (sg13g2_buf_16)
                                                         clknet_2_3__leaf_clk (net)
                      0.018460    0.000087    0.165451 ^ _125_/CLK (sg13g2_dfrbpq_1)
                                  0.250000    0.415451   clock uncertainty
                                  0.000000    0.415451   clock reconvergence pessimism
                                 -0.036650    0.378800   library hold time
                                              0.378800   data required time
---------------------------------------------------------------------------------------------
                                              0.378800   data required time
                                             -0.440145   data arrival time
---------------------------------------------------------------------------------------------
                                              0.061345   slack (MET)


Startpoint: _118_ (rising edge-triggered flip-flop clocked by clk)
Endpoint: _118_ (rising edge-triggered flip-flop clocked by clk)
Path Group: clk
Path Type: min

Fanout         Cap        Slew       Delay        Time   Description
---------------------------------------------------------------------------------------------
                                  0.000000    0.000000   clock clk (rise edge)
                                  0.000000    0.000000   clock source latency
     1    0.021835    0.036840    0.018263    0.018263 ^ clk (in)
                                                         clk (net)
                      0.036896    0.000000    0.018263 ^ clkbuf_0_clk/A (sg13g2_buf_16)
     4    0.079962    0.033151    0.080103    0.098366 ^ clkbuf_0_clk/X (sg13g2_buf_16)
                                                         clknet_0_clk (net)
                      0.033212    0.000832    0.099197 ^ clkbuf_2_2__f_clk/A (sg13g2_buf_16)
     4    0.015459    0.018564    0.065883    0.165080 ^ clkbuf_2_2__f_clk/X (sg13g2_buf_16)
                                                         clknet_2_2__leaf_clk (net)
                      0.018564    0.000106    0.165187 ^ _118_/CLK (sg13g2_dfrbpq_1)
     2    0.006427    0.028993    0.167528    0.332715 v _118_/Q (sg13g2_dfrbpq_1)
                                                         memory[13] (net)
                      0.028993    0.000049    0.332763 v _091_/A0 (sg13g2_mux2_1)
     1    0.002633    0.028196    0.106829    0.439593 v _091_/X (sg13g2_mux2_1)
                                                         _004_ (net)
                      0.028196    0.000030    0.439622 v _118_/D (sg13g2_dfrbpq_1)
                                              0.439622   data arrival time

                                  0.000000    0.000000   clock clk (rise edge)
                                  0.000000    0.000000   clock source latency
     1    0.021835    0.036840    0.018263    0.018263 ^ clk (in)
                                                         clk (net)
                      0.036896    0.000000    0.018263 ^ clkbuf_0_clk/A (sg13g2_buf_16)
     4    0.079962    0.033151    0.080103    0.098366 ^ clkbuf_0_clk/X (sg13g2_buf_16)
                                                         clknet_0_clk (net)
                      0.033212    0.000832    0.099197 ^ clkbuf_2_2__f_clk/A (sg13g2_buf_16)
     4    0.015459    0.018564    0.065883    0.165080 ^ clkbuf_2_2__f_clk/X (sg13g2_buf_16)
                                                         clknet_2_2__leaf_clk (net)
                      0.018564    0.000106    0.165187 ^ _118_/CLK (sg13g2_dfrbpq_1)
                                  0.250000    0.415187   clock uncertainty
                                  0.000000    0.415187   clock reconvergence pessimism
                                 -0.037280    0.377906   library hold time
                                              0.377906   data required time
---------------------------------------------------------------------------------------------
                                              0.377906   data required time
                                             -0.439622   data arrival time
---------------------------------------------------------------------------------------------
                                              0.061716   slack (MET)


Startpoint: _117_ (rising edge-triggered flip-flop clocked by clk)
Endpoint: _117_ (rising edge-triggered flip-flop clocked by clk)
Path Group: clk
Path Type: min

Fanout         Cap        Slew       Delay        Time   Description
---------------------------------------------------------------------------------------------
                                  0.000000    0.000000   clock clk (rise edge)
                                  0.000000    0.000000   clock source latency
     1    0.021835    0.036840    0.018263    0.018263 ^ clk (in)
                                                         clk (net)
                      0.036896    0.000000    0.018263 ^ clkbuf_0_clk/A (sg13g2_buf_16)
     4    0.079962    0.033151    0.080103    0.098366 ^ clkbuf_0_clk/X (sg13g2_buf_16)
                                                         clknet_0_clk (net)
                      0.033212    0.000832    0.099197 ^ clkbuf_2_2__f_clk/A (sg13g2_buf_16)
     4    0.015459    0.018564    0.065883    0.165080 ^ clkbuf_2_2__f_clk/X (sg13g2_buf_16)
                                                         clknet_2_2__leaf_clk (net)
                      0.018564    0.000135    0.165215 ^ _117_/CLK (sg13g2_dfrbpq_1)
     2    0.006746    0.029885    0.168316    0.333531 v _117_/Q (sg13g2_dfrbpq_1)
                                                         memory[12] (net)
                      0.029885    0.000038    0.333569 v _089_/A0 (sg13g2_mux2_1)
     1    0.002591    0.028093    0.107049    0.440618 v _089_/X (sg13g2_mux2_1)
                                                         _003_ (net)
                      0.028093    0.000029    0.440646 v _117_/D (sg13g2_dfrbpq_1)
                                              0.440646   data arrival time

                                  0.000000    0.000000   clock clk (rise edge)
                                  0.000000    0.000000   clock source latency
     1    0.021835    0.036840    0.018263    0.018263 ^ clk (in)
                                                         clk (net)
                      0.036896    0.000000    0.018263 ^ clkbuf_0_clk/A (sg13g2_buf_16)
     4    0.079962    0.033151    0.080103    0.098366 ^ clkbuf_0_clk/X (sg13g2_buf_16)
                                                         clknet_0_clk (net)
                      0.033212    0.000832    0.099197 ^ clkbuf_2_2__f_clk/A (sg13g2_buf_16)
     4    0.015459    0.018564    0.065883    0.165080 ^ clkbuf_2_2__f_clk/X (sg13g2_buf_16)
                                                         clknet_2_2__leaf_clk (net)
                      0.018564    0.000135    0.165215 ^ _117_/CLK (sg13g2_dfrbpq_1)
                                  0.250000    0.415215   clock uncertainty
                                  0.000000    0.415215   clock reconvergence pessimism
                                 -0.037248    0.377967   library hold time
                                              0.377967   data required time
---------------------------------------------------------------------------------------------
                                              0.377967   data required time
                                             -0.440646   data arrival time
---------------------------------------------------------------------------------------------
                                              0.062679   slack (MET)


Startpoint: _116_ (rising edge-triggered flip-flop clocked by clk)
Endpoint: _116_ (rising edge-triggered flip-flop clocked by clk)
Path Group: clk
Path Type: min

Fanout         Cap        Slew       Delay        Time   Description
---------------------------------------------------------------------------------------------
                                  0.000000    0.000000   clock clk (rise edge)
                                  0.000000    0.000000   clock source latency
     1    0.021835    0.036840    0.018263    0.018263 ^ clk (in)
                                                         clk (net)
                      0.036896    0.000000    0.018263 ^ clkbuf_0_clk/A (sg13g2_buf_16)
     4    0.079962    0.033151    0.080103    0.098366 ^ clkbuf_0_clk/X (sg13g2_buf_16)
                                                         clknet_0_clk (net)
                      0.033246    0.001197    0.099563 ^ clkbuf_2_1__f_clk/A (sg13g2_buf_16)
     4    0.015199    0.018505    0.065850    0.165412 ^ clkbuf_2_1__f_clk/X (sg13g2_buf_16)
                                                         clknet_2_1__leaf_clk (net)
                      0.018505    0.000097    0.165510 ^ _116_/CLK (sg13g2_dfrbpq_1)
     2    0.007763    0.032808    0.170742    0.336252 v _116_/Q (sg13g2_dfrbpq_1)
                                                         memory[11] (net)
                      0.032808    0.000105    0.336357 v _087_/A0 (sg13g2_mux2_1)
     1    0.001910    0.026299    0.105972    0.442328 v _087_/X (sg13g2_mux2_1)
                                                         _002_ (net)
                      0.026299    0.000014    0.442342 v _116_/D (sg13g2_dfrbpq_1)
                                              0.442342   data arrival time

                                  0.000000    0.000000   clock clk (rise edge)
                                  0.000000    0.000000   clock source latency
     1    0.021835    0.036840    0.018263    0.018263 ^ clk (in)
                                                         clk (net)
                      0.036896    0.000000    0.018263 ^ clkbuf_0_clk/A (sg13g2_buf_16)
     4    0.079962    0.033151    0.080103    0.098366 ^ clkbuf_0_clk/X (sg13g2_buf_16)
                                                         clknet_0_clk (net)
                      0.033246    0.001197    0.099563 ^ clkbuf_2_1__f_clk/A (sg13g2_buf_16)
     4    0.015199    0.018505    0.065850    0.165412 ^ clkbuf_2_1__f_clk/X (sg13g2_buf_16)
                                                         clknet_2_1__leaf_clk (net)
                      0.018505    0.000097    0.165510 ^ _116_/CLK (sg13g2_dfrbpq_1)
                                  0.250000    0.415510   clock uncertainty
                                  0.000000    0.415510   clock reconvergence pessimism
                                 -0.036692    0.378818   library hold time
                                              0.378818   data required time
---------------------------------------------------------------------------------------------
                                              0.378818   data required time
                                             -0.442342   data arrival time
---------------------------------------------------------------------------------------------
                                              0.063524   slack (MET)


Startpoint: _120_ (rising edge-triggered flip-flop clocked by clk)
Endpoint: _120_ (rising edge-triggered flip-flop clocked by clk)
Path Group: clk
Path Type: min

Fanout         Cap        Slew       Delay        Time   Description
---------------------------------------------------------------------------------------------
                                  0.000000    0.000000   clock clk (rise edge)
                                  0.000000    0.000000   clock source latency
     1    0.021835    0.036840    0.018263    0.018263 ^ clk (in)
                                                         clk (net)
                      0.036896    0.000000    0.018263 ^ clkbuf_0_clk/A (sg13g2_buf_16)
     4    0.079962    0.033151    0.080103    0.098366 ^ clkbuf_0_clk/X (sg13g2_buf_16)
                                                         clknet_0_clk (net)
                      0.033212    0.000832    0.099197 ^ clkbuf_2_2__f_clk/A (sg13g2_buf_16)
     4    0.015459    0.018564    0.065883    0.165080 ^ clkbuf_2_2__f_clk/X (sg13g2_buf_16)
                                                         clknet_2_2__leaf_clk (net)
                      0.018564    0.000092    0.165173 ^ _120_/CLK (sg13g2_dfrbpq_1)
     2    0.007349    0.031624    0.169773    0.334945 v _120_/Q (sg13g2_dfrbpq_1)
                                                         memory[15] (net)
                      0.031624    0.000066    0.335012 v _095_/A0 (sg13g2_mux2_1)
     1    0.002290    0.027316    0.106754    0.441766 v _095_/X (sg13g2_mux2_1)
                                                         _006_ (net)
                      0.027316    0.000022    0.441788 v _120_/D (sg13g2_dfrbpq_1)
                                              0.441788   data arrival time

                                  0.000000    0.000000   clock clk (rise edge)
                                  0.000000    0.000000   clock source latency
     1    0.021835    0.036840    0.018263    0.018263 ^ clk (in)
                                                         clk (net)
                      0.036896    0.000000    0.018263 ^ clkbuf_0_clk/A (sg13g2_buf_16)
     4    0.079962    0.033151    0.080103    0.098366 ^ clkbuf_0_clk/X (sg13g2_buf_16)
                                                         clknet_0_clk (net)
                      0.033212    0.000832    0.099197 ^ clkbuf_2_2__f_clk/A (sg13g2_buf_16)
     4    0.015459    0.018564    0.065883    0.165080 ^ clkbuf_2_2__f_clk/X (sg13g2_buf_16)
                                                         clknet_2_2__leaf_clk (net)
                      0.018564    0.000092    0.165173 ^ _120_/CLK (sg13g2_dfrbpq_1)
                                  0.250000    0.415173   clock uncertainty
                                  0.000000    0.415173   clock reconvergence pessimism
                                 -0.037002    0.378171   library hold time
                                              0.378171   data required time
---------------------------------------------------------------------------------------------
                                              0.378171   data required time
                                             -0.441788   data arrival time
---------------------------------------------------------------------------------------------
                                              0.063617   slack (MET)


Startpoint: _114_ (rising edge-triggered flip-flop clocked by clk)
Endpoint: _114_ (rising edge-triggered flip-flop clocked by clk)
Path Group: clk
Path Type: min

Fanout         Cap        Slew       Delay        Time   Description
---------------------------------------------------------------------------------------------
                                  0.000000    0.000000   clock clk (rise edge)
                                  0.000000    0.000000   clock source latency
     1    0.021835    0.036840    0.018263    0.018263 ^ clk (in)
                                                         clk (net)
                      0.036896    0.000000    0.018263 ^ clkbuf_0_clk/A (sg13g2_buf_16)
     4    0.079962    0.033151    0.080103    0.098366 ^ clkbuf_0_clk/X (sg13g2_buf_16)
                                                         clknet_0_clk (net)
                      0.033194    0.000613    0.098978 ^ clkbuf_2_0__f_clk/A (sg13g2_buf_16)
     4    0.016026    0.018694    0.065984    0.164963 ^ clkbuf_2_0__f_clk/X (sg13g2_buf_16)
                                                         clknet_2_0__leaf_clk (net)
                      0.018695    0.000137    0.165100 ^ _114_/CLK (sg13g2_dfrbpq_1)
     2    0.007219    0.031251    0.169520    0.334620 v _114_/Q (sg13g2_dfrbpq_1)
                                                         memory[0] (net)
                      0.031251    0.000048    0.334668 v _083_/A0 (sg13g2_mux2_1)
     1    0.002564    0.028025    0.107516    0.442185 v _083_/X (sg13g2_mux2_1)
                                                         _000_ (net)
                      0.028025    0.000028    0.442212 v _114_/D (sg13g2_dfrbpq_1)
                                              0.442212   data arrival time

                                  0.000000    0.000000   clock clk (rise edge)
                                  0.000000    0.000000   clock source latency
     1    0.021835    0.036840    0.018263    0.018263 ^ clk (in)
                                                         clk (net)
                      0.036896    0.000000    0.018263 ^ clkbuf_0_clk/A (sg13g2_buf_16)
     4    0.079962    0.033151    0.080103    0.098366 ^ clkbuf_0_clk/X (sg13g2_buf_16)
                                                         clknet_0_clk (net)
                      0.033194    0.000613    0.098978 ^ clkbuf_2_0__f_clk/A (sg13g2_buf_16)
     4    0.016026    0.018694    0.065984    0.164963 ^ clkbuf_2_0__f_clk/X (sg13g2_buf_16)
                                                         clknet_2_0__leaf_clk (net)
                      0.018695    0.000137    0.165100 ^ _114_/CLK (sg13g2_dfrbpq_1)
                                  0.250000    0.415100   clock uncertainty
                                  0.000000    0.415100   clock reconvergence pessimism
                                 -0.037199    0.377901   library hold time
                                              0.377901   data required time
---------------------------------------------------------------------------------------------
                                              0.377901   data required time
                                             -0.442212   data arrival time
---------------------------------------------------------------------------------------------
                                              0.064311   slack (MET)


Startpoint: _127_ (rising edge-triggered flip-flop clocked by clk)
Endpoint: _127_ (rising edge-triggered flip-flop clocked by clk)
Path Group: clk
Path Type: min

Fanout         Cap        Slew       Delay        Time   Description
---------------------------------------------------------------------------------------------
                                  0.000000    0.000000   clock clk (rise edge)
                                  0.000000    0.000000   clock source latency
     1    0.021835    0.036840    0.018263    0.018263 ^ clk (in)
                                                         clk (net)
                      0.036896    0.000000    0.018263 ^ clkbuf_0_clk/A (sg13g2_buf_16)
     4    0.079962    0.033151    0.080103    0.098366 ^ clkbuf_0_clk/X (sg13g2_buf_16)
                                                         clknet_0_clk (net)
                      0.033245    0.001187    0.099553 ^ clkbuf_2_3__f_clk/A (sg13g2_buf_16)
     4    0.015006    0.018460    0.065811    0.165364 ^ clkbuf_2_3__f_clk/X (sg13g2_buf_16)
                                                         clknet_2_3__leaf_clk (net)
                      0.018460    0.000094    0.165458 ^ _127_/CLK (sg13g2_dfrbpq_1)
     2    0.007825    0.032986    0.170869    0.336328 v _127_/Q (sg13g2_dfrbpq_1)
                                                         memory[7] (net)
                      0.032986    0.000111    0.336439 v _109_/A0 (sg13g2_mux2_1)
     1    0.002065    0.026709    0.106561    0.443000 v _109_/X (sg13g2_mux2_1)
                                                         _013_ (net)
                      0.026709    0.000017    0.443017 v _127_/D (sg13g2_dfrbpq_1)
                                              0.443017   data arrival time

                                  0.000000    0.000000   clock clk (rise edge)
                                  0.000000    0.000000   clock source latency
     1    0.021835    0.036840    0.018263    0.018263 ^ clk (in)
                                                         clk (net)
                      0.036896    0.000000    0.018263 ^ clkbuf_0_clk/A (sg13g2_buf_16)
     4    0.079962    0.033151    0.080103    0.098366 ^ clkbuf_0_clk/X (sg13g2_buf_16)
                                                         clknet_0_clk (net)
                      0.033245    0.001187    0.099553 ^ clkbuf_2_3__f_clk/A (sg13g2_buf_16)
     4    0.015006    0.018460    0.065811    0.165364 ^ clkbuf_2_3__f_clk/X (sg13g2_buf_16)
                                                         clknet_2_3__leaf_clk (net)
                      0.018460    0.000094    0.165458 ^ _127_/CLK (sg13g2_dfrbpq_1)
                                  0.250000    0.415458   clock uncertainty
                                  0.000000    0.415458   clock reconvergence pessimism
                                 -0.036831    0.378627   library hold time
                                              0.378627   data required time
---------------------------------------------------------------------------------------------
                                              0.378627   data required time
                                             -0.443017   data arrival time
---------------------------------------------------------------------------------------------
                                              0.064389   slack (MET)


Startpoint: _119_ (rising edge-triggered flip-flop clocked by clk)
Endpoint: _119_ (rising edge-triggered flip-flop clocked by clk)
Path Group: clk
Path Type: min

Fanout         Cap        Slew       Delay        Time   Description
---------------------------------------------------------------------------------------------
                                  0.000000    0.000000   clock clk (rise edge)
                                  0.000000    0.000000   clock source latency
     1    0.021835    0.036840    0.018263    0.018263 ^ clk (in)
                                                         clk (net)
                      0.036896    0.000000    0.018263 ^ clkbuf_0_clk/A (sg13g2_buf_16)
     4    0.079962    0.033151    0.080103    0.098366 ^ clkbuf_0_clk/X (sg13g2_buf_16)
                                                         clknet_0_clk (net)
                      0.033212    0.000832    0.099197 ^ clkbuf_2_2__f_clk/A (sg13g2_buf_16)
     4    0.015459    0.018564    0.065883    0.165080 ^ clkbuf_2_2__f_clk/X (sg13g2_buf_16)
                                                         clknet_2_2__leaf_clk (net)
                      0.018564    0.000076    0.165156 ^ _119_/CLK (sg13g2_dfrbpq_1)
     2    0.006890    0.030295    0.168646    0.333802 v _119_/Q (sg13g2_dfrbpq_1)
                                                         memory[14] (net)
                      0.030295    0.000073    0.333875 v _093_/A0 (sg13g2_mux2_1)
     1    0.003079    0.029355    0.108838    0.442714 v _093_/X (sg13g2_mux2_1)
                                                         _005_ (net)
                      0.029355    0.000042    0.442756 v _119_/D (sg13g2_dfrbpq_1)
                                              0.442756   data arrival time

                                  0.000000    0.000000   clock clk (rise edge)
                                  0.000000    0.000000   clock source latency
     1    0.021835    0.036840    0.018263    0.018263 ^ clk (in)
                                                         clk (net)
                      0.036896    0.000000    0.018263 ^ clkbuf_0_clk/A (sg13g2_buf_16)
     4    0.079962    0.033151    0.080103    0.098366 ^ clkbuf_0_clk/X (sg13g2_buf_16)
                                                         clknet_0_clk (net)
                      0.033212    0.000832    0.099197 ^ clkbuf_2_2__f_clk/A (sg13g2_buf_16)
     4    0.015459    0.018564    0.065883    0.165080 ^ clkbuf_2_2__f_clk/X (sg13g2_buf_16)
                                                         clknet_2_2__leaf_clk (net)
                      0.018564    0.000076    0.165156 ^ _119_/CLK (sg13g2_dfrbpq_1)
                                  0.250000    0.415156   clock uncertainty
                                  0.000000    0.415156   clock reconvergence pessimism
                                 -0.037647    0.377509   library hold time
                                              0.377509   data required time
---------------------------------------------------------------------------------------------
                                              0.377509   data required time
                                             -0.442756   data arrival time
---------------------------------------------------------------------------------------------
                                              0.065247   slack (MET)


Startpoint: _126_ (rising edge-triggered flip-flop clocked by clk)
Endpoint: _126_ (rising edge-triggered flip-flop clocked by clk)
Path Group: clk
Path Type: min

Fanout         Cap        Slew       Delay        Time   Description
---------------------------------------------------------------------------------------------
                                  0.000000    0.000000   clock clk (rise edge)
                                  0.000000    0.000000   clock source latency
     1    0.021835    0.036840    0.018263    0.018263 ^ clk (in)
                                                         clk (net)
                      0.036896    0.000000    0.018263 ^ clkbuf_0_clk/A (sg13g2_buf_16)
     4    0.079962    0.033151    0.080103    0.098366 ^ clkbuf_0_clk/X (sg13g2_buf_16)
                                                         clknet_0_clk (net)
                      0.033245    0.001187    0.099553 ^ clkbuf_2_3__f_clk/A (sg13g2_buf_16)
     4    0.015006    0.018460    0.065811    0.165364 ^ clkbuf_2_3__f_clk/X (sg13g2_buf_16)
                                                         clknet_2_3__leaf_clk (net)
                      0.018460    0.000067    0.165431 ^ _126_/CLK (sg13g2_dfrbpq_1)
     2    0.007737    0.032739    0.170643    0.336074 v _126_/Q (sg13g2_dfrbpq_1)
                                                         memory[6] (net)
                      0.032739    0.000139    0.336214 v _107_/A0 (sg13g2_mux2_1)
     1    0.002468    0.027762    0.107799    0.444013 v _107_/X (sg13g2_mux2_1)
                                                         _012_ (net)
                      0.027762    0.000027    0.444039 v _126_/D (sg13g2_dfrbpq_1)
                                              0.444039   data arrival time

                                  0.000000    0.000000   clock clk (rise edge)
                                  0.000000    0.000000   clock source latency
     1    0.021835    0.036840    0.018263    0.018263 ^ clk (in)
                                                         clk (net)
                      0.036896    0.000000    0.018263 ^ clkbuf_0_clk/A (sg13g2_buf_16)
     4    0.079962    0.033151    0.080103    0.098366 ^ clkbuf_0_clk/X (sg13g2_buf_16)
                                                         clknet_0_clk (net)
                      0.033245    0.001187    0.099553 ^ clkbuf_2_3__f_clk/A (sg13g2_buf_16)
     4    0.015006    0.018460    0.065811    0.165364 ^ clkbuf_2_3__f_clk/X (sg13g2_buf_16)
                                                         clknet_2_3__leaf_clk (net)
                      0.018460    0.000067    0.165431 ^ _126_/CLK (sg13g2_dfrbpq_1)
                                  0.250000    0.415431   clock uncertainty
                                  0.000000    0.415431   clock reconvergence pessimism
                                 -0.037164    0.378267   library hold time
                                              0.378267   data required time
---------------------------------------------------------------------------------------------
                                              0.378267   data required time
                                             -0.444039   data arrival time
---------------------------------------------------------------------------------------------
                                              0.065773   slack (MET)


Startpoint: _129_ (rising edge-triggered flip-flop clocked by clk)
Endpoint: _129_ (rising edge-triggered flip-flop clocked by clk)
Path Group: clk
Path Type: min

Fanout         Cap        Slew       Delay        Time   Description
---------------------------------------------------------------------------------------------
                                  0.000000    0.000000   clock clk (rise edge)
                                  0.000000    0.000000   clock source latency
     1    0.021835    0.036840    0.018263    0.018263 ^ clk (in)
                                                         clk (net)
                      0.036896    0.000000    0.018263 ^ clkbuf_0_clk/A (sg13g2_buf_16)
     4    0.079962    0.033151    0.080103    0.098366 ^ clkbuf_0_clk/X (sg13g2_buf_16)
                                                         clknet_0_clk (net)
                      0.033246    0.001197    0.099563 ^ clkbuf_2_1__f_clk/A (sg13g2_buf_16)
     4    0.015199    0.018505    0.065850    0.165412 ^ clkbuf_2_1__f_clk/X (sg13g2_buf_16)
                                                         clknet_2_1__leaf_clk (net)
                      0.018505    0.000095    0.165507 ^ _129_/CLK (sg13g2_dfrbpq_1)
     2    0.007710    0.032656    0.170609    0.336116 v _129_/Q (sg13g2_dfrbpq_1)
                                                         memory[9] (net)
                      0.032656    0.000112    0.336228 v _113_/A0 (sg13g2_mux2_1)
     1    0.002513    0.027894    0.107915    0.444143 v _113_/X (sg13g2_mux2_1)
                                                         _015_ (net)
                      0.027894    0.000027    0.444171 v _129_/D (sg13g2_dfrbpq_1)
                                              0.444171   data arrival time

                                  0.000000    0.000000   clock clk (rise edge)
                                  0.000000    0.000000   clock source latency
     1    0.021835    0.036840    0.018263    0.018263 ^ clk (in)
                                                         clk (net)
                      0.036896    0.000000    0.018263 ^ clkbuf_0_clk/A (sg13g2_buf_16)
     4    0.079962    0.033151    0.080103    0.098366 ^ clkbuf_0_clk/X (sg13g2_buf_16)
                                                         clknet_0_clk (net)
                      0.033246    0.001197    0.099563 ^ clkbuf_2_1__f_clk/A (sg13g2_buf_16)
     4    0.015199    0.018505    0.065850    0.165412 ^ clkbuf_2_1__f_clk/X (sg13g2_buf_16)
                                                         clknet_2_1__leaf_clk (net)
                      0.018505    0.000095    0.165507 ^ _129_/CLK (sg13g2_dfrbpq_1)
                                  0.250000    0.415507   clock uncertainty
                                  0.000000    0.415507   clock reconvergence pessimism
                                 -0.037197    0.378310   library hold time
                                              0.378310   data required time
---------------------------------------------------------------------------------------------
                                              0.378310   data required time
                                             -0.444171   data arrival time
---------------------------------------------------------------------------------------------
                                              0.065860   slack (MET)


Startpoint: _124_ (rising edge-triggered flip-flop clocked by clk)
Endpoint: _124_ (rising edge-triggered flip-flop clocked by clk)
Path Group: clk
Path Type: min

Fanout         Cap        Slew       Delay        Time   Description
---------------------------------------------------------------------------------------------
                                  0.000000    0.000000   clock clk (rise edge)
                                  0.000000    0.000000   clock source latency
     1    0.021835    0.036840    0.018263    0.018263 ^ clk (in)
                                                         clk (net)
                      0.036896    0.000000    0.018263 ^ clkbuf_0_clk/A (sg13g2_buf_16)
     4    0.079962    0.033151    0.080103    0.098366 ^ clkbuf_0_clk/X (sg13g2_buf_16)
                                                         clknet_0_clk (net)
                      0.033245    0.001187    0.099553 ^ clkbuf_2_3__f_clk/A (sg13g2_buf_16)
     4    0.015006    0.018460    0.065811    0.165364 ^ clkbuf_2_3__f_clk/X (sg13g2_buf_16)
                                                         clknet_2_3__leaf_clk (net)
                      0.018460    0.000071    0.165435 ^ _124_/CLK (sg13g2_dfrbpq_1)
     2    0.008080    0.033726    0.171472    0.336907 v _124_/Q (sg13g2_dfrbpq_1)
                                                         memory[4] (net)
                      0.033726    0.000149    0.337056 v _103_/A0 (sg13g2_mux2_1)
     1    0.002339    0.027454    0.107771    0.444827 v _103_/X (sg13g2_mux2_1)
                                                         _010_ (net)
                      0.027454    0.000024    0.444851 v _124_/D (sg13g2_dfrbpq_1)
                                              0.444851   data arrival time

                                  0.000000    0.000000   clock clk (rise edge)
                                  0.000000    0.000000   clock source latency
     1    0.021835    0.036840    0.018263    0.018263 ^ clk (in)
                                                         clk (net)
                      0.036896    0.000000    0.018263 ^ clkbuf_0_clk/A (sg13g2_buf_16)
     4    0.079962    0.033151    0.080103    0.098366 ^ clkbuf_0_clk/X (sg13g2_buf_16)
                                                         clknet_0_clk (net)
                      0.033245    0.001187    0.099553 ^ clkbuf_2_3__f_clk/A (sg13g2_buf_16)
     4    0.015006    0.018460    0.065811    0.165364 ^ clkbuf_2_3__f_clk/X (sg13g2_buf_16)
                                                         clknet_2_3__leaf_clk (net)
                      0.018460    0.000071    0.165435 ^ _124_/CLK (sg13g2_dfrbpq_1)
                                  0.250000    0.415435   clock uncertainty
                                  0.000000    0.415435   clock reconvergence pessimism
                                 -0.037067    0.378368   library hold time
                                              0.378368   data required time
---------------------------------------------------------------------------------------------
                                              0.378368   data required time
                                             -0.444851   data arrival time
---------------------------------------------------------------------------------------------
                                              0.066482   slack (MET)


Startpoint: _123_ (rising edge-triggered flip-flop clocked by clk)
Endpoint: _123_ (rising edge-triggered flip-flop clocked by clk)
Path Group: clk
Path Type: min

Fanout         Cap        Slew       Delay        Time   Description
---------------------------------------------------------------------------------------------
                                  0.000000    0.000000   clock clk (rise edge)
                                  0.000000    0.000000   clock source latency
     1    0.021835    0.036840    0.018263    0.018263 ^ clk (in)
                                                         clk (net)
                      0.036896    0.000000    0.018263 ^ clkbuf_0_clk/A (sg13g2_buf_16)
     4    0.079962    0.033151    0.080103    0.098366 ^ clkbuf_0_clk/X (sg13g2_buf_16)
                                                         clknet_0_clk (net)
                      0.033194    0.000613    0.098978 ^ clkbuf_2_0__f_clk/A (sg13g2_buf_16)
     4    0.016026    0.018694    0.065984    0.164963 ^ clkbuf_2_0__f_clk/X (sg13g2_buf_16)
                                                         clknet_2_0__leaf_clk (net)
                      0.018695    0.000119    0.165082 ^ _123_/CLK (sg13g2_dfrbpq_1)
     2    0.006929    0.030405    0.168814    0.333896 v _123_/Q (sg13g2_dfrbpq_1)
                                                         memory[3] (net)
                      0.030405    0.000076    0.333972 v _101_/A0 (sg13g2_mux2_1)
     1    0.003565    0.030591    0.110498    0.444470 v _101_/X (sg13g2_mux2_1)
                                                         _009_ (net)
                      0.030591    0.000058    0.444528 v _123_/D (sg13g2_dfrbpq_1)
                                              0.444528   data arrival time

                                  0.000000    0.000000   clock clk (rise edge)
                                  0.000000    0.000000   clock source latency
     1    0.021835    0.036840    0.018263    0.018263 ^ clk (in)
                                                         clk (net)
                      0.036896    0.000000    0.018263 ^ clkbuf_0_clk/A (sg13g2_buf_16)
     4    0.079962    0.033151    0.080103    0.098366 ^ clkbuf_0_clk/X (sg13g2_buf_16)
                                                         clknet_0_clk (net)
                      0.033194    0.000613    0.098978 ^ clkbuf_2_0__f_clk/A (sg13g2_buf_16)
     4    0.016026    0.018694    0.065984    0.164963 ^ clkbuf_2_0__f_clk/X (sg13g2_buf_16)
                                                         clknet_2_0__leaf_clk (net)
                      0.018695    0.000119    0.165082 ^ _123_/CLK (sg13g2_dfrbpq_1)
                                  0.250000    0.415082   clock uncertainty
                                  0.000000    0.415082   clock reconvergence pessimism
                                 -0.038012    0.377070   library hold time
                                              0.377070   data required time
---------------------------------------------------------------------------------------------
                                              0.377070   data required time
                                             -0.444528   data arrival time
---------------------------------------------------------------------------------------------
                                              0.067458   slack (MET)


Startpoint: _128_ (rising edge-triggered flip-flop clocked by clk)
Endpoint: _128_ (rising edge-triggered flip-flop clocked by clk)
Path Group: clk
Path Type: min

Fanout         Cap        Slew       Delay        Time   Description
---------------------------------------------------------------------------------------------
                                  0.000000    0.000000   clock clk (rise edge)
                                  0.000000    0.000000   clock source latency
     1    0.021835    0.036840    0.018263    0.018263 ^ clk (in)
                                                         clk (net)
                      0.036896    0.000000    0.018263 ^ clkbuf_0_clk/A (sg13g2_buf_16)
     4    0.079962    0.033151    0.080103    0.098366 ^ clkbuf_0_clk/X (sg13g2_buf_16)
                                                         clknet_0_clk (net)
                      0.033246    0.001197    0.099563 ^ clkbuf_2_1__f_clk/A (sg13g2_buf_16)
     4    0.015199    0.018505    0.065850    0.165412 ^ clkbuf_2_1__f_clk/X (sg13g2_buf_16)
                                                         clknet_2_1__leaf_clk (net)
                      0.018505    0.000080    0.165493 ^ _128_/CLK (sg13g2_dfrbpq_1)
     2    0.008623    0.035294    0.172804    0.338297 v _128_/Q (sg13g2_dfrbpq_1)
                                                         memory[8] (net)
                      0.035295    0.000170    0.338467 v _111_/A0 (sg13g2_mux2_1)
     1    0.002468    0.027798    0.108837    0.447304 v _111_/X (sg13g2_mux2_1)
                                                         _014_ (net)
                      0.027798    0.000027    0.447330 v _128_/D (sg13g2_dfrbpq_1)
                                              0.447330   data arrival time

                                  0.000000    0.000000   clock clk (rise edge)
                                  0.000000    0.000000   clock source latency
     1    0.021835    0.036840    0.018263    0.018263 ^ clk (in)
                                                         clk (net)
                      0.036896    0.000000    0.018263 ^ clkbuf_0_clk/A (sg13g2_buf_16)
     4    0.079962    0.033151    0.080103    0.098366 ^ clkbuf_0_clk/X (sg13g2_buf_16)
                                                         clknet_0_clk (net)
                      0.033246    0.001197    0.099563 ^ clkbuf_2_1__f_clk/A (sg13g2_buf_16)
     4    0.015199    0.018505    0.065850    0.165412 ^ clkbuf_2_1__f_clk/X (sg13g2_buf_16)
                                                         clknet_2_1__leaf_clk (net)
                      0.018505    0.000080    0.165493 ^ _128_/CLK (sg13g2_dfrbpq_1)
                                  0.250000    0.415493   clock uncertainty
                                  0.000000    0.415493   clock reconvergence pessimism
                                 -0.037167    0.378326   library hold time
                                              0.378326   data required time
---------------------------------------------------------------------------------------------
                                              0.378326   data required time
                                             -0.447330   data arrival time
---------------------------------------------------------------------------------------------
                                              0.069004   slack (MET)


Startpoint: _121_ (rising edge-triggered flip-flop clocked by clk)
Endpoint: data_out (output port clocked by clk)
Path Group: clk
Path Type: min

Fanout         Cap        Slew       Delay        Time   Description
---------------------------------------------------------------------------------------------
                                  0.000000    0.000000   clock clk (rise edge)
                                  0.000000    0.000000   clock source latency
     1    0.021835    0.036840    0.018263    0.018263 ^ clk (in)
                                                         clk (net)
                      0.036896    0.000000    0.018263 ^ clkbuf_0_clk/A (sg13g2_buf_16)
     4    0.079962    0.033151    0.080103    0.098366 ^ clkbuf_0_clk/X (sg13g2_buf_16)
                                                         clknet_0_clk (net)
                      0.033194    0.000613    0.098978 ^ clkbuf_2_0__f_clk/A (sg13g2_buf_16)
     4    0.016026    0.018694    0.065984    0.164963 ^ clkbuf_2_0__f_clk/X (sg13g2_buf_16)
                                                         clknet_2_0__leaf_clk (net)
                      0.018695    0.000105    0.165068 ^ _121_/CLK (sg13g2_dfrbpq_1)
     2    0.006542    0.037066    0.172477    0.337545 ^ _121_/Q (sg13g2_dfrbpq_1)
                                                         memory[1] (net)
                      0.037066    0.000052    0.337597 ^ _067_/A1 (sg13g2_mux4_1)
     1    0.004471    0.037971    0.153791    0.491387 ^ _067_/X (sg13g2_mux4_1)
                                                         _019_ (net)
                      0.037971    0.000063    0.491450 ^ _069_/B (sg13g2_nand2b_1)
     2    0.007511    0.056765    0.071968    0.563417 v _069_/Y (sg13g2_nand2b_1)
                                                         _021_ (net)
                      0.056765    0.000132    0.563550 v _080_/A (sg13g2_nand4_1)
     1    0.003661    0.037404    0.048197    0.611747 ^ _080_/Y (sg13g2_nand4_1)
                                                         net8 (net)
                      0.037404    0.000047    0.611794 ^ output8/A (sg13g2_buf_1)
     1    0.006000    0.035312    0.072403    0.684197 ^ output8/X (sg13g2_buf_1)
                                                         data_out (net)
                      0.035312    0.000000    0.684197 ^ data_out (out)
                                              0.684197   data arrival time

                                  0.000000    0.000000   clock clk (rise edge)
                                  0.000000    0.000000   clock network delay (propagated)
                                  0.250000    0.250000   clock uncertainty
                                  0.000000    0.250000   clock reconvergence pessimism
                                 -2.000000   -1.750000   output external delay
                                             -1.750000   data required time
---------------------------------------------------------------------------------------------
                                             -1.750000   data required time
                                             -0.684197   data arrival time
---------------------------------------------------------------------------------------------
                                              2.434197   slack (MET)


Startpoint: _121_ (rising edge-triggered flip-flop clocked by clk)
Endpoint: data_out_bar (output port clocked by clk)
Path Group: clk
Path Type: min

Fanout         Cap        Slew       Delay        Time   Description
---------------------------------------------------------------------------------------------
                                  0.000000    0.000000   clock clk (rise edge)
                                  0.000000    0.000000   clock source latency
     1    0.021835    0.036840    0.018263    0.018263 ^ clk (in)
                                                         clk (net)
                      0.036896    0.000000    0.018263 ^ clkbuf_0_clk/A (sg13g2_buf_16)
     4    0.079962    0.033151    0.080103    0.098366 ^ clkbuf_0_clk/X (sg13g2_buf_16)
                                                         clknet_0_clk (net)
                      0.033194    0.000613    0.098978 ^ clkbuf_2_0__f_clk/A (sg13g2_buf_16)
     4    0.016026    0.018694    0.065984    0.164963 ^ clkbuf_2_0__f_clk/X (sg13g2_buf_16)
                                                         clknet_2_0__leaf_clk (net)
                      0.018695    0.000105    0.165068 ^ _121_/CLK (sg13g2_dfrbpq_1)
     2    0.006542    0.037066    0.172477    0.337545 ^ _121_/Q (sg13g2_dfrbpq_1)
                                                         memory[1] (net)
                      0.037066    0.000052    0.337597 ^ _067_/A1 (sg13g2_mux4_1)
     1    0.004471    0.037971    0.153791    0.491387 ^ _067_/X (sg13g2_mux4_1)
                                                         _019_ (net)
                      0.037971    0.000063    0.491450 ^ _069_/B (sg13g2_nand2b_1)
     2    0.007511    0.056765    0.071968    0.563417 v _069_/Y (sg13g2_nand2b_1)
                                                         _021_ (net)
                      0.056765    0.000136    0.563553 v _079_/A (sg13g2_and4_1)
     1    0.002917    0.022679    0.085956    0.649509 v _079_/X (sg13g2_and4_1)
                                                         net9 (net)
                      0.022679    0.000026    0.649535 v output9/A (sg13g2_buf_1)
     1    0.006000    0.029018    0.066750    0.716285 v output9/X (sg13g2_buf_1)
                                                         data_out_bar (net)
                      0.029018    0.000000    0.716285 v data_out_bar (out)
                                              0.716285   data arrival time

                                  0.000000    0.000000   clock clk (rise edge)
                                  0.000000    0.000000   clock network delay (propagated)
                                  0.250000    0.250000   clock uncertainty
                                  0.000000    0.250000   clock reconvergence pessimism
                                 -2.000000   -1.750000   output external delay
                                             -1.750000   data required time
---------------------------------------------------------------------------------------------
                                             -1.750000   data required time
                                             -0.716285   data arrival time
---------------------------------------------------------------------------------------------
                                              2.466285   slack (MET)



