
===========================================================================
report_checks -unconstrained
===========================================================================
======================= nom_fast_1p32V_m40C Corner ===================================

Startpoint: col_addr[0] (input port clocked by clk)
Endpoint: data_out_bar (output port clocked by clk)
Path Group: clk
Path Type: max

Fanout         Cap        Slew       Delay        Time   Description
---------------------------------------------------------------------------------------------
                                  0.000000    0.000000   clock clk (rise edge)
                                  0.000000    0.000000   clock network delay (propagated)
                                  2.000000    2.000000 ^ input external delay
     1    0.003061    0.013732    0.001756    2.001756 ^ col_addr[0] (in)
                                                         col_addr[0] (net)
                      0.013732    0.000000    2.001756 ^ input1/A (sg13g2_buf_1)
     4    0.028877    0.079594    0.084968    2.086724 ^ input1/X (sg13g2_buf_1)
                                                         net1 (net)
                      0.079642    0.001616    2.088340 ^ fanout15/A (sg13g2_buf_1)
     8    0.059666    0.159448    0.159206    2.247546 ^ fanout15/X (sg13g2_buf_1)
                                                         net15 (net)
                      0.159607    0.004170    2.251716 ^ _073_/S0 (sg13g2_mux4_1)
     1    0.003658    0.029589    0.180329    2.432045 v _073_/X (sg13g2_mux4_1)
                                                         _025_ (net)
                      0.029589    0.000146    2.432191 v _075_/B (sg13g2_nand2b_1)
     2    0.010571    0.038475    0.040487    2.472678 ^ _075_/Y (sg13g2_nand2b_1)
                                                         _027_ (net)
                      0.038495    0.000669    2.473347 ^ _079_/C (sg13g2_and4_1)
     1    0.003077    0.026426    0.104499    2.577846 ^ _079_/X (sg13g2_and4_1)
                                                         net9 (net)
                      0.026426    0.000232    2.578078 ^ output9/A (sg13g2_buf_1)
     1    0.007185    0.025193    0.049776    2.627853 ^ output9/X (sg13g2_buf_1)
                                                         data_out_bar (net)
                      0.025197    0.000300    2.628153 ^ data_out_bar (out)
                                              2.628153   data arrival time

                                 10.000000   10.000000   clock clk (rise edge)
                                  0.000000   10.000000   clock network delay (propagated)
                                 -0.250000    9.750000   clock uncertainty
                                  0.000000    9.750000   clock reconvergence pessimism
                                 -2.000000    7.750000   output external delay
                                              7.750000   data required time
---------------------------------------------------------------------------------------------
                                              7.750000   data required time
                                             -2.628153   data arrival time
---------------------------------------------------------------------------------------------
                                              5.121847   slack (MET)




===========================================================================
report_checks --slack_max -0.01
============================================================================
======================= nom_fast_1p32V_m40C Corner ===================================

No paths found.


===========================================================================
 report_check_types -max_slew -max_cap -max_fanout -violators
============================================================================
======================= nom_fast_1p32V_m40C Corner ===================================



===========================================================================
report_parasitic_annotation -report_unannotated
============================================================================
Found 1 unannotated drivers.
 rd_n
Found 0 partially unannotated drivers.

===========================================================================
max slew violation count 0
max fanout violation count 0
max cap violation count 0
============================================================================

===========================================================================
check_setup -verbose -unconstrained_endpoints -multiple_clock -no_clock -no_input_delay -loops -generated_clocks
===========================================================================
