Clock: clk
Sources: clk 
Generated: no
Virtual: yes
Propagated: no
Period: 10.000000

===========================================================================
report_clock_properties
============================================================================
Clock                   Period          Waveform
----------------------------------------------------
clk                  10.000000    0.000000  5.000000

===========================================================================
report_clock_latency
============================================================================
Clock clk
rise -> rise
    min     max
0.000000 0.000000 source latency
0.113510         network latency _119_/CLK
        0.119860 network latency _127_/CLK
---------------
0.113510 0.119860 latency
        0.006350 skew

fall -> fall
    min     max
0.000000 0.000000 source latency
0.114831         network latency _119_/CLK
        0.121031 network latency _127_/CLK
---------------
0.114831 0.121031 latency
        0.006200 skew



===========================================================================
report_clock_min_period
============================================================================
clk period_min = 0.77 fmax = 1304.61
