Clock: clk
Sources: clk 
Generated: no
Virtual: yes
Propagated: no
Period: 10.000000

===========================================================================
report_clock_properties
============================================================================
Clock                   Period          Waveform
----------------------------------------------------
clk                  10.000000    0.000000  5.000000

===========================================================================
report_clock_latency
============================================================================
Clock clk
rise -> rise
    min     max
0.000000 0.000000 source latency
0.161095         network latency _121_/CLK
        0.168679 network latency _116_/CLK
---------------
0.161095 0.168679 latency
        0.007584 skew

fall -> fall
    min     max
0.000000 0.000000 source latency
0.165453         network latency _121_/CLK
        0.171516 network latency _116_/CLK
---------------
0.165453 0.171516 latency
        0.006063 skew



===========================================================================
report_clock_min_period
============================================================================
clk period_min = 0.65 fmax = 1529.46
