
===========================================================================
report_checks -path_delay max (Setup)
============================================================================
======================= nom_typ_1p20V_25C Corner ===================================

Startpoint: col_addr[0] (input port clocked by clk)
Endpoint: data_out_bar (output port clocked by clk)
Path Group: clk
Path Type: max

Fanout         Cap        Slew       Delay        Time   Description
---------------------------------------------------------------------------------------------
                                  0.000000    0.000000   clock clk (rise edge)
                                  0.000000    0.000000   clock network delay (propagated)
                                  2.000000    2.000000 ^ input external delay
     1    0.003086    0.020306    0.002529    2.002529 ^ col_addr[0] (in)
                                                         col_addr[0] (net)
                      0.020306    0.000000    2.002529 ^ input1/A (sg13g2_buf_1)
     4    0.026104    0.112340    0.123190    2.125718 ^ input1/X (sg13g2_buf_1)
                                                         net1 (net)
                      0.112342    0.000427    2.126145 ^ fanout15/A (sg13g2_buf_1)
     8    0.057743    0.239361    0.248858    2.375003 ^ fanout15/X (sg13g2_buf_1)
                                                         net15 (net)
                      0.239363    0.000490    2.375493 ^ _073_/S0 (sg13g2_mux4_1)
     1    0.003686    0.043383    0.284976    2.660469 v _073_/X (sg13g2_mux4_1)
                                                         _025_ (net)
                      0.043383    0.000028    2.660497 v _075_/B (sg13g2_nand2b_1)
     2    0.009335    0.054196    0.060346    2.720843 ^ _075_/Y (sg13g2_nand2b_1)
                                                         _027_ (net)
                      0.054196    0.000220    2.721063 ^ _079_/C (sg13g2_and4_1)
     1    0.003133    0.039040    0.156526    2.877589 ^ _079_/X (sg13g2_and4_1)
                                                         net9 (net)
                      0.039040    0.000028    2.877617 ^ output9/A (sg13g2_buf_1)
     1    0.006000    0.035368    0.073104    2.950721 ^ output9/X (sg13g2_buf_1)
                                                         data_out_bar (net)
                      0.035368    0.000000    2.950721 ^ data_out_bar (out)
                                              2.950721   data arrival time

                                 10.000000   10.000000   clock clk (rise edge)
                                  0.000000   10.000000   clock network delay (propagated)
                                 -0.250000    9.750000   clock uncertainty
                                  0.000000    9.750000   clock reconvergence pessimism
                                 -2.000000    7.750000   output external delay
                                              7.750000   data required time
---------------------------------------------------------------------------------------------
                                              7.750000   data required time
                                             -2.950721   data arrival time
---------------------------------------------------------------------------------------------
                                              4.799279   slack (MET)


Startpoint: col_addr[0] (input port clocked by clk)
Endpoint: data_out (output port clocked by clk)
Path Group: clk
Path Type: max

Fanout         Cap        Slew       Delay        Time   Description
---------------------------------------------------------------------------------------------
                                  0.000000    0.000000   clock clk (rise edge)
                                  0.000000    0.000000   clock network delay (propagated)
                                  2.000000    2.000000 ^ input external delay
     1    0.003086    0.020306    0.002529    2.002529 ^ col_addr[0] (in)
                                                         col_addr[0] (net)
                      0.020306    0.000000    2.002529 ^ input1/A (sg13g2_buf_1)
     4    0.026104    0.112340    0.123190    2.125718 ^ input1/X (sg13g2_buf_1)
                                                         net1 (net)
                      0.112342    0.000427    2.126145 ^ fanout15/A (sg13g2_buf_1)
     8    0.057743    0.239361    0.248858    2.375003 ^ fanout15/X (sg13g2_buf_1)
                                                         net15 (net)
                      0.239363    0.000490    2.375493 ^ _073_/S0 (sg13g2_mux4_1)
     1    0.003686    0.043383    0.284976    2.660469 v _073_/X (sg13g2_mux4_1)
                                                         _025_ (net)
                      0.043383    0.000028    2.660497 v _075_/B (sg13g2_nand2b_1)
     2    0.009335    0.054196    0.060346    2.720843 ^ _075_/Y (sg13g2_nand2b_1)
                                                         _027_ (net)
                      0.054196    0.000215    2.721058 ^ _080_/C (sg13g2_nand4_1)
     1    0.003780    0.082006    0.113215    2.834273 v _080_/Y (sg13g2_nand4_1)
                                                         net8 (net)
                      0.082006    0.000049    2.834322 v output8/A (sg13g2_buf_1)
     1    0.006000    0.030778    0.091932    2.926255 v output8/X (sg13g2_buf_1)
                                                         data_out (net)
                      0.030778    0.000000    2.926255 v data_out (out)
                                              2.926255   data arrival time

                                 10.000000   10.000000   clock clk (rise edge)
                                  0.000000   10.000000   clock network delay (propagated)
                                 -0.250000    9.750000   clock uncertainty
                                  0.000000    9.750000   clock reconvergence pessimism
                                 -2.000000    7.750000   output external delay
                                              7.750000   data required time
---------------------------------------------------------------------------------------------
                                              7.750000   data required time
                                             -2.926255   data arrival time
---------------------------------------------------------------------------------------------
                                              4.823746   slack (MET)


Startpoint: col_addr[0] (input port clocked by clk)
Endpoint: _120_ (rising edge-triggered flip-flop clocked by clk)
Path Group: clk
Path Type: max

Fanout         Cap        Slew       Delay        Time   Description
---------------------------------------------------------------------------------------------
                                  0.000000    0.000000   clock clk (rise edge)
                                  0.000000    0.000000   clock network delay (propagated)
                                  2.000000    2.000000 ^ input external delay
     1    0.003086    0.020306    0.002529    2.002529 ^ col_addr[0] (in)
                                                         col_addr[0] (net)
                      0.020306    0.000000    2.002529 ^ input1/A (sg13g2_buf_1)
     4    0.026104    0.112340    0.123190    2.125718 ^ input1/X (sg13g2_buf_1)
                                                         net1 (net)
                      0.112342    0.000427    2.126145 ^ fanout15/A (sg13g2_buf_1)
     8    0.057743    0.239361    0.248858    2.375003 ^ fanout15/X (sg13g2_buf_1)
                                                         net15 (net)
                      0.239366    0.000902    2.375905 ^ _065_/B (sg13g2_nand2_1)
     4    0.017856    0.140429    0.184077    2.559981 v _065_/Y (sg13g2_nand2_1)
                                                         _017_ (net)
                      0.140429    0.000198    2.560179 v _094_/A (sg13g2_nor3_1)
     1    0.007475    0.134657    0.170092    2.730271 ^ _094_/Y (sg13g2_nor3_1)
                                                         _038_ (net)
                      0.134657    0.000119    2.730390 ^ _095_/S (sg13g2_mux2_1)
     1    0.002641    0.035883    0.187278    2.917668 v _095_/X (sg13g2_mux2_1)
                                                         _006_ (net)
                      0.035883    0.000026    2.917693 v _120_/D (sg13g2_dfrbpq_1)
                                              2.917693   data arrival time

                                 10.000000   10.000000   clock clk (rise edge)
                                  0.000000   10.000000   clock source latency
     1    0.020337    0.035537    0.017021   10.017021 ^ clk (in)
                                                         clk (net)
                      0.035552    0.000000   10.017021 ^ clkbuf_0_clk/A (sg13g2_buf_16)
     4    0.073970    0.031771    0.078308   10.095329 ^ clkbuf_0_clk/X (sg13g2_buf_16)
                                                         clknet_0_clk (net)
                      0.031785    0.000766   10.096096 ^ clkbuf_2_2__f_clk/A (sg13g2_buf_16)
     4    0.014469    0.018265    0.064998   10.161094 ^ clkbuf_2_2__f_clk/X (sg13g2_buf_16)
                                                         clknet_2_2__leaf_clk (net)
                      0.018265    0.000086   10.161180 ^ _120_/CLK (sg13g2_dfrbpq_1)
                                 -0.250000    9.911180   clock uncertainty
                                  0.000000    9.911180   clock reconvergence pessimism
                                 -0.118789    9.792390   library setup time
                                              9.792390   data required time
---------------------------------------------------------------------------------------------
                                              9.792390   data required time
                                             -2.917693   data arrival time
---------------------------------------------------------------------------------------------
                                              6.874697   slack (MET)


Startpoint: col_addr[0] (input port clocked by clk)
Endpoint: _121_ (rising edge-triggered flip-flop clocked by clk)
Path Group: clk
Path Type: max

Fanout         Cap        Slew       Delay        Time   Description
---------------------------------------------------------------------------------------------
                                  0.000000    0.000000   clock clk (rise edge)
                                  0.000000    0.000000   clock network delay (propagated)
                                  2.000000    2.000000 ^ input external delay
     1    0.003086    0.020306    0.002529    2.002529 ^ col_addr[0] (in)
                                                         col_addr[0] (net)
                      0.020306    0.000000    2.002529 ^ input1/A (sg13g2_buf_1)
     4    0.026104    0.112340    0.123190    2.125718 ^ input1/X (sg13g2_buf_1)
                                                         net1 (net)
                      0.112342    0.000427    2.126145 ^ fanout15/A (sg13g2_buf_1)
     8    0.057743    0.239361    0.248858    2.375003 ^ fanout15/X (sg13g2_buf_1)
                                                         net15 (net)
                      0.239363    0.000572    2.375575 ^ _064_/B (sg13g2_nand2b_1)
     4    0.017335    0.139178    0.183050    2.558625 v _064_/Y (sg13g2_nand2b_1)
                                                         _016_ (net)
                      0.139178    0.000183    2.558807 v _096_/A (sg13g2_nor3_1)
     1    0.007407    0.133907    0.169196    2.728004 ^ _096_/Y (sg13g2_nor3_1)
                                                         _039_ (net)
                      0.133907    0.000115    2.728118 ^ _097_/S (sg13g2_mux2_1)
     1    0.002915    0.036674    0.187878    2.915997 v _097_/X (sg13g2_mux2_1)
                                                         _007_ (net)
                      0.036674    0.000032    2.916029 v _121_/D (sg13g2_dfrbpq_1)
                                              2.916029   data arrival time

                                 10.000000   10.000000   clock clk (rise edge)
                                  0.000000   10.000000   clock source latency
     1    0.020337    0.035537    0.017021   10.017021 ^ clk (in)
                                                         clk (net)
                      0.035552    0.000000   10.017021 ^ clkbuf_0_clk/A (sg13g2_buf_16)
     4    0.073970    0.031771    0.078308   10.095329 ^ clkbuf_0_clk/X (sg13g2_buf_16)
                                                         clknet_0_clk (net)
                      0.031774    0.000564   10.095893 ^ clkbuf_2_0__f_clk/A (sg13g2_buf_16)
     4    0.015035    0.018395    0.065103   10.160996 ^ clkbuf_2_0__f_clk/X (sg13g2_buf_16)
                                                         clknet_2_0__leaf_clk (net)
                      0.018396    0.000098   10.161095 ^ _121_/CLK (sg13g2_dfrbpq_1)
                                 -0.250000    9.911095   clock uncertainty
                                  0.000000    9.911095   clock reconvergence pessimism
                                 -0.119041    9.792053   library setup time
                                              9.792053   data required time
---------------------------------------------------------------------------------------------
                                              9.792053   data required time
                                             -2.916029   data arrival time
---------------------------------------------------------------------------------------------
                                              6.876024   slack (MET)


Startpoint: col_addr[0] (input port clocked by clk)
Endpoint: _129_ (rising edge-triggered flip-flop clocked by clk)
Path Group: clk
Path Type: max

Fanout         Cap        Slew       Delay        Time   Description
---------------------------------------------------------------------------------------------
                                  0.000000    0.000000   clock clk (rise edge)
                                  0.000000    0.000000   clock network delay (propagated)
                                  2.000000    2.000000 ^ input external delay
     1    0.003086    0.020306    0.002529    2.002529 ^ col_addr[0] (in)
                                                         col_addr[0] (net)
                      0.020306    0.000000    2.002529 ^ input1/A (sg13g2_buf_1)
     4    0.026104    0.112340    0.123190    2.125718 ^ input1/X (sg13g2_buf_1)
                                                         net1 (net)
                      0.112342    0.000427    2.126145 ^ fanout15/A (sg13g2_buf_1)
     8    0.057743    0.239361    0.248858    2.375003 ^ fanout15/X (sg13g2_buf_1)
                                                         net15 (net)
                      0.239363    0.000572    2.375575 ^ _064_/B (sg13g2_nand2b_1)
     4    0.017335    0.139178    0.183050    2.558625 v _064_/Y (sg13g2_nand2b_1)
                                                         _016_ (net)
                      0.139178    0.000170    2.558794 v _112_/A (sg13g2_nor3_1)
     1    0.007041    0.130138    0.165875    2.724669 ^ _112_/Y (sg13g2_nor3_1)
                                                         _047_ (net)
                      0.130138    0.000089    2.724758 ^ _113_/S (sg13g2_mux2_1)
     1    0.002863    0.036548    0.186691    2.911449 v _113_/X (sg13g2_mux2_1)
                                                         _015_ (net)
                      0.036548    0.000032    2.911481 v _129_/D (sg13g2_dfrbpq_1)
                                              2.911481   data arrival time

                                 10.000000   10.000000   clock clk (rise edge)
                                  0.000000   10.000000   clock source latency
     1    0.020337    0.035537    0.017021   10.017021 ^ clk (in)
                                                         clk (net)
                      0.035552    0.000000   10.017021 ^ clkbuf_0_clk/A (sg13g2_buf_16)
     4    0.073970    0.031771    0.078308   10.095329 ^ clkbuf_0_clk/X (sg13g2_buf_16)
                                                         clknet_0_clk (net)
                      0.031813    0.001105   10.096435 ^ clkbuf_2_1__f_clk/A (sg13g2_buf_16)
     4    0.014208    0.018206    0.064961   10.161396 ^ clkbuf_2_1__f_clk/X (sg13g2_buf_16)
                                                         clknet_2_1__leaf_clk (net)
                      0.018206    0.000089   10.161485 ^ _129_/CLK (sg13g2_dfrbpq_1)
                                 -0.250000    9.911485   clock uncertainty
                                  0.000000    9.911485   clock reconvergence pessimism
                                 -0.119044    9.792440   library setup time
                                              9.792440   data required time
---------------------------------------------------------------------------------------------
                                              9.792440   data required time
                                             -2.911481   data arrival time
---------------------------------------------------------------------------------------------
                                              6.880959   slack (MET)


Startpoint: col_addr[0] (input port clocked by clk)
Endpoint: _125_ (rising edge-triggered flip-flop clocked by clk)
Path Group: clk
Path Type: max

Fanout         Cap        Slew       Delay        Time   Description
---------------------------------------------------------------------------------------------
                                  0.000000    0.000000   clock clk (rise edge)
                                  0.000000    0.000000   clock network delay (propagated)
                                  2.000000    2.000000 ^ input external delay
     1    0.003086    0.020306    0.002529    2.002529 ^ col_addr[0] (in)
                                                         col_addr[0] (net)
                      0.020306    0.000000    2.002529 ^ input1/A (sg13g2_buf_1)
     4    0.026104    0.112340    0.123190    2.125718 ^ input1/X (sg13g2_buf_1)
                                                         net1 (net)
                      0.112342    0.000427    2.126145 ^ fanout15/A (sg13g2_buf_1)
     8    0.057743    0.239361    0.248858    2.375003 ^ fanout15/X (sg13g2_buf_1)
                                                         net15 (net)
                      0.239363    0.000572    2.375575 ^ _064_/B (sg13g2_nand2b_1)
     4    0.017335    0.139178    0.183050    2.558625 v _064_/Y (sg13g2_nand2b_1)
                                                         _016_ (net)
                      0.139178    0.000054    2.558678 v _104_/A (sg13g2_nor3_1)
     1    0.007047    0.130197    0.165924    2.724602 ^ _104_/Y (sg13g2_nor3_1)
                                                         _043_ (net)
                      0.130197    0.000089    2.724691 ^ _105_/S (sg13g2_mux2_1)
     1    0.002196    0.034781    0.184745    2.909436 v _105_/X (sg13g2_mux2_1)
                                                         _011_ (net)
                      0.034781    0.000016    2.909452 v _125_/D (sg13g2_dfrbpq_1)
                                              2.909452   data arrival time

                                 10.000000   10.000000   clock clk (rise edge)
                                  0.000000   10.000000   clock source latency
     1    0.020337    0.035537    0.017021   10.017021 ^ clk (in)
                                                         clk (net)
                      0.035552    0.000000   10.017021 ^ clkbuf_0_clk/A (sg13g2_buf_16)
     4    0.073970    0.031771    0.078308   10.095329 ^ clkbuf_0_clk/X (sg13g2_buf_16)
                                                         clknet_0_clk (net)
                      0.031812    0.001095   10.096424 ^ clkbuf_2_3__f_clk/A (sg13g2_buf_16)
     4    0.014015    0.018161    0.064924   10.161348 ^ clkbuf_2_3__f_clk/X (sg13g2_buf_16)
                                                         clknet_2_3__leaf_clk (net)
                      0.018161    0.000081   10.161429 ^ _125_/CLK (sg13g2_dfrbpq_1)
                                 -0.250000    9.911429   clock uncertainty
                                  0.000000    9.911429   clock reconvergence pessimism
                                 -0.118419    9.793011   library setup time
                                              9.793011   data required time
---------------------------------------------------------------------------------------------
                                              9.793011   data required time
                                             -2.909452   data arrival time
---------------------------------------------------------------------------------------------
                                              6.883558   slack (MET)


Startpoint: col_addr[0] (input port clocked by clk)
Endpoint: _123_ (rising edge-triggered flip-flop clocked by clk)
Path Group: clk
Path Type: max

Fanout         Cap        Slew       Delay        Time   Description
---------------------------------------------------------------------------------------------
                                  0.000000    0.000000   clock clk (rise edge)
                                  0.000000    0.000000   clock network delay (propagated)
                                  2.000000    2.000000 ^ input external delay
     1    0.003086    0.020306    0.002529    2.002529 ^ col_addr[0] (in)
                                                         col_addr[0] (net)
                      0.020306    0.000000    2.002529 ^ input1/A (sg13g2_buf_1)
     4    0.026104    0.112340    0.123190    2.125718 ^ input1/X (sg13g2_buf_1)
                                                         net1 (net)
                      0.112342    0.000427    2.126145 ^ fanout15/A (sg13g2_buf_1)
     8    0.057743    0.239361    0.248858    2.375003 ^ fanout15/X (sg13g2_buf_1)
                                                         net15 (net)
                      0.239366    0.000902    2.375905 ^ _065_/B (sg13g2_nand2_1)
     4    0.017856    0.140429    0.184077    2.559981 v _065_/Y (sg13g2_nand2_1)
                                                         _017_ (net)
                      0.140429    0.000094    2.560075 v _100_/A (sg13g2_nor3_1)
     1    0.006220    0.125068    0.158707    2.718782 ^ _100_/Y (sg13g2_nor3_1)
                                                         _041_ (net)
                      0.125068    0.000036    2.718818 ^ _101_/S (sg13g2_mux2_1)
     1    0.003916    0.039091    0.188388    2.907206 v _101_/X (sg13g2_mux2_1)
                                                         _009_ (net)
                      0.039091    0.000066    2.907273 v _123_/D (sg13g2_dfrbpq_1)
                                              2.907273   data arrival time

                                 10.000000   10.000000   clock clk (rise edge)
                                  0.000000   10.000000   clock source latency
     1    0.020337    0.035537    0.017021   10.017021 ^ clk (in)
                                                         clk (net)
                      0.035552    0.000000   10.017021 ^ clkbuf_0_clk/A (sg13g2_buf_16)
     4    0.073970    0.031771    0.078308   10.095329 ^ clkbuf_0_clk/X (sg13g2_buf_16)
                                                         clknet_0_clk (net)
                      0.031774    0.000564   10.095893 ^ clkbuf_2_0__f_clk/A (sg13g2_buf_16)
     4    0.015035    0.018395    0.065103   10.160996 ^ clkbuf_2_0__f_clk/X (sg13g2_buf_16)
                                                         clknet_2_0__leaf_clk (net)
                      0.018396    0.000111   10.161108 ^ _123_/CLK (sg13g2_dfrbpq_1)
                                 -0.250000    9.911108   clock uncertainty
                                  0.000000    9.911108   clock reconvergence pessimism
                                 -0.119912    9.791197   library setup time
                                              9.791197   data required time
---------------------------------------------------------------------------------------------
                                              9.791197   data required time
                                             -2.907273   data arrival time
---------------------------------------------------------------------------------------------
                                              6.883924   slack (MET)


Startpoint: col_addr[0] (input port clocked by clk)
Endpoint: _118_ (rising edge-triggered flip-flop clocked by clk)
Path Group: clk
Path Type: max

Fanout         Cap        Slew       Delay        Time   Description
---------------------------------------------------------------------------------------------
                                  0.000000    0.000000   clock clk (rise edge)
                                  0.000000    0.000000   clock network delay (propagated)
                                  2.000000    2.000000 ^ input external delay
     1    0.003086    0.020306    0.002529    2.002529 ^ col_addr[0] (in)
                                                         col_addr[0] (net)
                      0.020306    0.000000    2.002529 ^ input1/A (sg13g2_buf_1)
     4    0.026104    0.112340    0.123190    2.125718 ^ input1/X (sg13g2_buf_1)
                                                         net1 (net)
                      0.112342    0.000427    2.126145 ^ fanout15/A (sg13g2_buf_1)
     8    0.057743    0.239361    0.248858    2.375003 ^ fanout15/X (sg13g2_buf_1)
                                                         net15 (net)
                      0.239363    0.000572    2.375575 ^ _064_/B (sg13g2_nand2b_1)
     4    0.017335    0.139178    0.183050    2.558625 v _064_/Y (sg13g2_nand2b_1)
                                                         _016_ (net)
                      0.139178    0.000075    2.558699 v _090_/A (sg13g2_nor3_1)
     1    0.006476    0.123693    0.160739    2.719439 ^ _090_/Y (sg13g2_nor3_1)
                                                         _036_ (net)
                      0.123693    0.000052    2.719491 ^ _091_/S (sg13g2_mux2_1)
     1    0.002984    0.036723    0.185275    2.904767 v _091_/X (sg13g2_mux2_1)
                                                         _004_ (net)
                      0.036723    0.000035    2.904801 v _118_/D (sg13g2_dfrbpq_1)
                                              2.904801   data arrival time

                                 10.000000   10.000000   clock clk (rise edge)
                                  0.000000   10.000000   clock source latency
     1    0.020337    0.035537    0.017021   10.017021 ^ clk (in)
                                                         clk (net)
                      0.035552    0.000000   10.017021 ^ clkbuf_0_clk/A (sg13g2_buf_16)
     4    0.073970    0.031771    0.078308   10.095329 ^ clkbuf_0_clk/X (sg13g2_buf_16)
                                                         clknet_0_clk (net)
                      0.031785    0.000766   10.096096 ^ clkbuf_2_2__f_clk/A (sg13g2_buf_16)
     4    0.014469    0.018265    0.064998   10.161094 ^ clkbuf_2_2__f_clk/X (sg13g2_buf_16)
                                                         clknet_2_2__leaf_clk (net)
                      0.018265    0.000099   10.161192 ^ _118_/CLK (sg13g2_dfrbpq_1)
                                 -0.250000    9.911192   clock uncertainty
                                  0.000000    9.911192   clock reconvergence pessimism
                                 -0.119092    9.792100   library setup time
                                              9.792100   data required time
---------------------------------------------------------------------------------------------
                                              9.792100   data required time
                                             -2.904801   data arrival time
---------------------------------------------------------------------------------------------
                                              6.887299   slack (MET)


Startpoint: col_addr[0] (input port clocked by clk)
Endpoint: _127_ (rising edge-triggered flip-flop clocked by clk)
Path Group: clk
Path Type: max

Fanout         Cap        Slew       Delay        Time   Description
---------------------------------------------------------------------------------------------
                                  0.000000    0.000000   clock clk (rise edge)
                                  0.000000    0.000000   clock network delay (propagated)
                                  2.000000    2.000000 ^ input external delay
     1    0.003086    0.020306    0.002529    2.002529 ^ col_addr[0] (in)
                                                         col_addr[0] (net)
                      0.020306    0.000000    2.002529 ^ input1/A (sg13g2_buf_1)
     4    0.026104    0.112340    0.123190    2.125718 ^ input1/X (sg13g2_buf_1)
                                                         net1 (net)
                      0.112342    0.000427    2.126145 ^ fanout15/A (sg13g2_buf_1)
     8    0.057743    0.239361    0.248858    2.375003 ^ fanout15/X (sg13g2_buf_1)
                                                         net15 (net)
                      0.239366    0.000902    2.375905 ^ _065_/B (sg13g2_nand2_1)
     4    0.017856    0.140429    0.184077    2.559981 v _065_/Y (sg13g2_nand2_1)
                                                         _017_ (net)
                      0.140429    0.000138    2.560120 v _108_/A (sg13g2_nor3_1)
     1    0.006239    0.125565    0.158875    2.718995 ^ _108_/Y (sg13g2_nor3_1)
                                                         _045_ (net)
                      0.125565    0.000037    2.719032 ^ _109_/S (sg13g2_mux2_1)
     1    0.002416    0.035329    0.184120    2.903152 v _109_/X (sg13g2_mux2_1)
                                                         _013_ (net)
                      0.035329    0.000021    2.903173 v _127_/D (sg13g2_dfrbpq_1)
                                              2.903173   data arrival time

                                 10.000000   10.000000   clock clk (rise edge)
                                  0.000000   10.000000   clock source latency
     1    0.020337    0.035537    0.017021   10.017021 ^ clk (in)
                                                         clk (net)
                      0.035552    0.000000   10.017021 ^ clkbuf_0_clk/A (sg13g2_buf_16)
     4    0.073970    0.031771    0.078308   10.095329 ^ clkbuf_0_clk/X (sg13g2_buf_16)
                                                         clknet_0_clk (net)
                      0.031812    0.001095   10.096424 ^ clkbuf_2_3__f_clk/A (sg13g2_buf_16)
     4    0.014015    0.018161    0.064924   10.161348 ^ clkbuf_2_3__f_clk/X (sg13g2_buf_16)
                                                         clknet_2_3__leaf_clk (net)
                      0.018161    0.000087   10.161435 ^ _127_/CLK (sg13g2_dfrbpq_1)
                                 -0.250000    9.911435   clock uncertainty
                                  0.000000    9.911435   clock reconvergence pessimism
                                 -0.118617    9.792818   library setup time
                                              9.792818   data required time
---------------------------------------------------------------------------------------------
                                              9.792818   data required time
                                             -2.903173   data arrival time
---------------------------------------------------------------------------------------------
                                              6.889646   slack (MET)


Startpoint: col_addr[0] (input port clocked by clk)
Endpoint: _116_ (rising edge-triggered flip-flop clocked by clk)
Path Group: clk
Path Type: max

Fanout         Cap        Slew       Delay        Time   Description
---------------------------------------------------------------------------------------------
                                  0.000000    0.000000   clock clk (rise edge)
                                  0.000000    0.000000   clock network delay (propagated)
                                  2.000000    2.000000 ^ input external delay
     1    0.003086    0.020306    0.002529    2.002529 ^ col_addr[0] (in)
                                                         col_addr[0] (net)
                      0.020306    0.000000    2.002529 ^ input1/A (sg13g2_buf_1)
     4    0.026104    0.112340    0.123190    2.125718 ^ input1/X (sg13g2_buf_1)
                                                         net1 (net)
                      0.112342    0.000427    2.126145 ^ fanout15/A (sg13g2_buf_1)
     8    0.057743    0.239361    0.248858    2.375003 ^ fanout15/X (sg13g2_buf_1)
                                                         net15 (net)
                      0.239366    0.000902    2.375905 ^ _065_/B (sg13g2_nand2_1)
     4    0.017856    0.140429    0.184077    2.559981 v _065_/Y (sg13g2_nand2_1)
                                                         _017_ (net)
                      0.140429    0.000067    2.560048 v _086_/A (sg13g2_nor3_1)
     1    0.006282    0.126062    0.159267    2.719315 ^ _086_/Y (sg13g2_nor3_1)
                                                         _034_ (net)
                      0.126062    0.000039    2.719354 ^ _087_/S (sg13g2_mux2_1)
     1    0.002261    0.035064    0.183800    2.903155 v _087_/X (sg13g2_mux2_1)
                                                         _002_ (net)
                      0.035064    0.000017    2.903172 v _116_/D (sg13g2_dfrbpq_1)
                                              2.903172   data arrival time

                                 10.000000   10.000000   clock clk (rise edge)
                                  0.000000   10.000000   clock source latency
     1    0.020337    0.035537    0.017021   10.017021 ^ clk (in)
                                                         clk (net)
                      0.035552    0.000000   10.017021 ^ clkbuf_0_clk/A (sg13g2_buf_16)
     4    0.073970    0.031771    0.078308   10.095329 ^ clkbuf_0_clk/X (sg13g2_buf_16)
                                                         clknet_0_clk (net)
                      0.031813    0.001105   10.096435 ^ clkbuf_2_1__f_clk/A (sg13g2_buf_16)
     4    0.014208    0.018206    0.064961   10.161396 ^ clkbuf_2_1__f_clk/X (sg13g2_buf_16)
                                                         clknet_2_1__leaf_clk (net)
                      0.018206    0.000091   10.161487 ^ _116_/CLK (sg13g2_dfrbpq_1)
                                 -0.250000    9.911486   clock uncertainty
                                  0.000000    9.911486   clock reconvergence pessimism
                                 -0.118510    9.792976   library setup time
                                              9.792976   data required time
---------------------------------------------------------------------------------------------
                                              9.792976   data required time
                                             -2.903172   data arrival time
---------------------------------------------------------------------------------------------
                                              6.889805   slack (MET)


Startpoint: col_addr[0] (input port clocked by clk)
Endpoint: _122_ (rising edge-triggered flip-flop clocked by clk)
Path Group: clk
Path Type: max

Fanout         Cap        Slew       Delay        Time   Description
---------------------------------------------------------------------------------------------
                                  0.000000    0.000000   clock clk (rise edge)
                                  0.000000    0.000000   clock network delay (propagated)
                                  2.000000    2.000000 v input external delay
     1    0.003047    0.017228    0.002123    2.002123 v col_addr[0] (in)
                                                         col_addr[0] (net)
                      0.017228    0.000000    2.002123 v input1/A (sg13g2_buf_1)
     4    0.024782    0.082876    0.109962    2.112085 v input1/X (sg13g2_buf_1)
                                                         net1 (net)
                      0.082876    0.000405    2.112490 v fanout15/A (sg13g2_buf_1)
     8    0.053088    0.168547    0.201842    2.314332 v fanout15/X (sg13g2_buf_1)
                                                         net15 (net)
                      0.168549    0.000873    2.315205 v _066_/A_N (sg13g2_nand2b_1)
     4    0.018855    0.136909    0.190576    2.505781 v _066_/Y (sg13g2_nand2b_1)
                                                         _018_ (net)
                      0.136909    0.000137    2.505918 v _098_/A (sg13g2_nor3_1)
     1    0.007569    0.135698    0.170156    2.676074 ^ _098_/Y (sg13g2_nor3_1)
                                                         _040_ (net)
                      0.135698    0.000126    2.676200 ^ _099_/S (sg13g2_mux2_1)
     1    0.002571    0.035832    0.187360    2.863560 v _099_/X (sg13g2_mux2_1)
                                                         _008_ (net)
                      0.035832    0.000024    2.863584 v _122_/D (sg13g2_dfrbpq_1)
                                              2.863584   data arrival time

                                 10.000000   10.000000   clock clk (rise edge)
                                  0.000000   10.000000   clock source latency
     1    0.020337    0.035537    0.017021   10.017021 ^ clk (in)
                                                         clk (net)
                      0.035552    0.000000   10.017021 ^ clkbuf_0_clk/A (sg13g2_buf_16)
     4    0.073970    0.031771    0.078308   10.095329 ^ clkbuf_0_clk/X (sg13g2_buf_16)
                                                         clknet_0_clk (net)
                      0.031774    0.000564   10.095893 ^ clkbuf_2_0__f_clk/A (sg13g2_buf_16)
     4    0.015035    0.018395    0.065103   10.160996 ^ clkbuf_2_0__f_clk/X (sg13g2_buf_16)
                                                         clknet_2_0__leaf_clk (net)
                      0.018396    0.000111   10.161108 ^ _122_/CLK (sg13g2_dfrbpq_1)
                                 -0.250000    9.911108   clock uncertainty
                                  0.000000    9.911108   clock reconvergence pessimism
                                 -0.118738    9.792370   library setup time
                                              9.792370   data required time
---------------------------------------------------------------------------------------------
                                              9.792370   data required time
                                             -2.863584   data arrival time
---------------------------------------------------------------------------------------------
                                              6.928786   slack (MET)


Startpoint: col_addr[0] (input port clocked by clk)
Endpoint: _115_ (rising edge-triggered flip-flop clocked by clk)
Path Group: clk
Path Type: max

Fanout         Cap        Slew       Delay        Time   Description
---------------------------------------------------------------------------------------------
                                  0.000000    0.000000   clock clk (rise edge)
                                  0.000000    0.000000   clock network delay (propagated)
                                  2.000000    2.000000 v input external delay
     1    0.003047    0.017228    0.002123    2.002123 v col_addr[0] (in)
                                                         col_addr[0] (net)
                      0.017228    0.000000    2.002123 v input1/A (sg13g2_buf_1)
     4    0.024782    0.082876    0.109962    2.112085 v input1/X (sg13g2_buf_1)
                                                         net1 (net)
                      0.082876    0.000405    2.112490 v fanout15/A (sg13g2_buf_1)
     8    0.053088    0.168547    0.201842    2.314332 v fanout15/X (sg13g2_buf_1)
                                                         net15 (net)
                      0.168549    0.000873    2.315205 v _066_/A_N (sg13g2_nand2b_1)
     4    0.018855    0.136909    0.190576    2.505781 v _066_/Y (sg13g2_nand2b_1)
                                                         _018_ (net)
                      0.136909    0.000066    2.505848 v _084_/A (sg13g2_nor3_1)
     1    0.007299    0.132973    0.167709    2.673557 ^ _084_/Y (sg13g2_nor3_1)
                                                         _033_ (net)
                      0.132973    0.000105    2.673661 ^ _085_/S (sg13g2_mux2_1)
     1    0.003057    0.037019    0.188038    2.861699 v _085_/X (sg13g2_mux2_1)
                                                         _001_ (net)
                      0.037019    0.000035    2.861734 v _115_/D (sg13g2_dfrbpq_1)
                                              2.861734   data arrival time

                                 10.000000   10.000000   clock clk (rise edge)
                                  0.000000   10.000000   clock source latency
     1    0.020337    0.035537    0.017021   10.017021 ^ clk (in)
                                                         clk (net)
                      0.035552    0.000000   10.017021 ^ clkbuf_0_clk/A (sg13g2_buf_16)
     4    0.073970    0.031771    0.078308   10.095329 ^ clkbuf_0_clk/X (sg13g2_buf_16)
                                                         clknet_0_clk (net)
                      0.031813    0.001105   10.096435 ^ clkbuf_2_1__f_clk/A (sg13g2_buf_16)
     4    0.014208    0.018206    0.064961   10.161396 ^ clkbuf_2_1__f_clk/X (sg13g2_buf_16)
                                                         clknet_2_1__leaf_clk (net)
                      0.018206    0.000065   10.161461 ^ _115_/CLK (sg13g2_dfrbpq_1)
                                 -0.250000    9.911460   clock uncertainty
                                  0.000000    9.911460   clock reconvergence pessimism
                                 -0.119214    9.792247   library setup time
                                              9.792247   data required time
---------------------------------------------------------------------------------------------
                                              9.792247   data required time
                                             -2.861734   data arrival time
---------------------------------------------------------------------------------------------
                                              6.930512   slack (MET)


Startpoint: col_addr[0] (input port clocked by clk)
Endpoint: _119_ (rising edge-triggered flip-flop clocked by clk)
Path Group: clk
Path Type: max

Fanout         Cap        Slew       Delay        Time   Description
---------------------------------------------------------------------------------------------
                                  0.000000    0.000000   clock clk (rise edge)
                                  0.000000    0.000000   clock network delay (propagated)
                                  2.000000    2.000000 v input external delay
     1    0.003047    0.017228    0.002123    2.002123 v col_addr[0] (in)
                                                         col_addr[0] (net)
                      0.017228    0.000000    2.002123 v input1/A (sg13g2_buf_1)
     4    0.024782    0.082876    0.109962    2.112085 v input1/X (sg13g2_buf_1)
                                                         net1 (net)
                      0.082876    0.000405    2.112490 v fanout15/A (sg13g2_buf_1)
     8    0.053088    0.168547    0.201842    2.314332 v fanout15/X (sg13g2_buf_1)
                                                         net15 (net)
                      0.168549    0.000873    2.315205 v _066_/A_N (sg13g2_nand2b_1)
     4    0.018855    0.136909    0.190576    2.505781 v _066_/Y (sg13g2_nand2b_1)
                                                         _018_ (net)
                      0.136909    0.000200    2.505981 v _092_/A (sg13g2_nor3_1)
     1    0.006899    0.128315    0.164083    2.670064 ^ _092_/Y (sg13g2_nor3_1)
                                                         _037_ (net)
                      0.128315    0.000080    2.670144 ^ _093_/S (sg13g2_mux2_1)
     1    0.003430    0.037803    0.187853    2.857997 v _093_/X (sg13g2_mux2_1)
                                                         _005_ (net)
                      0.037803    0.000049    2.858046 v _119_/D (sg13g2_dfrbpq_1)
                                              2.858046   data arrival time

                                 10.000000   10.000000   clock clk (rise edge)
                                  0.000000   10.000000   clock source latency
     1    0.020337    0.035537    0.017021   10.017021 ^ clk (in)
                                                         clk (net)
                      0.035552    0.000000   10.017021 ^ clkbuf_0_clk/A (sg13g2_buf_16)
     4    0.073970    0.031771    0.078308   10.095329 ^ clkbuf_0_clk/X (sg13g2_buf_16)
                                                         clknet_0_clk (net)
                      0.031785    0.000766   10.096096 ^ clkbuf_2_2__f_clk/A (sg13g2_buf_16)
     4    0.014469    0.018265    0.064998   10.161094 ^ clkbuf_2_2__f_clk/X (sg13g2_buf_16)
                                                         clknet_2_2__leaf_clk (net)
                      0.018265    0.000070   10.161163 ^ _119_/CLK (sg13g2_dfrbpq_1)
                                 -0.250000    9.911163   clock uncertainty
                                  0.000000    9.911163   clock reconvergence pessimism
                                 -0.119481    9.791682   library setup time
                                              9.791682   data required time
---------------------------------------------------------------------------------------------
                                              9.791682   data required time
                                             -2.858046   data arrival time
---------------------------------------------------------------------------------------------
                                              6.933637   slack (MET)


Startpoint: col_addr[0] (input port clocked by clk)
Endpoint: _126_ (rising edge-triggered flip-flop clocked by clk)
Path Group: clk
Path Type: max

Fanout         Cap        Slew       Delay        Time   Description
---------------------------------------------------------------------------------------------
                                  0.000000    0.000000   clock clk (rise edge)
                                  0.000000    0.000000   clock network delay (propagated)
                                  2.000000    2.000000 v input external delay
     1    0.003047    0.017228    0.002123    2.002123 v col_addr[0] (in)
                                                         col_addr[0] (net)
                      0.017228    0.000000    2.002123 v input1/A (sg13g2_buf_1)
     4    0.024782    0.082876    0.109962    2.112085 v input1/X (sg13g2_buf_1)
                                                         net1 (net)
                      0.082876    0.000405    2.112490 v fanout15/A (sg13g2_buf_1)
     8    0.053088    0.168547    0.201842    2.314332 v fanout15/X (sg13g2_buf_1)
                                                         net15 (net)
                      0.168549    0.000873    2.315205 v _066_/A_N (sg13g2_nand2b_1)
     4    0.018855    0.136909    0.190576    2.505781 v _066_/Y (sg13g2_nand2b_1)
                                                         _018_ (net)
                      0.136909    0.000148    2.505929 v _106_/A (sg13g2_nor3_1)
     1    0.006153    0.124571    0.157320    2.663249 ^ _106_/Y (sg13g2_nor3_1)
                                                         _044_ (net)
                      0.124571    0.000032    2.663282 ^ _107_/S (sg13g2_mux2_1)
     1    0.002819    0.036319    0.185030    2.848311 v _107_/X (sg13g2_mux2_1)
                                                         _012_ (net)
                      0.036319    0.000031    2.848343 v _126_/D (sg13g2_dfrbpq_1)
                                              2.848343   data arrival time

                                 10.000000   10.000000   clock clk (rise edge)
                                  0.000000   10.000000   clock source latency
     1    0.020337    0.035537    0.017021   10.017021 ^ clk (in)
                                                         clk (net)
                      0.035552    0.000000   10.017021 ^ clkbuf_0_clk/A (sg13g2_buf_16)
     4    0.073970    0.031771    0.078308   10.095329 ^ clkbuf_0_clk/X (sg13g2_buf_16)
                                                         clknet_0_clk (net)
                      0.031812    0.001095   10.096424 ^ clkbuf_2_3__f_clk/A (sg13g2_buf_16)
     4    0.014015    0.018161    0.064924   10.161348 ^ clkbuf_2_3__f_clk/X (sg13g2_buf_16)
                                                         clknet_2_3__leaf_clk (net)
                      0.018161    0.000062   10.161410 ^ _126_/CLK (sg13g2_dfrbpq_1)
                                 -0.250000    9.911410   clock uncertainty
                                  0.000000    9.911410   clock reconvergence pessimism
                                 -0.118973    9.792438   library setup time
                                              9.792438   data required time
---------------------------------------------------------------------------------------------
                                              9.792438   data required time
                                             -2.848343   data arrival time
---------------------------------------------------------------------------------------------
                                              6.944094   slack (MET)


Startpoint: col_addr[0] (input port clocked by clk)
Endpoint: _114_ (rising edge-triggered flip-flop clocked by clk)
Path Group: clk
Path Type: max

Fanout         Cap        Slew       Delay        Time   Description
---------------------------------------------------------------------------------------------
                                  0.000000    0.000000   clock clk (rise edge)
                                  0.000000    0.000000   clock network delay (propagated)
                                  2.000000    2.000000 v input external delay
     1    0.003047    0.017228    0.002123    2.002123 v col_addr[0] (in)
                                                         col_addr[0] (net)
                      0.017228    0.000000    2.002123 v input1/A (sg13g2_buf_1)
     4    0.024782    0.082876    0.109962    2.112085 v input1/X (sg13g2_buf_1)
                                                         net1 (net)
                      0.082876    0.000405    2.112490 v fanout15/A (sg13g2_buf_1)
     8    0.053088    0.168547    0.201842    2.314332 v fanout15/X (sg13g2_buf_1)
                                                         net15 (net)
                      0.168548    0.000714    2.315046 v _082_/B (sg13g2_nor4_1)
     1    0.006476    0.177303    0.218107    2.533154 ^ _082_/Y (sg13g2_nor4_1)
                                                         _032_ (net)
                      0.177303    0.000052    2.533206 ^ _083_/S (sg13g2_mux2_1)
     1    0.002915    0.036674    0.199542    2.732748 v _083_/X (sg13g2_mux2_1)
                                                         _000_ (net)
                      0.036674    0.000032    2.732780 v _114_/D (sg13g2_dfrbpq_1)
                                              2.732780   data arrival time

                                 10.000000   10.000000   clock clk (rise edge)
                                  0.000000   10.000000   clock source latency
     1    0.020337    0.035537    0.017021   10.017021 ^ clk (in)
                                                         clk (net)
                      0.035552    0.000000   10.017021 ^ clkbuf_0_clk/A (sg13g2_buf_16)
     4    0.073970    0.031771    0.078308   10.095329 ^ clkbuf_0_clk/X (sg13g2_buf_16)
                                                         clknet_0_clk (net)
                      0.031774    0.000564   10.095893 ^ clkbuf_2_0__f_clk/A (sg13g2_buf_16)
     4    0.015035    0.018395    0.065103   10.160996 ^ clkbuf_2_0__f_clk/X (sg13g2_buf_16)
                                                         clknet_2_0__leaf_clk (net)
                      0.018396    0.000129   10.161125 ^ _114_/CLK (sg13g2_dfrbpq_1)
                                 -0.250000    9.911125   clock uncertainty
                                  0.000000    9.911125   clock reconvergence pessimism
                                 -0.119041    9.792085   library setup time
                                              9.792085   data required time
---------------------------------------------------------------------------------------------
                                              9.792085   data required time
                                             -2.732780   data arrival time
---------------------------------------------------------------------------------------------
                                              7.059304   slack (MET)


Startpoint: col_addr[0] (input port clocked by clk)
Endpoint: _117_ (rising edge-triggered flip-flop clocked by clk)
Path Group: clk
Path Type: max

Fanout         Cap        Slew       Delay        Time   Description
---------------------------------------------------------------------------------------------
                                  0.000000    0.000000   clock clk (rise edge)
                                  0.000000    0.000000   clock network delay (propagated)
                                  2.000000    2.000000 v input external delay
     1    0.003047    0.017228    0.002123    2.002123 v col_addr[0] (in)
                                                         col_addr[0] (net)
                      0.017228    0.000000    2.002123 v input1/A (sg13g2_buf_1)
     4    0.024782    0.082876    0.109962    2.112085 v input1/X (sg13g2_buf_1)
                                                         net1 (net)
                      0.082876    0.000405    2.112490 v fanout15/A (sg13g2_buf_1)
     8    0.053088    0.168547    0.201842    2.314332 v fanout15/X (sg13g2_buf_1)
                                                         net15 (net)
                      0.168547    0.000590    2.314922 v _088_/B (sg13g2_nor4_1)
     1    0.006172    0.172540    0.214421    2.529343 ^ _088_/Y (sg13g2_nor4_1)
                                                         _035_ (net)
                      0.172540    0.000033    2.529376 ^ _089_/S (sg13g2_mux2_1)
     1    0.002941    0.036619    0.198569    2.727945 v _089_/X (sg13g2_mux2_1)
                                                         _003_ (net)
                      0.036619    0.000034    2.727978 v _117_/D (sg13g2_dfrbpq_1)
                                              2.727978   data arrival time

                                 10.000000   10.000000   clock clk (rise edge)
                                  0.000000   10.000000   clock source latency
     1    0.020337    0.035537    0.017021   10.017021 ^ clk (in)
                                                         clk (net)
                      0.035552    0.000000   10.017021 ^ clkbuf_0_clk/A (sg13g2_buf_16)
     4    0.073970    0.031771    0.078308   10.095329 ^ clkbuf_0_clk/X (sg13g2_buf_16)
                                                         clknet_0_clk (net)
                      0.031785    0.000766   10.096096 ^ clkbuf_2_2__f_clk/A (sg13g2_buf_16)
     4    0.014469    0.018265    0.064998   10.161094 ^ clkbuf_2_2__f_clk/X (sg13g2_buf_16)
                                                         clknet_2_2__leaf_clk (net)
                      0.018265    0.000125   10.161219 ^ _117_/CLK (sg13g2_dfrbpq_1)
                                 -0.250000    9.911219   clock uncertainty
                                  0.000000    9.911219   clock reconvergence pessimism
                                 -0.119055    9.792164   library setup time
                                              9.792164   data required time
---------------------------------------------------------------------------------------------
                                              9.792164   data required time
                                             -2.727978   data arrival time
---------------------------------------------------------------------------------------------
                                              7.064186   slack (MET)


Startpoint: we_n (input port clocked by clk)
Endpoint: _128_ (rising edge-triggered flip-flop clocked by clk)
Path Group: clk
Path Type: max

Fanout         Cap        Slew       Delay        Time   Description
---------------------------------------------------------------------------------------------
                                  0.000000    0.000000   clock clk (rise edge)
                                  0.000000    0.000000   clock network delay (propagated)
                                  2.000000    2.000000 v input external delay
     1    0.003554    0.017590    0.002486    2.002486 v we_n (in)
                                                         we_n (net)
                      0.017590    0.000000    2.002486 v input7/A (sg13g2_buf_1)
     1    0.002481    0.018225    0.055918    2.058404 v input7/X (sg13g2_buf_1)
                                                         net7 (net)
                      0.018225    0.000012    2.058415 v _081_/A_N (sg13g2_nand2b_1)
     2    0.008821    0.063178    0.095943    2.154358 v _081_/Y (sg13g2_nand2b_1)
                                                         _031_ (net)
                      0.063200    0.000189    2.154546 v fanout11/A (sg13g2_buf_1)
     8    0.027466    0.091144    0.136313    2.290859 v fanout11/X (sg13g2_buf_1)
                                                         net11 (net)
                      0.091145    0.000477    2.291337 v _110_/D (sg13g2_nor4_1)
     1    0.007486    0.185729    0.172268    2.463605 ^ _110_/Y (sg13g2_nor4_1)
                                                         _046_ (net)
                      0.185729    0.000121    2.463725 ^ _111_/S (sg13g2_mux2_1)
     1    0.002818    0.036439    0.200913    2.664638 v _111_/X (sg13g2_mux2_1)
                                                         _014_ (net)
                      0.036439    0.000031    2.664670 v _128_/D (sg13g2_dfrbpq_1)
                                              2.664670   data arrival time

                                 10.000000   10.000000   clock clk (rise edge)
                                  0.000000   10.000000   clock source latency
     1    0.020337    0.035537    0.017021   10.017021 ^ clk (in)
                                                         clk (net)
                      0.035552    0.000000   10.017021 ^ clkbuf_0_clk/A (sg13g2_buf_16)
     4    0.073970    0.031771    0.078308   10.095329 ^ clkbuf_0_clk/X (sg13g2_buf_16)
                                                         clknet_0_clk (net)
                      0.031813    0.001105   10.096435 ^ clkbuf_2_1__f_clk/A (sg13g2_buf_16)
     4    0.014208    0.018206    0.064961   10.161396 ^ clkbuf_2_1__f_clk/X (sg13g2_buf_16)
                                                         clknet_2_1__leaf_clk (net)
                      0.018206    0.000075   10.161471 ^ _128_/CLK (sg13g2_dfrbpq_1)
                                 -0.250000    9.911471   clock uncertainty
                                  0.000000    9.911471   clock reconvergence pessimism
                                 -0.119005    9.792466   library setup time
                                              9.792466   data required time
---------------------------------------------------------------------------------------------
                                              9.792466   data required time
                                             -2.664670   data arrival time
---------------------------------------------------------------------------------------------
                                              7.127796   slack (MET)


Startpoint: we_n (input port clocked by clk)
Endpoint: _124_ (rising edge-triggered flip-flop clocked by clk)
Path Group: clk
Path Type: max

Fanout         Cap        Slew       Delay        Time   Description
---------------------------------------------------------------------------------------------
                                  0.000000    0.000000   clock clk (rise edge)
                                  0.000000    0.000000   clock network delay (propagated)
                                  2.000000    2.000000 v input external delay
     1    0.003554    0.017590    0.002486    2.002486 v we_n (in)
                                                         we_n (net)
                      0.017590    0.000000    2.002486 v input7/A (sg13g2_buf_1)
     1    0.002481    0.018225    0.055918    2.058404 v input7/X (sg13g2_buf_1)
                                                         net7 (net)
                      0.018225    0.000012    2.058415 v _081_/A_N (sg13g2_nand2b_1)
     2    0.008821    0.063178    0.095943    2.154358 v _081_/Y (sg13g2_nand2b_1)
                                                         _031_ (net)
                      0.063200    0.000189    2.154546 v fanout11/A (sg13g2_buf_1)
     8    0.027466    0.091144    0.136313    2.290859 v fanout11/X (sg13g2_buf_1)
                                                         net11 (net)
                      0.091144    0.000220    2.291080 v _102_/D (sg13g2_nor4_1)
     1    0.006993    0.178395    0.166321    2.457400 ^ _102_/Y (sg13g2_nor4_1)
                                                         _042_ (net)
                      0.178395    0.000086    2.457486 ^ _103_/S (sg13g2_mux2_1)
     1    0.002690    0.036004    0.199094    2.656581 v _103_/X (sg13g2_mux2_1)
                                                         _010_ (net)
                      0.036004    0.000028    2.656609 v _124_/D (sg13g2_dfrbpq_1)
                                              2.656609   data arrival time

                                 10.000000   10.000000   clock clk (rise edge)
                                  0.000000   10.000000   clock source latency
     1    0.020337    0.035537    0.017021   10.017021 ^ clk (in)
                                                         clk (net)
                      0.035552    0.000000   10.017021 ^ clkbuf_0_clk/A (sg13g2_buf_16)
     4    0.073970    0.031771    0.078308   10.095329 ^ clkbuf_0_clk/X (sg13g2_buf_16)
                                                         clknet_0_clk (net)
                      0.031812    0.001095   10.096424 ^ clkbuf_2_3__f_clk/A (sg13g2_buf_16)
     4    0.014015    0.018161    0.064924   10.161348 ^ clkbuf_2_3__f_clk/X (sg13g2_buf_16)
                                                         clknet_2_3__leaf_clk (net)
                      0.018161    0.000066   10.161414 ^ _124_/CLK (sg13g2_dfrbpq_1)
                                 -0.250000    9.911414   clock uncertainty
                                  0.000000    9.911414   clock reconvergence pessimism
                                 -0.118860    9.792555   library setup time
                                              9.792555   data required time
---------------------------------------------------------------------------------------------
                                              9.792555   data required time
                                             -2.656609   data arrival time
---------------------------------------------------------------------------------------------
                                              7.135946   slack (MET)



