Clock: clk
Sources: clk 
Generated: no
Virtual: yes
Propagated: no
Period: 10.000000

===========================================================================
report_clock_properties
============================================================================
Clock                   Period          Waveform
----------------------------------------------------
clk                  10.000000    0.000000  5.000000

===========================================================================
report_clock_latency
============================================================================
Clock clk
rise -> rise
    min     max
0.000000 0.000000 source latency
0.163251         network latency _122_/CLK
        0.173360 network latency _129_/CLK
---------------
0.163251 0.173360 latency
        0.010109 skew

fall -> fall
    min     max
0.000000 0.000000 source latency
0.167818         network latency _122_/CLK
        0.176353 network latency _129_/CLK
---------------
0.167818 0.176353 latency
        0.008535 skew



===========================================================================
report_clock_min_period
============================================================================
clk period_min = 1.04 fmax = 963.90
