
===========================================================================
report_checks -path_delay min (Hold)
============================================================================
======================= nom_typ_1p20V_25C Corner ===================================

Startpoint: _125_ (rising edge-triggered flip-flop clocked by clk)
Endpoint: _125_ (rising edge-triggered flip-flop clocked by clk)
Path Group: clk
Path Type: min

Fanout         Cap        Slew       Delay        Time   Description
---------------------------------------------------------------------------------------------
                                  0.000000    0.000000   clock clk (rise edge)
                                  0.000000    0.000000   clock source latency
     1    0.019894    0.035144    0.017313    0.017313 ^ clk (in)
                                                         clk (net)
                      0.035285    0.000000    0.017313 ^ clkbuf_0_clk/A (sg13g2_buf_16)
     4    0.074727    0.031716    0.076947    0.094260 ^ clkbuf_0_clk/X (sg13g2_buf_16)
                                                         clknet_0_clk (net)
                      0.032943    0.004683    0.098943 ^ clkbuf_2_3__f_clk/A (sg13g2_buf_16)
     4    0.014251    0.018258    0.065469    0.164411 ^ clkbuf_2_3__f_clk/X (sg13g2_buf_16)
                                                         clknet_2_3__leaf_clk (net)
                      0.018261    0.000613    0.165024 ^ _125_/CLK (sg13g2_dfrbpq_1)
     2    0.005296    0.032477    0.168631    0.333656 ^ _125_/Q (sg13g2_dfrbpq_1)
                                                         memory[5] (net)
                      0.032477    0.000075    0.333731 ^ hold34/A (sg13g2_dlygate4sd3_1)
     1    0.003881    0.037620    0.362223    0.695954 ^ hold34/X (sg13g2_dlygate4sd3_1)
                                                         net33 (net)
                      0.037620    0.000288    0.696242 ^ _105_/A0 (sg13g2_mux2_1)
     1    0.001895    0.023979    0.089055    0.785296 ^ _105_/X (sg13g2_mux2_1)
                                                         _011_ (net)
                      0.023979    0.000070    0.785367 ^ _125_/D (sg13g2_dfrbpq_1)
                                              0.785367   data arrival time

                                  0.000000    0.000000   clock clk (rise edge)
                                  0.000000    0.000000   clock source latency
     1    0.022567    0.037579    0.019591    0.019591 ^ clk (in)
                                                         clk (net)
                      0.037770    0.000000    0.019591 ^ clkbuf_0_clk/A (sg13g2_buf_16)
     4    0.085418    0.034407    0.079860    0.099451 ^ clkbuf_0_clk/X (sg13g2_buf_16)
                                                         clknet_0_clk (net)
                      0.035867    0.005353    0.104804 ^ clkbuf_2_3__f_clk/A (sg13g2_buf_16)
     4    0.016040    0.018816    0.067224    0.172028 ^ clkbuf_2_3__f_clk/X (sg13g2_buf_16)
                                                         clknet_2_3__leaf_clk (net)
                      0.018822    0.000688    0.172716 ^ _125_/CLK (sg13g2_dfrbpq_1)
                                  0.250000    0.422716   clock uncertainty
                                 -0.007691    0.415024   clock reconvergence pessimism
                                 -0.060128    0.354897   library hold time
                                              0.354897   data required time
---------------------------------------------------------------------------------------------
                                              0.354897   data required time
                                             -0.785367   data arrival time
---------------------------------------------------------------------------------------------
                                              0.430470   slack (MET)


Startpoint: _117_ (rising edge-triggered flip-flop clocked by clk)
Endpoint: _117_ (rising edge-triggered flip-flop clocked by clk)
Path Group: clk
Path Type: min

Fanout         Cap        Slew       Delay        Time   Description
---------------------------------------------------------------------------------------------
                                  0.000000    0.000000   clock clk (rise edge)
                                  0.000000    0.000000   clock source latency
     1    0.019894    0.035144    0.017313    0.017313 ^ clk (in)
                                                         clk (net)
                      0.035285    0.000000    0.017313 ^ clkbuf_0_clk/A (sg13g2_buf_16)
     4    0.074727    0.031716    0.076947    0.094260 ^ clkbuf_0_clk/X (sg13g2_buf_16)
                                                         clknet_0_clk (net)
                      0.032658    0.003959    0.098219 ^ clkbuf_2_2__f_clk/A (sg13g2_buf_16)
     4    0.014928    0.018403    0.065458    0.163678 ^ clkbuf_2_2__f_clk/X (sg13g2_buf_16)
                                                         clknet_2_2__leaf_clk (net)
                      0.018407    0.000720    0.164397 ^ _117_/CLK (sg13g2_dfrbpq_1)
     2    0.005579    0.033470    0.169430    0.333827 ^ _117_/Q (sg13g2_dfrbpq_1)
                                                         memory[12] (net)
                      0.033470    0.000311    0.334138 ^ hold37/A (sg13g2_dlygate4sd3_1)
     1    0.003540    0.036441    0.361594    0.695732 ^ hold37/X (sg13g2_dlygate4sd3_1)
                                                         net36 (net)
                      0.036441    0.000139    0.695870 ^ _089_/A0 (sg13g2_mux2_1)
     1    0.002296    0.025381    0.089762    0.785633 ^ _089_/X (sg13g2_mux2_1)
                                                         _003_ (net)
                      0.025381    0.000136    0.785769 ^ _117_/D (sg13g2_dfrbpq_1)
                                              0.785769   data arrival time

                                  0.000000    0.000000   clock clk (rise edge)
                                  0.000000    0.000000   clock source latency
     1    0.022567    0.037579    0.019591    0.019591 ^ clk (in)
                                                         clk (net)
                      0.037770    0.000000    0.019591 ^ clkbuf_0_clk/A (sg13g2_buf_16)
     4    0.085418    0.034407    0.079860    0.099451 ^ clkbuf_0_clk/X (sg13g2_buf_16)
                                                         clknet_0_clk (net)
                      0.035512    0.004534    0.103985 ^ clkbuf_2_2__f_clk/A (sg13g2_buf_16)
     4    0.016717    0.018956    0.067177    0.171162 ^ clkbuf_2_2__f_clk/X (sg13g2_buf_16)
                                                         clknet_2_2__leaf_clk (net)
                      0.018964    0.000809    0.171971 ^ _117_/CLK (sg13g2_dfrbpq_1)
                                  0.250000    0.421971   clock uncertainty
                                 -0.007573    0.414397   clock reconvergence pessimism
                                 -0.060495    0.353903   library hold time
                                              0.353903   data required time
---------------------------------------------------------------------------------------------
                                              0.353903   data required time
                                             -0.785769   data arrival time
---------------------------------------------------------------------------------------------
                                              0.431867   slack (MET)


Startpoint: _114_ (rising edge-triggered flip-flop clocked by clk)
Endpoint: _114_ (rising edge-triggered flip-flop clocked by clk)
Path Group: clk
Path Type: min

Fanout         Cap        Slew       Delay        Time   Description
---------------------------------------------------------------------------------------------
                                  0.000000    0.000000   clock clk (rise edge)
                                  0.000000    0.000000   clock source latency
     1    0.019894    0.035144    0.017313    0.017313 ^ clk (in)
                                                         clk (net)
                      0.035285    0.000000    0.017313 ^ clkbuf_0_clk/A (sg13g2_buf_16)
     4    0.074727    0.031716    0.076947    0.094260 ^ clkbuf_0_clk/X (sg13g2_buf_16)
                                                         clknet_0_clk (net)
                      0.032419    0.003267    0.097527 ^ clkbuf_2_0__f_clk/A (sg13g2_buf_16)
     4    0.015447    0.018515    0.065469    0.162996 ^ clkbuf_2_0__f_clk/X (sg13g2_buf_16)
                                                         clknet_2_0__leaf_clk (net)
                      0.018518    0.000439    0.163436 ^ _114_/CLK (sg13g2_dfrbpq_1)
     2    0.006002    0.035007    0.170699    0.334135 ^ _114_/Q (sg13g2_dfrbpq_1)
                                                         memory[0] (net)
                      0.035007    0.000308    0.334443 ^ hold40/A (sg13g2_dlygate4sd3_1)
     1    0.003141    0.035059    0.361012    0.695455 ^ hold40/X (sg13g2_dlygate4sd3_1)
                                                         net39 (net)
                      0.035059    0.000123    0.695579 ^ _083_/A0 (sg13g2_mux2_1)
     1    0.002538    0.026248    0.089893    0.785471 ^ _083_/X (sg13g2_mux2_1)
                                                         _000_ (net)
                      0.026248    0.000143    0.785615 ^ _114_/D (sg13g2_dfrbpq_1)
                                              0.785615   data arrival time

                                  0.000000    0.000000   clock clk (rise edge)
                                  0.000000    0.000000   clock source latency
     1    0.022567    0.037579    0.019591    0.019591 ^ clk (in)
                                                         clk (net)
                      0.037770    0.000000    0.019591 ^ clkbuf_0_clk/A (sg13g2_buf_16)
     4    0.085418    0.034407    0.079860    0.099451 ^ clkbuf_0_clk/X (sg13g2_buf_16)
                                                         clknet_0_clk (net)
                      0.035217    0.003760    0.103211 ^ clkbuf_2_0__f_clk/A (sg13g2_buf_16)
     4    0.017237    0.019065    0.067167    0.170378 ^ clkbuf_2_0__f_clk/X (sg13g2_buf_16)
                                                         clknet_2_0__leaf_clk (net)
                      0.019069    0.000499    0.170877 ^ _114_/CLK (sg13g2_dfrbpq_1)
                                  0.250000    0.420877   clock uncertainty
                                 -0.007441    0.413436   clock reconvergence pessimism
                                 -0.060720    0.352716   library hold time
                                              0.352716   data required time
---------------------------------------------------------------------------------------------
                                              0.352716   data required time
                                             -0.785615   data arrival time
---------------------------------------------------------------------------------------------
                                              0.432899   slack (MET)


Startpoint: _120_ (rising edge-triggered flip-flop clocked by clk)
Endpoint: _120_ (rising edge-triggered flip-flop clocked by clk)
Path Group: clk
Path Type: min

Fanout         Cap        Slew       Delay        Time   Description
---------------------------------------------------------------------------------------------
                                  0.000000    0.000000   clock clk (rise edge)
                                  0.000000    0.000000   clock source latency
     1    0.019894    0.035144    0.017313    0.017313 ^ clk (in)
                                                         clk (net)
                      0.035285    0.000000    0.017313 ^ clkbuf_0_clk/A (sg13g2_buf_16)
     4    0.074727    0.031716    0.076947    0.094260 ^ clkbuf_0_clk/X (sg13g2_buf_16)
                                                         clknet_0_clk (net)
                      0.032658    0.003959    0.098219 ^ clkbuf_2_2__f_clk/A (sg13g2_buf_16)
     4    0.014928    0.018403    0.065458    0.163678 ^ clkbuf_2_2__f_clk/X (sg13g2_buf_16)
                                                         clknet_2_2__leaf_clk (net)
                      0.018405    0.000532    0.164209 ^ _120_/CLK (sg13g2_dfrbpq_1)
     2    0.006298    0.036109    0.171567    0.335777 ^ _120_/Q (sg13g2_dfrbpq_1)
                                                         memory[15] (net)
                      0.036130    0.000241    0.336018 ^ hold39/A (sg13g2_dlygate4sd3_1)
     1    0.003272    0.035514    0.362054    0.698072 ^ hold39/X (sg13g2_dlygate4sd3_1)
                                                         net38 (net)
                      0.035514    0.000127    0.698199 ^ _095_/A0 (sg13g2_mux2_1)
     1    0.002046    0.024525    0.088575    0.786774 ^ _095_/X (sg13g2_mux2_1)
                                                         _006_ (net)
                      0.024525    0.000126    0.786900 ^ _120_/D (sg13g2_dfrbpq_1)
                                              0.786900   data arrival time

                                  0.000000    0.000000   clock clk (rise edge)
                                  0.000000    0.000000   clock source latency
     1    0.022567    0.037579    0.019591    0.019591 ^ clk (in)
                                                         clk (net)
                      0.037770    0.000000    0.019591 ^ clkbuf_0_clk/A (sg13g2_buf_16)
     4    0.085418    0.034407    0.079860    0.099451 ^ clkbuf_0_clk/X (sg13g2_buf_16)
                                                         clknet_0_clk (net)
                      0.035512    0.004534    0.103985 ^ clkbuf_2_2__f_clk/A (sg13g2_buf_16)
     4    0.016717    0.018956    0.067177    0.171162 ^ clkbuf_2_2__f_clk/X (sg13g2_buf_16)
                                                         clknet_2_2__leaf_clk (net)
                      0.018961    0.000600    0.171762 ^ _120_/CLK (sg13g2_dfrbpq_1)
                                  0.250000    0.421762   clock uncertainty
                                 -0.007553    0.414209   clock reconvergence pessimism
                                 -0.060262    0.353947   library hold time
                                              0.353947   data required time
---------------------------------------------------------------------------------------------
                                              0.353947   data required time
                                             -0.786900   data arrival time
---------------------------------------------------------------------------------------------
                                              0.432953   slack (MET)


Startpoint: _127_ (rising edge-triggered flip-flop clocked by clk)
Endpoint: _127_ (rising edge-triggered flip-flop clocked by clk)
Path Group: clk
Path Type: min

Fanout         Cap        Slew       Delay        Time   Description
---------------------------------------------------------------------------------------------
                                  0.000000    0.000000   clock clk (rise edge)
                                  0.000000    0.000000   clock source latency
     1    0.019894    0.035144    0.017313    0.017313 ^ clk (in)
                                                         clk (net)
                      0.035285    0.000000    0.017313 ^ clkbuf_0_clk/A (sg13g2_buf_16)
     4    0.074727    0.031716    0.076947    0.094260 ^ clkbuf_0_clk/X (sg13g2_buf_16)
                                                         clknet_0_clk (net)
                      0.032943    0.004683    0.098943 ^ clkbuf_2_3__f_clk/A (sg13g2_buf_16)
     4    0.014251    0.018258    0.065469    0.164411 ^ clkbuf_2_3__f_clk/X (sg13g2_buf_16)
                                                         clknet_2_3__leaf_clk (net)
                      0.018262    0.000674    0.165085 ^ _127_/CLK (sg13g2_dfrbpq_1)
     2    0.006000    0.035001    0.170573    0.335658 ^ _127_/Q (sg13g2_dfrbpq_1)
                                                         memory[7] (net)
                      0.035001    0.000316    0.335974 ^ hold41/A (sg13g2_dlygate4sd3_1)
     1    0.003641    0.036791    0.362721    0.698695 ^ hold41/X (sg13g2_dlygate4sd3_1)
                                                         net40 (net)
                      0.036791    0.000246    0.698941 ^ _109_/A0 (sg13g2_mux2_1)
     1    0.001990    0.024291    0.088978    0.787919 ^ _109_/X (sg13g2_mux2_1)
                                                         _013_ (net)
                      0.024291    0.000075    0.787994 ^ _127_/D (sg13g2_dfrbpq_1)
                                              0.787994   data arrival time

                                  0.000000    0.000000   clock clk (rise edge)
                                  0.000000    0.000000   clock source latency
     1    0.022567    0.037579    0.019591    0.019591 ^ clk (in)
                                                         clk (net)
                      0.037770    0.000000    0.019591 ^ clkbuf_0_clk/A (sg13g2_buf_16)
     4    0.085418    0.034407    0.079860    0.099451 ^ clkbuf_0_clk/X (sg13g2_buf_16)
                                                         clknet_0_clk (net)
                      0.035867    0.005353    0.104804 ^ clkbuf_2_3__f_clk/A (sg13g2_buf_16)
     4    0.016040    0.018816    0.067224    0.172028 ^ clkbuf_2_3__f_clk/X (sg13g2_buf_16)
                                                         clknet_2_3__leaf_clk (net)
                      0.018823    0.000759    0.172786 ^ _127_/CLK (sg13g2_dfrbpq_1)
                                  0.250000    0.422786   clock uncertainty
                                 -0.007701    0.415085   clock reconvergence pessimism
                                 -0.060213    0.354872   library hold time
                                              0.354872   data required time
---------------------------------------------------------------------------------------------
                                              0.354872   data required time
                                             -0.787994   data arrival time
---------------------------------------------------------------------------------------------
                                              0.433122   slack (MET)


Startpoint: _121_ (rising edge-triggered flip-flop clocked by clk)
Endpoint: _121_ (rising edge-triggered flip-flop clocked by clk)
Path Group: clk
Path Type: min

Fanout         Cap        Slew       Delay        Time   Description
---------------------------------------------------------------------------------------------
                                  0.000000    0.000000   clock clk (rise edge)
                                  0.000000    0.000000   clock source latency
     1    0.019894    0.035144    0.017313    0.017313 ^ clk (in)
                                                         clk (net)
                      0.035285    0.000000    0.017313 ^ clkbuf_0_clk/A (sg13g2_buf_16)
     4    0.074727    0.031716    0.076947    0.094260 ^ clkbuf_0_clk/X (sg13g2_buf_16)
                                                         clknet_0_clk (net)
                      0.032419    0.003267    0.097527 ^ clkbuf_2_0__f_clk/A (sg13g2_buf_16)
     4    0.015447    0.018515    0.065469    0.162996 ^ clkbuf_2_0__f_clk/X (sg13g2_buf_16)
                                                         clknet_2_0__leaf_clk (net)
                      0.018517    0.000405    0.163401 ^ _121_/CLK (sg13g2_dfrbpq_1)
     2    0.005781    0.034224    0.170134    0.333535 ^ _121_/Q (sg13g2_dfrbpq_1)
                                                         memory[1] (net)
                      0.034224    0.000155    0.333691 ^ hold32/A (sg13g2_dlygate4sd3_1)
     1    0.003520    0.036371    0.361918    0.695608 ^ hold32/X (sg13g2_dlygate4sd3_1)
                                                         net31 (net)
                      0.036371    0.000138    0.695746 ^ _097_/A0 (sg13g2_mux2_1)
     1    0.002449    0.025941    0.090201    0.785946 ^ _097_/X (sg13g2_mux2_1)
                                                         _007_ (net)
                      0.025941    0.000156    0.786103 ^ _121_/D (sg13g2_dfrbpq_1)
                                              0.786103   data arrival time

                                  0.000000    0.000000   clock clk (rise edge)
                                  0.000000    0.000000   clock source latency
     1    0.022567    0.037579    0.019591    0.019591 ^ clk (in)
                                                         clk (net)
                      0.037770    0.000000    0.019591 ^ clkbuf_0_clk/A (sg13g2_buf_16)
     4    0.085418    0.034407    0.079860    0.099451 ^ clkbuf_0_clk/X (sg13g2_buf_16)
                                                         clknet_0_clk (net)
                      0.035217    0.003760    0.103211 ^ clkbuf_2_0__f_clk/A (sg13g2_buf_16)
     4    0.017237    0.019065    0.067167    0.170378 ^ clkbuf_2_0__f_clk/X (sg13g2_buf_16)
                                                         clknet_2_0__leaf_clk (net)
                      0.019068    0.000462    0.170840 ^ _121_/CLK (sg13g2_dfrbpq_1)
                                  0.250000    0.420840   clock uncertainty
                                 -0.007439    0.413401   clock reconvergence pessimism
                                 -0.060636    0.352765   library hold time
                                              0.352765   data required time
---------------------------------------------------------------------------------------------
                                              0.352765   data required time
                                             -0.786103   data arrival time
---------------------------------------------------------------------------------------------
                                              0.433338   slack (MET)


Startpoint: _116_ (rising edge-triggered flip-flop clocked by clk)
Endpoint: _116_ (rising edge-triggered flip-flop clocked by clk)
Path Group: clk
Path Type: min

Fanout         Cap        Slew       Delay        Time   Description
---------------------------------------------------------------------------------------------
                                  0.000000    0.000000   clock clk (rise edge)
                                  0.000000    0.000000   clock source latency
     1    0.019894    0.035144    0.017313    0.017313 ^ clk (in)
                                                         clk (net)
                      0.035285    0.000000    0.017313 ^ clkbuf_0_clk/A (sg13g2_buf_16)
     4    0.074727    0.031716    0.076947    0.094260 ^ clkbuf_0_clk/X (sg13g2_buf_16)
                                                         clknet_0_clk (net)
                      0.033094    0.005033    0.099293 ^ clkbuf_2_1__f_clk/A (sg13g2_buf_16)
     4    0.015042    0.018452    0.065704    0.164997 ^ clkbuf_2_1__f_clk/X (sg13g2_buf_16)
                                                         clknet_2_1__leaf_clk (net)
                      0.018452    0.000416    0.165413 ^ _116_/CLK (sg13g2_dfrbpq_1)
     2    0.006109    0.035386    0.170924    0.336337 ^ _116_/Q (sg13g2_dfrbpq_1)
                                                         memory[11] (net)
                      0.035386    0.000401    0.336738 ^ hold38/A (sg13g2_dlygate4sd3_1)
     1    0.003675    0.036911    0.363041    0.699779 ^ hold38/X (sg13g2_dlygate4sd3_1)
                                                         net37 (net)
                      0.036911    0.000246    0.700025 ^ _087_/A0 (sg13g2_mux2_1)
     1    0.002210    0.025084    0.089713    0.789737 ^ _087_/X (sg13g2_mux2_1)
                                                         _002_ (net)
                      0.025084    0.000083    0.789820 ^ _116_/D (sg13g2_dfrbpq_1)
                                              0.789820   data arrival time

                                  0.000000    0.000000   clock clk (rise edge)
                                  0.000000    0.000000   clock source latency
     1    0.022567    0.037579    0.019591    0.019591 ^ clk (in)
                                                         clk (net)
                      0.037770    0.000000    0.019591 ^ clkbuf_0_clk/A (sg13g2_buf_16)
     4    0.085418    0.034407    0.079860    0.099451 ^ clkbuf_0_clk/X (sg13g2_buf_16)
                                                         clknet_0_clk (net)
                      0.036057    0.005753    0.105204 ^ clkbuf_2_1__f_clk/A (sg13g2_buf_16)
     4    0.016831    0.019009    0.067479    0.172684 ^ clkbuf_2_1__f_clk/X (sg13g2_buf_16)
                                                         clknet_2_1__leaf_clk (net)
                      0.019012    0.000467    0.173151 ^ _116_/CLK (sg13g2_dfrbpq_1)
                                  0.250000    0.423151   clock uncertainty
                                 -0.007739    0.415413   clock reconvergence pessimism
                                 -0.060409    0.355004   library hold time
                                              0.355004   data required time
---------------------------------------------------------------------------------------------
                                              0.355004   data required time
                                             -0.789820   data arrival time
---------------------------------------------------------------------------------------------
                                              0.434816   slack (MET)


Startpoint: _115_ (rising edge-triggered flip-flop clocked by clk)
Endpoint: _115_ (rising edge-triggered flip-flop clocked by clk)
Path Group: clk
Path Type: min

Fanout         Cap        Slew       Delay        Time   Description
---------------------------------------------------------------------------------------------
                                  0.000000    0.000000   clock clk (rise edge)
                                  0.000000    0.000000   clock source latency
     1    0.019894    0.035144    0.017313    0.017313 ^ clk (in)
                                                         clk (net)
                      0.035285    0.000000    0.017313 ^ clkbuf_0_clk/A (sg13g2_buf_16)
     4    0.074727    0.031716    0.076947    0.094260 ^ clkbuf_0_clk/X (sg13g2_buf_16)
                                                         clknet_0_clk (net)
                      0.033094    0.005033    0.099293 ^ clkbuf_2_1__f_clk/A (sg13g2_buf_16)
     4    0.015042    0.018452    0.065704    0.164997 ^ clkbuf_2_1__f_clk/X (sg13g2_buf_16)
                                                         clknet_2_1__leaf_clk (net)
                      0.018452    0.000393    0.165390 ^ _115_/CLK (sg13g2_dfrbpq_1)
     2    0.005820    0.034345    0.170144    0.335534 ^ _115_/Q (sg13g2_dfrbpq_1)
                                                         memory[10] (net)
                      0.034345    0.000323    0.335857 ^ hold33/A (sg13g2_dlygate4sd3_1)
     1    0.003865    0.037567    0.363152    0.699010 ^ hold33/X (sg13g2_dlygate4sd3_1)
                                                         net32 (net)
                      0.037567    0.000268    0.699277 ^ _085_/A0 (sg13g2_mux2_1)
     1    0.002888    0.027548    0.092103    0.791380 ^ _085_/X (sg13g2_mux2_1)
                                                         _001_ (net)
                      0.027548    0.000154    0.791535 ^ _115_/D (sg13g2_dfrbpq_1)
                                              0.791535   data arrival time

                                  0.000000    0.000000   clock clk (rise edge)
                                  0.000000    0.000000   clock source latency
     1    0.022567    0.037579    0.019591    0.019591 ^ clk (in)
                                                         clk (net)
                      0.037770    0.000000    0.019591 ^ clkbuf_0_clk/A (sg13g2_buf_16)
     4    0.085418    0.034407    0.079860    0.099451 ^ clkbuf_0_clk/X (sg13g2_buf_16)
                                                         clknet_0_clk (net)
                      0.036057    0.005753    0.105204 ^ clkbuf_2_1__f_clk/A (sg13g2_buf_16)
     4    0.016831    0.019009    0.067479    0.172684 ^ clkbuf_2_1__f_clk/X (sg13g2_buf_16)
                                                         clknet_2_1__leaf_clk (net)
                      0.019012    0.000443    0.173127 ^ _115_/CLK (sg13g2_dfrbpq_1)
                                  0.250000    0.423127   clock uncertainty
                                 -0.007737    0.415390   clock reconvergence pessimism
                                 -0.061081    0.354310   library hold time
                                              0.354310   data required time
---------------------------------------------------------------------------------------------
                                              0.354310   data required time
                                             -0.791535   data arrival time
---------------------------------------------------------------------------------------------
                                              0.437225   slack (MET)


Startpoint: _122_ (rising edge-triggered flip-flop clocked by clk)
Endpoint: _122_ (rising edge-triggered flip-flop clocked by clk)
Path Group: clk
Path Type: min

Fanout         Cap        Slew       Delay        Time   Description
---------------------------------------------------------------------------------------------
                                  0.000000    0.000000   clock clk (rise edge)
                                  0.000000    0.000000   clock source latency
     1    0.019894    0.035144    0.017313    0.017313 ^ clk (in)
                                                         clk (net)
                      0.035285    0.000000    0.017313 ^ clkbuf_0_clk/A (sg13g2_buf_16)
     4    0.074727    0.031716    0.076947    0.094260 ^ clkbuf_0_clk/X (sg13g2_buf_16)
                                                         clknet_0_clk (net)
                      0.032419    0.003267    0.097527 ^ clkbuf_2_0__f_clk/A (sg13g2_buf_16)
     4    0.015447    0.018515    0.065469    0.162996 ^ clkbuf_2_0__f_clk/X (sg13g2_buf_16)
                                                         clknet_2_0__leaf_clk (net)
                      0.018516    0.000255    0.163251 ^ _122_/CLK (sg13g2_dfrbpq_1)
     2    0.006496    0.036828    0.172162    0.335414 ^ _122_/Q (sg13g2_dfrbpq_1)
                                                         memory[2] (net)
                      0.036849    0.000235    0.335648 ^ hold35/A (sg13g2_dlygate4sd3_1)
     1    0.003998    0.038027    0.364920    0.700568 ^ hold35/X (sg13g2_dlygate4sd3_1)
                                                         net34 (net)
                      0.038027    0.000264    0.700832 ^ _099_/A0 (sg13g2_mux2_1)
     1    0.002158    0.024939    0.090043    0.790875 ^ _099_/X (sg13g2_mux2_1)
                                                         _008_ (net)
                      0.024939    0.000147    0.791021 ^ _122_/D (sg13g2_dfrbpq_1)
                                              0.791021   data arrival time

                                  0.000000    0.000000   clock clk (rise edge)
                                  0.000000    0.000000   clock source latency
     1    0.022567    0.037579    0.019591    0.019591 ^ clk (in)
                                                         clk (net)
                      0.037770    0.000000    0.019591 ^ clkbuf_0_clk/A (sg13g2_buf_16)
     4    0.085418    0.034407    0.079860    0.099451 ^ clkbuf_0_clk/X (sg13g2_buf_16)
                                                         clknet_0_clk (net)
                      0.035217    0.003760    0.103211 ^ clkbuf_2_0__f_clk/A (sg13g2_buf_16)
     4    0.017237    0.019065    0.067167    0.170378 ^ clkbuf_2_0__f_clk/X (sg13g2_buf_16)
                                                         clknet_2_0__leaf_clk (net)
                      0.019067    0.000286    0.170664 ^ _122_/CLK (sg13g2_dfrbpq_1)
                                  0.250000    0.420664   clock uncertainty
                                 -0.007413    0.413251   clock reconvergence pessimism
                                 -0.060363    0.352888   library hold time
                                              0.352888   data required time
---------------------------------------------------------------------------------------------
                                              0.352888   data required time
                                             -0.791021   data arrival time
---------------------------------------------------------------------------------------------
                                              0.438133   slack (MET)


Startpoint: _126_ (rising edge-triggered flip-flop clocked by clk)
Endpoint: _126_ (rising edge-triggered flip-flop clocked by clk)
Path Group: clk
Path Type: min

Fanout         Cap        Slew       Delay        Time   Description
---------------------------------------------------------------------------------------------
                                  0.000000    0.000000   clock clk (rise edge)
                                  0.000000    0.000000   clock source latency
     1    0.019894    0.035144    0.017313    0.017313 ^ clk (in)
                                                         clk (net)
                      0.035285    0.000000    0.017313 ^ clkbuf_0_clk/A (sg13g2_buf_16)
     4    0.074727    0.031716    0.076947    0.094260 ^ clkbuf_0_clk/X (sg13g2_buf_16)
                                                         clknet_0_clk (net)
                      0.032943    0.004683    0.098943 ^ clkbuf_2_3__f_clk/A (sg13g2_buf_16)
     4    0.014251    0.018258    0.065469    0.164411 ^ clkbuf_2_3__f_clk/X (sg13g2_buf_16)
                                                         clknet_2_3__leaf_clk (net)
                      0.018261    0.000653    0.165064 ^ _126_/CLK (sg13g2_dfrbpq_1)
     2    0.006693    0.037528    0.172491    0.337555 ^ _126_/Q (sg13g2_dfrbpq_1)
                                                         memory[6] (net)
                      0.037553    0.000438    0.337993 ^ hold43/A (sg13g2_dlygate4sd3_1)
     1    0.004081    0.038311    0.365575    0.703568 ^ hold43/X (sg13g2_dlygate4sd3_1)
                                                         net42 (net)
                      0.038311    0.000261    0.703829 ^ _107_/A0 (sg13g2_mux2_1)
     1    0.002510    0.026124    0.091271    0.795100 ^ _107_/X (sg13g2_mux2_1)
                                                         _012_ (net)
                      0.026124    0.000087    0.795188 ^ _126_/D (sg13g2_dfrbpq_1)
                                              0.795188   data arrival time

                                  0.000000    0.000000   clock clk (rise edge)
                                  0.000000    0.000000   clock source latency
     1    0.022567    0.037579    0.019591    0.019591 ^ clk (in)
                                                         clk (net)
                      0.037770    0.000000    0.019591 ^ clkbuf_0_clk/A (sg13g2_buf_16)
     4    0.085418    0.034407    0.079860    0.099451 ^ clkbuf_0_clk/X (sg13g2_buf_16)
                                                         clknet_0_clk (net)
                      0.035867    0.005353    0.104804 ^ clkbuf_2_3__f_clk/A (sg13g2_buf_16)
     4    0.016040    0.018816    0.067224    0.172028 ^ clkbuf_2_3__f_clk/X (sg13g2_buf_16)
                                                         clknet_2_3__leaf_clk (net)
                      0.018823    0.000736    0.172764 ^ _126_/CLK (sg13g2_dfrbpq_1)
                                  0.250000    0.422764   clock uncertainty
                                 -0.007699    0.415064   clock reconvergence pessimism
                                 -0.060712    0.354352   library hold time
                                              0.354352   data required time
---------------------------------------------------------------------------------------------
                                              0.354352   data required time
                                             -0.795188   data arrival time
---------------------------------------------------------------------------------------------
                                              0.440836   slack (MET)


Startpoint: _128_ (rising edge-triggered flip-flop clocked by clk)
Endpoint: _128_ (rising edge-triggered flip-flop clocked by clk)
Path Group: clk
Path Type: min

Fanout         Cap        Slew       Delay        Time   Description
---------------------------------------------------------------------------------------------
                                  0.000000    0.000000   clock clk (rise edge)
                                  0.000000    0.000000   clock source latency
     1    0.019894    0.035144    0.017313    0.017313 ^ clk (in)
                                                         clk (net)
                      0.035285    0.000000    0.017313 ^ clkbuf_0_clk/A (sg13g2_buf_16)
     4    0.074727    0.031716    0.076947    0.094260 ^ clkbuf_0_clk/X (sg13g2_buf_16)
                                                         clknet_0_clk (net)
                      0.033094    0.005033    0.099293 ^ clkbuf_2_1__f_clk/A (sg13g2_buf_16)
     4    0.015042    0.018452    0.065704    0.164997 ^ clkbuf_2_1__f_clk/X (sg13g2_buf_16)
                                                         clknet_2_1__leaf_clk (net)
                      0.018452    0.000437    0.165434 ^ _128_/CLK (sg13g2_dfrbpq_1)
     2    0.007425    0.040284    0.174775    0.340208 ^ _128_/Q (sg13g2_dfrbpq_1)
                                                         memory[8] (net)
                      0.040287    0.000368    0.340577 ^ hold47/A (sg13g2_dlygate4sd3_1)
     1    0.003548    0.036469    0.365155    0.705732 ^ hold47/X (sg13g2_dlygate4sd3_1)
                                                         net46 (net)
                      0.036469    0.000237    0.705969 ^ _111_/A0 (sg13g2_mux2_1)
     1    0.002453    0.026025    0.090270    0.796238 ^ _111_/X (sg13g2_mux2_1)
                                                         _014_ (net)
                      0.026025    0.000086    0.796325 ^ _128_/D (sg13g2_dfrbpq_1)
                                              0.796325   data arrival time

                                  0.000000    0.000000   clock clk (rise edge)
                                  0.000000    0.000000   clock source latency
     1    0.022567    0.037579    0.019591    0.019591 ^ clk (in)
                                                         clk (net)
                      0.037770    0.000000    0.019591 ^ clkbuf_0_clk/A (sg13g2_buf_16)
     4    0.085418    0.034407    0.079860    0.099451 ^ clkbuf_0_clk/X (sg13g2_buf_16)
                                                         clknet_0_clk (net)
                      0.036057    0.005753    0.105204 ^ clkbuf_2_1__f_clk/A (sg13g2_buf_16)
     4    0.016831    0.019009    0.067479    0.172684 ^ clkbuf_2_1__f_clk/X (sg13g2_buf_16)
                                                         clknet_2_1__leaf_clk (net)
                      0.019012    0.000491    0.173175 ^ _128_/CLK (sg13g2_dfrbpq_1)
                                  0.250000    0.423175   clock uncertainty
                                 -0.007741    0.415434   clock reconvergence pessimism
                                 -0.060665    0.354769   library hold time
                                              0.354769   data required time
---------------------------------------------------------------------------------------------
                                              0.354769   data required time
                                             -0.796325   data arrival time
---------------------------------------------------------------------------------------------
                                              0.441556   slack (MET)


Startpoint: _129_ (rising edge-triggered flip-flop clocked by clk)
Endpoint: _129_ (rising edge-triggered flip-flop clocked by clk)
Path Group: clk
Path Type: min

Fanout         Cap        Slew       Delay        Time   Description
---------------------------------------------------------------------------------------------
                                  0.000000    0.000000   clock clk (rise edge)
                                  0.000000    0.000000   clock source latency
     1    0.019894    0.035144    0.017313    0.017313 ^ clk (in)
                                                         clk (net)
                      0.035285    0.000000    0.017313 ^ clkbuf_0_clk/A (sg13g2_buf_16)
     4    0.074727    0.031716    0.076947    0.094260 ^ clkbuf_0_clk/X (sg13g2_buf_16)
                                                         clknet_0_clk (net)
                      0.033094    0.005033    0.099293 ^ clkbuf_2_1__f_clk/A (sg13g2_buf_16)
     4    0.015042    0.018452    0.065704    0.164997 ^ clkbuf_2_1__f_clk/X (sg13g2_buf_16)
                                                         clknet_2_1__leaf_clk (net)
                      0.018454    0.000602    0.165599 ^ _129_/CLK (sg13g2_dfrbpq_1)
     2    0.007314    0.039866    0.174422    0.340021 ^ _129_/Q (sg13g2_dfrbpq_1)
                                                         memory[9] (net)
                      0.039872    0.000502    0.340523 ^ hold44/A (sg13g2_dlygate4sd3_1)
     1    0.004176    0.038638    0.367096    0.707619 ^ hold44/X (sg13g2_dlygate4sd3_1)
                                                         net43 (net)
                      0.038638    0.000297    0.707917 ^ _113_/A0 (sg13g2_mux2_1)
     1    0.002177    0.024991    0.090387    0.798304 ^ _113_/X (sg13g2_mux2_1)
                                                         _015_ (net)
                      0.024991    0.000078    0.798383 ^ _129_/D (sg13g2_dfrbpq_1)
                                              0.798383   data arrival time

                                  0.000000    0.000000   clock clk (rise edge)
                                  0.000000    0.000000   clock source latency
     1    0.022567    0.037579    0.019591    0.019591 ^ clk (in)
                                                         clk (net)
                      0.037770    0.000000    0.019591 ^ clkbuf_0_clk/A (sg13g2_buf_16)
     4    0.085418    0.034407    0.079860    0.099451 ^ clkbuf_0_clk/X (sg13g2_buf_16)
                                                         clknet_0_clk (net)
                      0.036057    0.005753    0.105204 ^ clkbuf_2_1__f_clk/A (sg13g2_buf_16)
     4    0.016831    0.019009    0.067479    0.172684 ^ clkbuf_2_1__f_clk/X (sg13g2_buf_16)
                                                         clknet_2_1__leaf_clk (net)
                      0.019015    0.000676    0.173360 ^ _129_/CLK (sg13g2_dfrbpq_1)
                                  0.250000    0.423360   clock uncertainty
                                 -0.007761    0.415599   clock reconvergence pessimism
                                 -0.060383    0.355216   library hold time
                                              0.355216   data required time
---------------------------------------------------------------------------------------------
                                              0.355216   data required time
                                             -0.798383   data arrival time
---------------------------------------------------------------------------------------------
                                              0.443167   slack (MET)


Startpoint: _123_ (rising edge-triggered flip-flop clocked by clk)
Endpoint: _123_ (rising edge-triggered flip-flop clocked by clk)
Path Group: clk
Path Type: min

Fanout         Cap        Slew       Delay        Time   Description
---------------------------------------------------------------------------------------------
                                  0.000000    0.000000   clock clk (rise edge)
                                  0.000000    0.000000   clock source latency
     1    0.019894    0.035144    0.017313    0.017313 ^ clk (in)
                                                         clk (net)
                      0.035285    0.000000    0.017313 ^ clkbuf_0_clk/A (sg13g2_buf_16)
     4    0.074727    0.031716    0.076947    0.094260 ^ clkbuf_0_clk/X (sg13g2_buf_16)
                                                         clknet_0_clk (net)
                      0.032419    0.003267    0.097527 ^ clkbuf_2_0__f_clk/A (sg13g2_buf_16)
     4    0.015447    0.018515    0.065469    0.162996 ^ clkbuf_2_0__f_clk/X (sg13g2_buf_16)
                                                         clknet_2_0__leaf_clk (net)
                      0.018517    0.000410    0.163406 ^ _123_/CLK (sg13g2_dfrbpq_1)
     2    0.007476    0.040471    0.174937    0.338343 ^ _123_/Q (sg13g2_dfrbpq_1)
                                                         memory[3] (net)
                      0.040474    0.000389    0.338732 ^ hold46/A (sg13g2_dlygate4sd3_1)
     1    0.003645    0.036806    0.365576    0.704308 ^ hold46/X (sg13g2_dlygate4sd3_1)
                                                         net45 (net)
                      0.036806    0.000269    0.704577 ^ _101_/A0 (sg13g2_mux2_1)
     1    0.002938    0.027602    0.091895    0.796471 ^ _101_/X (sg13g2_mux2_1)
                                                         _009_ (net)
                      0.027602    0.000211    0.796682 ^ _123_/D (sg13g2_dfrbpq_1)
                                              0.796682   data arrival time

                                  0.000000    0.000000   clock clk (rise edge)
                                  0.000000    0.000000   clock source latency
     1    0.022567    0.037579    0.019591    0.019591 ^ clk (in)
                                                         clk (net)
                      0.037770    0.000000    0.019591 ^ clkbuf_0_clk/A (sg13g2_buf_16)
     4    0.085418    0.034407    0.079860    0.099451 ^ clkbuf_0_clk/X (sg13g2_buf_16)
                                                         clknet_0_clk (net)
                      0.035217    0.003760    0.103211 ^ clkbuf_2_0__f_clk/A (sg13g2_buf_16)
     4    0.017237    0.019065    0.067167    0.170378 ^ clkbuf_2_0__f_clk/X (sg13g2_buf_16)
                                                         clknet_2_0__leaf_clk (net)
                      0.019068    0.000460    0.170838 ^ _123_/CLK (sg13g2_dfrbpq_1)
                                  0.250000    0.420838   clock uncertainty
                                 -0.007432    0.413406   clock reconvergence pessimism
                                 -0.061089    0.352317   library hold time
                                              0.352317   data required time
---------------------------------------------------------------------------------------------
                                              0.352317   data required time
                                             -0.796682   data arrival time
---------------------------------------------------------------------------------------------
                                              0.444365   slack (MET)


Startpoint: _119_ (rising edge-triggered flip-flop clocked by clk)
Endpoint: _119_ (rising edge-triggered flip-flop clocked by clk)
Path Group: clk
Path Type: min

Fanout         Cap        Slew       Delay        Time   Description
---------------------------------------------------------------------------------------------
                                  0.000000    0.000000   clock clk (rise edge)
                                  0.000000    0.000000   clock source latency
     1    0.019894    0.035144    0.017313    0.017313 ^ clk (in)
                                                         clk (net)
                      0.035285    0.000000    0.017313 ^ clkbuf_0_clk/A (sg13g2_buf_16)
     4    0.074727    0.031716    0.076947    0.094260 ^ clkbuf_0_clk/X (sg13g2_buf_16)
                                                         clknet_0_clk (net)
                      0.032658    0.003959    0.098219 ^ clkbuf_2_2__f_clk/A (sg13g2_buf_16)
     4    0.014928    0.018403    0.065458    0.163678 ^ clkbuf_2_2__f_clk/X (sg13g2_buf_16)
                                                         clknet_2_2__leaf_clk (net)
                      0.018403    0.000373    0.164051 ^ _119_/CLK (sg13g2_dfrbpq_1)
     2    0.006027    0.035125    0.170813    0.334864 ^ _119_/Q (sg13g2_dfrbpq_1)
                                                         memory[14] (net)
                      0.035125    0.000158    0.335022 ^ hold42/A (sg13g2_dlygate4sd3_1)
     1    0.004554    0.039813    0.365964    0.700985 ^ hold42/X (sg13g2_dlygate4sd3_1)
                                                         net41 (net)
                      0.039813    0.000186    0.701171 ^ _093_/A0 (sg13g2_mux2_1)
     1    0.003976    0.031321    0.096452    0.797623 ^ _093_/X (sg13g2_mux2_1)
                                                         _005_ (net)
                      0.031321    0.000243    0.797866 ^ _119_/D (sg13g2_dfrbpq_1)
                                              0.797866   data arrival time

                                  0.000000    0.000000   clock clk (rise edge)
                                  0.000000    0.000000   clock source latency
     1    0.022567    0.037579    0.019591    0.019591 ^ clk (in)
                                                         clk (net)
                      0.037770    0.000000    0.019591 ^ clkbuf_0_clk/A (sg13g2_buf_16)
     4    0.085418    0.034407    0.079860    0.099451 ^ clkbuf_0_clk/X (sg13g2_buf_16)
                                                         clknet_0_clk (net)
                      0.035512    0.004534    0.103985 ^ clkbuf_2_2__f_clk/A (sg13g2_buf_16)
     4    0.016717    0.018956    0.067177    0.171162 ^ clkbuf_2_2__f_clk/X (sg13g2_buf_16)
                                                         clknet_2_2__leaf_clk (net)
                      0.018959    0.000420    0.171582 ^ _119_/CLK (sg13g2_dfrbpq_1)
                                  0.250000    0.421582   clock uncertainty
                                 -0.007532    0.414050   clock reconvergence pessimism
                                 -0.062115    0.351935   library hold time
                                              0.351935   data required time
---------------------------------------------------------------------------------------------
                                              0.351935   data required time
                                             -0.797866   data arrival time
---------------------------------------------------------------------------------------------
                                              0.445931   slack (MET)


Startpoint: _118_ (rising edge-triggered flip-flop clocked by clk)
Endpoint: _118_ (rising edge-triggered flip-flop clocked by clk)
Path Group: clk
Path Type: min

Fanout         Cap        Slew       Delay        Time   Description
---------------------------------------------------------------------------------------------
                                  0.000000    0.000000   clock clk (rise edge)
                                  0.000000    0.000000   clock source latency
     1    0.019894    0.035144    0.017313    0.017313 ^ clk (in)
                                                         clk (net)
                      0.035285    0.000000    0.017313 ^ clkbuf_0_clk/A (sg13g2_buf_16)
     4    0.074727    0.031716    0.076947    0.094260 ^ clkbuf_0_clk/X (sg13g2_buf_16)
                                                         clknet_0_clk (net)
                      0.032658    0.003959    0.098219 ^ clkbuf_2_2__f_clk/A (sg13g2_buf_16)
     4    0.014928    0.018403    0.065458    0.163678 ^ clkbuf_2_2__f_clk/X (sg13g2_buf_16)
                                                         clknet_2_2__leaf_clk (net)
                      0.018407    0.000698    0.164375 ^ _118_/CLK (sg13g2_dfrbpq_1)
     2    0.007033    0.038801    0.173492    0.337867 ^ _118_/Q (sg13g2_dfrbpq_1)
                                                         memory[13] (net)
                      0.038815    0.000676    0.338543 ^ hold36/A (sg13g2_dlygate4sd3_1)
     1    0.004913    0.040870    0.369093    0.707636 ^ hold36/X (sg13g2_dlygate4sd3_1)
                                                         net35 (net)
                      0.040870    0.000330    0.707966 ^ _091_/A0 (sg13g2_mux2_1)
     1    0.002525    0.026225    0.092452    0.800418 ^ _091_/X (sg13g2_mux2_1)
                                                         _004_ (net)
                      0.026225    0.000163    0.800581 ^ _118_/D (sg13g2_dfrbpq_1)
                                              0.800581   data arrival time

                                  0.000000    0.000000   clock clk (rise edge)
                                  0.000000    0.000000   clock source latency
     1    0.022567    0.037579    0.019591    0.019591 ^ clk (in)
                                                         clk (net)
                      0.037770    0.000000    0.019591 ^ clkbuf_0_clk/A (sg13g2_buf_16)
     4    0.085418    0.034407    0.079860    0.099451 ^ clkbuf_0_clk/X (sg13g2_buf_16)
                                                         clknet_0_clk (net)
                      0.035512    0.004534    0.103985 ^ clkbuf_2_2__f_clk/A (sg13g2_buf_16)
     4    0.016717    0.018956    0.067177    0.171162 ^ clkbuf_2_2__f_clk/X (sg13g2_buf_16)
                                                         clknet_2_2__leaf_clk (net)
                      0.018964    0.000785    0.171947 ^ _118_/CLK (sg13g2_dfrbpq_1)
                                  0.250000    0.421947   clock uncertainty
                                 -0.007572    0.414375   clock reconvergence pessimism
                                 -0.060725    0.353650   library hold time
                                              0.353650   data required time
---------------------------------------------------------------------------------------------
                                              0.353650   data required time
                                             -0.800581   data arrival time
---------------------------------------------------------------------------------------------
                                              0.446931   slack (MET)


Startpoint: _124_ (rising edge-triggered flip-flop clocked by clk)
Endpoint: _124_ (rising edge-triggered flip-flop clocked by clk)
Path Group: clk
Path Type: min

Fanout         Cap        Slew       Delay        Time   Description
---------------------------------------------------------------------------------------------
                                  0.000000    0.000000   clock clk (rise edge)
                                  0.000000    0.000000   clock source latency
     1    0.019894    0.035144    0.017313    0.017313 ^ clk (in)
                                                         clk (net)
                      0.035285    0.000000    0.017313 ^ clkbuf_0_clk/A (sg13g2_buf_16)
     4    0.074727    0.031716    0.076947    0.094260 ^ clkbuf_0_clk/X (sg13g2_buf_16)
                                                         clknet_0_clk (net)
                      0.032943    0.004683    0.098943 ^ clkbuf_2_3__f_clk/A (sg13g2_buf_16)
     4    0.014251    0.018258    0.065469    0.164411 ^ clkbuf_2_3__f_clk/X (sg13g2_buf_16)
                                                         clknet_2_3__leaf_clk (net)
                      0.018258    0.000120    0.164532 ^ _124_/CLK (sg13g2_dfrbpq_1)
     2    0.007870    0.041952    0.176032    0.340563 ^ _124_/Q (sg13g2_dfrbpq_1)
                                                         memory[4] (net)
                      0.041952    0.000072    0.340635 ^ hold45/A (sg13g2_dlygate4sd3_1)
     1    0.004644    0.040048    0.369815    0.710451 ^ hold45/X (sg13g2_dlygate4sd3_1)
                                                         net44 (net)
                      0.040048    0.000286    0.710737 ^ _103_/A0 (sg13g2_mux2_1)
     1    0.002335    0.025557    0.091508    0.802246 ^ _103_/X (sg13g2_mux2_1)
                                                         _010_ (net)
                      0.025557    0.000082    0.802328 ^ _124_/D (sg13g2_dfrbpq_1)
                                              0.802328   data arrival time

                                  0.000000    0.000000   clock clk (rise edge)
                                  0.000000    0.000000   clock source latency
     1    0.022567    0.037579    0.019591    0.019591 ^ clk (in)
                                                         clk (net)
                      0.037770    0.000000    0.019591 ^ clkbuf_0_clk/A (sg13g2_buf_16)
     4    0.085418    0.034407    0.079860    0.099451 ^ clkbuf_0_clk/X (sg13g2_buf_16)
                                                         clknet_0_clk (net)
                      0.035867    0.005353    0.104804 ^ clkbuf_2_3__f_clk/A (sg13g2_buf_16)
     4    0.016040    0.018816    0.067224    0.172028 ^ clkbuf_2_3__f_clk/X (sg13g2_buf_16)
                                                         clknet_2_3__leaf_clk (net)
                      0.018817    0.000139    0.172167 ^ _124_/CLK (sg13g2_dfrbpq_1)
                                  0.250000    0.422167   clock uncertainty
                                 -0.007635    0.414532   clock reconvergence pessimism
                                 -0.060559    0.353973   library hold time
                                              0.353973   data required time
---------------------------------------------------------------------------------------------
                                              0.353973   data required time
                                             -0.802328   data arrival time
---------------------------------------------------------------------------------------------
                                              0.448355   slack (MET)


Startpoint: _125_ (rising edge-triggered flip-flop clocked by clk)
Endpoint: data_out (output port clocked by clk)
Path Group: clk
Path Type: min

Fanout         Cap        Slew       Delay        Time   Description
---------------------------------------------------------------------------------------------
                                  0.000000    0.000000   clock clk (rise edge)
                                  0.000000    0.000000   clock source latency
     1    0.019894    0.035144    0.017313    0.017313 ^ clk (in)
                                                         clk (net)
                      0.035285    0.000000    0.017313 ^ clkbuf_0_clk/A (sg13g2_buf_16)
     4    0.074727    0.031716    0.076947    0.094260 ^ clkbuf_0_clk/X (sg13g2_buf_16)
                                                         clknet_0_clk (net)
                      0.032943    0.004683    0.098943 ^ clkbuf_2_3__f_clk/A (sg13g2_buf_16)
     4    0.014251    0.018258    0.065469    0.164411 ^ clkbuf_2_3__f_clk/X (sg13g2_buf_16)
                                                         clknet_2_3__leaf_clk (net)
                      0.018261    0.000613    0.165024 ^ _125_/CLK (sg13g2_dfrbpq_1)
     2    0.005296    0.032477    0.168631    0.333656 ^ _125_/Q (sg13g2_dfrbpq_1)
                                                         memory[5] (net)
                      0.032477    0.000124    0.333779 ^ _076_/A1 (sg13g2_mux4_1)
     1    0.003855    0.035822    0.149498    0.483277 ^ _076_/X (sg13g2_mux4_1)
                                                         _028_ (net)
                      0.035822    0.000153    0.483430 ^ _078_/B (sg13g2_nand2b_1)
     2    0.005647    0.046857    0.063117    0.546547 v _078_/Y (sg13g2_nand2b_1)
                                                         _030_ (net)
                      0.046857    0.000173    0.546721 v _080_/D (sg13g2_nand4_1)
     1    0.004278    0.041459    0.056443    0.603164 ^ _080_/Y (sg13g2_nand4_1)
                                                         net8 (net)
                      0.041460    0.000274    0.603438 ^ output8/A (sg13g2_buf_1)
     1    0.006896    0.037560    0.076641    0.680079 ^ output8/X (sg13g2_buf_1)
                                                         data_out (net)
                      0.037561    0.000284    0.680363 ^ data_out (out)
                                              0.680363   data arrival time

                                  0.000000    0.000000   clock clk (rise edge)
                                  0.000000    0.000000   clock network delay (propagated)
                                  0.250000    0.250000   clock uncertainty
                                  0.000000    0.250000   clock reconvergence pessimism
                                 -2.000000   -1.750000   output external delay
                                             -1.750000   data required time
---------------------------------------------------------------------------------------------
                                             -1.750000   data required time
                                             -0.680363   data arrival time
---------------------------------------------------------------------------------------------
                                              2.430363   slack (MET)


Startpoint: _125_ (rising edge-triggered flip-flop clocked by clk)
Endpoint: data_out_bar (output port clocked by clk)
Path Group: clk
Path Type: min

Fanout         Cap        Slew       Delay        Time   Description
---------------------------------------------------------------------------------------------
                                  0.000000    0.000000   clock clk (rise edge)
                                  0.000000    0.000000   clock source latency
     1    0.019894    0.035144    0.017313    0.017313 ^ clk (in)
                                                         clk (net)
                      0.035285    0.000000    0.017313 ^ clkbuf_0_clk/A (sg13g2_buf_16)
     4    0.074727    0.031716    0.076947    0.094260 ^ clkbuf_0_clk/X (sg13g2_buf_16)
                                                         clknet_0_clk (net)
                      0.032943    0.004683    0.098943 ^ clkbuf_2_3__f_clk/A (sg13g2_buf_16)
     4    0.014251    0.018258    0.065469    0.164411 ^ clkbuf_2_3__f_clk/X (sg13g2_buf_16)
                                                         clknet_2_3__leaf_clk (net)
                      0.018261    0.000613    0.165024 ^ _125_/CLK (sg13g2_dfrbpq_1)
     2    0.005296    0.032477    0.168631    0.333656 ^ _125_/Q (sg13g2_dfrbpq_1)
                                                         memory[5] (net)
                      0.032477    0.000124    0.333779 ^ _076_/A1 (sg13g2_mux4_1)
     1    0.003855    0.035822    0.149498    0.483277 ^ _076_/X (sg13g2_mux4_1)
                                                         _028_ (net)
                      0.035822    0.000153    0.483430 ^ _078_/B (sg13g2_nand2b_1)
     2    0.005647    0.046857    0.063117    0.546547 v _078_/Y (sg13g2_nand2b_1)
                                                         _030_ (net)
                      0.046857    0.000171    0.546719 v _079_/D (sg13g2_and4_1)
     1    0.002655    0.022209    0.094359    0.641077 v _079_/X (sg13g2_and4_1)
                                                         net9 (net)
                      0.022209    0.000196    0.641274 v output9/A (sg13g2_buf_1)
     1    0.007185    0.031362    0.069328    0.710601 v output9/X (sg13g2_buf_1)
                                                         data_out_bar (net)
                      0.031364    0.000300    0.710901 v data_out_bar (out)
                                              0.710901   data arrival time

                                  0.000000    0.000000   clock clk (rise edge)
                                  0.000000    0.000000   clock network delay (propagated)
                                  0.250000    0.250000   clock uncertainty
                                  0.000000    0.250000   clock reconvergence pessimism
                                 -2.000000   -1.750000   output external delay
                                             -1.750000   data required time
---------------------------------------------------------------------------------------------
                                             -1.750000   data required time
                                             -0.710901   data arrival time
---------------------------------------------------------------------------------------------
                                              2.460901   slack (MET)



