Clock: clk
Sources: clk 
Generated: no
Virtual: yes
Propagated: no
Period: 10.000000

===========================================================================
report_clock_properties
============================================================================
Clock                   Period          Waveform
----------------------------------------------------
clk                  10.000000    0.000000  5.000000

===========================================================================
report_clock_latency
============================================================================
Clock clk
rise -> rise
    min     max
0.000000 0.000000 source latency
0.179123         network latency _121_/CLK
        0.184871 network latency _129_/CLK
---------------
0.179123 0.184871 latency
        0.005747 skew

fall -> fall
    min     max
0.000000 0.000000 source latency
0.180459         network latency _121_/CLK
        0.186095 network latency _129_/CLK
---------------
0.180459 0.186095 latency
        0.005636 skew



===========================================================================
report_clock_min_period
============================================================================
clk period_min = 1.06 fmax = 941.87
