
===========================================================================
report_checks -unconstrained
===========================================================================
======================= nom_fast_1p32V_m40C Corner ===================================

Startpoint: col_addr[0] (input port clocked by clk)
Endpoint: data_out_bar (output port clocked by clk)
Path Group: clk
Path Type: max

Fanout         Cap        Slew       Delay        Time   Description
---------------------------------------------------------------------------------------------
                      0.150000    0.000000    0.000000   clock clk (rise edge)
                                  0.000000    0.000000   clock network delay (ideal)
                                  2.000000    2.000000 ^ input external delay
    11    0.071971    0.056294    0.038648    2.038647 ^ col_addr[0] (in)
                                                         col_addr[0] (net)
                      0.056294    0.000000    2.038647 ^ _076_/S0 (sg13g2_mux4_1)
     1    0.003579    0.027465    0.148783    2.187430 v _076_/X (sg13g2_mux4_1)
                                                         _028_ (net)
                      0.027465    0.000000    2.187430 v _078_/B (sg13g2_nand2b_1)
     2    0.006821    0.030075    0.032709    2.220139 ^ _078_/Y (sg13g2_nand2b_1)
                                                         _030_ (net)
                      0.030075    0.000000    2.220139 ^ _079_/D (sg13g2_and4_1)
     1    0.006000    0.033880    0.111883    2.332022 ^ _079_/X (sg13g2_and4_1)
                                                         data_out_bar (net)
                      0.033880    0.000000    2.332022 ^ data_out_bar (out)
                                              2.332022   data arrival time

                      0.150000   10.000000   10.000000   clock clk (rise edge)
                                  0.000000   10.000000   clock network delay (ideal)
                                 -0.250000    9.750000   clock uncertainty
                                  0.000000    9.750000   clock reconvergence pessimism
                                 -2.000000    7.750000   output external delay
                                              7.750000   data required time
---------------------------------------------------------------------------------------------
                                              7.750000   data required time
                                             -2.332022   data arrival time
---------------------------------------------------------------------------------------------
                                              5.417978   slack (MET)




===========================================================================
report_checks --slack_max -0.01
============================================================================
======================= nom_fast_1p32V_m40C Corner ===================================

No paths found.


===========================================================================
 report_check_types -max_slew -max_cap -max_fanout -violators
============================================================================
======================= nom_fast_1p32V_m40C Corner ===================================

max fanout

Pin                                   Limit Fanout  Slack
---------------------------------------------------------
data_in                                   8     16     -8 (VIOLATED)
_081_/Y                                   8     16     -8 (VIOLATED)
col_addr[0]                               8     11     -3 (VIOLATED)
col_addr[1]                               8     11     -3 (VIOLATED)



===========================================================================
report_parasitic_annotation -report_unannotated
============================================================================
Found 91 unannotated drivers.
 clk
 col_addr[0]
 col_addr[1]
 cs
 data_in
 oe_n
 row_addr[0]
 row_addr[1]
 we_n
 _064_/Y
 _065_/Y
 _066_/Y
 _067_/X
 _068_/X
 _069_/Y
 _070_/X
 _071_/Y
 _072_/Y
 _073_/X
 _074_/Y
 _075_/Y
 _076_/X
 _077_/Y
 _078_/Y
 _079_/X
 _080_/Y
 _081_/Y
 _082_/Y
 _083_/X
 _084_/Y
 _085_/X
 _086_/Y
 _087_/X
 _088_/Y
 _089_/X
 _090_/Y
 _091_/X
 _092_/Y
 _093_/X
 _094_/Y
 _095_/X
 _096_/Y
 _097_/X
 _098_/Y
 _099_/X
 _100_/Y
 _101_/X
 _102_/Y
 _103_/X
 _104_/Y
 _105_/X
 _106_/Y
 _107_/X
 _108_/Y
 _109_/X
 _110_/Y
 _111_/X
 _112_/Y
 _113_/X
 _114_/Q
 _115_/Q
 _116_/Q
 _117_/Q
 _118_/Q
 _119_/Q
 _120_/Q
 _121_/Q
 _122_/Q
 _123_/Q
 _124_/Q
 _125_/Q
 _126_/Q
 _127_/Q
 _128_/Q
 _129_/Q
 _130_/L_HI
 _131_/L_HI
 _132_/L_HI
 _133_/L_HI
 _134_/L_HI
 _135_/L_HI
 _136_/L_HI
 _137_/L_HI
 _138_/L_HI
 _139_/L_HI
 _140_/L_HI
 _141_/L_HI
 _142_/L_HI
 _143_/L_HI
 _144_/L_HI
 _145_/L_HI
Found 0 partially unannotated drivers.

===========================================================================
max slew violation count 0
max fanout violation count 4
max cap violation count 0
============================================================================

===========================================================================
check_setup -verbose -unconstrained_endpoints -multiple_clock -no_clock -no_input_delay -loops -generated_clocks
===========================================================================
