Clock: clk
Sources: clk 
Generated: no
Virtual: no
Propagated: no
Period: 10.000000

===========================================================================
report_clock_properties
============================================================================
Clock                   Period          Waveform
----------------------------------------------------
clk                  10.000000    0.000000  5.000000

===========================================================================
report_clock_latency
============================================================================
Clock clk
rise -> rise
    min     max
0.000000 0.000000 source latency
0.024819         network latency _114_/CLK
        0.029483 network latency _114_/CLK
---------------
0.024819 0.029483 latency
        0.004664 skew

fall -> fall
    min     max
0.000000 0.000000 source latency
0.020481         network latency _114_/CLK
        0.025080 network latency _114_/CLK
---------------
0.020481 0.025080 latency
        0.004599 skew



===========================================================================
report_clock_min_period
============================================================================
clk period_min = 0.00 fmax = inf
