
===========================================================================
report_checks -path_delay min (Hold)
============================================================================
======================= nom_fast_1p32V_m40C Corner ===================================

Startpoint: _118_ (rising edge-triggered flip-flop clocked by clk)
Endpoint: _118_ (rising edge-triggered flip-flop clocked by clk)
Path Group: clk
Path Type: min

Fanout         Cap        Slew       Delay        Time   Description
---------------------------------------------------------------------------------------------
                      0.150000    0.000000    0.000000   clock clk (rise edge)
                                  0.000000    0.000000   clock network delay (ideal)
                      0.150000    0.000000    0.000000 ^ _118_/CLK (sg13g2_dfrbpq_1)
     2    0.005103    0.018098    0.154943    0.154943 v _118_/Q (sg13g2_dfrbpq_1)
                                                         memory[13] (net)
                      0.018098    0.000000    0.154943 v _091_/A0 (sg13g2_mux2_1)
     1    0.001523    0.016831    0.065502    0.220445 v _091_/X (sg13g2_mux2_1)
                                                         _004_ (net)
                      0.016831    0.000000    0.220445 v _118_/D (sg13g2_dfrbpq_1)
                                              0.220445   data arrival time

                      0.150000    0.000000    0.000000   clock clk (rise edge)
                                  0.000000    0.000000   clock network delay (ideal)
                                  0.250000    0.250000   clock uncertainty
                                  0.000000    0.250000   clock reconvergence pessimism
                                              0.250000 ^ _118_/CLK (sg13g2_dfrbpq_1)
                                 -0.000694    0.249306   library hold time
                                              0.249306   data required time
---------------------------------------------------------------------------------------------
                                              0.249306   data required time
                                             -0.220445   data arrival time
---------------------------------------------------------------------------------------------
                                             -0.028860   slack (VIOLATED)


Startpoint: _121_ (rising edge-triggered flip-flop clocked by clk)
Endpoint: _121_ (rising edge-triggered flip-flop clocked by clk)
Path Group: clk
Path Type: min

Fanout         Cap        Slew       Delay        Time   Description
---------------------------------------------------------------------------------------------
                      0.150000    0.000000    0.000000   clock clk (rise edge)
                                  0.000000    0.000000   clock network delay (ideal)
                      0.150000    0.000000    0.000000 ^ _121_/CLK (sg13g2_dfrbpq_1)
     2    0.005103    0.018098    0.154943    0.154943 v _121_/Q (sg13g2_dfrbpq_1)
                                                         memory[1] (net)
                      0.018098    0.000000    0.154943 v _097_/A0 (sg13g2_mux2_1)
     1    0.001523    0.016833    0.065502    0.220445 v _097_/X (sg13g2_mux2_1)
                                                         _007_ (net)
                      0.016833    0.000000    0.220445 v _121_/D (sg13g2_dfrbpq_1)
                                              0.220445   data arrival time

                      0.150000    0.000000    0.000000   clock clk (rise edge)
                                  0.000000    0.000000   clock network delay (ideal)
                                  0.250000    0.250000   clock uncertainty
                                  0.000000    0.250000   clock reconvergence pessimism
                                              0.250000 ^ _121_/CLK (sg13g2_dfrbpq_1)
                                 -0.000695    0.249305   library hold time
                                              0.249305   data required time
---------------------------------------------------------------------------------------------
                                              0.249305   data required time
                                             -0.220445   data arrival time
---------------------------------------------------------------------------------------------
                                             -0.028860   slack (VIOLATED)


Startpoint: _125_ (rising edge-triggered flip-flop clocked by clk)
Endpoint: _125_ (rising edge-triggered flip-flop clocked by clk)
Path Group: clk
Path Type: min

Fanout         Cap        Slew       Delay        Time   Description
---------------------------------------------------------------------------------------------
                      0.150000    0.000000    0.000000   clock clk (rise edge)
                                  0.000000    0.000000   clock network delay (ideal)
                      0.150000    0.000000    0.000000 ^ _125_/CLK (sg13g2_dfrbpq_1)
     2    0.005103    0.018098    0.154943    0.154943 v _125_/Q (sg13g2_dfrbpq_1)
                                                         memory[5] (net)
                      0.018098    0.000000    0.154943 v _105_/A0 (sg13g2_mux2_1)
     1    0.001523    0.016838    0.065502    0.220445 v _105_/X (sg13g2_mux2_1)
                                                         _011_ (net)
                      0.016838    0.000000    0.220445 v _125_/D (sg13g2_dfrbpq_1)
                                              0.220445   data arrival time

                      0.150000    0.000000    0.000000   clock clk (rise edge)
                                  0.000000    0.000000   clock network delay (ideal)
                                  0.250000    0.250000   clock uncertainty
                                  0.000000    0.250000   clock reconvergence pessimism
                                              0.250000 ^ _125_/CLK (sg13g2_dfrbpq_1)
                                 -0.000696    0.249304   library hold time
                                              0.249304   data required time
---------------------------------------------------------------------------------------------
                                              0.249304   data required time
                                             -0.220445   data arrival time
---------------------------------------------------------------------------------------------
                                             -0.028859   slack (VIOLATED)


Startpoint: _129_ (rising edge-triggered flip-flop clocked by clk)
Endpoint: _129_ (rising edge-triggered flip-flop clocked by clk)
Path Group: clk
Path Type: min

Fanout         Cap        Slew       Delay        Time   Description
---------------------------------------------------------------------------------------------
                      0.150000    0.000000    0.000000   clock clk (rise edge)
                                  0.000000    0.000000   clock network delay (ideal)
                      0.150000    0.000000    0.000000 ^ _129_/CLK (sg13g2_dfrbpq_1)
     2    0.005103    0.018098    0.154943    0.154943 v _129_/Q (sg13g2_dfrbpq_1)
                                                         memory[9] (net)
                      0.018098    0.000000    0.154943 v _113_/A0 (sg13g2_mux2_1)
     1    0.001523    0.016838    0.065502    0.220445 v _113_/X (sg13g2_mux2_1)
                                                         _015_ (net)
                      0.016838    0.000000    0.220445 v _129_/D (sg13g2_dfrbpq_1)
                                              0.220445   data arrival time

                      0.150000    0.000000    0.000000   clock clk (rise edge)
                                  0.000000    0.000000   clock network delay (ideal)
                                  0.250000    0.250000   clock uncertainty
                                  0.000000    0.250000   clock reconvergence pessimism
                                              0.250000 ^ _129_/CLK (sg13g2_dfrbpq_1)
                                 -0.000696    0.249304   library hold time
                                              0.249304   data required time
---------------------------------------------------------------------------------------------
                                              0.249304   data required time
                                             -0.220445   data arrival time
---------------------------------------------------------------------------------------------
                                             -0.028859   slack (VIOLATED)


Startpoint: _119_ (rising edge-triggered flip-flop clocked by clk)
Endpoint: _119_ (rising edge-triggered flip-flop clocked by clk)
Path Group: clk
Path Type: min

Fanout         Cap        Slew       Delay        Time   Description
---------------------------------------------------------------------------------------------
                      0.150000    0.000000    0.000000   clock clk (rise edge)
                                  0.000000    0.000000   clock network delay (ideal)
                      0.150000    0.000000    0.000000 ^ _119_/CLK (sg13g2_dfrbpq_1)
     2    0.005138    0.018167    0.155002    0.155002 v _119_/Q (sg13g2_dfrbpq_1)
                                                         memory[14] (net)
                      0.018167    0.000000    0.155002 v _093_/A0 (sg13g2_mux2_1)
     1    0.001523    0.016831    0.065525    0.220527 v _093_/X (sg13g2_mux2_1)
                                                         _005_ (net)
                      0.016831    0.000000    0.220527 v _119_/D (sg13g2_dfrbpq_1)
                                              0.220527   data arrival time

                      0.150000    0.000000    0.000000   clock clk (rise edge)
                                  0.000000    0.000000   clock network delay (ideal)
                                  0.250000    0.250000   clock uncertainty
                                  0.000000    0.250000   clock reconvergence pessimism
                                              0.250000 ^ _119_/CLK (sg13g2_dfrbpq_1)
                                 -0.000694    0.249306   library hold time
                                              0.249306   data required time
---------------------------------------------------------------------------------------------
                                              0.249306   data required time
                                             -0.220527   data arrival time
---------------------------------------------------------------------------------------------
                                             -0.028778   slack (VIOLATED)


Startpoint: _122_ (rising edge-triggered flip-flop clocked by clk)
Endpoint: _122_ (rising edge-triggered flip-flop clocked by clk)
Path Group: clk
Path Type: min

Fanout         Cap        Slew       Delay        Time   Description
---------------------------------------------------------------------------------------------
                      0.150000    0.000000    0.000000   clock clk (rise edge)
                                  0.000000    0.000000   clock network delay (ideal)
                      0.150000    0.000000    0.000000 ^ _122_/CLK (sg13g2_dfrbpq_1)
     2    0.005138    0.018167    0.155002    0.155002 v _122_/Q (sg13g2_dfrbpq_1)
                                                         memory[2] (net)
                      0.018167    0.000000    0.155002 v _099_/A0 (sg13g2_mux2_1)
     1    0.001523    0.016833    0.065525    0.220527 v _099_/X (sg13g2_mux2_1)
                                                         _008_ (net)
                      0.016833    0.000000    0.220527 v _122_/D (sg13g2_dfrbpq_1)
                                              0.220527   data arrival time

                      0.150000    0.000000    0.000000   clock clk (rise edge)
                                  0.000000    0.000000   clock network delay (ideal)
                                  0.250000    0.250000   clock uncertainty
                                  0.000000    0.250000   clock reconvergence pessimism
                                              0.250000 ^ _122_/CLK (sg13g2_dfrbpq_1)
                                 -0.000695    0.249305   library hold time
                                              0.249305   data required time
---------------------------------------------------------------------------------------------
                                              0.249305   data required time
                                             -0.220527   data arrival time
---------------------------------------------------------------------------------------------
                                             -0.028778   slack (VIOLATED)


Startpoint: _115_ (rising edge-triggered flip-flop clocked by clk)
Endpoint: _115_ (rising edge-triggered flip-flop clocked by clk)
Path Group: clk
Path Type: min

Fanout         Cap        Slew       Delay        Time   Description
---------------------------------------------------------------------------------------------
                      0.150000    0.000000    0.000000   clock clk (rise edge)
                                  0.000000    0.000000   clock network delay (ideal)
                      0.150000    0.000000    0.000000 ^ _115_/CLK (sg13g2_dfrbpq_1)
     2    0.005138    0.018167    0.155002    0.155002 v _115_/Q (sg13g2_dfrbpq_1)
                                                         memory[10] (net)
                      0.018167    0.000000    0.155002 v _085_/A0 (sg13g2_mux2_1)
     1    0.001523    0.016838    0.065525    0.220527 v _085_/X (sg13g2_mux2_1)
                                                         _001_ (net)
                      0.016838    0.000000    0.220527 v _115_/D (sg13g2_dfrbpq_1)
                                              0.220527   data arrival time

                      0.150000    0.000000    0.000000   clock clk (rise edge)
                                  0.000000    0.000000   clock network delay (ideal)
                                  0.250000    0.250000   clock uncertainty
                                  0.000000    0.250000   clock reconvergence pessimism
                                              0.250000 ^ _115_/CLK (sg13g2_dfrbpq_1)
                                 -0.000696    0.249304   library hold time
                                              0.249304   data required time
---------------------------------------------------------------------------------------------
                                              0.249304   data required time
                                             -0.220527   data arrival time
---------------------------------------------------------------------------------------------
                                             -0.028777   slack (VIOLATED)


Startpoint: _126_ (rising edge-triggered flip-flop clocked by clk)
Endpoint: _126_ (rising edge-triggered flip-flop clocked by clk)
Path Group: clk
Path Type: min

Fanout         Cap        Slew       Delay        Time   Description
---------------------------------------------------------------------------------------------
                      0.150000    0.000000    0.000000   clock clk (rise edge)
                                  0.000000    0.000000   clock network delay (ideal)
                      0.150000    0.000000    0.000000 ^ _126_/CLK (sg13g2_dfrbpq_1)
     2    0.005138    0.018167    0.155002    0.155002 v _126_/Q (sg13g2_dfrbpq_1)
                                                         memory[6] (net)
                      0.018167    0.000000    0.155002 v _107_/A0 (sg13g2_mux2_1)
     1    0.001523    0.016838    0.065525    0.220527 v _107_/X (sg13g2_mux2_1)
                                                         _012_ (net)
                      0.016838    0.000000    0.220527 v _126_/D (sg13g2_dfrbpq_1)
                                              0.220527   data arrival time

                      0.150000    0.000000    0.000000   clock clk (rise edge)
                                  0.000000    0.000000   clock network delay (ideal)
                                  0.250000    0.250000   clock uncertainty
                                  0.000000    0.250000   clock reconvergence pessimism
                                              0.250000 ^ _126_/CLK (sg13g2_dfrbpq_1)
                                 -0.000696    0.249304   library hold time
                                              0.249304   data required time
---------------------------------------------------------------------------------------------
                                              0.249304   data required time
                                             -0.220527   data arrival time
---------------------------------------------------------------------------------------------
                                             -0.028777   slack (VIOLATED)


Startpoint: _117_ (rising edge-triggered flip-flop clocked by clk)
Endpoint: _117_ (rising edge-triggered flip-flop clocked by clk)
Path Group: clk
Path Type: min

Fanout         Cap        Slew       Delay        Time   Description
---------------------------------------------------------------------------------------------
                      0.150000    0.000000    0.000000   clock clk (rise edge)
                                  0.000000    0.000000   clock network delay (ideal)
                      0.150000    0.000000    0.000000 ^ _117_/CLK (sg13g2_dfrbpq_1)
     2    0.005153    0.018196    0.155026    0.155026 v _117_/Q (sg13g2_dfrbpq_1)
                                                         memory[12] (net)
                      0.018196    0.000000    0.155026 v _089_/A0 (sg13g2_mux2_1)
     1    0.001523    0.016854    0.065535    0.220562 v _089_/X (sg13g2_mux2_1)
                                                         _003_ (net)
                      0.016854    0.000000    0.220562 v _117_/D (sg13g2_dfrbpq_1)
                                              0.220562   data arrival time

                      0.150000    0.000000    0.000000   clock clk (rise edge)
                                  0.000000    0.000000   clock network delay (ideal)
                                  0.250000    0.250000   clock uncertainty
                                  0.000000    0.250000   clock reconvergence pessimism
                                              0.250000 ^ _117_/CLK (sg13g2_dfrbpq_1)
                                 -0.000700    0.249300   library hold time
                                              0.249300   data required time
---------------------------------------------------------------------------------------------
                                              0.249300   data required time
                                             -0.220562   data arrival time
---------------------------------------------------------------------------------------------
                                             -0.028738   slack (VIOLATED)


Startpoint: _114_ (rising edge-triggered flip-flop clocked by clk)
Endpoint: _114_ (rising edge-triggered flip-flop clocked by clk)
Path Group: clk
Path Type: min

Fanout         Cap        Slew       Delay        Time   Description
---------------------------------------------------------------------------------------------
                      0.150000    0.000000    0.000000   clock clk (rise edge)
                                  0.000000    0.000000   clock network delay (ideal)
                      0.150000    0.000000    0.000000 ^ _114_/CLK (sg13g2_dfrbpq_1)
     2    0.005153    0.018196    0.155026    0.155026 v _114_/Q (sg13g2_dfrbpq_1)
                                                         memory[0] (net)
                      0.018196    0.000000    0.155026 v _083_/A0 (sg13g2_mux2_1)
     1    0.001523    0.016856    0.065535    0.220562 v _083_/X (sg13g2_mux2_1)
                                                         _000_ (net)
                      0.016856    0.000000    0.220562 v _114_/D (sg13g2_dfrbpq_1)
                                              0.220562   data arrival time

                      0.150000    0.000000    0.000000   clock clk (rise edge)
                                  0.000000    0.000000   clock network delay (ideal)
                                  0.250000    0.250000   clock uncertainty
                                  0.000000    0.250000   clock reconvergence pessimism
                                              0.250000 ^ _114_/CLK (sg13g2_dfrbpq_1)
                                 -0.000700    0.249300   library hold time
                                              0.249300   data required time
---------------------------------------------------------------------------------------------
                                              0.249300   data required time
                                             -0.220562   data arrival time
---------------------------------------------------------------------------------------------
                                             -0.028738   slack (VIOLATED)


Startpoint: _124_ (rising edge-triggered flip-flop clocked by clk)
Endpoint: _124_ (rising edge-triggered flip-flop clocked by clk)
Path Group: clk
Path Type: min

Fanout         Cap        Slew       Delay        Time   Description
---------------------------------------------------------------------------------------------
                      0.150000    0.000000    0.000000   clock clk (rise edge)
                                  0.000000    0.000000   clock network delay (ideal)
                      0.150000    0.000000    0.000000 ^ _124_/CLK (sg13g2_dfrbpq_1)
     2    0.005153    0.018196    0.155026    0.155026 v _124_/Q (sg13g2_dfrbpq_1)
                                                         memory[4] (net)
                      0.018196    0.000000    0.155026 v _103_/A0 (sg13g2_mux2_1)
     1    0.001523    0.016861    0.065535    0.220562 v _103_/X (sg13g2_mux2_1)
                                                         _010_ (net)
                      0.016861    0.000000    0.220562 v _124_/D (sg13g2_dfrbpq_1)
                                              0.220562   data arrival time

                      0.150000    0.000000    0.000000   clock clk (rise edge)
                                  0.000000    0.000000   clock network delay (ideal)
                                  0.250000    0.250000   clock uncertainty
                                  0.000000    0.250000   clock reconvergence pessimism
                                              0.250000 ^ _124_/CLK (sg13g2_dfrbpq_1)
                                 -0.000702    0.249298   library hold time
                                              0.249298   data required time
---------------------------------------------------------------------------------------------
                                              0.249298   data required time
                                             -0.220562   data arrival time
---------------------------------------------------------------------------------------------
                                             -0.028737   slack (VIOLATED)


Startpoint: _128_ (rising edge-triggered flip-flop clocked by clk)
Endpoint: _128_ (rising edge-triggered flip-flop clocked by clk)
Path Group: clk
Path Type: min

Fanout         Cap        Slew       Delay        Time   Description
---------------------------------------------------------------------------------------------
                      0.150000    0.000000    0.000000   clock clk (rise edge)
                                  0.000000    0.000000   clock network delay (ideal)
                      0.150000    0.000000    0.000000 ^ _128_/CLK (sg13g2_dfrbpq_1)
     2    0.005153    0.018196    0.155026    0.155026 v _128_/Q (sg13g2_dfrbpq_1)
                                                         memory[8] (net)
                      0.018196    0.000000    0.155026 v _111_/A0 (sg13g2_mux2_1)
     1    0.001523    0.016861    0.065535    0.220562 v _111_/X (sg13g2_mux2_1)
                                                         _014_ (net)
                      0.016861    0.000000    0.220562 v _128_/D (sg13g2_dfrbpq_1)
                                              0.220562   data arrival time

                      0.150000    0.000000    0.000000   clock clk (rise edge)
                                  0.000000    0.000000   clock network delay (ideal)
                                  0.250000    0.250000   clock uncertainty
                                  0.000000    0.250000   clock reconvergence pessimism
                                              0.250000 ^ _128_/CLK (sg13g2_dfrbpq_1)
                                 -0.000702    0.249298   library hold time
                                              0.249298   data required time
---------------------------------------------------------------------------------------------
                                              0.249298   data required time
                                             -0.220562   data arrival time
---------------------------------------------------------------------------------------------
                                             -0.028737   slack (VIOLATED)


Startpoint: _120_ (rising edge-triggered flip-flop clocked by clk)
Endpoint: _120_ (rising edge-triggered flip-flop clocked by clk)
Path Group: clk
Path Type: min

Fanout         Cap        Slew       Delay        Time   Description
---------------------------------------------------------------------------------------------
                      0.150000    0.000000    0.000000   clock clk (rise edge)
                                  0.000000    0.000000   clock network delay (ideal)
                      0.150000    0.000000    0.000000 ^ _120_/CLK (sg13g2_dfrbpq_1)
     2    0.005181    0.018251    0.155072    0.155072 v _120_/Q (sg13g2_dfrbpq_1)
                                                         memory[15] (net)
                      0.018251    0.000000    0.155072 v _095_/A0 (sg13g2_mux2_1)
     1    0.001523    0.016831    0.065554    0.220626 v _095_/X (sg13g2_mux2_1)
                                                         _006_ (net)
                      0.016831    0.000000    0.220626 v _120_/D (sg13g2_dfrbpq_1)
                                              0.220626   data arrival time

                      0.150000    0.000000    0.000000   clock clk (rise edge)
                                  0.000000    0.000000   clock network delay (ideal)
                                  0.250000    0.250000   clock uncertainty
                                  0.000000    0.250000   clock reconvergence pessimism
                                              0.250000 ^ _120_/CLK (sg13g2_dfrbpq_1)
                                 -0.000694    0.249306   library hold time
                                              0.249306   data required time
---------------------------------------------------------------------------------------------
                                              0.249306   data required time
                                             -0.220626   data arrival time
---------------------------------------------------------------------------------------------
                                             -0.028679   slack (VIOLATED)


Startpoint: _123_ (rising edge-triggered flip-flop clocked by clk)
Endpoint: _123_ (rising edge-triggered flip-flop clocked by clk)
Path Group: clk
Path Type: min

Fanout         Cap        Slew       Delay        Time   Description
---------------------------------------------------------------------------------------------
                      0.150000    0.000000    0.000000   clock clk (rise edge)
                                  0.000000    0.000000   clock network delay (ideal)
                      0.150000    0.000000    0.000000 ^ _123_/CLK (sg13g2_dfrbpq_1)
     2    0.005181    0.018251    0.155072    0.155072 v _123_/Q (sg13g2_dfrbpq_1)
                                                         memory[3] (net)
                      0.018251    0.000000    0.155072 v _101_/A0 (sg13g2_mux2_1)
     1    0.001523    0.016833    0.065554    0.220626 v _101_/X (sg13g2_mux2_1)
                                                         _009_ (net)
                      0.016833    0.000000    0.220626 v _123_/D (sg13g2_dfrbpq_1)
                                              0.220626   data arrival time

                      0.150000    0.000000    0.000000   clock clk (rise edge)
                                  0.000000    0.000000   clock network delay (ideal)
                                  0.250000    0.250000   clock uncertainty
                                  0.000000    0.250000   clock reconvergence pessimism
                                              0.250000 ^ _123_/CLK (sg13g2_dfrbpq_1)
                                 -0.000695    0.249305   library hold time
                                              0.249305   data required time
---------------------------------------------------------------------------------------------
                                              0.249305   data required time
                                             -0.220626   data arrival time
---------------------------------------------------------------------------------------------
                                             -0.028679   slack (VIOLATED)


Startpoint: _116_ (rising edge-triggered flip-flop clocked by clk)
Endpoint: _116_ (rising edge-triggered flip-flop clocked by clk)
Path Group: clk
Path Type: min

Fanout         Cap        Slew       Delay        Time   Description
---------------------------------------------------------------------------------------------
                      0.150000    0.000000    0.000000   clock clk (rise edge)
                                  0.000000    0.000000   clock network delay (ideal)
                      0.150000    0.000000    0.000000 ^ _116_/CLK (sg13g2_dfrbpq_1)
     2    0.005181    0.018251    0.155072    0.155072 v _116_/Q (sg13g2_dfrbpq_1)
                                                         memory[11] (net)
                      0.018251    0.000000    0.155072 v _087_/A0 (sg13g2_mux2_1)
     1    0.001523    0.016838    0.065554    0.220626 v _087_/X (sg13g2_mux2_1)
                                                         _002_ (net)
                      0.016838    0.000000    0.220626 v _116_/D (sg13g2_dfrbpq_1)
                                              0.220626   data arrival time

                      0.150000    0.000000    0.000000   clock clk (rise edge)
                                  0.000000    0.000000   clock network delay (ideal)
                                  0.250000    0.250000   clock uncertainty
                                  0.000000    0.250000   clock reconvergence pessimism
                                              0.250000 ^ _116_/CLK (sg13g2_dfrbpq_1)
                                 -0.000696    0.249304   library hold time
                                              0.249304   data required time
---------------------------------------------------------------------------------------------
                                              0.249304   data required time
                                             -0.220626   data arrival time
---------------------------------------------------------------------------------------------
                                             -0.028677   slack (VIOLATED)


Startpoint: _127_ (rising edge-triggered flip-flop clocked by clk)
Endpoint: _127_ (rising edge-triggered flip-flop clocked by clk)
Path Group: clk
Path Type: min

Fanout         Cap        Slew       Delay        Time   Description
---------------------------------------------------------------------------------------------
                      0.150000    0.000000    0.000000   clock clk (rise edge)
                                  0.000000    0.000000   clock network delay (ideal)
                      0.150000    0.000000    0.000000 ^ _127_/CLK (sg13g2_dfrbpq_1)
     2    0.005181    0.018251    0.155072    0.155072 v _127_/Q (sg13g2_dfrbpq_1)
                                                         memory[7] (net)
                      0.018251    0.000000    0.155072 v _109_/A0 (sg13g2_mux2_1)
     1    0.001523    0.016838    0.065554    0.220626 v _109_/X (sg13g2_mux2_1)
                                                         _013_ (net)
                      0.016838    0.000000    0.220626 v _127_/D (sg13g2_dfrbpq_1)
                                              0.220626   data arrival time

                      0.150000    0.000000    0.000000   clock clk (rise edge)
                                  0.000000    0.000000   clock network delay (ideal)
                                  0.250000    0.250000   clock uncertainty
                                  0.000000    0.250000   clock reconvergence pessimism
                                              0.250000 ^ _127_/CLK (sg13g2_dfrbpq_1)
                                 -0.000696    0.249304   library hold time
                                              0.249304   data required time
---------------------------------------------------------------------------------------------
                                              0.249304   data required time
                                             -0.220626   data arrival time
---------------------------------------------------------------------------------------------
                                             -0.028677   slack (VIOLATED)


Startpoint: _121_ (rising edge-triggered flip-flop clocked by clk)
Endpoint: data_out (output port clocked by clk)
Path Group: clk
Path Type: min

Fanout         Cap        Slew       Delay        Time   Description
---------------------------------------------------------------------------------------------
                      0.150000    0.000000    0.000000   clock clk (rise edge)
                                  0.000000    0.000000   clock network delay (ideal)
                      0.150000    0.000000    0.000000 ^ _121_/CLK (sg13g2_dfrbpq_1)
     2    0.005225    0.021975    0.156844    0.156844 ^ _121_/Q (sg13g2_dfrbpq_1)
                                                         memory[1] (net)
                      0.021975    0.000000    0.156844 ^ _067_/A1 (sg13g2_mux4_1)
     1    0.002880    0.022025    0.097300    0.254145 ^ _067_/X (sg13g2_mux4_1)
                                                         _019_ (net)
                      0.022025    0.000000    0.254145 ^ _069_/B (sg13g2_nand2b_1)
     2    0.004828    0.030458    0.039256    0.293401 v _069_/Y (sg13g2_nand2b_1)
                                                         _021_ (net)
                      0.030458    0.000000    0.293401 v _080_/A (sg13g2_nand4_1)
     1    0.006000    0.028641    0.032364    0.325765 ^ _080_/Y (sg13g2_nand4_1)
                                                         data_out (net)
                      0.028641    0.000000    0.325765 ^ data_out (out)
                                              0.325765   data arrival time

                      0.150000    0.000000    0.000000   clock clk (rise edge)
                                  0.000000    0.000000   clock network delay (ideal)
                                  0.250000    0.250000   clock uncertainty
                                  0.000000    0.250000   clock reconvergence pessimism
                                 -2.000000   -1.750000   output external delay
                                             -1.750000   data required time
---------------------------------------------------------------------------------------------
                                             -1.750000   data required time
                                             -0.325765   data arrival time
---------------------------------------------------------------------------------------------
                                              2.075765   slack (MET)


Startpoint: _121_ (rising edge-triggered flip-flop clocked by clk)
Endpoint: data_out_bar (output port clocked by clk)
Path Group: clk
Path Type: min

Fanout         Cap        Slew       Delay        Time   Description
---------------------------------------------------------------------------------------------
                      0.150000    0.000000    0.000000   clock clk (rise edge)
                                  0.000000    0.000000   clock network delay (ideal)
                      0.150000    0.000000    0.000000 ^ _121_/CLK (sg13g2_dfrbpq_1)
     2    0.005225    0.021975    0.156844    0.156844 ^ _121_/Q (sg13g2_dfrbpq_1)
                                                         memory[1] (net)
                      0.021975    0.000000    0.156844 ^ _067_/A1 (sg13g2_mux4_1)
     1    0.002880    0.022025    0.097300    0.254145 ^ _067_/X (sg13g2_mux4_1)
                                                         _019_ (net)
                      0.022025    0.000000    0.254145 ^ _069_/B (sg13g2_nand2b_1)
     2    0.004828    0.030458    0.039256    0.293401 v _069_/Y (sg13g2_nand2b_1)
                                                         _021_ (net)
                      0.030458    0.000000    0.293401 v _079_/A (sg13g2_and4_1)
     1    0.006000    0.021223    0.056642    0.350043 v _079_/X (sg13g2_and4_1)
                                                         data_out_bar (net)
                      0.021223    0.000000    0.350043 v data_out_bar (out)
                                              0.350043   data arrival time

                      0.150000    0.000000    0.000000   clock clk (rise edge)
                                  0.000000    0.000000   clock network delay (ideal)
                                  0.250000    0.250000   clock uncertainty
                                  0.000000    0.250000   clock reconvergence pessimism
                                 -2.000000   -1.750000   output external delay
                                             -1.750000   data required time
---------------------------------------------------------------------------------------------
                                             -1.750000   data required time
                                             -0.350043   data arrival time
---------------------------------------------------------------------------------------------
                                              2.100043   slack (MET)



