
===========================================================================
report_checks -unconstrained
===========================================================================
======================= nom_slow_1p08V_125C Corner ===================================

Startpoint: col_addr[0] (input port clocked by clk)
Endpoint: data_out_bar (output port clocked by clk)
Path Group: clk
Path Type: max

Fanout         Cap        Slew       Delay        Time   Description
---------------------------------------------------------------------------------------------
                                  0.000000    0.000000   clock clk (rise edge)
                                  0.000000    0.000000   clock network delay (propagated)
                                  2.000000    2.000000 ^ input external delay
     1    0.002743    0.032417    0.003583    2.003583 ^ col_addr[0] (in)
                                                         col_addr[0] (net)
                      0.032417    0.000000    2.003583 ^ input1/A (sg13g2_buf_1)
     4    0.026668    0.177580    0.197057    2.200640 ^ input1/X (sg13g2_buf_1)
                                                         net1 (net)
                      0.177598    0.001488    2.202128 ^ fanout15/A (sg13g2_buf_1)
     8    0.054179    0.348921    0.379892    2.582020 ^ fanout15/X (sg13g2_buf_1)
                                                         net15 (net)
                      0.348980    0.003789    2.585809 ^ _073_/S0 (sg13g2_mux4_1)
     1    0.003296    0.065684    0.459144    3.044953 v _073_/X (sg13g2_mux4_1)
                                                         _025_ (net)
                      0.065684    0.000131    3.045084 v _075_/B (sg13g2_nand2b_1)
     2    0.009744    0.084864    0.098194    3.143278 ^ _075_/Y (sg13g2_nand2b_1)
                                                         _027_ (net)
                      0.084901    0.000608    3.143886 ^ _079_/C (sg13g2_and4_1)
     1    0.002759    0.060136    0.256524    3.400410 ^ _079_/X (sg13g2_and4_1)
                                                         net9 (net)
                      0.060136    0.000205    3.400615 ^ output9/A (sg13g2_buf_1)
     1    0.007185    0.059938    0.124353    3.524968 ^ output9/X (sg13g2_buf_1)
                                                         data_out_bar (net)
                      0.059939    0.000300    3.525268 ^ data_out_bar (out)
                                              3.525268   data arrival time

                                 10.000000   10.000000   clock clk (rise edge)
                                  0.000000   10.000000   clock network delay (propagated)
                                 -0.250000    9.750000   clock uncertainty
                                  0.000000    9.750000   clock reconvergence pessimism
                                 -2.000000    7.750000   output external delay
                                              7.750000   data required time
---------------------------------------------------------------------------------------------
                                              7.750000   data required time
                                             -3.525268   data arrival time
---------------------------------------------------------------------------------------------
                                              4.224732   slack (MET)




===========================================================================
report_checks --slack_max -0.01
============================================================================
======================= nom_slow_1p08V_125C Corner ===================================

No paths found.


===========================================================================
 report_check_types -max_slew -max_cap -max_fanout -violators
============================================================================
======================= nom_slow_1p08V_125C Corner ===================================



===========================================================================
report_parasitic_annotation -report_unannotated
============================================================================
Found 1 unannotated drivers.
 oe_n
Found 0 partially unannotated drivers.

===========================================================================
max slew violation count 0
max fanout violation count 0
max cap violation count 0
============================================================================

===========================================================================
check_setup -verbose -unconstrained_endpoints -multiple_clock -no_clock -no_input_delay -loops -generated_clocks
===========================================================================
