Clock: clk
Sources: clk 
Generated: no
Virtual: yes
Propagated: no
Period: 10.000000

===========================================================================
report_clock_properties
============================================================================
Clock                   Period          Waveform
----------------------------------------------------
clk                  10.000000    0.000000  5.000000

===========================================================================
report_clock_latency
============================================================================
Clock clk
rise -> rise
    min     max
0.000000 0.000000 source latency
0.260340         network latency _119_/CLK
        0.265760 network latency _129_/CLK
---------------
0.260340 0.265760 latency
        0.005420 skew

fall -> fall
    min     max
0.000000 0.000000 source latency
0.262441         network latency _119_/CLK
        0.267613 network latency _129_/CLK
---------------
0.262441 0.267613 latency
        0.005172 skew



===========================================================================
report_clock_min_period
============================================================================
clk period_min = 1.51 fmax = 664.20
